This file contains any messages produced by compilers while
running configure, to aid debugging if configure makes a mistake.

It was created by configure, which was
generated by GNU Autoconf 2.54.  Invocation command line was

  $ ./configure --host=ia64-linux-gnu --build=ia64-linux --exec-prefix= --disable-static --enable-shared

## --------- ##
## Platform. ##
## --------- ##

hostname = U16BuildServer115
uname -m = x86_64
uname -r = 4.4.0-21-generic
uname -s = Linux
uname -v = #37-Ubuntu SMP Mon Apr 18 18:33:37 UTC 2016

/usr/bin/uname -p = unknown
/bin/uname -X     = unknown

/bin/arch              = unknown
/usr/bin/arch -k       = unknown
/usr/convex/getsysinfo = unknown
hostinfo               = unknown
/bin/machine           = unknown
/usr/bin/oslevel       = unknown
/bin/universe          = unknown

PATH: /root/CT/x86_64-QNAP-linux-gnu/cross-tools/bin
PATH: /root/CT/x86_64-QNAP-linux-gnu/cross-tools/bin
PATH: /usr/local/sbin
PATH: /usr/local/bin
PATH: /usr/sbin
PATH: /usr/bin
PATH: /sbin
PATH: /bin


## ----------- ##
## Core tests. ##
## ----------- ##

configure:1284: checking for a BSD-compatible install
configure:1338: result: /usr/bin/install -c
configure:1349: checking whether build environment is sane
configure:1392: result: yes
configure:1425: checking for gawk
configure:1441: found /usr/bin/gawk
configure:1451: result: gawk
configure:1461: checking whether make sets ${MAKE}
configure:1481: result: yes
configure:1551: checking for ia64-linux-gnu-strip
configure:1577: result: x86_64-QNAP-linux-gnu-strip
configure:1643: checking build system type
configure:1661: result: ia64-unknown-linux-gnu
configure:1669: checking host system type
configure:1683: result: ia64-unknown-linux-gnu
configure:1717: checking for ia64-linux-gnu-gcc
configure:1743: result: x86_64-QNAP-linux-gnu-gcc
configure:2023: checking for C compiler version
configure:2026: x86_64-QNAP-linux-gnu-gcc --version </dev/null >&5
x86_64-QNAP-linux-gnu-gcc (toolchain config: [gcc-4.9.2 binutils-2.25 glibc-2.21]) 4.9.2
Copyright (C) 2014 Free Software Foundation, Inc.
This is free software; see the source for copying conditions.  There is NO
warranty; not even for MERCHANTABILITY or FITNESS FOR A PARTICULAR PURPOSE.

configure:2029: $? = 0
configure:2031: x86_64-QNAP-linux-gnu-gcc -v </dev/null >&5
Using built-in specs.
COLLECT_GCC=x86_64-QNAP-linux-gnu-gcc
COLLECT_LTO_WRAPPER=/root/CT/x86_64-QNAP-linux-gnu/cross-tools/bin/../libexec/gcc/x86_64-QNAP-linux-gnu/4.9.2/lto-wrapper
Target: x86_64-QNAP-linux-gnu
Configured with: ../gcc-4.9.2/configure --with-pkgversion='toolchain config: [gcc-4.9.2 binutils-2.25 glibc-2.21]' --prefix=/root/toolchain/docker_deploy/dockerfile/CT_auto_build/CT/x86_64-QNAP-linux-gnu/cross-tools --with-sysroot=/root/toolchain/docker_deploy/dockerfile/CT_auto_build/CT/x86_64-QNAP-linux-gnu/cross-tools/../fs --enable-tls --disable-nls --enable-languages=c,c++ --enable-c99 --enable-__cxa_atexit --enable-shared --enable-long-long --disable-multilib --enable-threads=posix --disable-libgomp --enable-checking=release --build=x86_64-linux-gnu --host=x86_64-linux-gnu --target=x86_64-QNAP-linux-gnu gcc_cv_libc_provides_ssp=yes
Thread model: posix
gcc version 4.9.2 (toolchain config: [gcc-4.9.2 binutils-2.25 glibc-2.21]) 
configure:2034: $? = 0
configure:2036: x86_64-QNAP-linux-gnu-gcc -V </dev/null >&5
x86_64-QNAP-linux-gnu-gcc: error: unrecognized command line option '-V'
x86_64-QNAP-linux-gnu-gcc: fatal error: no input files
compilation terminated.
configure:2039: $? = 1
configure:2059: checking for C compiler default output
configure:2062: x86_64-QNAP-linux-gnu-gcc  -O2 -fomit-frame-pointer -Wall  -I/root/daily_build/64_01/4.4.1/LinkFS/include -DRFC2132_OPTIONS -s -O2 conftest.c  >&5
configure:2065: $? = 0
configure:2099: result: a.out
configure:2104: checking whether the C compiler works
configure:2128: result: yes
configure:2135: checking whether we are cross compiling
configure:2137: result: yes
configure:2140: checking for suffix of executables
configure:2142: x86_64-QNAP-linux-gnu-gcc -o conftest  -O2 -fomit-frame-pointer -Wall  -I/root/daily_build/64_01/4.4.1/LinkFS/include -DRFC2132_OPTIONS -s -O2 conftest.c  >&5
configure:2145: $? = 0
configure:2168: result: 
configure:2174: checking for suffix of object files
configure:2192: x86_64-QNAP-linux-gnu-gcc -c  -O2 -fomit-frame-pointer -Wall  -I/root/daily_build/64_01/4.4.1/LinkFS/include -DRFC2132_OPTIONS conftest.c >&5
configure:2195: $? = 0
configure:2214: result: o
configure:2218: checking whether we are using the GNU C compiler
configure:2239: x86_64-QNAP-linux-gnu-gcc -c  -O2 -fomit-frame-pointer -Wall  -I/root/daily_build/64_01/4.4.1/LinkFS/include -DRFC2132_OPTIONS conftest.c >&5
configure:2242: $? = 0
configure:2245: test -s conftest.o
configure:2248: $? = 0
configure:2260: result: yes
configure:2266: checking whether x86_64-QNAP-linux-gnu-gcc accepts -g
configure:2284: x86_64-QNAP-linux-gnu-gcc -c -g -I/root/daily_build/64_01/4.4.1/LinkFS/include -DRFC2132_OPTIONS conftest.c >&5
configure:2287: $? = 0
configure:2290: test -s conftest.o
configure:2293: $? = 0
configure:2303: result: yes
configure:2320: checking for x86_64-QNAP-linux-gnu-gcc option to accept ANSI C
configure:2377: x86_64-QNAP-linux-gnu-gcc  -c  -O2 -fomit-frame-pointer -Wall  -I/root/daily_build/64_01/4.4.1/LinkFS/include -DRFC2132_OPTIONS conftest.c >&5
configure:2380: $? = 0
configure:2383: test -s conftest.o
configure:2386: $? = 0
configure:2403: result: none needed
configure:2421: x86_64-QNAP-linux-gnu-gcc -c  -O2 -fomit-frame-pointer -Wall  -I/root/daily_build/64_01/4.4.1/LinkFS/include -DRFC2132_OPTIONS conftest.c >&5
conftest.c:2:3: error: unknown type name 'choke'
   choke me
   ^
conftest.c:2:3: error: expected '=', ',', ';', 'asm' or '__attribute__' at end of input
configure:2424: $? = 1
configure: failed program was:
#ifndef __cplusplus
  choke me
#endif
configure:2541: checking for style of include used by make
configure:2569: result: GNU
configure:2597: checking dependency style of x86_64-QNAP-linux-gnu-gcc
configure:2659: result: gcc3
configure:2688: checking for a BSD-compatible install
configure:2742: result: /usr/bin/install -c
configure:2761: checking how to run the C preprocessor
configure:2787: x86_64-QNAP-linux-gnu-gcc -E -I/root/daily_build/64_01/4.4.1/LinkFS/include -DRFC2132_OPTIONS conftest.c
configure:2793: $? = 0
configure:2820: x86_64-QNAP-linux-gnu-gcc -E -I/root/daily_build/64_01/4.4.1/LinkFS/include -DRFC2132_OPTIONS conftest.c
configure:2816:28: fatal error: ac_nonexistent.h: No such file or directory
 #line $LINENO "configure"
                            ^
compilation terminated.
configure:2826: $? = 1
configure: failed program was:
#line 2815 "configure"
#include "confdefs.h"
#include <ac_nonexistent.h>
configure:2863: result: x86_64-QNAP-linux-gnu-gcc -E
configure:2878: x86_64-QNAP-linux-gnu-gcc -E -I/root/daily_build/64_01/4.4.1/LinkFS/include -DRFC2132_OPTIONS conftest.c
configure:2884: $? = 0
configure:2911: x86_64-QNAP-linux-gnu-gcc -E -I/root/daily_build/64_01/4.4.1/LinkFS/include -DRFC2132_OPTIONS conftest.c
configure:2907:28: fatal error: ac_nonexistent.h: No such file or directory
 #line $LINENO "configure"
                            ^
compilation terminated.
configure:2917: $? = 1
configure: failed program was:
#line 2906 "configure"
#include "confdefs.h"
#include <ac_nonexistent.h>
configure:2957: checking for egrep
configure:2967: result: grep -E
configure:2972: checking for ANSI C header files
configure:2986: x86_64-QNAP-linux-gnu-gcc -E -I/root/daily_build/64_01/4.4.1/LinkFS/include -DRFC2132_OPTIONS conftest.c
configure:2992: $? = 0
configure:3101: result: yes
configure:3125: checking for sys/types.h
configure:3138: x86_64-QNAP-linux-gnu-gcc -c  -O2 -fomit-frame-pointer -Wall  -I/root/daily_build/64_01/4.4.1/LinkFS/include -DRFC2132_OPTIONS conftest.c >&5
configure:3141: $? = 0
configure:3144: test -s conftest.o
configure:3147: $? = 0
configure:3157: result: yes
configure:3125: checking for sys/stat.h
configure:3138: x86_64-QNAP-linux-gnu-gcc -c  -O2 -fomit-frame-pointer -Wall  -I/root/daily_build/64_01/4.4.1/LinkFS/include -DRFC2132_OPTIONS conftest.c >&5
configure:3141: $? = 0
configure:3144: test -s conftest.o
configure:3147: $? = 0
configure:3157: result: yes
configure:3125: checking for stdlib.h
configure:3138: x86_64-QNAP-linux-gnu-gcc -c  -O2 -fomit-frame-pointer -Wall  -I/root/daily_build/64_01/4.4.1/LinkFS/include -DRFC2132_OPTIONS conftest.c >&5
configure:3141: $? = 0
configure:3144: test -s conftest.o
configure:3147: $? = 0
configure:3157: result: yes
configure:3125: checking for string.h
configure:3138: x86_64-QNAP-linux-gnu-gcc -c  -O2 -fomit-frame-pointer -Wall  -I/root/daily_build/64_01/4.4.1/LinkFS/include -DRFC2132_OPTIONS conftest.c >&5
configure:3141: $? = 0
configure:3144: test -s conftest.o
configure:3147: $? = 0
configure:3157: result: yes
configure:3125: checking for memory.h
configure:3138: x86_64-QNAP-linux-gnu-gcc -c  -O2 -fomit-frame-pointer -Wall  -I/root/daily_build/64_01/4.4.1/LinkFS/include -DRFC2132_OPTIONS conftest.c >&5
configure:3141: $? = 0
configure:3144: test -s conftest.o
configure:3147: $? = 0
configure:3157: result: yes
configure:3125: checking for strings.h
configure:3138: x86_64-QNAP-linux-gnu-gcc -c  -O2 -fomit-frame-pointer -Wall  -I/root/daily_build/64_01/4.4.1/LinkFS/include -DRFC2132_OPTIONS conftest.c >&5
configure:3141: $? = 0
configure:3144: test -s conftest.o
configure:3147: $? = 0
configure:3157: result: yes
configure:3125: checking for inttypes.h
configure:3138: x86_64-QNAP-linux-gnu-gcc -c  -O2 -fomit-frame-pointer -Wall  -I/root/daily_build/64_01/4.4.1/LinkFS/include -DRFC2132_OPTIONS conftest.c >&5
configure:3141: $? = 0
configure:3144: test -s conftest.o
configure:3147: $? = 0
configure:3157: result: yes
configure:3125: checking for stdint.h
configure:3138: x86_64-QNAP-linux-gnu-gcc -c  -O2 -fomit-frame-pointer -Wall  -I/root/daily_build/64_01/4.4.1/LinkFS/include -DRFC2132_OPTIONS conftest.c >&5
configure:3141: $? = 0
configure:3144: test -s conftest.o
configure:3147: $? = 0
configure:3157: result: yes
configure:3125: checking for unistd.h
configure:3138: x86_64-QNAP-linux-gnu-gcc -c  -O2 -fomit-frame-pointer -Wall  -I/root/daily_build/64_01/4.4.1/LinkFS/include -DRFC2132_OPTIONS conftest.c >&5
configure:3141: $? = 0
configure:3144: test -s conftest.o
configure:3147: $? = 0
configure:3157: result: yes
configure:3188: checking fcntl.h usability
configure:3197: x86_64-QNAP-linux-gnu-gcc -c  -O2 -fomit-frame-pointer -Wall  -I/root/daily_build/64_01/4.4.1/LinkFS/include -DRFC2132_OPTIONS conftest.c >&5
configure:3200: $? = 0
configure:3203: test -s conftest.o
configure:3206: $? = 0
configure:3215: result: yes
configure:3219: checking fcntl.h presence
configure:3226: x86_64-QNAP-linux-gnu-gcc -E -I/root/daily_build/64_01/4.4.1/LinkFS/include -DRFC2132_OPTIONS conftest.c
configure:3232: $? = 0
configure:3250: result: yes
configure:3268: checking for fcntl.h
configure:3275: result: yes
configure:3188: checking paths.h usability
configure:3197: x86_64-QNAP-linux-gnu-gcc -c  -O2 -fomit-frame-pointer -Wall  -I/root/daily_build/64_01/4.4.1/LinkFS/include -DRFC2132_OPTIONS conftest.c >&5
configure:3200: $? = 0
configure:3203: test -s conftest.o
configure:3206: $? = 0
configure:3215: result: yes
configure:3219: checking paths.h presence
configure:3226: x86_64-QNAP-linux-gnu-gcc -E -I/root/daily_build/64_01/4.4.1/LinkFS/include -DRFC2132_OPTIONS conftest.c
configure:3232: $? = 0
configure:3250: result: yes
configure:3268: checking for paths.h
configure:3275: result: yes
configure:3188: checking sys/ioctl.h usability
configure:3197: x86_64-QNAP-linux-gnu-gcc -c  -O2 -fomit-frame-pointer -Wall  -I/root/daily_build/64_01/4.4.1/LinkFS/include -DRFC2132_OPTIONS conftest.c >&5
configure:3200: $? = 0
configure:3203: test -s conftest.o
configure:3206: $? = 0
configure:3215: result: yes
configure:3219: checking sys/ioctl.h presence
configure:3226: x86_64-QNAP-linux-gnu-gcc -E -I/root/daily_build/64_01/4.4.1/LinkFS/include -DRFC2132_OPTIONS conftest.c
configure:3232: $? = 0
configure:3250: result: yes
configure:3268: checking for sys/ioctl.h
configure:3275: result: yes
configure:3188: checking sys/time.h usability
configure:3197: x86_64-QNAP-linux-gnu-gcc -c  -O2 -fomit-frame-pointer -Wall  -I/root/daily_build/64_01/4.4.1/LinkFS/include -DRFC2132_OPTIONS conftest.c >&5
configure:3200: $? = 0
configure:3203: test -s conftest.o
configure:3206: $? = 0
configure:3215: result: yes
configure:3219: checking sys/time.h presence
configure:3226: x86_64-QNAP-linux-gnu-gcc -E -I/root/daily_build/64_01/4.4.1/LinkFS/include -DRFC2132_OPTIONS conftest.c
configure:3232: $? = 0
configure:3250: result: yes
configure:3268: checking for sys/time.h
configure:3275: result: yes
configure:3188: checking syslog.h usability
configure:3197: x86_64-QNAP-linux-gnu-gcc -c  -O2 -fomit-frame-pointer -Wall  -I/root/daily_build/64_01/4.4.1/LinkFS/include -DRFC2132_OPTIONS conftest.c >&5
configure:3200: $? = 0
configure:3203: test -s conftest.o
configure:3206: $? = 0
configure:3215: result: yes
configure:3219: checking syslog.h presence
configure:3226: x86_64-QNAP-linux-gnu-gcc -E -I/root/daily_build/64_01/4.4.1/LinkFS/include -DRFC2132_OPTIONS conftest.c
configure:3232: $? = 0
configure:3250: result: yes
configure:3268: checking for syslog.h
configure:3275: result: yes
configure:3179: checking for unistd.h
configure:3184: result: yes
configure:3289: checking for mode_t
configure:3310: x86_64-QNAP-linux-gnu-gcc -c  -O2 -fomit-frame-pointer -Wall  -I/root/daily_build/64_01/4.4.1/LinkFS/include -DRFC2132_OPTIONS conftest.c >&5
configure:3313: $? = 0
configure:3316: test -s conftest.o
configure:3319: $? = 0
configure:3329: result: yes
configure:3341: checking for pid_t
configure:3362: x86_64-QNAP-linux-gnu-gcc -c  -O2 -fomit-frame-pointer -Wall  -I/root/daily_build/64_01/4.4.1/LinkFS/include -DRFC2132_OPTIONS conftest.c >&5
configure:3365: $? = 0
configure:3368: test -s conftest.o
configure:3371: $? = 0
configure:3381: result: yes
configure:3393: checking whether time.h and sys/time.h may both be included
configure:3415: x86_64-QNAP-linux-gnu-gcc -c  -O2 -fomit-frame-pointer -Wall  -I/root/daily_build/64_01/4.4.1/LinkFS/include -DRFC2132_OPTIONS conftest.c >&5
configure:3418: $? = 0
configure:3421: test -s conftest.o
configure:3424: $? = 0
configure:3434: result: yes
configure:3446: checking whether x86_64-QNAP-linux-gnu-gcc needs -traditional
configure:3482: result: no
configure:3489: checking for working memcmp
configure:3555: result: no
configure:3565: checking for select
configure:3602: x86_64-QNAP-linux-gnu-gcc -o conftest  -O2 -fomit-frame-pointer -Wall  -I/root/daily_build/64_01/4.4.1/LinkFS/include -DRFC2132_OPTIONS -s -O2 conftest.c  >&5
configure:3605: $? = 0
configure:3608: test -s conftest
configure:3611: $? = 0
configure:3621: result: yes
configure:3565: checking for socket
configure:3602: x86_64-QNAP-linux-gnu-gcc -o conftest  -O2 -fomit-frame-pointer -Wall  -I/root/daily_build/64_01/4.4.1/LinkFS/include -DRFC2132_OPTIONS -s -O2 conftest.c  >&5
configure:3605: $? = 0
configure:3608: test -s conftest
configure:3611: $? = 0
configure:3621: result: yes
configure:3565: checking for uname
configure:3602: x86_64-QNAP-linux-gnu-gcc -o conftest  -O2 -fomit-frame-pointer -Wall  -I/root/daily_build/64_01/4.4.1/LinkFS/include -DRFC2132_OPTIONS -s -O2 conftest.c  >&5
configure:3605: $? = 0
configure:3608: test -s conftest
configure:3611: $? = 0
configure:3621: result: yes
configure:3773: creating ./config.status

## ---------------------- ##
## Running config.status. ##
## ---------------------- ##

This file was extended by config.status, which was
generated by GNU Autoconf 2.54.  Invocation command line was

  CONFIG_FILES    = 
  CONFIG_HEADERS  = 
  CONFIG_LINKS    = 
  CONFIG_COMMANDS = 
  $ ./config.status 

on U16BuildServer115

config.status:632: creating Makefile
config.status:632: creating dhcpcd.spec
config.status:757: executing depfiles commands

## ---------------- ##
## Cache variables. ##
## ---------------- ##

ac_cv_build=ia64-unknown-linux-gnu
ac_cv_build_alias=ia64-linux
ac_cv_c_compiler_gnu=yes
ac_cv_env_CC_set=set
ac_cv_env_CC_value=x86_64-QNAP-linux-gnu-gcc
ac_cv_env_CFLAGS_set=
ac_cv_env_CFLAGS_value=
ac_cv_env_CPPFLAGS_set=set
ac_cv_env_CPPFLAGS_value='-I/root/daily_build/64_01/4.4.1/LinkFS/include -DRFC2132_OPTIONS'
ac_cv_env_CPP_set=
ac_cv_env_CPP_value=
ac_cv_env_LDFLAGS_set=
ac_cv_env_LDFLAGS_value=
ac_cv_env_build_alias_set=set
ac_cv_env_build_alias_value=ia64-linux
ac_cv_env_host_alias_set=set
ac_cv_env_host_alias_value=ia64-linux-gnu
ac_cv_env_target_alias_set=
ac_cv_env_target_alias_value=
ac_cv_exeext=
ac_cv_func_memcmp_working=no
ac_cv_func_select=yes
ac_cv_func_socket=yes
ac_cv_func_uname=yes
ac_cv_header_fcntl_h=yes
ac_cv_header_inttypes_h=yes
ac_cv_header_memory_h=yes
ac_cv_header_paths_h=yes
ac_cv_header_stdc=yes
ac_cv_header_stdint_h=yes
ac_cv_header_stdlib_h=yes
ac_cv_header_string_h=yes
ac_cv_header_strings_h=yes
ac_cv_header_sys_ioctl_h=yes
ac_cv_header_sys_stat_h=yes
ac_cv_header_sys_time_h=yes
ac_cv_header_sys_types_h=yes
ac_cv_header_syslog_h=yes
ac_cv_header_time=yes
ac_cv_header_unistd_h=yes
ac_cv_host=ia64-unknown-linux-gnu
ac_cv_host_alias=ia64-linux-gnu
ac_cv_objext=o
ac_cv_path_install='/usr/bin/install -c'
ac_cv_prog_AWK=gawk
ac_cv_prog_CC=x86_64-QNAP-linux-gnu-gcc
ac_cv_prog_CPP='x86_64-QNAP-linux-gnu-gcc -E'
ac_cv_prog_STRIP=x86_64-QNAP-linux-gnu-strip
ac_cv_prog_cc_g=yes
ac_cv_prog_cc_stdc=
ac_cv_prog_egrep='grep -E'
ac_cv_prog_gcc_traditional=no
ac_cv_prog_make_make_set=yes
ac_cv_type_mode_t=yes
ac_cv_type_pid_t=yes
am_cv_CC_dependencies_compiler_type=gcc3

## ----------------- ##
## Output variables. ##
## ----------------- ##

ACLOCAL='${SHELL} /root/daily_build/64_01/4.4.1/SysUtil/dhcpcd-1.3.22-p14/missing --run aclocal-1.7'
AMDEPBACKSLASH='\'
AMDEP_FALSE='#'
AMDEP_TRUE=''
AMTAR='${SHELL} /root/daily_build/64_01/4.4.1/SysUtil/dhcpcd-1.3.22-p14/missing --run tar'
AUTOCONF='${SHELL} /root/daily_build/64_01/4.4.1/SysUtil/dhcpcd-1.3.22-p14/missing --run autoconf'
AUTOHEADER='${SHELL} /root/daily_build/64_01/4.4.1/SysUtil/dhcpcd-1.3.22-p14/missing --run autoheader'
AUTOMAKE='${SHELL} /root/daily_build/64_01/4.4.1/SysUtil/dhcpcd-1.3.22-p14/missing --run automake-1.7'
AWK='gawk'
CC='x86_64-QNAP-linux-gnu-gcc'
CCDEPMODE='depmode=gcc3'
CFLAGS=' -O2 -fomit-frame-pointer -Wall '
CPP='x86_64-QNAP-linux-gnu-gcc -E'
CPPFLAGS='-I/root/daily_build/64_01/4.4.1/LinkFS/include -DRFC2132_OPTIONS'
CYGPATH_W='echo'
DEFS='-DPACKAGE_NAME=\"\" -DPACKAGE_TARNAME=\"\" -DPACKAGE_VERSION=\"\" -DPACKAGE_STRING=\"\" -DPACKAGE_BUGREPORT=\"\" -DPACKAGE=\"dhcpcd\" -DVERSION=\"1.3.22-pl4\" -DSTDC_HEADERS=1 -DHAVE_SYS_TYPES_H=1 -DHAVE_SYS_STAT_H=1 -DHAVE_STDLIB_H=1 -DHAVE_STRING_H=1 -DHAVE_MEMORY_H=1 -DHAVE_STRINGS_H=1 -DHAVE_INTTYPES_H=1 -DHAVE_STDINT_H=1 -DHAVE_UNISTD_H=1 -DHAVE_FCNTL_H=1 -DHAVE_PATHS_H=1 -DHAVE_SYS_IOCTL_H=1 -DHAVE_SYS_TIME_H=1 -DHAVE_SYSLOG_H=1 -DHAVE_UNISTD_H=1 -DTIME_WITH_SYS_TIME=1 -DHAVE_SELECT=1 -DHAVE_SOCKET=1 -DHAVE_UNAME=1 '
DEPDIR='.deps'
DHCPCD_REL='-pl4'
DHCPCD_VERSION='1.3.22'
ECHO_C=''
ECHO_N='-n'
ECHO_T=''
EGREP='grep -E'
EXEEXT=''
INSTALL_DATA='${INSTALL} -m 644'
INSTALL_PROGRAM='${INSTALL}'
INSTALL_SCRIPT='${INSTALL}'
INSTALL_STRIP_PROGRAM='${SHELL} $(install_sh) -c -s'
LDFLAGS='-s -O2'
LIBOBJS=' memcmp$U.o'
LIBS=''
LTLIBOBJS=' memcmp$U.lo'
MAKEINFO='${SHELL} /root/daily_build/64_01/4.4.1/SysUtil/dhcpcd-1.3.22-p14/missing --run makeinfo'
OBJEXT='o'
PACKAGE='dhcpcd'
PACKAGE_BUGREPORT=''
PACKAGE_NAME=''
PACKAGE_STRING=''
PACKAGE_TARNAME=''
PACKAGE_VERSION=''
PATH_SEPARATOR=':'
RH_VERSION='1.3.22pl4'
SET_MAKE=''
SHELL='/bin/bash'
STRIP='x86_64-QNAP-linux-gnu-strip'
VERSION='1.3.22-pl4'
ac_ct_CC=''
ac_ct_STRIP=''
am__fastdepCC_FALSE='#'
am__fastdepCC_TRUE=''
am__include='include'
am__quote=''
bindir='${exec_prefix}/bin'
build='ia64-unknown-linux-gnu'
build_alias='ia64-linux'
build_cpu='ia64'
build_os='linux-gnu'
build_vendor='unknown'
datadir='${prefix}/share'
exec_prefix=''
host='ia64-unknown-linux-gnu'
host_alias='ia64-linux-gnu'
host_cpu='ia64'
host_os='linux-gnu'
host_vendor='unknown'
includedir='${prefix}/include'
infodir='${prefix}/info'
install_sh='/root/daily_build/64_01/4.4.1/SysUtil/dhcpcd-1.3.22-p14/install-sh'
libdir='${exec_prefix}/lib'
libexecdir='${exec_prefix}/libexec'
localstatedir='${prefix}/var'
mandir='${prefix}/man'
oldincludedir='/usr/include'
prefix='/usr/local'
program_transform_name='s,x,x,'
sbindir='${exec_prefix}/sbin'
sharedstatedir='${prefix}/com'
sysconfdir='${prefix}/etc'
target_alias=''

## ----------- ##
## confdefs.h. ##
## ----------- ##

#define HAVE_FCNTL_H 1
#define HAVE_INTTYPES_H 1
#define HAVE_MEMORY_H 1
#define HAVE_PATHS_H 1
#define HAVE_SELECT 1
#define HAVE_SOCKET 1
#define HAVE_STDINT_H 1
#define HAVE_STDLIB_H 1
#define HAVE_STRINGS_H 1
#define HAVE_STRING_H 1
#define HAVE_SYSLOG_H 1
#define HAVE_SYS_IOCTL_H 1
#define HAVE_SYS_STAT_H 1
#define HAVE_SYS_TIME_H 1
#define HAVE_SYS_TYPES_H 1
#define HAVE_UNAME 1
#define HAVE_UNISTD_H 1
#define HAVE_UNISTD_H 1
#define PACKAGE "dhcpcd"
#define PACKAGE_BUGREPORT ""
#define PACKAGE_NAME ""
#define PACKAGE_STRING ""
#define PACKAGE_TARNAME ""
#define PACKAGE_VERSION ""
#define STDC_HEADERS 1
#define TIME_WITH_SYS_TIME 1
#define VERSION "1.3.22-pl4"

configure: exit 0
