This file contains any messages produced by compilers while
running configure, to aid debugging if configure makes a mistake.

It was created by aumix configure 2.9.1, which was
generated by GNU Autoconf 2.62.  Invocation command line was

  $ ./configure --host=x86_64-QNAP-linux-gnu --prefix=/root/daily_build/64_01/4.4.1/LinkFS/usr/local/aumix --exec-prefix=/root/daily_build/64_01/4.4.1/LinkFS/usr/local --without-gtk --without-gpm --without-sysmouse --without-ncurses --disable-gtktest

## --------- ##
## Platform. ##
## --------- ##

hostname = U16BuildServer115
uname -m = x86_64
uname -r = 4.4.0-21-generic
uname -s = Linux
uname -v = #37-Ubuntu SMP Mon Apr 18 18:33:37 UTC 2016

/usr/bin/uname -p = unknown
/bin/uname -X     = unknown

/bin/arch              = unknown
/usr/bin/arch -k       = unknown
/usr/convex/getsysinfo = unknown
/usr/bin/hostinfo      = unknown
/bin/machine           = unknown
/usr/bin/oslevel       = unknown
/bin/universe          = unknown

PATH: /root/CT/x86_64-QNAP-linux-gnu/cross-tools/bin
PATH: /root/CT/x86_64-QNAP-linux-gnu/cross-tools/bin
PATH: /usr/local/sbin
PATH: /usr/local/bin
PATH: /usr/sbin
PATH: /usr/bin
PATH: /sbin
PATH: /bin


## ----------- ##
## Core tests. ##
## ----------- ##

configure:1942: checking for a BSD-compatible install
configure:2010: result: /usr/bin/install -c
configure:2021: checking whether build environment is sane
configure:2064: result: yes
configure:2089: checking for a thread-safe mkdir -p
configure:2128: result: /bin/mkdir -p
configure:2141: checking for gawk
configure:2157: found /usr/bin/gawk
configure:2168: result: gawk
configure:2179: checking whether make sets $(MAKE)
configure:2201: result: yes
configure:2281: checking for x86_64-QNAP-linux-gnu-strip
configure:2297: found /root/CT/x86_64-QNAP-linux-gnu/cross-tools/bin/x86_64-QNAP-linux-gnu-strip
configure:2308: result: x86_64-QNAP-linux-gnu-strip
configure:2395: checking whether NLS is requested
configure:2404: result: yes
configure:2445: checking for msgfmt
configure: trying /usr/bin/msgfmt...
0 translated messages.
configure:2477: result: /usr/bin/msgfmt
configure:2486: checking for gmsgfmt
configure:2517: result: /usr/bin/msgfmt
configure:2568: checking for xgettext
configure: trying /usr/bin/xgettext...
/usr/bin/xgettext: warning: file '/dev/null' extension '' is unknown; will try C
configure:2600: result: /usr/bin/xgettext
configure:2646: checking for msgmerge
configure: trying /usr/bin/msgmerge...
configure:2677: result: /usr/bin/msgmerge
configure:2722: checking for style of include used by make
configure:2750: result: GNU
configure:2780: checking for x86_64-QNAP-linux-gnu-gcc
configure:2807: result: x86_64-QNAP-linux-gnu-gcc
configure:3085: checking for C compiler version
configure:3093: x86_64-QNAP-linux-gnu-gcc --version >&5
x86_64-QNAP-linux-gnu-gcc (toolchain config: [gcc-4.9.2 binutils-2.25 glibc-2.21]) 4.9.2
Copyright (C) 2014 Free Software Foundation, Inc.
This is free software; see the source for copying conditions.  There is NO
warranty; not even for MERCHANTABILITY or FITNESS FOR A PARTICULAR PURPOSE.

configure:3097: $? = 0
configure:3104: x86_64-QNAP-linux-gnu-gcc -v >&5
Using built-in specs.
COLLECT_GCC=x86_64-QNAP-linux-gnu-gcc
COLLECT_LTO_WRAPPER=/root/CT/x86_64-QNAP-linux-gnu/cross-tools/bin/../libexec/gcc/x86_64-QNAP-linux-gnu/4.9.2/lto-wrapper
Target: x86_64-QNAP-linux-gnu
Configured with: ../gcc-4.9.2/configure --with-pkgversion='toolchain config: [gcc-4.9.2 binutils-2.25 glibc-2.21]' --prefix=/root/toolchain/docker_deploy/dockerfile/CT_auto_build/CT/x86_64-QNAP-linux-gnu/cross-tools --with-sysroot=/root/toolchain/docker_deploy/dockerfile/CT_auto_build/CT/x86_64-QNAP-linux-gnu/cross-tools/../fs --enable-tls --disable-nls --enable-languages=c,c++ --enable-c99 --enable-__cxa_atexit --enable-shared --enable-long-long --disable-multilib --enable-threads=posix --disable-libgomp --enable-checking=release --build=x86_64-linux-gnu --host=x86_64-linux-gnu --target=x86_64-QNAP-linux-gnu gcc_cv_libc_provides_ssp=yes
Thread model: posix
gcc version 4.9.2 (toolchain config: [gcc-4.9.2 binutils-2.25 glibc-2.21]) 
configure:3108: $? = 0
configure:3115: x86_64-QNAP-linux-gnu-gcc -V >&5
x86_64-QNAP-linux-gnu-gcc: error: unrecognized command line option '-V'
x86_64-QNAP-linux-gnu-gcc: fatal error: no input files
compilation terminated.
configure:3119: $? = 1
configure:3142: checking for C compiler default output file name
configure:3164: x86_64-QNAP-linux-gnu-gcc -I/root/daily_build/64_01/4.4.1/LinkFS/include -I/root/daily_build/64_01/4.4.1/LinkFS/usr/include -I/root/daily_build/64_01/4.4.1/NasLib/include  -L/root/daily_build/64_01/4.4.1/LinkFS/lib -L/root/daily_build/64_01/4.4.1/LinkFS/usr/lib conftest.c  >&5
configure:3168: $? = 0
configure:3206: result: a.out
configure:3223: checking whether the C compiler works
configure:3233: ./a.out
configure:3237: $? = 0
configure:3254: result: yes
configure:3261: checking whether we are cross compiling
configure:3263: result: no
configure:3266: checking for suffix of executables
configure:3273: x86_64-QNAP-linux-gnu-gcc -o conftest -I/root/daily_build/64_01/4.4.1/LinkFS/include -I/root/daily_build/64_01/4.4.1/LinkFS/usr/include -I/root/daily_build/64_01/4.4.1/NasLib/include  -L/root/daily_build/64_01/4.4.1/LinkFS/lib -L/root/daily_build/64_01/4.4.1/LinkFS/usr/lib conftest.c  >&5
configure:3277: $? = 0
configure:3301: result: 
configure:3307: checking for suffix of object files
configure:3333: x86_64-QNAP-linux-gnu-gcc -c -I/root/daily_build/64_01/4.4.1/LinkFS/include -I/root/daily_build/64_01/4.4.1/LinkFS/usr/include -I/root/daily_build/64_01/4.4.1/NasLib/include  conftest.c >&5
configure:3337: $? = 0
configure:3360: result: o
configure:3364: checking whether we are using the GNU C compiler
configure:3393: x86_64-QNAP-linux-gnu-gcc -c -I/root/daily_build/64_01/4.4.1/LinkFS/include -I/root/daily_build/64_01/4.4.1/LinkFS/usr/include -I/root/daily_build/64_01/4.4.1/NasLib/include  conftest.c >&5
configure:3400: $? = 0
configure:3417: result: yes
configure:3426: checking whether x86_64-QNAP-linux-gnu-gcc accepts -g
configure:3456: x86_64-QNAP-linux-gnu-gcc -c -g  conftest.c >&5
configure:3463: $? = 0
configure:3564: result: yes
configure:3581: checking for x86_64-QNAP-linux-gnu-gcc option to accept ISO C89
configure:3655: x86_64-QNAP-linux-gnu-gcc  -c -I/root/daily_build/64_01/4.4.1/LinkFS/include -I/root/daily_build/64_01/4.4.1/LinkFS/usr/include -I/root/daily_build/64_01/4.4.1/NasLib/include  conftest.c >&5
configure:3662: $? = 0
configure:3685: result: none needed
configure:3705: checking dependency style of x86_64-QNAP-linux-gnu-gcc
configure:3796: result: gcc3
configure:3817: checking build system type
configure:3835: result: x86_64-pc-linux-gnu
configure:3857: checking host system type
configure:3872: result: x86_64-QNAP-linux-gnu
configure:3918: checking for ld used by GCC
configure:3982: result: x86_64-QNAP-linux-gnu-ld
configure:3991: checking if the linker (x86_64-QNAP-linux-gnu-ld) is GNU ld
configure:4004: result: yes
configure:4011: checking for shared library run path origin
configure:4024: result: done
configure:4526: checking for CFPreferencesCopyAppValue
configure:4554: x86_64-QNAP-linux-gnu-gcc -o conftest -I/root/daily_build/64_01/4.4.1/LinkFS/include -I/root/daily_build/64_01/4.4.1/LinkFS/usr/include -I/root/daily_build/64_01/4.4.1/NasLib/include  -L/root/daily_build/64_01/4.4.1/LinkFS/lib -L/root/daily_build/64_01/4.4.1/LinkFS/usr/lib conftest.c  -Wl,-framework -Wl,CoreFoundation >&5
conftest.c:10:42: fatal error: CoreFoundation/CFPreferences.h: No such file or directory
 #include <CoreFoundation/CFPreferences.h>
                                          ^
compilation terminated.
configure:4561: $? = 1
configure: failed program was:
| /* confdefs.h.  */
| #define PACKAGE_NAME "aumix"
| #define PACKAGE_TARNAME "aumix"
| #define PACKAGE_VERSION "2.9.1"
| #define PACKAGE_STRING "aumix 2.9.1"
| #define PACKAGE_BUGREPORT "aumix-general@gna.org"
| #define PACKAGE "aumix"
| #define VERSION "2.9.1"
| /* end confdefs.h.  */
| #include <CoreFoundation/CFPreferences.h>
| int
| main ()
| {
| CFPreferencesCopyAppValue(NULL, NULL)
|   ;
|   return 0;
| }
configure:4582: result: no
configure:4591: checking for CFLocaleCopyCurrent
configure:4619: x86_64-QNAP-linux-gnu-gcc -o conftest -I/root/daily_build/64_01/4.4.1/LinkFS/include -I/root/daily_build/64_01/4.4.1/LinkFS/usr/include -I/root/daily_build/64_01/4.4.1/NasLib/include  -L/root/daily_build/64_01/4.4.1/LinkFS/lib -L/root/daily_build/64_01/4.4.1/LinkFS/usr/lib conftest.c  -Wl,-framework -Wl,CoreFoundation >&5
conftest.c:10:37: fatal error: CoreFoundation/CFLocale.h: No such file or directory
 #include <CoreFoundation/CFLocale.h>
                                     ^
compilation terminated.
configure:4626: $? = 1
configure: failed program was:
| /* confdefs.h.  */
| #define PACKAGE_NAME "aumix"
| #define PACKAGE_TARNAME "aumix"
| #define PACKAGE_VERSION "2.9.1"
| #define PACKAGE_STRING "aumix 2.9.1"
| #define PACKAGE_BUGREPORT "aumix-general@gna.org"
| #define PACKAGE "aumix"
| #define VERSION "2.9.1"
| /* end confdefs.h.  */
| #include <CoreFoundation/CFLocale.h>
| int
| main ()
| {
| CFLocaleCopyCurrent();
|   ;
|   return 0;
| }
configure:4647: result: no
configure:4698: checking for GNU gettext in libc
configure:4728: x86_64-QNAP-linux-gnu-gcc -o conftest -I/root/daily_build/64_01/4.4.1/LinkFS/include -I/root/daily_build/64_01/4.4.1/LinkFS/usr/include -I/root/daily_build/64_01/4.4.1/NasLib/include  -L/root/daily_build/64_01/4.4.1/LinkFS/lib -L/root/daily_build/64_01/4.4.1/LinkFS/usr/lib conftest.c  >&5
configure:4735: $? = 0
configure:4757: result: yes
configure:5661: checking whether to use NLS
configure:5663: result: yes
configure:5666: checking where the gettext function comes from
configure:5677: result: libc
configure:5748: checking for x86_64-QNAP-linux-gnu-gcc
configure:5775: result: x86_64-QNAP-linux-gnu-gcc
configure:6053: checking for C compiler version
configure:6061: x86_64-QNAP-linux-gnu-gcc --version >&5
x86_64-QNAP-linux-gnu-gcc (toolchain config: [gcc-4.9.2 binutils-2.25 glibc-2.21]) 4.9.2
Copyright (C) 2014 Free Software Foundation, Inc.
This is free software; see the source for copying conditions.  There is NO
warranty; not even for MERCHANTABILITY or FITNESS FOR A PARTICULAR PURPOSE.

configure:6065: $? = 0
configure:6072: x86_64-QNAP-linux-gnu-gcc -v >&5
Using built-in specs.
COLLECT_GCC=x86_64-QNAP-linux-gnu-gcc
COLLECT_LTO_WRAPPER=/root/CT/x86_64-QNAP-linux-gnu/cross-tools/bin/../libexec/gcc/x86_64-QNAP-linux-gnu/4.9.2/lto-wrapper
Target: x86_64-QNAP-linux-gnu
Configured with: ../gcc-4.9.2/configure --with-pkgversion='toolchain config: [gcc-4.9.2 binutils-2.25 glibc-2.21]' --prefix=/root/toolchain/docker_deploy/dockerfile/CT_auto_build/CT/x86_64-QNAP-linux-gnu/cross-tools --with-sysroot=/root/toolchain/docker_deploy/dockerfile/CT_auto_build/CT/x86_64-QNAP-linux-gnu/cross-tools/../fs --enable-tls --disable-nls --enable-languages=c,c++ --enable-c99 --enable-__cxa_atexit --enable-shared --enable-long-long --disable-multilib --enable-threads=posix --disable-libgomp --enable-checking=release --build=x86_64-linux-gnu --host=x86_64-linux-gnu --target=x86_64-QNAP-linux-gnu gcc_cv_libc_provides_ssp=yes
Thread model: posix
gcc version 4.9.2 (toolchain config: [gcc-4.9.2 binutils-2.25 glibc-2.21]) 
configure:6076: $? = 0
configure:6083: x86_64-QNAP-linux-gnu-gcc -V >&5
x86_64-QNAP-linux-gnu-gcc: error: unrecognized command line option '-V'
x86_64-QNAP-linux-gnu-gcc: fatal error: no input files
compilation terminated.
configure:6087: $? = 1
configure:6090: checking whether we are using the GNU C compiler
configure:6143: result: yes
configure:6152: checking whether x86_64-QNAP-linux-gnu-gcc accepts -g
configure:6290: result: yes
configure:6307: checking for x86_64-QNAP-linux-gnu-gcc option to accept ISO C89
configure:6411: result: none needed
configure:6431: checking dependency style of x86_64-QNAP-linux-gnu-gcc
configure:6522: result: gcc3
configure:6551: checking for a BSD-compatible install
configure:6619: result: /usr/bin/install -c
configure:6630: checking whether ln -s works
configure:6634: result: yes
configure:6644: checking for x86_64-QNAP-linux-gnu-ranlib
configure:6671: result: x86_64-QNAP-linux-gnu-ranlib
configure:6740: checking for _oss_ioctl in -lossaudio
configure:6775: x86_64-QNAP-linux-gnu-gcc -o conftest -I/root/daily_build/64_01/4.4.1/LinkFS/include -I/root/daily_build/64_01/4.4.1/LinkFS/usr/include -I/root/daily_build/64_01/4.4.1/NasLib/include  -L/root/daily_build/64_01/4.4.1/LinkFS/lib -L/root/daily_build/64_01/4.4.1/LinkFS/usr/lib conftest.c -lossaudio   >&5
/root/CT/x86_64-QNAP-linux-gnu/cross-tools/bin/../lib/gcc/x86_64-QNAP-linux-gnu/4.9.2/../../../../x86_64-QNAP-linux-gnu/bin/ld: cannot find -lossaudio
collect2: error: ld returned 1 exit status
configure:6782: $? = 1
configure: failed program was:
| /* confdefs.h.  */
| #define PACKAGE_NAME "aumix"
| #define PACKAGE_TARNAME "aumix"
| #define PACKAGE_VERSION "2.9.1"
| #define PACKAGE_STRING "aumix 2.9.1"
| #define PACKAGE_BUGREPORT "aumix-general@gna.org"
| #define PACKAGE "aumix"
| #define VERSION "2.9.1"
| #define ENABLE_NLS 1
| #define HAVE_GETTEXT 1
| #define HAVE_DCGETTEXT 1
| /* end confdefs.h.  */
| 
| /* Override any GCC internal prototype to avoid an error.
|    Use char because int might match the return type of a GCC
|    builtin and then its argument prototype would still apply.  */
| #ifdef __cplusplus
| extern "C"
| #endif
| char _oss_ioctl ();
| int
| main ()
| {
| return _oss_ioctl ();
|   ;
|   return 0;
| }
configure:6803: result: no
configure:6821: checking how to run the C preprocessor
configure:6861: x86_64-QNAP-linux-gnu-gcc -E  conftest.c
configure:6868: $? = 0
configure:6899: x86_64-QNAP-linux-gnu-gcc -E  conftest.c
conftest.c:13:28: fatal error: ac_nonexistent.h: No such file or directory
 #include <ac_nonexistent.h>
                            ^
compilation terminated.
configure:6906: $? = 1
configure: failed program was:
| /* confdefs.h.  */
| #define PACKAGE_NAME "aumix"
| #define PACKAGE_TARNAME "aumix"
| #define PACKAGE_VERSION "2.9.1"
| #define PACKAGE_STRING "aumix 2.9.1"
| #define PACKAGE_BUGREPORT "aumix-general@gna.org"
| #define PACKAGE "aumix"
| #define VERSION "2.9.1"
| #define ENABLE_NLS 1
| #define HAVE_GETTEXT 1
| #define HAVE_DCGETTEXT 1
| /* end confdefs.h.  */
| #include <ac_nonexistent.h>
configure:6939: result: x86_64-QNAP-linux-gnu-gcc -E
configure:6968: x86_64-QNAP-linux-gnu-gcc -E  conftest.c
configure:6975: $? = 0
configure:7006: x86_64-QNAP-linux-gnu-gcc -E  conftest.c
conftest.c:13:28: fatal error: ac_nonexistent.h: No such file or directory
 #include <ac_nonexistent.h>
                            ^
compilation terminated.
configure:7013: $? = 1
configure: failed program was:
| /* confdefs.h.  */
| #define PACKAGE_NAME "aumix"
| #define PACKAGE_TARNAME "aumix"
| #define PACKAGE_VERSION "2.9.1"
| #define PACKAGE_STRING "aumix 2.9.1"
| #define PACKAGE_BUGREPORT "aumix-general@gna.org"
| #define PACKAGE "aumix"
| #define VERSION "2.9.1"
| #define ENABLE_NLS 1
| #define HAVE_GETTEXT 1
| #define HAVE_DCGETTEXT 1
| /* end confdefs.h.  */
| #include <ac_nonexistent.h>
configure:7051: checking for grep that handles long lines and -e
configure:7111: result: /bin/grep
configure:7116: checking for egrep
configure:7180: result: /bin/grep -E
configure:7185: checking for ANSI C header files
configure:7215: x86_64-QNAP-linux-gnu-gcc -c -I/root/daily_build/64_01/4.4.1/LinkFS/include -I/root/daily_build/64_01/4.4.1/LinkFS/usr/include -I/root/daily_build/64_01/4.4.1/NasLib/include  conftest.c >&5
configure:7222: $? = 0
configure:7321: x86_64-QNAP-linux-gnu-gcc -o conftest -I/root/daily_build/64_01/4.4.1/LinkFS/include -I/root/daily_build/64_01/4.4.1/LinkFS/usr/include -I/root/daily_build/64_01/4.4.1/NasLib/include  -L/root/daily_build/64_01/4.4.1/LinkFS/lib -L/root/daily_build/64_01/4.4.1/LinkFS/usr/lib conftest.c  >&5
configure:7325: $? = 0
configure:7331: ./conftest
configure:7335: $? = 0
configure:7353: result: yes
configure:7377: checking for sys/types.h
configure:7398: x86_64-QNAP-linux-gnu-gcc -c -I/root/daily_build/64_01/4.4.1/LinkFS/include -I/root/daily_build/64_01/4.4.1/LinkFS/usr/include -I/root/daily_build/64_01/4.4.1/NasLib/include  conftest.c >&5
configure:7405: $? = 0
configure:7422: result: yes
configure:7377: checking for sys/stat.h
configure:7398: x86_64-QNAP-linux-gnu-gcc -c -I/root/daily_build/64_01/4.4.1/LinkFS/include -I/root/daily_build/64_01/4.4.1/LinkFS/usr/include -I/root/daily_build/64_01/4.4.1/NasLib/include  conftest.c >&5
configure:7405: $? = 0
configure:7422: result: yes
configure:7377: checking for stdlib.h
configure:7398: x86_64-QNAP-linux-gnu-gcc -c -I/root/daily_build/64_01/4.4.1/LinkFS/include -I/root/daily_build/64_01/4.4.1/LinkFS/usr/include -I/root/daily_build/64_01/4.4.1/NasLib/include  conftest.c >&5
configure:7405: $? = 0
configure:7422: result: yes
configure:7377: checking for string.h
configure:7398: x86_64-QNAP-linux-gnu-gcc -c -I/root/daily_build/64_01/4.4.1/LinkFS/include -I/root/daily_build/64_01/4.4.1/LinkFS/usr/include -I/root/daily_build/64_01/4.4.1/NasLib/include  conftest.c >&5
configure:7405: $? = 0
configure:7422: result: yes
configure:7377: checking for memory.h
configure:7398: x86_64-QNAP-linux-gnu-gcc -c -I/root/daily_build/64_01/4.4.1/LinkFS/include -I/root/daily_build/64_01/4.4.1/LinkFS/usr/include -I/root/daily_build/64_01/4.4.1/NasLib/include  conftest.c >&5
configure:7405: $? = 0
configure:7422: result: yes
configure:7377: checking for strings.h
configure:7398: x86_64-QNAP-linux-gnu-gcc -c -I/root/daily_build/64_01/4.4.1/LinkFS/include -I/root/daily_build/64_01/4.4.1/LinkFS/usr/include -I/root/daily_build/64_01/4.4.1/NasLib/include  conftest.c >&5
configure:7405: $? = 0
configure:7422: result: yes
configure:7377: checking for inttypes.h
configure:7398: x86_64-QNAP-linux-gnu-gcc -c -I/root/daily_build/64_01/4.4.1/LinkFS/include -I/root/daily_build/64_01/4.4.1/LinkFS/usr/include -I/root/daily_build/64_01/4.4.1/NasLib/include  conftest.c >&5
configure:7405: $? = 0
configure:7422: result: yes
configure:7377: checking for stdint.h
configure:7398: x86_64-QNAP-linux-gnu-gcc -c -I/root/daily_build/64_01/4.4.1/LinkFS/include -I/root/daily_build/64_01/4.4.1/LinkFS/usr/include -I/root/daily_build/64_01/4.4.1/NasLib/include  conftest.c >&5
configure:7405: $? = 0
configure:7422: result: yes
configure:7377: checking for unistd.h
configure:7398: x86_64-QNAP-linux-gnu-gcc -c -I/root/daily_build/64_01/4.4.1/LinkFS/include -I/root/daily_build/64_01/4.4.1/LinkFS/usr/include -I/root/daily_build/64_01/4.4.1/NasLib/include  conftest.c >&5
configure:7405: $? = 0
configure:7422: result: yes
configure:7437: checking for working alloca.h
configure:7464: x86_64-QNAP-linux-gnu-gcc -o conftest -I/root/daily_build/64_01/4.4.1/LinkFS/include -I/root/daily_build/64_01/4.4.1/LinkFS/usr/include -I/root/daily_build/64_01/4.4.1/NasLib/include  -L/root/daily_build/64_01/4.4.1/LinkFS/lib -L/root/daily_build/64_01/4.4.1/LinkFS/usr/lib conftest.c  >&5
configure:7471: $? = 0
configure:7491: result: yes
configure:7501: checking for alloca
configure:7548: x86_64-QNAP-linux-gnu-gcc -o conftest -I/root/daily_build/64_01/4.4.1/LinkFS/include -I/root/daily_build/64_01/4.4.1/LinkFS/usr/include -I/root/daily_build/64_01/4.4.1/NasLib/include  -L/root/daily_build/64_01/4.4.1/LinkFS/lib -L/root/daily_build/64_01/4.4.1/LinkFS/usr/lib conftest.c  >&5
configure:7555: $? = 0
configure:7575: result: yes
configure:7811: checking for ANSI C header files
configure:7979: result: yes
configure:8044: checking argz.h usability
configure:8061: x86_64-QNAP-linux-gnu-gcc -c -I/root/daily_build/64_01/4.4.1/LinkFS/include -I/root/daily_build/64_01/4.4.1/LinkFS/usr/include -I/root/daily_build/64_01/4.4.1/NasLib/include  conftest.c >&5
configure:8068: $? = 0
configure:8082: result: yes
configure:8086: checking argz.h presence
configure:8101: x86_64-QNAP-linux-gnu-gcc -E  conftest.c
configure:8108: $? = 0
configure:8122: result: yes
configure:8155: checking for argz.h
configure:8164: result: yes
configure:8044: checking fcntl.h usability
configure:8061: x86_64-QNAP-linux-gnu-gcc -c -I/root/daily_build/64_01/4.4.1/LinkFS/include -I/root/daily_build/64_01/4.4.1/LinkFS/usr/include -I/root/daily_build/64_01/4.4.1/NasLib/include  conftest.c >&5
configure:8068: $? = 0
configure:8082: result: yes
configure:8086: checking fcntl.h presence
configure:8101: x86_64-QNAP-linux-gnu-gcc -E  conftest.c
configure:8108: $? = 0
configure:8122: result: yes
configure:8155: checking for fcntl.h
configure:8164: result: yes
configure:8044: checking libintl.h usability
configure:8061: x86_64-QNAP-linux-gnu-gcc -c -I/root/daily_build/64_01/4.4.1/LinkFS/include -I/root/daily_build/64_01/4.4.1/LinkFS/usr/include -I/root/daily_build/64_01/4.4.1/NasLib/include  conftest.c >&5
configure:8068: $? = 0
configure:8082: result: yes
configure:8086: checking libintl.h presence
configure:8101: x86_64-QNAP-linux-gnu-gcc -E  conftest.c
configure:8108: $? = 0
configure:8122: result: yes
configure:8155: checking for libintl.h
configure:8164: result: yes
configure:8044: checking limits.h usability
configure:8061: x86_64-QNAP-linux-gnu-gcc -c -I/root/daily_build/64_01/4.4.1/LinkFS/include -I/root/daily_build/64_01/4.4.1/LinkFS/usr/include -I/root/daily_build/64_01/4.4.1/NasLib/include  conftest.c >&5
configure:8068: $? = 0
configure:8082: result: yes
configure:8086: checking limits.h presence
configure:8101: x86_64-QNAP-linux-gnu-gcc -E  conftest.c
configure:8108: $? = 0
configure:8122: result: yes
configure:8155: checking for limits.h
configure:8164: result: yes
configure:8044: checking locale.h usability
configure:8061: x86_64-QNAP-linux-gnu-gcc -c -I/root/daily_build/64_01/4.4.1/LinkFS/include -I/root/daily_build/64_01/4.4.1/LinkFS/usr/include -I/root/daily_build/64_01/4.4.1/NasLib/include  conftest.c >&5
configure:8068: $? = 0
configure:8082: result: yes
configure:8086: checking locale.h presence
configure:8101: x86_64-QNAP-linux-gnu-gcc -E  conftest.c
configure:8108: $? = 0
configure:8122: result: yes
configure:8155: checking for locale.h
configure:8164: result: yes
configure:8044: checking malloc.h usability
configure:8061: x86_64-QNAP-linux-gnu-gcc -c -I/root/daily_build/64_01/4.4.1/LinkFS/include -I/root/daily_build/64_01/4.4.1/LinkFS/usr/include -I/root/daily_build/64_01/4.4.1/NasLib/include  conftest.c >&5
configure:8068: $? = 0
configure:8082: result: yes
configure:8086: checking malloc.h presence
configure:8101: x86_64-QNAP-linux-gnu-gcc -E  conftest.c
configure:8108: $? = 0
configure:8122: result: yes
configure:8155: checking for malloc.h
configure:8164: result: yes
configure:8044: checking nl_types.h usability
configure:8061: x86_64-QNAP-linux-gnu-gcc -c -I/root/daily_build/64_01/4.4.1/LinkFS/include -I/root/daily_build/64_01/4.4.1/LinkFS/usr/include -I/root/daily_build/64_01/4.4.1/NasLib/include  conftest.c >&5
configure:8068: $? = 0
configure:8082: result: yes
configure:8086: checking nl_types.h presence
configure:8101: x86_64-QNAP-linux-gnu-gcc -E  conftest.c
configure:8108: $? = 0
configure:8122: result: yes
configure:8155: checking for nl_types.h
configure:8164: result: yes
configure:8044: checking stddef.h usability
configure:8061: x86_64-QNAP-linux-gnu-gcc -c -I/root/daily_build/64_01/4.4.1/LinkFS/include -I/root/daily_build/64_01/4.4.1/LinkFS/usr/include -I/root/daily_build/64_01/4.4.1/NasLib/include  conftest.c >&5
configure:8068: $? = 0
configure:8082: result: yes
configure:8086: checking stddef.h presence
configure:8101: x86_64-QNAP-linux-gnu-gcc -E  conftest.c
configure:8108: $? = 0
configure:8122: result: yes
configure:8155: checking for stddef.h
configure:8164: result: yes
configure:8033: checking for stdlib.h
configure:8040: result: yes
configure:8033: checking for string.h
configure:8040: result: yes
configure:8033: checking for strings.h
configure:8040: result: yes
configure:8044: checking sys/ioctl.h usability
configure:8061: x86_64-QNAP-linux-gnu-gcc -c -I/root/daily_build/64_01/4.4.1/LinkFS/include -I/root/daily_build/64_01/4.4.1/LinkFS/usr/include -I/root/daily_build/64_01/4.4.1/NasLib/include  conftest.c >&5
configure:8068: $? = 0
configure:8082: result: yes
configure:8086: checking sys/ioctl.h presence
configure:8101: x86_64-QNAP-linux-gnu-gcc -E  conftest.c
configure:8108: $? = 0
configure:8122: result: yes
configure:8155: checking for sys/ioctl.h
configure:8164: result: yes
configure:8044: checking sys/param.h usability
configure:8061: x86_64-QNAP-linux-gnu-gcc -c -I/root/daily_build/64_01/4.4.1/LinkFS/include -I/root/daily_build/64_01/4.4.1/LinkFS/usr/include -I/root/daily_build/64_01/4.4.1/NasLib/include  conftest.c >&5
configure:8068: $? = 0
configure:8082: result: yes
configure:8086: checking sys/param.h presence
configure:8101: x86_64-QNAP-linux-gnu-gcc -E  conftest.c
configure:8108: $? = 0
configure:8122: result: yes
configure:8155: checking for sys/param.h
configure:8164: result: yes
configure:8044: checking sys/time.h usability
configure:8061: x86_64-QNAP-linux-gnu-gcc -c -I/root/daily_build/64_01/4.4.1/LinkFS/include -I/root/daily_build/64_01/4.4.1/LinkFS/usr/include -I/root/daily_build/64_01/4.4.1/NasLib/include  conftest.c >&5
configure:8068: $? = 0
configure:8082: result: yes
configure:8086: checking sys/time.h presence
configure:8101: x86_64-QNAP-linux-gnu-gcc -E  conftest.c
configure:8108: $? = 0
configure:8122: result: yes
configure:8155: checking for sys/time.h
configure:8164: result: yes
configure:8033: checking for unistd.h
configure:8040: result: yes
configure:8044: checking sys/soundcard.h usability
configure:8061: x86_64-QNAP-linux-gnu-gcc -c -I/root/daily_build/64_01/4.4.1/LinkFS/include -I/root/daily_build/64_01/4.4.1/LinkFS/usr/include -I/root/daily_build/64_01/4.4.1/NasLib/include  conftest.c >&5
configure:8068: $? = 0
configure:8082: result: yes
configure:8086: checking sys/soundcard.h presence
configure:8101: x86_64-QNAP-linux-gnu-gcc -E  conftest.c
configure:8108: $? = 0
configure:8122: result: yes
configure:8155: checking for sys/soundcard.h
configure:8164: result: yes
configure:8044: checking soundcard.h usability
configure:8061: x86_64-QNAP-linux-gnu-gcc -c -I/root/daily_build/64_01/4.4.1/LinkFS/include -I/root/daily_build/64_01/4.4.1/LinkFS/usr/include -I/root/daily_build/64_01/4.4.1/NasLib/include  conftest.c >&5
conftest.c:75:23: fatal error: soundcard.h: No such file or directory
 #include <soundcard.h>
                       ^
compilation terminated.
configure:8068: $? = 1
configure: failed program was:
| /* confdefs.h.  */
| #define PACKAGE_NAME "aumix"
| #define PACKAGE_TARNAME "aumix"
| #define PACKAGE_VERSION "2.9.1"
| #define PACKAGE_STRING "aumix 2.9.1"
| #define PACKAGE_BUGREPORT "aumix-general@gna.org"
| #define PACKAGE "aumix"
| #define VERSION "2.9.1"
| #define ENABLE_NLS 1
| #define HAVE_GETTEXT 1
| #define HAVE_DCGETTEXT 1
| #define STDC_HEADERS 1
| #define HAVE_SYS_TYPES_H 1
| #define HAVE_SYS_STAT_H 1
| #define HAVE_STDLIB_H 1
| #define HAVE_STRING_H 1
| #define HAVE_MEMORY_H 1
| #define HAVE_STRINGS_H 1
| #define HAVE_INTTYPES_H 1
| #define HAVE_STDINT_H 1
| #define HAVE_UNISTD_H 1
| #define HAVE_ALLOCA_H 1
| #define HAVE_ALLOCA 1
| #define STDC_HEADERS 1
| #define HAVE_ARGZ_H 1
| #define HAVE_FCNTL_H 1
| #define HAVE_LIBINTL_H 1
| #define HAVE_LIMITS_H 1
| #define HAVE_LOCALE_H 1
| #define HAVE_MALLOC_H 1
| #define HAVE_NL_TYPES_H 1
| #define HAVE_STDDEF_H 1
| #define HAVE_STDLIB_H 1
| #define HAVE_STRING_H 1
| #define HAVE_STRINGS_H 1
| #define HAVE_SYS_IOCTL_H 1
| #define HAVE_SYS_PARAM_H 1
| #define HAVE_SYS_TIME_H 1
| #define HAVE_UNISTD_H 1
| #define HAVE_SYS_SOUNDCARD_H 1
| /* end confdefs.h.  */
| #include <stdio.h>
| #ifdef HAVE_SYS_TYPES_H
| # include <sys/types.h>
| #endif
| #ifdef HAVE_SYS_STAT_H
| # include <sys/stat.h>
| #endif
| #ifdef STDC_HEADERS
| # include <stdlib.h>
| # include <stddef.h>
| #else
| # ifdef HAVE_STDLIB_H
| #  include <stdlib.h>
| # endif
| #endif
| #ifdef HAVE_STRING_H
| # if !defined STDC_HEADERS && defined HAVE_MEMORY_H
| #  include <memory.h>
| # endif
| # include <string.h>
| #endif
| #ifdef HAVE_STRINGS_H
| # include <strings.h>
| #endif
| #ifdef HAVE_INTTYPES_H
| # include <inttypes.h>
| #endif
| #ifdef HAVE_STDINT_H
| # include <stdint.h>
| #endif
| #ifdef HAVE_UNISTD_H
| # include <unistd.h>
| #endif
| #include <soundcard.h>
configure:8082: result: no
configure:8086: checking soundcard.h presence
configure:8101: x86_64-QNAP-linux-gnu-gcc -E  conftest.c
conftest.c:42:23: fatal error: soundcard.h: No such file or directory
 #include <soundcard.h>
                       ^
compilation terminated.
configure:8108: $? = 1
configure: failed program was:
| /* confdefs.h.  */
| #define PACKAGE_NAME "aumix"
| #define PACKAGE_TARNAME "aumix"
| #define PACKAGE_VERSION "2.9.1"
| #define PACKAGE_STRING "aumix 2.9.1"
| #define PACKAGE_BUGREPORT "aumix-general@gna.org"
| #define PACKAGE "aumix"
| #define VERSION "2.9.1"
| #define ENABLE_NLS 1
| #define HAVE_GETTEXT 1
| #define HAVE_DCGETTEXT 1
| #define STDC_HEADERS 1
| #define HAVE_SYS_TYPES_H 1
| #define HAVE_SYS_STAT_H 1
| #define HAVE_STDLIB_H 1
| #define HAVE_STRING_H 1
| #define HAVE_MEMORY_H 1
| #define HAVE_STRINGS_H 1
| #define HAVE_INTTYPES_H 1
| #define HAVE_STDINT_H 1
| #define HAVE_UNISTD_H 1
| #define HAVE_ALLOCA_H 1
| #define HAVE_ALLOCA 1
| #define STDC_HEADERS 1
| #define HAVE_ARGZ_H 1
| #define HAVE_FCNTL_H 1
| #define HAVE_LIBINTL_H 1
| #define HAVE_LIMITS_H 1
| #define HAVE_LOCALE_H 1
| #define HAVE_MALLOC_H 1
| #define HAVE_NL_TYPES_H 1
| #define HAVE_STDDEF_H 1
| #define HAVE_STDLIB_H 1
| #define HAVE_STRING_H 1
| #define HAVE_STRINGS_H 1
| #define HAVE_SYS_IOCTL_H 1
| #define HAVE_SYS_PARAM_H 1
| #define HAVE_SYS_TIME_H 1
| #define HAVE_UNISTD_H 1
| #define HAVE_SYS_SOUNDCARD_H 1
| /* end confdefs.h.  */
| #include <soundcard.h>
configure:8122: result: no
configure:8155: checking for soundcard.h
configure:8164: result: no
configure:8044: checking machine/soundcard.h usability
configure:8061: x86_64-QNAP-linux-gnu-gcc -c -I/root/daily_build/64_01/4.4.1/LinkFS/include -I/root/daily_build/64_01/4.4.1/LinkFS/usr/include -I/root/daily_build/64_01/4.4.1/NasLib/include  conftest.c >&5
conftest.c:75:31: fatal error: machine/soundcard.h: No such file or directory
 #include <machine/soundcard.h>
                               ^
compilation terminated.
configure:8068: $? = 1
configure: failed program was:
| /* confdefs.h.  */
| #define PACKAGE_NAME "aumix"
| #define PACKAGE_TARNAME "aumix"
| #define PACKAGE_VERSION "2.9.1"
| #define PACKAGE_STRING "aumix 2.9.1"
| #define PACKAGE_BUGREPORT "aumix-general@gna.org"
| #define PACKAGE "aumix"
| #define VERSION "2.9.1"
| #define ENABLE_NLS 1
| #define HAVE_GETTEXT 1
| #define HAVE_DCGETTEXT 1
| #define STDC_HEADERS 1
| #define HAVE_SYS_TYPES_H 1
| #define HAVE_SYS_STAT_H 1
| #define HAVE_STDLIB_H 1
| #define HAVE_STRING_H 1
| #define HAVE_MEMORY_H 1
| #define HAVE_STRINGS_H 1
| #define HAVE_INTTYPES_H 1
| #define HAVE_STDINT_H 1
| #define HAVE_UNISTD_H 1
| #define HAVE_ALLOCA_H 1
| #define HAVE_ALLOCA 1
| #define STDC_HEADERS 1
| #define HAVE_ARGZ_H 1
| #define HAVE_FCNTL_H 1
| #define HAVE_LIBINTL_H 1
| #define HAVE_LIMITS_H 1
| #define HAVE_LOCALE_H 1
| #define HAVE_MALLOC_H 1
| #define HAVE_NL_TYPES_H 1
| #define HAVE_STDDEF_H 1
| #define HAVE_STDLIB_H 1
| #define HAVE_STRING_H 1
| #define HAVE_STRINGS_H 1
| #define HAVE_SYS_IOCTL_H 1
| #define HAVE_SYS_PARAM_H 1
| #define HAVE_SYS_TIME_H 1
| #define HAVE_UNISTD_H 1
| #define HAVE_SYS_SOUNDCARD_H 1
| /* end confdefs.h.  */
| #include <stdio.h>
| #ifdef HAVE_SYS_TYPES_H
| # include <sys/types.h>
| #endif
| #ifdef HAVE_SYS_STAT_H
| # include <sys/stat.h>
| #endif
| #ifdef STDC_HEADERS
| # include <stdlib.h>
| # include <stddef.h>
| #else
| # ifdef HAVE_STDLIB_H
| #  include <stdlib.h>
| # endif
| #endif
| #ifdef HAVE_STRING_H
| # if !defined STDC_HEADERS && defined HAVE_MEMORY_H
| #  include <memory.h>
| # endif
| # include <string.h>
| #endif
| #ifdef HAVE_STRINGS_H
| # include <strings.h>
| #endif
| #ifdef HAVE_INTTYPES_H
| # include <inttypes.h>
| #endif
| #ifdef HAVE_STDINT_H
| # include <stdint.h>
| #endif
| #ifdef HAVE_UNISTD_H
| # include <unistd.h>
| #endif
| #include <machine/soundcard.h>
configure:8082: result: no
configure:8086: checking machine/soundcard.h presence
configure:8101: x86_64-QNAP-linux-gnu-gcc -E  conftest.c
conftest.c:42:31: fatal error: machine/soundcard.h: No such file or directory
 #include <machine/soundcard.h>
                               ^
compilation terminated.
configure:8108: $? = 1
configure: failed program was:
| /* confdefs.h.  */
| #define PACKAGE_NAME "aumix"
| #define PACKAGE_TARNAME "aumix"
| #define PACKAGE_VERSION "2.9.1"
| #define PACKAGE_STRING "aumix 2.9.1"
| #define PACKAGE_BUGREPORT "aumix-general@gna.org"
| #define PACKAGE "aumix"
| #define VERSION "2.9.1"
| #define ENABLE_NLS 1
| #define HAVE_GETTEXT 1
| #define HAVE_DCGETTEXT 1
| #define STDC_HEADERS 1
| #define HAVE_SYS_TYPES_H 1
| #define HAVE_SYS_STAT_H 1
| #define HAVE_STDLIB_H 1
| #define HAVE_STRING_H 1
| #define HAVE_MEMORY_H 1
| #define HAVE_STRINGS_H 1
| #define HAVE_INTTYPES_H 1
| #define HAVE_STDINT_H 1
| #define HAVE_UNISTD_H 1
| #define HAVE_ALLOCA_H 1
| #define HAVE_ALLOCA 1
| #define STDC_HEADERS 1
| #define HAVE_ARGZ_H 1
| #define HAVE_FCNTL_H 1
| #define HAVE_LIBINTL_H 1
| #define HAVE_LIMITS_H 1
| #define HAVE_LOCALE_H 1
| #define HAVE_MALLOC_H 1
| #define HAVE_NL_TYPES_H 1
| #define HAVE_STDDEF_H 1
| #define HAVE_STDLIB_H 1
| #define HAVE_STRING_H 1
| #define HAVE_STRINGS_H 1
| #define HAVE_SYS_IOCTL_H 1
| #define HAVE_SYS_PARAM_H 1
| #define HAVE_SYS_TIME_H 1
| #define HAVE_UNISTD_H 1
| #define HAVE_SYS_SOUNDCARD_H 1
| /* end confdefs.h.  */
| #include <machine/soundcard.h>
configure:8122: result: no
configure:8155: checking for machine/soundcard.h
configure:8164: result: no
configure:8044: checking ncurses.h usability
configure:8061: x86_64-QNAP-linux-gnu-gcc -c -I/root/daily_build/64_01/4.4.1/LinkFS/include -I/root/daily_build/64_01/4.4.1/LinkFS/usr/include -I/root/daily_build/64_01/4.4.1/NasLib/include  conftest.c >&5
conftest.c:75:21: fatal error: ncurses.h: No such file or directory
 #include <ncurses.h>
                     ^
compilation terminated.
configure:8068: $? = 1
configure: failed program was:
| /* confdefs.h.  */
| #define PACKAGE_NAME "aumix"
| #define PACKAGE_TARNAME "aumix"
| #define PACKAGE_VERSION "2.9.1"
| #define PACKAGE_STRING "aumix 2.9.1"
| #define PACKAGE_BUGREPORT "aumix-general@gna.org"
| #define PACKAGE "aumix"
| #define VERSION "2.9.1"
| #define ENABLE_NLS 1
| #define HAVE_GETTEXT 1
| #define HAVE_DCGETTEXT 1
| #define STDC_HEADERS 1
| #define HAVE_SYS_TYPES_H 1
| #define HAVE_SYS_STAT_H 1
| #define HAVE_STDLIB_H 1
| #define HAVE_STRING_H 1
| #define HAVE_MEMORY_H 1
| #define HAVE_STRINGS_H 1
| #define HAVE_INTTYPES_H 1
| #define HAVE_STDINT_H 1
| #define HAVE_UNISTD_H 1
| #define HAVE_ALLOCA_H 1
| #define HAVE_ALLOCA 1
| #define STDC_HEADERS 1
| #define HAVE_ARGZ_H 1
| #define HAVE_FCNTL_H 1
| #define HAVE_LIBINTL_H 1
| #define HAVE_LIMITS_H 1
| #define HAVE_LOCALE_H 1
| #define HAVE_MALLOC_H 1
| #define HAVE_NL_TYPES_H 1
| #define HAVE_STDDEF_H 1
| #define HAVE_STDLIB_H 1
| #define HAVE_STRING_H 1
| #define HAVE_STRINGS_H 1
| #define HAVE_SYS_IOCTL_H 1
| #define HAVE_SYS_PARAM_H 1
| #define HAVE_SYS_TIME_H 1
| #define HAVE_UNISTD_H 1
| #define HAVE_SYS_SOUNDCARD_H 1
| /* end confdefs.h.  */
| #include <stdio.h>
| #ifdef HAVE_SYS_TYPES_H
| # include <sys/types.h>
| #endif
| #ifdef HAVE_SYS_STAT_H
| # include <sys/stat.h>
| #endif
| #ifdef STDC_HEADERS
| # include <stdlib.h>
| # include <stddef.h>
| #else
| # ifdef HAVE_STDLIB_H
| #  include <stdlib.h>
| # endif
| #endif
| #ifdef HAVE_STRING_H
| # if !defined STDC_HEADERS && defined HAVE_MEMORY_H
| #  include <memory.h>
| # endif
| # include <string.h>
| #endif
| #ifdef HAVE_STRINGS_H
| # include <strings.h>
| #endif
| #ifdef HAVE_INTTYPES_H
| # include <inttypes.h>
| #endif
| #ifdef HAVE_STDINT_H
| # include <stdint.h>
| #endif
| #ifdef HAVE_UNISTD_H
| # include <unistd.h>
| #endif
| #include <ncurses.h>
configure:8082: result: no
configure:8086: checking ncurses.h presence
configure:8101: x86_64-QNAP-linux-gnu-gcc -E  conftest.c
conftest.c:42:21: fatal error: ncurses.h: No such file or directory
 #include <ncurses.h>
                     ^
compilation terminated.
configure:8108: $? = 1
configure: failed program was:
| /* confdefs.h.  */
| #define PACKAGE_NAME "aumix"
| #define PACKAGE_TARNAME "aumix"
| #define PACKAGE_VERSION "2.9.1"
| #define PACKAGE_STRING "aumix 2.9.1"
| #define PACKAGE_BUGREPORT "aumix-general@gna.org"
| #define PACKAGE "aumix"
| #define VERSION "2.9.1"
| #define ENABLE_NLS 1
| #define HAVE_GETTEXT 1
| #define HAVE_DCGETTEXT 1
| #define STDC_HEADERS 1
| #define HAVE_SYS_TYPES_H 1
| #define HAVE_SYS_STAT_H 1
| #define HAVE_STDLIB_H 1
| #define HAVE_STRING_H 1
| #define HAVE_MEMORY_H 1
| #define HAVE_STRINGS_H 1
| #define HAVE_INTTYPES_H 1
| #define HAVE_STDINT_H 1
| #define HAVE_UNISTD_H 1
| #define HAVE_ALLOCA_H 1
| #define HAVE_ALLOCA 1
| #define STDC_HEADERS 1
| #define HAVE_ARGZ_H 1
| #define HAVE_FCNTL_H 1
| #define HAVE_LIBINTL_H 1
| #define HAVE_LIMITS_H 1
| #define HAVE_LOCALE_H 1
| #define HAVE_MALLOC_H 1
| #define HAVE_NL_TYPES_H 1
| #define HAVE_STDDEF_H 1
| #define HAVE_STDLIB_H 1
| #define HAVE_STRING_H 1
| #define HAVE_STRINGS_H 1
| #define HAVE_SYS_IOCTL_H 1
| #define HAVE_SYS_PARAM_H 1
| #define HAVE_SYS_TIME_H 1
| #define HAVE_UNISTD_H 1
| #define HAVE_SYS_SOUNDCARD_H 1
| /* end confdefs.h.  */
| #include <ncurses.h>
configure:8122: result: no
configure:8155: checking for ncurses.h
configure:8164: result: no
configure:8044: checking curses.h usability
configure:8061: x86_64-QNAP-linux-gnu-gcc -c -I/root/daily_build/64_01/4.4.1/LinkFS/include -I/root/daily_build/64_01/4.4.1/LinkFS/usr/include -I/root/daily_build/64_01/4.4.1/NasLib/include  conftest.c >&5
conftest.c:75:20: fatal error: curses.h: No such file or directory
 #include <curses.h>
                    ^
compilation terminated.
configure:8068: $? = 1
configure: failed program was:
| /* confdefs.h.  */
| #define PACKAGE_NAME "aumix"
| #define PACKAGE_TARNAME "aumix"
| #define PACKAGE_VERSION "2.9.1"
| #define PACKAGE_STRING "aumix 2.9.1"
| #define PACKAGE_BUGREPORT "aumix-general@gna.org"
| #define PACKAGE "aumix"
| #define VERSION "2.9.1"
| #define ENABLE_NLS 1
| #define HAVE_GETTEXT 1
| #define HAVE_DCGETTEXT 1
| #define STDC_HEADERS 1
| #define HAVE_SYS_TYPES_H 1
| #define HAVE_SYS_STAT_H 1
| #define HAVE_STDLIB_H 1
| #define HAVE_STRING_H 1
| #define HAVE_MEMORY_H 1
| #define HAVE_STRINGS_H 1
| #define HAVE_INTTYPES_H 1
| #define HAVE_STDINT_H 1
| #define HAVE_UNISTD_H 1
| #define HAVE_ALLOCA_H 1
| #define HAVE_ALLOCA 1
| #define STDC_HEADERS 1
| #define HAVE_ARGZ_H 1
| #define HAVE_FCNTL_H 1
| #define HAVE_LIBINTL_H 1
| #define HAVE_LIMITS_H 1
| #define HAVE_LOCALE_H 1
| #define HAVE_MALLOC_H 1
| #define HAVE_NL_TYPES_H 1
| #define HAVE_STDDEF_H 1
| #define HAVE_STDLIB_H 1
| #define HAVE_STRING_H 1
| #define HAVE_STRINGS_H 1
| #define HAVE_SYS_IOCTL_H 1
| #define HAVE_SYS_PARAM_H 1
| #define HAVE_SYS_TIME_H 1
| #define HAVE_UNISTD_H 1
| #define HAVE_SYS_SOUNDCARD_H 1
| /* end confdefs.h.  */
| #include <stdio.h>
| #ifdef HAVE_SYS_TYPES_H
| # include <sys/types.h>
| #endif
| #ifdef HAVE_SYS_STAT_H
| # include <sys/stat.h>
| #endif
| #ifdef STDC_HEADERS
| # include <stdlib.h>
| # include <stddef.h>
| #else
| # ifdef HAVE_STDLIB_H
| #  include <stdlib.h>
| # endif
| #endif
| #ifdef HAVE_STRING_H
| # if !defined STDC_HEADERS && defined HAVE_MEMORY_H
| #  include <memory.h>
| # endif
| # include <string.h>
| #endif
| #ifdef HAVE_STRINGS_H
| # include <strings.h>
| #endif
| #ifdef HAVE_INTTYPES_H
| # include <inttypes.h>
| #endif
| #ifdef HAVE_STDINT_H
| # include <stdint.h>
| #endif
| #ifdef HAVE_UNISTD_H
| # include <unistd.h>
| #endif
| #include <curses.h>
configure:8082: result: no
configure:8086: checking curses.h presence
configure:8101: x86_64-QNAP-linux-gnu-gcc -E  conftest.c
conftest.c:42:20: fatal error: curses.h: No such file or directory
 #include <curses.h>
                    ^
compilation terminated.
configure:8108: $? = 1
configure: failed program was:
| /* confdefs.h.  */
| #define PACKAGE_NAME "aumix"
| #define PACKAGE_TARNAME "aumix"
| #define PACKAGE_VERSION "2.9.1"
| #define PACKAGE_STRING "aumix 2.9.1"
| #define PACKAGE_BUGREPORT "aumix-general@gna.org"
| #define PACKAGE "aumix"
| #define VERSION "2.9.1"
| #define ENABLE_NLS 1
| #define HAVE_GETTEXT 1
| #define HAVE_DCGETTEXT 1
| #define STDC_HEADERS 1
| #define HAVE_SYS_TYPES_H 1
| #define HAVE_SYS_STAT_H 1
| #define HAVE_STDLIB_H 1
| #define HAVE_STRING_H 1
| #define HAVE_MEMORY_H 1
| #define HAVE_STRINGS_H 1
| #define HAVE_INTTYPES_H 1
| #define HAVE_STDINT_H 1
| #define HAVE_UNISTD_H 1
| #define HAVE_ALLOCA_H 1
| #define HAVE_ALLOCA 1
| #define STDC_HEADERS 1
| #define HAVE_ARGZ_H 1
| #define HAVE_FCNTL_H 1
| #define HAVE_LIBINTL_H 1
| #define HAVE_LIMITS_H 1
| #define HAVE_LOCALE_H 1
| #define HAVE_MALLOC_H 1
| #define HAVE_NL_TYPES_H 1
| #define HAVE_STDDEF_H 1
| #define HAVE_STDLIB_H 1
| #define HAVE_STRING_H 1
| #define HAVE_STRINGS_H 1
| #define HAVE_SYS_IOCTL_H 1
| #define HAVE_SYS_PARAM_H 1
| #define HAVE_SYS_TIME_H 1
| #define HAVE_UNISTD_H 1
| #define HAVE_SYS_SOUNDCARD_H 1
| /* end confdefs.h.  */
| #include <curses.h>
configure:8122: result: no
configure:8155: checking for curses.h
configure:8164: result: no
configure:8180: checking for an ANSI C-conforming const
configure:8255: x86_64-QNAP-linux-gnu-gcc -c -I/root/daily_build/64_01/4.4.1/LinkFS/include -I/root/daily_build/64_01/4.4.1/LinkFS/usr/include -I/root/daily_build/64_01/4.4.1/NasLib/include  conftest.c >&5
configure:8262: $? = 0
configure:8277: result: yes
configure:8287: checking for inline
configure:8313: x86_64-QNAP-linux-gnu-gcc -c -I/root/daily_build/64_01/4.4.1/LinkFS/include -I/root/daily_build/64_01/4.4.1/LinkFS/usr/include -I/root/daily_build/64_01/4.4.1/NasLib/include  conftest.c >&5
configure:8320: $? = 0
configure:8338: result: inline
configure:8357: checking for size_t
configure:8385: x86_64-QNAP-linux-gnu-gcc -c -I/root/daily_build/64_01/4.4.1/LinkFS/include -I/root/daily_build/64_01/4.4.1/LinkFS/usr/include -I/root/daily_build/64_01/4.4.1/NasLib/include  conftest.c >&5
configure:8392: $? = 0
configure:8419: x86_64-QNAP-linux-gnu-gcc -c -I/root/daily_build/64_01/4.4.1/LinkFS/include -I/root/daily_build/64_01/4.4.1/LinkFS/usr/include -I/root/daily_build/64_01/4.4.1/NasLib/include  conftest.c >&5
conftest.c: In function 'main':
conftest.c:78:21: error: expected expression before ')' token
 if (sizeof ((size_t)))
                     ^
configure:8426: $? = 1
configure: failed program was:
| /* confdefs.h.  */
| #define PACKAGE_NAME "aumix"
| #define PACKAGE_TARNAME "aumix"
| #define PACKAGE_VERSION "2.9.1"
| #define PACKAGE_STRING "aumix 2.9.1"
| #define PACKAGE_BUGREPORT "aumix-general@gna.org"
| #define PACKAGE "aumix"
| #define VERSION "2.9.1"
| #define ENABLE_NLS 1
| #define HAVE_GETTEXT 1
| #define HAVE_DCGETTEXT 1
| #define STDC_HEADERS 1
| #define HAVE_SYS_TYPES_H 1
| #define HAVE_SYS_STAT_H 1
| #define HAVE_STDLIB_H 1
| #define HAVE_STRING_H 1
| #define HAVE_MEMORY_H 1
| #define HAVE_STRINGS_H 1
| #define HAVE_INTTYPES_H 1
| #define HAVE_STDINT_H 1
| #define HAVE_UNISTD_H 1
| #define HAVE_ALLOCA_H 1
| #define HAVE_ALLOCA 1
| #define STDC_HEADERS 1
| #define HAVE_ARGZ_H 1
| #define HAVE_FCNTL_H 1
| #define HAVE_LIBINTL_H 1
| #define HAVE_LIMITS_H 1
| #define HAVE_LOCALE_H 1
| #define HAVE_MALLOC_H 1
| #define HAVE_NL_TYPES_H 1
| #define HAVE_STDDEF_H 1
| #define HAVE_STDLIB_H 1
| #define HAVE_STRING_H 1
| #define HAVE_STRINGS_H 1
| #define HAVE_SYS_IOCTL_H 1
| #define HAVE_SYS_PARAM_H 1
| #define HAVE_SYS_TIME_H 1
| #define HAVE_UNISTD_H 1
| #define HAVE_SYS_SOUNDCARD_H 1
| /* end confdefs.h.  */
| #include <stdio.h>
| #ifdef HAVE_SYS_TYPES_H
| # include <sys/types.h>
| #endif
| #ifdef HAVE_SYS_STAT_H
| # include <sys/stat.h>
| #endif
| #ifdef STDC_HEADERS
| # include <stdlib.h>
| # include <stddef.h>
| #else
| # ifdef HAVE_STDLIB_H
| #  include <stdlib.h>
| # endif
| #endif
| #ifdef HAVE_STRING_H
| # if !defined STDC_HEADERS && defined HAVE_MEMORY_H
| #  include <memory.h>
| # endif
| # include <string.h>
| #endif
| #ifdef HAVE_STRINGS_H
| # include <strings.h>
| #endif
| #ifdef HAVE_INTTYPES_H
| # include <inttypes.h>
| #endif
| #ifdef HAVE_STDINT_H
| # include <stdint.h>
| #endif
| #ifdef HAVE_UNISTD_H
| # include <unistd.h>
| #endif
| int
| main ()
| {
| if (sizeof ((size_t)))
| 	  return 0;
|   ;
|   return 0;
| }
configure:8449: result: yes
configure:8465: checking whether x86_64-QNAP-linux-gnu-gcc needs -traditional
configure:8507: result: no
configure:8519: checking for stdlib.h
configure:8526: result: yes
configure:8664: checking for GNU libc compatible malloc
configure:8698: x86_64-QNAP-linux-gnu-gcc -o conftest -I/root/daily_build/64_01/4.4.1/LinkFS/include -I/root/daily_build/64_01/4.4.1/LinkFS/usr/include -I/root/daily_build/64_01/4.4.1/NasLib/include  -L/root/daily_build/64_01/4.4.1/LinkFS/lib -L/root/daily_build/64_01/4.4.1/LinkFS/usr/lib conftest.c  >&5
configure:8702: $? = 0
configure:8708: ./conftest
configure:8712: $? = 0
configure:8729: result: yes
configure:8763: checking for stdlib.h
configure:8770: result: yes
configure:8763: checking for unistd.h
configure:8770: result: yes
configure:8912: checking for getpagesize
configure:8968: x86_64-QNAP-linux-gnu-gcc -o conftest -I/root/daily_build/64_01/4.4.1/LinkFS/include -I/root/daily_build/64_01/4.4.1/LinkFS/usr/include -I/root/daily_build/64_01/4.4.1/NasLib/include  -L/root/daily_build/64_01/4.4.1/LinkFS/lib -L/root/daily_build/64_01/4.4.1/LinkFS/usr/lib conftest.c  >&5
configure:8975: $? = 0
configure:8997: result: yes
configure:9008: checking for working mmap
configure:9155: x86_64-QNAP-linux-gnu-gcc -o conftest -I/root/daily_build/64_01/4.4.1/LinkFS/include -I/root/daily_build/64_01/4.4.1/LinkFS/usr/include -I/root/daily_build/64_01/4.4.1/NasLib/include  -L/root/daily_build/64_01/4.4.1/LinkFS/lib -L/root/daily_build/64_01/4.4.1/LinkFS/usr/lib conftest.c  >&5
configure:9159: $? = 0
configure:9165: ./conftest
configure:9169: $? = 0
configure:9186: result: yes
configure:9202: checking for stdlib.h
configure:9209: result: yes
configure:9347: checking for GNU libc compatible realloc
configure:9381: x86_64-QNAP-linux-gnu-gcc -o conftest -I/root/daily_build/64_01/4.4.1/LinkFS/include -I/root/daily_build/64_01/4.4.1/LinkFS/usr/include -I/root/daily_build/64_01/4.4.1/NasLib/include  -L/root/daily_build/64_01/4.4.1/LinkFS/lib -L/root/daily_build/64_01/4.4.1/LinkFS/usr/lib conftest.c  >&5
configure:9385: $? = 0
configure:9391: ./conftest
configure:9395: $? = 0
configure:9412: result: yes
configure:9457: checking sys/select.h usability
configure:9474: x86_64-QNAP-linux-gnu-gcc -c -I/root/daily_build/64_01/4.4.1/LinkFS/include -I/root/daily_build/64_01/4.4.1/LinkFS/usr/include -I/root/daily_build/64_01/4.4.1/NasLib/include  conftest.c >&5
configure:9481: $? = 0
configure:9495: result: yes
configure:9499: checking sys/select.h presence
configure:9514: x86_64-QNAP-linux-gnu-gcc -E  conftest.c
configure:9521: $? = 0
configure:9535: result: yes
configure:9568: checking for sys/select.h
configure:9577: result: yes
configure:9457: checking sys/socket.h usability
configure:9474: x86_64-QNAP-linux-gnu-gcc -c -I/root/daily_build/64_01/4.4.1/LinkFS/include -I/root/daily_build/64_01/4.4.1/LinkFS/usr/include -I/root/daily_build/64_01/4.4.1/NasLib/include  conftest.c >&5
configure:9481: $? = 0
configure:9495: result: yes
configure:9499: checking sys/socket.h presence
configure:9514: x86_64-QNAP-linux-gnu-gcc -E  conftest.c
configure:9521: $? = 0
configure:9535: result: yes
configure:9568: checking for sys/socket.h
configure:9577: result: yes
configure:9591: checking types of arguments for select
configure:9629: x86_64-QNAP-linux-gnu-gcc -c -I/root/daily_build/64_01/4.4.1/LinkFS/include -I/root/daily_build/64_01/4.4.1/LinkFS/usr/include -I/root/daily_build/64_01/4.4.1/NasLib/include  conftest.c >&5
configure:9636: $? = 0
configure:9657: result: int,fd_set *,struct timeval *
configure:9687: checking return type of signal handlers
configure:9715: x86_64-QNAP-linux-gnu-gcc -c -I/root/daily_build/64_01/4.4.1/LinkFS/include -I/root/daily_build/64_01/4.4.1/LinkFS/usr/include -I/root/daily_build/64_01/4.4.1/NasLib/include  conftest.c >&5
conftest.c: In function 'main':
conftest.c:61:1: error: void value not ignored as it ought to be
 return *(signal (0, 0)) (0) == 1;
 ^
configure:9722: $? = 1
configure: failed program was:
| /* confdefs.h.  */
| #define PACKAGE_NAME "aumix"
| #define PACKAGE_TARNAME "aumix"
| #define PACKAGE_VERSION "2.9.1"
| #define PACKAGE_STRING "aumix 2.9.1"
| #define PACKAGE_BUGREPORT "aumix-general@gna.org"
| #define PACKAGE "aumix"
| #define VERSION "2.9.1"
| #define ENABLE_NLS 1
| #define HAVE_GETTEXT 1
| #define HAVE_DCGETTEXT 1
| #define STDC_HEADERS 1
| #define HAVE_SYS_TYPES_H 1
| #define HAVE_SYS_STAT_H 1
| #define HAVE_STDLIB_H 1
| #define HAVE_STRING_H 1
| #define HAVE_MEMORY_H 1
| #define HAVE_STRINGS_H 1
| #define HAVE_INTTYPES_H 1
| #define HAVE_STDINT_H 1
| #define HAVE_UNISTD_H 1
| #define HAVE_ALLOCA_H 1
| #define HAVE_ALLOCA 1
| #define STDC_HEADERS 1
| #define HAVE_ARGZ_H 1
| #define HAVE_FCNTL_H 1
| #define HAVE_LIBINTL_H 1
| #define HAVE_LIMITS_H 1
| #define HAVE_LOCALE_H 1
| #define HAVE_MALLOC_H 1
| #define HAVE_NL_TYPES_H 1
| #define HAVE_STDDEF_H 1
| #define HAVE_STDLIB_H 1
| #define HAVE_STRING_H 1
| #define HAVE_STRINGS_H 1
| #define HAVE_SYS_IOCTL_H 1
| #define HAVE_SYS_PARAM_H 1
| #define HAVE_SYS_TIME_H 1
| #define HAVE_UNISTD_H 1
| #define HAVE_SYS_SOUNDCARD_H 1
| #define HAVE_STDLIB_H 1
| #define HAVE_MALLOC 1
| #define HAVE_STDLIB_H 1
| #define HAVE_UNISTD_H 1
| #define HAVE_GETPAGESIZE 1
| #define HAVE_MMAP 1
| #define HAVE_STDLIB_H 1
| #define HAVE_REALLOC 1
| #define HAVE_SYS_SELECT_H 1
| #define HAVE_SYS_SOCKET_H 1
| #define SELECT_TYPE_ARG1 int
| #define SELECT_TYPE_ARG234 (fd_set *)
| #define SELECT_TYPE_ARG5 (struct timeval *)
| /* end confdefs.h.  */
| #include <sys/types.h>
| #include <signal.h>
| 
| int
| main ()
| {
| return *(signal (0, 0)) (0) == 1;
|   ;
|   return 0;
| }
configure:9737: result: void
configure:9745: checking whether lstat dereferences a symlink specified with a trailing slash
configure:9781: x86_64-QNAP-linux-gnu-gcc -o conftest -I/root/daily_build/64_01/4.4.1/LinkFS/include -I/root/daily_build/64_01/4.4.1/LinkFS/usr/include -I/root/daily_build/64_01/4.4.1/NasLib/include  -L/root/daily_build/64_01/4.4.1/LinkFS/lib -L/root/daily_build/64_01/4.4.1/LinkFS/usr/lib conftest.c  >&5
configure:9785: $? = 0
configure:9791: ./conftest
configure:9795: $? = 0
configure:9819: result: yes
configure:9838: checking whether stat accepts an empty string
configure:9868: x86_64-QNAP-linux-gnu-gcc -o conftest -I/root/daily_build/64_01/4.4.1/LinkFS/include -I/root/daily_build/64_01/4.4.1/LinkFS/usr/include -I/root/daily_build/64_01/4.4.1/NasLib/include  -L/root/daily_build/64_01/4.4.1/LinkFS/lib -L/root/daily_build/64_01/4.4.1/LinkFS/usr/lib conftest.c  >&5
configure:9872: $? = 0
configure:9878: ./conftest
configure:9882: $? = 0
configure:9899: result: no
configure:9934: checking for __argz_count
configure:9990: x86_64-QNAP-linux-gnu-gcc -o conftest -I/root/daily_build/64_01/4.4.1/LinkFS/include -I/root/daily_build/64_01/4.4.1/LinkFS/usr/include -I/root/daily_build/64_01/4.4.1/NasLib/include  -L/root/daily_build/64_01/4.4.1/LinkFS/lib -L/root/daily_build/64_01/4.4.1/LinkFS/usr/lib conftest.c  >&5
configure:9997: $? = 0
configure:10019: result: yes
configure:9934: checking for __argz_next
configure:9990: x86_64-QNAP-linux-gnu-gcc -o conftest -I/root/daily_build/64_01/4.4.1/LinkFS/include -I/root/daily_build/64_01/4.4.1/LinkFS/usr/include -I/root/daily_build/64_01/4.4.1/NasLib/include  -L/root/daily_build/64_01/4.4.1/LinkFS/lib -L/root/daily_build/64_01/4.4.1/LinkFS/usr/lib conftest.c  >&5
configure:9997: $? = 0
configure:10019: result: yes
configure:9934: checking for __argz_stringify
configure:9990: x86_64-QNAP-linux-gnu-gcc -o conftest -I/root/daily_build/64_01/4.4.1/LinkFS/include -I/root/daily_build/64_01/4.4.1/LinkFS/usr/include -I/root/daily_build/64_01/4.4.1/NasLib/include  -L/root/daily_build/64_01/4.4.1/LinkFS/lib -L/root/daily_build/64_01/4.4.1/LinkFS/usr/lib conftest.c  >&5
configure:9997: $? = 0
configure:10019: result: yes
configure:9934: checking for alarm
configure:9990: x86_64-QNAP-linux-gnu-gcc -o conftest -I/root/daily_build/64_01/4.4.1/LinkFS/include -I/root/daily_build/64_01/4.4.1/LinkFS/usr/include -I/root/daily_build/64_01/4.4.1/NasLib/include  -L/root/daily_build/64_01/4.4.1/LinkFS/lib -L/root/daily_build/64_01/4.4.1/LinkFS/usr/lib conftest.c  >&5
configure:9997: $? = 0
configure:10019: result: yes
configure:9934: checking for getcwd
configure:9990: x86_64-QNAP-linux-gnu-gcc -o conftest -I/root/daily_build/64_01/4.4.1/LinkFS/include -I/root/daily_build/64_01/4.4.1/LinkFS/usr/include -I/root/daily_build/64_01/4.4.1/NasLib/include  -L/root/daily_build/64_01/4.4.1/LinkFS/lib -L/root/daily_build/64_01/4.4.1/LinkFS/usr/lib conftest.c  >&5
configure:9997: $? = 0
configure:10019: result: yes
configure:9934: checking for mempcpy
configure:9990: x86_64-QNAP-linux-gnu-gcc -o conftest -I/root/daily_build/64_01/4.4.1/LinkFS/include -I/root/daily_build/64_01/4.4.1/LinkFS/usr/include -I/root/daily_build/64_01/4.4.1/NasLib/include  -L/root/daily_build/64_01/4.4.1/LinkFS/lib -L/root/daily_build/64_01/4.4.1/LinkFS/usr/lib conftest.c  >&5
conftest.c:85:6: warning: conflicting types for built-in function 'mempcpy'
 char mempcpy ();
      ^
configure:9997: $? = 0
configure:10019: result: yes
configure:9934: checking for memset
configure:9990: x86_64-QNAP-linux-gnu-gcc -o conftest -I/root/daily_build/64_01/4.4.1/LinkFS/include -I/root/daily_build/64_01/4.4.1/LinkFS/usr/include -I/root/daily_build/64_01/4.4.1/NasLib/include  -L/root/daily_build/64_01/4.4.1/LinkFS/lib -L/root/daily_build/64_01/4.4.1/LinkFS/usr/lib conftest.c  >&5
conftest.c:86:6: warning: conflicting types for built-in function 'memset'
 char memset ();
      ^
configure:9997: $? = 0
configure:10019: result: yes
configure:9934: checking for munmap
configure:9990: x86_64-QNAP-linux-gnu-gcc -o conftest -I/root/daily_build/64_01/4.4.1/LinkFS/include -I/root/daily_build/64_01/4.4.1/LinkFS/usr/include -I/root/daily_build/64_01/4.4.1/NasLib/include  -L/root/daily_build/64_01/4.4.1/LinkFS/lib -L/root/daily_build/64_01/4.4.1/LinkFS/usr/lib conftest.c  >&5
configure:9997: $? = 0
configure:10019: result: yes
configure:9934: checking for putenv
configure:9990: x86_64-QNAP-linux-gnu-gcc -o conftest -I/root/daily_build/64_01/4.4.1/LinkFS/include -I/root/daily_build/64_01/4.4.1/LinkFS/usr/include -I/root/daily_build/64_01/4.4.1/NasLib/include  -L/root/daily_build/64_01/4.4.1/LinkFS/lib -L/root/daily_build/64_01/4.4.1/LinkFS/usr/lib conftest.c  >&5
configure:9997: $? = 0
configure:10019: result: yes
configure:9934: checking for select
configure:9990: x86_64-QNAP-linux-gnu-gcc -o conftest -I/root/daily_build/64_01/4.4.1/LinkFS/include -I/root/daily_build/64_01/4.4.1/LinkFS/usr/include -I/root/daily_build/64_01/4.4.1/NasLib/include  -L/root/daily_build/64_01/4.4.1/LinkFS/lib -L/root/daily_build/64_01/4.4.1/LinkFS/usr/lib conftest.c  >&5
configure:9997: $? = 0
configure:10019: result: yes
configure:9934: checking for setenv
configure:9990: x86_64-QNAP-linux-gnu-gcc -o conftest -I/root/daily_build/64_01/4.4.1/LinkFS/include -I/root/daily_build/64_01/4.4.1/LinkFS/usr/include -I/root/daily_build/64_01/4.4.1/NasLib/include  -L/root/daily_build/64_01/4.4.1/LinkFS/lib -L/root/daily_build/64_01/4.4.1/LinkFS/usr/lib conftest.c  >&5
configure:9997: $? = 0
configure:10019: result: yes
configure:9934: checking for setlocale
configure:9990: x86_64-QNAP-linux-gnu-gcc -o conftest -I/root/daily_build/64_01/4.4.1/LinkFS/include -I/root/daily_build/64_01/4.4.1/LinkFS/usr/include -I/root/daily_build/64_01/4.4.1/NasLib/include  -L/root/daily_build/64_01/4.4.1/LinkFS/lib -L/root/daily_build/64_01/4.4.1/LinkFS/usr/lib conftest.c  >&5
configure:9997: $? = 0
configure:10019: result: yes
configure:9934: checking for stpcpy
configure:9990: x86_64-QNAP-linux-gnu-gcc -o conftest -I/root/daily_build/64_01/4.4.1/LinkFS/include -I/root/daily_build/64_01/4.4.1/LinkFS/usr/include -I/root/daily_build/64_01/4.4.1/NasLib/include  -L/root/daily_build/64_01/4.4.1/LinkFS/lib -L/root/daily_build/64_01/4.4.1/LinkFS/usr/lib conftest.c  >&5
conftest.c:92:6: warning: conflicting types for built-in function 'stpcpy'
 char stpcpy ();
      ^
configure:9997: $? = 0
configure:10019: result: yes
configure:9934: checking for strcasecmp
configure:9990: x86_64-QNAP-linux-gnu-gcc -o conftest -I/root/daily_build/64_01/4.4.1/LinkFS/include -I/root/daily_build/64_01/4.4.1/LinkFS/usr/include -I/root/daily_build/64_01/4.4.1/NasLib/include  -L/root/daily_build/64_01/4.4.1/LinkFS/lib -L/root/daily_build/64_01/4.4.1/LinkFS/usr/lib conftest.c  >&5
conftest.c:93:6: warning: conflicting types for built-in function 'strcasecmp'
 char strcasecmp ();
      ^
configure:9997: $? = 0
configure:10019: result: yes
configure:9934: checking for strchr
configure:9990: x86_64-QNAP-linux-gnu-gcc -o conftest -I/root/daily_build/64_01/4.4.1/LinkFS/include -I/root/daily_build/64_01/4.4.1/LinkFS/usr/include -I/root/daily_build/64_01/4.4.1/NasLib/include  -L/root/daily_build/64_01/4.4.1/LinkFS/lib -L/root/daily_build/64_01/4.4.1/LinkFS/usr/lib conftest.c  >&5
conftest.c:94:6: warning: conflicting types for built-in function 'strchr'
 char strchr ();
      ^
configure:9997: $? = 0
configure:10019: result: yes
configure:9934: checking for strdup
configure:9990: x86_64-QNAP-linux-gnu-gcc -o conftest -I/root/daily_build/64_01/4.4.1/LinkFS/include -I/root/daily_build/64_01/4.4.1/LinkFS/usr/include -I/root/daily_build/64_01/4.4.1/NasLib/include  -L/root/daily_build/64_01/4.4.1/LinkFS/lib -L/root/daily_build/64_01/4.4.1/LinkFS/usr/lib conftest.c  >&5
conftest.c:95:6: warning: conflicting types for built-in function 'strdup'
 char strdup ();
      ^
configure:9997: $? = 0
configure:10019: result: yes
configure:10034: result: Compiling without ncurses support
configure:10565: checking whether built-in label text is requested
configure:10574: result: no
configure:10973: result: Compiling without GTK+ 2.0.
configure:10985: checking whether dummy mixer is requested
configure:10994: result: no
configure:11004: checking for an ANSI C-conforming const
configure:11101: result: yes
configure:11111: checking for inline
configure:11162: result: inline
configure:11181: checking for off_t
configure:11209: x86_64-QNAP-linux-gnu-gcc -c -I/root/daily_build/64_01/4.4.1/LinkFS/include -I/root/daily_build/64_01/4.4.1/LinkFS/usr/include -I/root/daily_build/64_01/4.4.1/NasLib/include  conftest.c >&5
configure:11216: $? = 0
configure:11243: x86_64-QNAP-linux-gnu-gcc -c -I/root/daily_build/64_01/4.4.1/LinkFS/include -I/root/daily_build/64_01/4.4.1/LinkFS/usr/include -I/root/daily_build/64_01/4.4.1/NasLib/include  conftest.c >&5
conftest.c: In function 'main':
conftest.c:109:20: error: expected expression before ')' token
 if (sizeof ((off_t)))
                    ^
configure:11250: $? = 1
configure: failed program was:
| /* confdefs.h.  */
| #define PACKAGE_NAME "aumix"
| #define PACKAGE_TARNAME "aumix"
| #define PACKAGE_VERSION "2.9.1"
| #define PACKAGE_STRING "aumix 2.9.1"
| #define PACKAGE_BUGREPORT "aumix-general@gna.org"
| #define PACKAGE "aumix"
| #define VERSION "2.9.1"
| #define ENABLE_NLS 1
| #define HAVE_GETTEXT 1
| #define HAVE_DCGETTEXT 1
| #define STDC_HEADERS 1
| #define HAVE_SYS_TYPES_H 1
| #define HAVE_SYS_STAT_H 1
| #define HAVE_STDLIB_H 1
| #define HAVE_STRING_H 1
| #define HAVE_MEMORY_H 1
| #define HAVE_STRINGS_H 1
| #define HAVE_INTTYPES_H 1
| #define HAVE_STDINT_H 1
| #define HAVE_UNISTD_H 1
| #define HAVE_ALLOCA_H 1
| #define HAVE_ALLOCA 1
| #define STDC_HEADERS 1
| #define HAVE_ARGZ_H 1
| #define HAVE_FCNTL_H 1
| #define HAVE_LIBINTL_H 1
| #define HAVE_LIMITS_H 1
| #define HAVE_LOCALE_H 1
| #define HAVE_MALLOC_H 1
| #define HAVE_NL_TYPES_H 1
| #define HAVE_STDDEF_H 1
| #define HAVE_STDLIB_H 1
| #define HAVE_STRING_H 1
| #define HAVE_STRINGS_H 1
| #define HAVE_SYS_IOCTL_H 1
| #define HAVE_SYS_PARAM_H 1
| #define HAVE_SYS_TIME_H 1
| #define HAVE_UNISTD_H 1
| #define HAVE_SYS_SOUNDCARD_H 1
| #define HAVE_STDLIB_H 1
| #define HAVE_MALLOC 1
| #define HAVE_STDLIB_H 1
| #define HAVE_UNISTD_H 1
| #define HAVE_GETPAGESIZE 1
| #define HAVE_MMAP 1
| #define HAVE_STDLIB_H 1
| #define HAVE_REALLOC 1
| #define HAVE_SYS_SELECT_H 1
| #define HAVE_SYS_SOCKET_H 1
| #define SELECT_TYPE_ARG1 int
| #define SELECT_TYPE_ARG234 (fd_set *)
| #define SELECT_TYPE_ARG5 (struct timeval *)
| #define RETSIGTYPE void
| #define LSTAT_FOLLOWS_SLASHED_SYMLINK 1
| #define HAVE___ARGZ_COUNT 1
| #define HAVE___ARGZ_NEXT 1
| #define HAVE___ARGZ_STRINGIFY 1
| #define HAVE_ALARM 1
| #define HAVE_GETCWD 1
| #define HAVE_MEMPCPY 1
| #define HAVE_MEMSET 1
| #define HAVE_MUNMAP 1
| #define HAVE_PUTENV 1
| #define HAVE_SELECT 1
| #define HAVE_SETENV 1
| #define HAVE_SETLOCALE 1
| #define HAVE_STPCPY 1
| #define HAVE_STRCASECMP 1
| #define HAVE_STRCHR 1
| #define HAVE_STRDUP 1
| /* end confdefs.h.  */
| #include <stdio.h>
| #ifdef HAVE_SYS_TYPES_H
| # include <sys/types.h>
| #endif
| #ifdef HAVE_SYS_STAT_H
| # include <sys/stat.h>
| #endif
| #ifdef STDC_HEADERS
| # include <stdlib.h>
| # include <stddef.h>
| #else
| # ifdef HAVE_STDLIB_H
| #  include <stdlib.h>
| # endif
| #endif
| #ifdef HAVE_STRING_H
| # if !defined STDC_HEADERS && defined HAVE_MEMORY_H
| #  include <memory.h>
| # endif
| # include <string.h>
| #endif
| #ifdef HAVE_STRINGS_H
| # include <strings.h>
| #endif
| #ifdef HAVE_INTTYPES_H
| # include <inttypes.h>
| #endif
| #ifdef HAVE_STDINT_H
| # include <stdint.h>
| #endif
| #ifdef HAVE_UNISTD_H
| # include <unistd.h>
| #endif
| int
| main ()
| {
| if (sizeof ((off_t)))
| 	  return 0;
|   ;
|   return 0;
| }
configure:11273: result: yes
configure:11285: checking for size_t
configure:11377: result: yes
configure:11389: checking whether time.h and sys/time.h may both be included
configure:11419: x86_64-QNAP-linux-gnu-gcc -c -I/root/daily_build/64_01/4.4.1/LinkFS/include -I/root/daily_build/64_01/4.4.1/LinkFS/usr/include -I/root/daily_build/64_01/4.4.1/NasLib/include  conftest.c >&5
configure:11426: $? = 0
configure:11441: result: yes
configure:11454: checking for working alloca.h
configure:11508: result: yes
configure:11518: checking for alloca
configure:11592: result: yes
configure:11834: checking for stdlib.h
configure:11841: result: yes
configure:11834: checking for unistd.h
configure:11841: result: yes
configure:11983: checking for getpagesize
configure:12068: result: yes
configure:12079: checking for working mmap
configure:12257: result: yes
configure:12268: checking return type of signal handlers
configure:12318: result: void
configure:12333: checking for getcwd
configure:12418: result: yes
configure:12333: checking for getwd
configure:12389: x86_64-QNAP-linux-gnu-gcc -o conftest -I/root/daily_build/64_01/4.4.1/LinkFS/include -I/root/daily_build/64_01/4.4.1/LinkFS/usr/include -I/root/daily_build/64_01/4.4.1/NasLib/include  -L/root/daily_build/64_01/4.4.1/LinkFS/lib -L/root/daily_build/64_01/4.4.1/LinkFS/usr/lib conftest.c  >&5
/tmp/ccEqogjw.o: In function `main':
conftest.c:(.text+0xa): warning: the `getwd' function is dangerous and should not be used.
configure:12396: $? = 0
configure:12418: result: yes
configure:12333: checking for putenv
configure:12418: result: yes
configure:12333: checking for select
configure:12418: result: yes
configure:12569: creating ./config.status

## ---------------------- ##
## Running config.status. ##
## ---------------------- ##

This file was extended by aumix config.status 2.9.1, which was
generated by GNU Autoconf 2.62.  Invocation command line was

  CONFIG_FILES    = 
  CONFIG_HEADERS  = 
  CONFIG_LINKS    = 
  CONFIG_COMMANDS = 
  $ ./config.status 

on U16BuildServer115

config.status:883: creating Makefile
config.status:883: creating data/Makefile
config.status:883: creating doc/Makefile
config.status:883: creating po/Makefile.in
config.status:883: creating src/Makefile
config.status:883: creating config.h
config.status:1157: executing po-directories commands
config.status:1157: executing depfiles commands

## ---------------- ##
## Cache variables. ##
## ---------------- ##

ac_cv_build=x86_64-pc-linux-gnu
ac_cv_c_compiler_gnu=yes
ac_cv_c_const=yes
ac_cv_c_inline=inline
ac_cv_env_CC_set=set
ac_cv_env_CC_value=x86_64-QNAP-linux-gnu-gcc
ac_cv_env_CFLAGS_set=set
ac_cv_env_CFLAGS_value='-I/root/daily_build/64_01/4.4.1/LinkFS/include -I/root/daily_build/64_01/4.4.1/LinkFS/usr/include -I/root/daily_build/64_01/4.4.1/NasLib/include'
ac_cv_env_CPPFLAGS_set=
ac_cv_env_CPPFLAGS_value=
ac_cv_env_CPP_set=
ac_cv_env_CPP_value=
ac_cv_env_LDFLAGS_set=set
ac_cv_env_LDFLAGS_value='-L/root/daily_build/64_01/4.4.1/LinkFS/lib -L/root/daily_build/64_01/4.4.1/LinkFS/usr/lib'
ac_cv_env_LIBS_set=
ac_cv_env_LIBS_value=
ac_cv_env_build_alias_set=
ac_cv_env_build_alias_value=
ac_cv_env_host_alias_set=set
ac_cv_env_host_alias_value=x86_64-QNAP-linux-gnu
ac_cv_env_target_alias_set=
ac_cv_env_target_alias_value=
ac_cv_func___argz_count=yes
ac_cv_func___argz_next=yes
ac_cv_func___argz_stringify=yes
ac_cv_func_alarm=yes
ac_cv_func_alloca_works=yes
ac_cv_func_getcwd=yes
ac_cv_func_getpagesize=yes
ac_cv_func_getwd=yes
ac_cv_func_lstat_dereferences_slashed_symlink=yes
ac_cv_func_malloc_0_nonnull=yes
ac_cv_func_mempcpy=yes
ac_cv_func_memset=yes
ac_cv_func_mmap_fixed_mapped=yes
ac_cv_func_munmap=yes
ac_cv_func_putenv=yes
ac_cv_func_realloc_0_nonnull=yes
ac_cv_func_select=yes
ac_cv_func_select_args='int,fd_set *,struct timeval *'
ac_cv_func_setenv=yes
ac_cv_func_setlocale=yes
ac_cv_func_setvbuf_reversed=no
ac_cv_func_stat_empty_string_bug=no
ac_cv_func_stpcpy=yes
ac_cv_func_strcasecmp=yes
ac_cv_func_strchr=yes
ac_cv_func_strdup=yes
ac_cv_header_argz_h=yes
ac_cv_header_curses_h=no
ac_cv_header_fcntl_h=yes
ac_cv_header_inttypes_h=yes
ac_cv_header_libintl_h=yes
ac_cv_header_limits_h=yes
ac_cv_header_locale_h=yes
ac_cv_header_machine_soundcard_h=no
ac_cv_header_malloc_h=yes
ac_cv_header_memory_h=yes
ac_cv_header_ncurses_h=no
ac_cv_header_nl_types_h=yes
ac_cv_header_soundcard_h=no
ac_cv_header_stdc=yes
ac_cv_header_stddef_h=yes
ac_cv_header_stdint_h=yes
ac_cv_header_stdlib_h=yes
ac_cv_header_string_h=yes
ac_cv_header_strings_h=yes
ac_cv_header_sys_ioctl_h=yes
ac_cv_header_sys_param_h=yes
ac_cv_header_sys_select_h=yes
ac_cv_header_sys_socket_h=yes
ac_cv_header_sys_soundcard_h=yes
ac_cv_header_sys_stat_h=yes
ac_cv_header_sys_time_h=yes
ac_cv_header_sys_types_h=yes
ac_cv_header_time=yes
ac_cv_header_unistd_h=yes
ac_cv_host=x86_64-QNAP-linux-gnu
ac_cv_lib_ossaudio__oss_ioctl=no
ac_cv_objext=o
ac_cv_path_EGREP='/bin/grep -E'
ac_cv_path_GMSGFMT=/usr/bin/msgfmt
ac_cv_path_GREP=/bin/grep
ac_cv_path_MSGFMT=/usr/bin/msgfmt
ac_cv_path_MSGMERGE=/usr/bin/msgmerge
ac_cv_path_XGETTEXT=/usr/bin/xgettext
ac_cv_path_install='/usr/bin/install -c'
ac_cv_path_mkdir=/bin/mkdir
ac_cv_prog_AWK=gawk
ac_cv_prog_CC=x86_64-QNAP-linux-gnu-gcc
ac_cv_prog_CPP='x86_64-QNAP-linux-gnu-gcc -E'
ac_cv_prog_RANLIB=x86_64-QNAP-linux-gnu-ranlib
ac_cv_prog_STRIP=x86_64-QNAP-linux-gnu-strip
ac_cv_prog_cc_c89=
ac_cv_prog_cc_g=yes
ac_cv_prog_gcc_traditional=no
ac_cv_prog_make_make_set=yes
ac_cv_type_off_t=yes
ac_cv_type_signal=void
ac_cv_type_size_t=yes
ac_cv_working_alloca_h=yes
acl_cv_hardcode_direct=no
acl_cv_hardcode_libdir_flag_spec='${wl}-rpath ${wl}$libdir'
acl_cv_hardcode_libdir_separator=
acl_cv_hardcode_minus_L=no
acl_cv_libext=a
acl_cv_libname_spec='lib$name'
acl_cv_library_names_spec='$libname$shrext'
acl_cv_path_LD=x86_64-QNAP-linux-gnu-ld
acl_cv_prog_gnu_ld=yes
acl_cv_rpath=done
acl_cv_shlibext=so
acl_cv_wl=-Wl,
am_cv_CC_dependencies_compiler_type=gcc3
gt_cv_func_CFLocaleCopyCurrent=no
gt_cv_func_CFPreferencesCopyAppValue=no
gt_cv_func_gnugettext1_libc=yes

## ----------------- ##
## Output variables. ##
## ----------------- ##

ACLOCAL='${SHELL} /root/daily_build/64_01/4.4.1/SysUtil/aumix-2.9.1/build-aux/missing --run aclocal-1.10'
ALLOCA=''
AMDEPBACKSLASH='\'
AMDEP_FALSE='#'
AMDEP_TRUE=''
AMTAR='${SHELL} /root/daily_build/64_01/4.4.1/SysUtil/aumix-2.9.1/build-aux/missing --run tar'
AUTOCONF='${SHELL} /root/daily_build/64_01/4.4.1/SysUtil/aumix-2.9.1/build-aux/missing --run autoconf'
AUTOHEADER='${SHELL} /root/daily_build/64_01/4.4.1/SysUtil/aumix-2.9.1/build-aux/missing --run autoheader'
AUTOMAKE='${SHELL} /root/daily_build/64_01/4.4.1/SysUtil/aumix-2.9.1/build-aux/missing --run automake-1.10'
AWK='gawk'
CC='x86_64-QNAP-linux-gnu-gcc'
CCDEPMODE='depmode=gcc3'
CFLAGS='-I/root/daily_build/64_01/4.4.1/LinkFS/include -I/root/daily_build/64_01/4.4.1/LinkFS/usr/include -I/root/daily_build/64_01/4.4.1/NasLib/include'
CPP='x86_64-QNAP-linux-gnu-gcc -E'
CPPFLAGS=''
CURSES_FALSE=''
CURSES_TRUE='#'
CURSLIB=''
CYGPATH_W='echo'
DEFS='-DHAVE_CONFIG_H'
DEPDIR='.deps'
ECHO_C=''
ECHO_N='-n'
ECHO_T=''
EGREP='/bin/grep -E'
EXEEXT=''
GETTEXT_MACRO_VERSION='0.17'
GLIB_CFLAGS=''
GLIB_LIBS=''
GMSGFMT='/usr/bin/msgfmt'
GMSGFMT_015='/usr/bin/msgfmt'
GREP='/bin/grep'
GTK_CFLAGS=''
GTK_FALSE=''
GTK_LIBS=''
GTK_TRUE='#'
INSTALL_DATA='${INSTALL} -m 644'
INSTALL_PROGRAM='${INSTALL}'
INSTALL_SCRIPT='${INSTALL}'
INSTALL_STRIP_PROGRAM='$(install_sh) -c -s'
INTLLIBS=''
INTL_MACOSX_LIBS=''
LDFLAGS='-L/root/daily_build/64_01/4.4.1/LinkFS/lib -L/root/daily_build/64_01/4.4.1/LinkFS/usr/lib'
LIBICONV='/root/daily_build/64_01/4.4.1/LinkFS/usr/local/lib/libiconv.so -Wl,-rpath -Wl,/root/daily_build/64_01/4.4.1/LinkFS/usr/local/lib'
LIBINTL=''
LIBOBJS=''
LIBS=''
LN_S='ln -s'
LTLIBICONV='-L/root/daily_build/64_01/4.4.1/LinkFS/usr/local/lib -liconv -R/root/daily_build/64_01/4.4.1/LinkFS/usr/local/lib'
LTLIBINTL=''
LTLIBOBJS=''
MAKEINFO='${SHELL} /root/daily_build/64_01/4.4.1/SysUtil/aumix-2.9.1/build-aux/missing --run makeinfo'
MKDIR_P='/bin/mkdir -p'
MSGFMT='/usr/bin/msgfmt'
MSGFMT_015='/usr/bin/msgfmt'
MSGMERGE='/usr/bin/msgmerge'
OBJEXT='o'
PACKAGE='aumix'
PACKAGE_BUGREPORT='aumix-general@gna.org'
PACKAGE_NAME='aumix'
PACKAGE_STRING='aumix 2.9.1'
PACKAGE_TARNAME='aumix'
PACKAGE_VERSION='2.9.1'
PATH_SEPARATOR=':'
PKG_CONFIG=''
POSUB='po'
RANLIB='x86_64-QNAP-linux-gnu-ranlib'
SET_MAKE=''
SHELL='/bin/bash'
STRIP='x86_64-QNAP-linux-gnu-strip'
USE_NLS='yes'
VERSION='2.9.1'
XGETTEXT='/usr/bin/xgettext'
XGETTEXT_015='/usr/bin/xgettext'
XGETTEXT_EXTRA_OPTIONS=''
ac_ct_CC=''
am__fastdepCC_FALSE='#'
am__fastdepCC_TRUE=''
am__include='include'
am__isrc=''
am__leading_dot='.'
am__quote=''
am__tar='${AMTAR} chof - "$$tardir"'
am__untar='${AMTAR} xf -'
bindir='${exec_prefix}/bin'
build='x86_64-pc-linux-gnu'
build_alias=''
build_cpu='x86_64'
build_os='linux-gnu'
build_vendor='pc'
datadir='${datarootdir}'
datarootdir='${prefix}/share'
docdir='${datarootdir}/doc/${PACKAGE_TARNAME}'
dvidir='${docdir}'
exec_prefix='/root/daily_build/64_01/4.4.1/LinkFS/usr/local'
host='x86_64-QNAP-linux-gnu'
host_alias='x86_64-QNAP-linux-gnu'
host_cpu='x86_64'
host_os='linux-gnu'
host_vendor='QNAP'
htmldir='${docdir}'
includedir='${prefix}/include'
infodir='${datarootdir}/info'
install_sh='$(SHELL) /root/daily_build/64_01/4.4.1/SysUtil/aumix-2.9.1/build-aux/install-sh'
libdir='${exec_prefix}/lib'
libexecdir='${exec_prefix}/libexec'
localedir='${datarootdir}/locale'
localstatedir='${prefix}/var'
mandir='${datarootdir}/man'
mkdir_p='/bin/mkdir -p'
oldincludedir='/usr/include'
pdfdir='${docdir}'
prefix='/root/daily_build/64_01/4.4.1/LinkFS/usr/local/aumix'
program_transform_name='s,x,x,'
psdir='${docdir}'
sbindir='${exec_prefix}/sbin'
sharedstatedir='${prefix}/com'
sysconfdir='${prefix}/etc'
target_alias=''

## ----------- ##
## confdefs.h. ##
## ----------- ##

#define PACKAGE_NAME "aumix"
#define PACKAGE_TARNAME "aumix"
#define PACKAGE_VERSION "2.9.1"
#define PACKAGE_STRING "aumix 2.9.1"
#define PACKAGE_BUGREPORT "aumix-general@gna.org"
#define PACKAGE "aumix"
#define VERSION "2.9.1"
#define ENABLE_NLS 1
#define HAVE_GETTEXT 1
#define HAVE_DCGETTEXT 1
#define STDC_HEADERS 1
#define HAVE_SYS_TYPES_H 1
#define HAVE_SYS_STAT_H 1
#define HAVE_STDLIB_H 1
#define HAVE_STRING_H 1
#define HAVE_MEMORY_H 1
#define HAVE_STRINGS_H 1
#define HAVE_INTTYPES_H 1
#define HAVE_STDINT_H 1
#define HAVE_UNISTD_H 1
#define HAVE_ALLOCA_H 1
#define HAVE_ALLOCA 1
#define STDC_HEADERS 1
#define HAVE_ARGZ_H 1
#define HAVE_FCNTL_H 1
#define HAVE_LIBINTL_H 1
#define HAVE_LIMITS_H 1
#define HAVE_LOCALE_H 1
#define HAVE_MALLOC_H 1
#define HAVE_NL_TYPES_H 1
#define HAVE_STDDEF_H 1
#define HAVE_STDLIB_H 1
#define HAVE_STRING_H 1
#define HAVE_STRINGS_H 1
#define HAVE_SYS_IOCTL_H 1
#define HAVE_SYS_PARAM_H 1
#define HAVE_SYS_TIME_H 1
#define HAVE_UNISTD_H 1
#define HAVE_SYS_SOUNDCARD_H 1
#define HAVE_STDLIB_H 1
#define HAVE_MALLOC 1
#define HAVE_STDLIB_H 1
#define HAVE_UNISTD_H 1
#define HAVE_GETPAGESIZE 1
#define HAVE_MMAP 1
#define HAVE_STDLIB_H 1
#define HAVE_REALLOC 1
#define HAVE_SYS_SELECT_H 1
#define HAVE_SYS_SOCKET_H 1
#define SELECT_TYPE_ARG1 int
#define SELECT_TYPE_ARG234 (fd_set *)
#define SELECT_TYPE_ARG5 (struct timeval *)
#define RETSIGTYPE void
#define LSTAT_FOLLOWS_SLASHED_SYMLINK 1
#define HAVE___ARGZ_COUNT 1
#define HAVE___ARGZ_NEXT 1
#define HAVE___ARGZ_STRINGIFY 1
#define HAVE_ALARM 1
#define HAVE_GETCWD 1
#define HAVE_MEMPCPY 1
#define HAVE_MEMSET 1
#define HAVE_MUNMAP 1
#define HAVE_PUTENV 1
#define HAVE_SELECT 1
#define HAVE_SETENV 1
#define HAVE_SETLOCALE 1
#define HAVE_STPCPY 1
#define HAVE_STRCASECMP 1
#define HAVE_STRCHR 1
#define HAVE_STRDUP 1
#define TIME_WITH_SYS_TIME 1
#define HAVE_ALLOCA_H 1
#define HAVE_ALLOCA 1
#define HAVE_STDLIB_H 1
#define HAVE_UNISTD_H 1
#define HAVE_GETPAGESIZE 1
#define HAVE_MMAP 1
#define RETSIGTYPE void
#define HAVE_GETCWD 1
#define HAVE_GETWD 1
#define HAVE_PUTENV 1
#define HAVE_SELECT 1

configure: exit 0
