This file contains any messages produced by compilers while
running configure, to aid debugging if configure makes a mistake.

It was created by usbutils configure 0.72, which was
generated by GNU Autoconf 2.59.  Invocation command line was

  $ ./configure --host=x86_64-QNAP-linux-gnu --disable-nls --disable-static --enable-shared

## --------- ##
## Platform. ##
## --------- ##

hostname = U16BuildServer115
uname -m = x86_64
uname -r = 4.4.0-21-generic
uname -s = Linux
uname -v = #37-Ubuntu SMP Mon Apr 18 18:33:37 UTC 2016

/usr/bin/uname -p = unknown
/bin/uname -X     = unknown

/bin/arch              = unknown
/usr/bin/arch -k       = unknown
/usr/convex/getsysinfo = unknown
hostinfo               = unknown
/bin/machine           = unknown
/usr/bin/oslevel       = unknown
/bin/universe          = unknown

PATH: /root/CT/x86_64-QNAP-linux-gnu/cross-tools/bin
PATH: /root/CT/x86_64-QNAP-linux-gnu/cross-tools/bin
PATH: /usr/local/sbin
PATH: /usr/local/bin
PATH: /usr/sbin
PATH: /usr/bin
PATH: /sbin
PATH: /bin


## ----------- ##
## Core tests. ##
## ----------- ##

configure:1356: checking for a BSD-compatible install
configure:1411: result: /usr/bin/install -c
configure:1422: checking whether build environment is sane
configure:1465: result: yes
configure:1530: checking for gawk
configure:1546: found /usr/bin/gawk
configure:1556: result: gawk
configure:1566: checking whether make sets $(MAKE)
configure:1586: result: yes
configure:1662: checking for x86_64-QNAP-linux-gnu-strip
configure:1678: found /root/CT/x86_64-QNAP-linux-gnu/cross-tools/bin/x86_64-QNAP-linux-gnu-strip
configure:1688: result: x86_64-QNAP-linux-gnu-strip
configure:1764: checking for x86_64-QNAP-linux-gnu-gcc
configure:1790: result: x86_64-QNAP-linux-gnu-gcc
configure:2072: checking for C compiler version
configure:2075: x86_64-QNAP-linux-gnu-gcc --version </dev/null >&5
x86_64-QNAP-linux-gnu-gcc (toolchain config: [gcc-4.9.2 binutils-2.25 glibc-2.21]) 4.9.2
Copyright (C) 2014 Free Software Foundation, Inc.
This is free software; see the source for copying conditions.  There is NO
warranty; not even for MERCHANTABILITY or FITNESS FOR A PARTICULAR PURPOSE.

configure:2078: $? = 0
configure:2080: x86_64-QNAP-linux-gnu-gcc -v </dev/null >&5
Using built-in specs.
COLLECT_GCC=x86_64-QNAP-linux-gnu-gcc
COLLECT_LTO_WRAPPER=/root/CT/x86_64-QNAP-linux-gnu/cross-tools/bin/../libexec/gcc/x86_64-QNAP-linux-gnu/4.9.2/lto-wrapper
Target: x86_64-QNAP-linux-gnu
Configured with: ../gcc-4.9.2/configure --with-pkgversion='toolchain config: [gcc-4.9.2 binutils-2.25 glibc-2.21]' --prefix=/root/toolchain/docker_deploy/dockerfile/CT_auto_build/CT/x86_64-QNAP-linux-gnu/cross-tools --with-sysroot=/root/toolchain/docker_deploy/dockerfile/CT_auto_build/CT/x86_64-QNAP-linux-gnu/cross-tools/../fs --enable-tls --disable-nls --enable-languages=c,c++ --enable-c99 --enable-__cxa_atexit --enable-shared --enable-long-long --disable-multilib --enable-threads=posix --disable-libgomp --enable-checking=release --build=x86_64-linux-gnu --host=x86_64-linux-gnu --target=x86_64-QNAP-linux-gnu gcc_cv_libc_provides_ssp=yes
Thread model: posix
gcc version 4.9.2 (toolchain config: [gcc-4.9.2 binutils-2.25 glibc-2.21]) 
configure:2083: $? = 0
configure:2085: x86_64-QNAP-linux-gnu-gcc -V </dev/null >&5
x86_64-QNAP-linux-gnu-gcc: error: unrecognized command line option '-V'
x86_64-QNAP-linux-gnu-gcc: fatal error: no input files
compilation terminated.
configure:2088: $? = 1
configure:2111: checking for C compiler default output file name
configure:2114: x86_64-QNAP-linux-gnu-gcc  -I/root/daily_build/64_01/4.4.1/LinkFS/include -I/root/daily_build/64_01/4.4.1/LinkFS/usr/include -L/root/daily_build/64_01/4.4.1/LinkFS/lib -L/root/daily_build/64_01/4.4.1/LinkFS/usr/lib -lusb-1.0 conftest.c  >&5
configure:2117: $? = 0
configure:2163: result: a.out
configure:2168: checking whether the C compiler works
configure:2174: ./a.out
configure:2177: $? = 0
configure:2194: result: yes
configure:2201: checking whether we are cross compiling
configure:2203: result: no
configure:2206: checking for suffix of executables
configure:2208: x86_64-QNAP-linux-gnu-gcc -o conftest  -I/root/daily_build/64_01/4.4.1/LinkFS/include -I/root/daily_build/64_01/4.4.1/LinkFS/usr/include -L/root/daily_build/64_01/4.4.1/LinkFS/lib -L/root/daily_build/64_01/4.4.1/LinkFS/usr/lib -lusb-1.0 conftest.c  >&5
configure:2211: $? = 0
configure:2236: result: 
configure:2242: checking for suffix of object files
configure:2263: x86_64-QNAP-linux-gnu-gcc -c  -I/root/daily_build/64_01/4.4.1/LinkFS/include -I/root/daily_build/64_01/4.4.1/LinkFS/usr/include conftest.c >&5
configure:2266: $? = 0
configure:2288: result: o
configure:2292: checking whether we are using the GNU C compiler
configure:2316: x86_64-QNAP-linux-gnu-gcc -c  -I/root/daily_build/64_01/4.4.1/LinkFS/include -I/root/daily_build/64_01/4.4.1/LinkFS/usr/include conftest.c >&5
configure:2322: $? = 0
configure:2326: test -z 
			 || test ! -s conftest.err
configure:2329: $? = 0
configure:2332: test -s conftest.o
configure:2335: $? = 0
configure:2348: result: yes
configure:2354: checking whether x86_64-QNAP-linux-gnu-gcc accepts -g
configure:2375: x86_64-QNAP-linux-gnu-gcc -c -g -I/root/daily_build/64_01/4.4.1/LinkFS/include -I/root/daily_build/64_01/4.4.1/LinkFS/usr/include conftest.c >&5
configure:2381: $? = 0
configure:2385: test -z 
			 || test ! -s conftest.err
configure:2388: $? = 0
configure:2391: test -s conftest.o
configure:2394: $? = 0
configure:2405: result: yes
configure:2422: checking for x86_64-QNAP-linux-gnu-gcc option to accept ANSI C
configure:2492: x86_64-QNAP-linux-gnu-gcc  -c -g -O2 -I/root/daily_build/64_01/4.4.1/LinkFS/include -I/root/daily_build/64_01/4.4.1/LinkFS/usr/include conftest.c >&5
configure:2498: $? = 0
configure:2502: test -z 
			 || test ! -s conftest.err
configure:2505: $? = 0
configure:2508: test -s conftest.o
configure:2511: $? = 0
configure:2529: result: none needed
configure:2547: x86_64-QNAP-linux-gnu-gcc -c -g -O2 -I/root/daily_build/64_01/4.4.1/LinkFS/include -I/root/daily_build/64_01/4.4.1/LinkFS/usr/include conftest.c >&5
conftest.c:2:3: error: unknown type name 'choke'
   choke me
   ^
conftest.c:2:3: error: expected '=', ',', ';', 'asm' or '__attribute__' at end of input
configure:2553: $? = 1
configure: failed program was:
| #ifndef __cplusplus
|   choke me
| #endif
configure:2697: checking for style of include used by make
configure:2725: result: GNU
configure:2753: checking dependency style of x86_64-QNAP-linux-gnu-gcc
configure:2843: result: gcc3
configure:2873: checking for a BSD-compatible install
configure:2928: result: /usr/bin/install -c
configure:2939: checking whether ln -s works
configure:2943: result: yes
configure:2960: checking how to run the C preprocessor
configure:2995: x86_64-QNAP-linux-gnu-gcc -E -I/root/daily_build/64_01/4.4.1/LinkFS/include -I/root/daily_build/64_01/4.4.1/LinkFS/usr/include conftest.c
configure:3001: $? = 0
configure:3033: x86_64-QNAP-linux-gnu-gcc -E -I/root/daily_build/64_01/4.4.1/LinkFS/include -I/root/daily_build/64_01/4.4.1/LinkFS/usr/include conftest.c
conftest.c:11:28: fatal error: ac_nonexistent.h: No such file or directory
 #include <ac_nonexistent.h>
                            ^
compilation terminated.
configure:3039: $? = 1
configure: failed program was:
| /* confdefs.h.  */
| 
| #define PACKAGE_NAME "usbutils"
| #define PACKAGE_TARNAME "usbutils"
| #define PACKAGE_VERSION "0.72"
| #define PACKAGE_STRING "usbutils 0.72"
| #define PACKAGE_BUGREPORT ""
| #define PACKAGE "usbutils"
| #define VERSION "0.72"
| /* end confdefs.h.  */
| #include <ac_nonexistent.h>
configure:3078: result: x86_64-QNAP-linux-gnu-gcc -E
configure:3102: x86_64-QNAP-linux-gnu-gcc -E -I/root/daily_build/64_01/4.4.1/LinkFS/include -I/root/daily_build/64_01/4.4.1/LinkFS/usr/include conftest.c
configure:3108: $? = 0
configure:3140: x86_64-QNAP-linux-gnu-gcc -E -I/root/daily_build/64_01/4.4.1/LinkFS/include -I/root/daily_build/64_01/4.4.1/LinkFS/usr/include conftest.c
conftest.c:11:28: fatal error: ac_nonexistent.h: No such file or directory
 #include <ac_nonexistent.h>
                            ^
compilation terminated.
configure:3146: $? = 1
configure: failed program was:
| /* confdefs.h.  */
| 
| #define PACKAGE_NAME "usbutils"
| #define PACKAGE_TARNAME "usbutils"
| #define PACKAGE_VERSION "0.72"
| #define PACKAGE_STRING "usbutils 0.72"
| #define PACKAGE_BUGREPORT ""
| #define PACKAGE "usbutils"
| #define VERSION "0.72"
| /* end confdefs.h.  */
| #include <ac_nonexistent.h>
configure:3190: checking for egrep
configure:3200: result: grep -E
configure:3207: checking for working alloca.h
configure:3228: x86_64-QNAP-linux-gnu-gcc -o conftest -g -O2 -I/root/daily_build/64_01/4.4.1/LinkFS/include -I/root/daily_build/64_01/4.4.1/LinkFS/usr/include -L/root/daily_build/64_01/4.4.1/LinkFS/lib -L/root/daily_build/64_01/4.4.1/LinkFS/usr/lib -lusb-1.0 conftest.c  >&5
configure:3234: $? = 0
configure:3238: test -z 
			 || test ! -s conftest.err
configure:3241: $? = 0
configure:3244: test -s conftest
configure:3247: $? = 0
configure:3259: result: yes
configure:3269: checking for alloca
configure:3310: x86_64-QNAP-linux-gnu-gcc -o conftest -g -O2 -I/root/daily_build/64_01/4.4.1/LinkFS/include -I/root/daily_build/64_01/4.4.1/LinkFS/usr/include -L/root/daily_build/64_01/4.4.1/LinkFS/lib -L/root/daily_build/64_01/4.4.1/LinkFS/usr/lib -lusb-1.0 conftest.c  >&5
configure:3316: $? = 0
configure:3320: test -z 
			 || test ! -s conftest.err
configure:3323: $? = 0
configure:3326: test -s conftest
configure:3329: $? = 0
configure:3341: result: yes
configure:3572: checking for dirent.h that defines DIR
configure:3596: x86_64-QNAP-linux-gnu-gcc -c -g -O2 -I/root/daily_build/64_01/4.4.1/LinkFS/include -I/root/daily_build/64_01/4.4.1/LinkFS/usr/include conftest.c >&5
configure:3602: $? = 0
configure:3606: test -z 
			 || test ! -s conftest.err
configure:3609: $? = 0
configure:3612: test -s conftest.o
configure:3615: $? = 0
configure:3626: result: yes
configure:3639: checking for library containing opendir
configure:3669: x86_64-QNAP-linux-gnu-gcc -o conftest -g -O2 -I/root/daily_build/64_01/4.4.1/LinkFS/include -I/root/daily_build/64_01/4.4.1/LinkFS/usr/include -L/root/daily_build/64_01/4.4.1/LinkFS/lib -L/root/daily_build/64_01/4.4.1/LinkFS/usr/lib -lusb-1.0 conftest.c  >&5
configure:3675: $? = 0
configure:3679: test -z 
			 || test ! -s conftest.err
configure:3682: $? = 0
configure:3685: test -s conftest
configure:3688: $? = 0
configure:3758: result: none required
configure:3894: checking for ANSI C header files
configure:3919: x86_64-QNAP-linux-gnu-gcc -c -g -O2 -I/root/daily_build/64_01/4.4.1/LinkFS/include -I/root/daily_build/64_01/4.4.1/LinkFS/usr/include conftest.c >&5
configure:3925: $? = 0
configure:3929: test -z 
			 || test ! -s conftest.err
configure:3932: $? = 0
configure:3935: test -s conftest.o
configure:3938: $? = 0
configure:4027: x86_64-QNAP-linux-gnu-gcc -o conftest -g -O2 -I/root/daily_build/64_01/4.4.1/LinkFS/include -I/root/daily_build/64_01/4.4.1/LinkFS/usr/include -L/root/daily_build/64_01/4.4.1/LinkFS/lib -L/root/daily_build/64_01/4.4.1/LinkFS/usr/lib -lusb-1.0 conftest.c  >&5
conftest.c: In function 'main':
conftest.c:31:7: warning: incompatible implicit declaration of built-in function 'exit'
       exit(2);
       ^
configure:4030: $? = 0
configure:4032: ./conftest
configure:4035: $? = 0
configure:4050: result: yes
configure:4074: checking for sys/types.h
configure:4090: x86_64-QNAP-linux-gnu-gcc -c -g -O2 -I/root/daily_build/64_01/4.4.1/LinkFS/include -I/root/daily_build/64_01/4.4.1/LinkFS/usr/include conftest.c >&5
configure:4096: $? = 0
configure:4100: test -z 
			 || test ! -s conftest.err
configure:4103: $? = 0
configure:4106: test -s conftest.o
configure:4109: $? = 0
configure:4120: result: yes
configure:4074: checking for sys/stat.h
configure:4090: x86_64-QNAP-linux-gnu-gcc -c -g -O2 -I/root/daily_build/64_01/4.4.1/LinkFS/include -I/root/daily_build/64_01/4.4.1/LinkFS/usr/include conftest.c >&5
configure:4096: $? = 0
configure:4100: test -z 
			 || test ! -s conftest.err
configure:4103: $? = 0
configure:4106: test -s conftest.o
configure:4109: $? = 0
configure:4120: result: yes
configure:4074: checking for stdlib.h
configure:4090: x86_64-QNAP-linux-gnu-gcc -c -g -O2 -I/root/daily_build/64_01/4.4.1/LinkFS/include -I/root/daily_build/64_01/4.4.1/LinkFS/usr/include conftest.c >&5
configure:4096: $? = 0
configure:4100: test -z 
			 || test ! -s conftest.err
configure:4103: $? = 0
configure:4106: test -s conftest.o
configure:4109: $? = 0
configure:4120: result: yes
configure:4074: checking for string.h
configure:4090: x86_64-QNAP-linux-gnu-gcc -c -g -O2 -I/root/daily_build/64_01/4.4.1/LinkFS/include -I/root/daily_build/64_01/4.4.1/LinkFS/usr/include conftest.c >&5
configure:4096: $? = 0
configure:4100: test -z 
			 || test ! -s conftest.err
configure:4103: $? = 0
configure:4106: test -s conftest.o
configure:4109: $? = 0
configure:4120: result: yes
configure:4074: checking for memory.h
configure:4090: x86_64-QNAP-linux-gnu-gcc -c -g -O2 -I/root/daily_build/64_01/4.4.1/LinkFS/include -I/root/daily_build/64_01/4.4.1/LinkFS/usr/include conftest.c >&5
configure:4096: $? = 0
configure:4100: test -z 
			 || test ! -s conftest.err
configure:4103: $? = 0
configure:4106: test -s conftest.o
configure:4109: $? = 0
configure:4120: result: yes
configure:4074: checking for strings.h
configure:4090: x86_64-QNAP-linux-gnu-gcc -c -g -O2 -I/root/daily_build/64_01/4.4.1/LinkFS/include -I/root/daily_build/64_01/4.4.1/LinkFS/usr/include conftest.c >&5
configure:4096: $? = 0
configure:4100: test -z 
			 || test ! -s conftest.err
configure:4103: $? = 0
configure:4106: test -s conftest.o
configure:4109: $? = 0
configure:4120: result: yes
configure:4074: checking for inttypes.h
configure:4090: x86_64-QNAP-linux-gnu-gcc -c -g -O2 -I/root/daily_build/64_01/4.4.1/LinkFS/include -I/root/daily_build/64_01/4.4.1/LinkFS/usr/include conftest.c >&5
configure:4096: $? = 0
configure:4100: test -z 
			 || test ! -s conftest.err
configure:4103: $? = 0
configure:4106: test -s conftest.o
configure:4109: $? = 0
configure:4120: result: yes
configure:4074: checking for stdint.h
configure:4090: x86_64-QNAP-linux-gnu-gcc -c -g -O2 -I/root/daily_build/64_01/4.4.1/LinkFS/include -I/root/daily_build/64_01/4.4.1/LinkFS/usr/include conftest.c >&5
configure:4096: $? = 0
configure:4100: test -z 
			 || test ! -s conftest.err
configure:4103: $? = 0
configure:4106: test -s conftest.o
configure:4109: $? = 0
configure:4120: result: yes
configure:4074: checking for unistd.h
configure:4090: x86_64-QNAP-linux-gnu-gcc -c -g -O2 -I/root/daily_build/64_01/4.4.1/LinkFS/include -I/root/daily_build/64_01/4.4.1/LinkFS/usr/include conftest.c >&5
configure:4096: $? = 0
configure:4100: test -z 
			 || test ! -s conftest.err
configure:4103: $? = 0
configure:4106: test -s conftest.o
configure:4109: $? = 0
configure:4120: result: yes
configure:4153: checking fcntl.h usability
configure:4165: x86_64-QNAP-linux-gnu-gcc -c -g -O2 -I/root/daily_build/64_01/4.4.1/LinkFS/include -I/root/daily_build/64_01/4.4.1/LinkFS/usr/include conftest.c >&5
configure:4171: $? = 0
configure:4175: test -z 
			 || test ! -s conftest.err
configure:4178: $? = 0
configure:4181: test -s conftest.o
configure:4184: $? = 0
configure:4194: result: yes
configure:4198: checking fcntl.h presence
configure:4208: x86_64-QNAP-linux-gnu-gcc -E -I/root/daily_build/64_01/4.4.1/LinkFS/include -I/root/daily_build/64_01/4.4.1/LinkFS/usr/include conftest.c
configure:4214: $? = 0
configure:4234: result: yes
configure:4269: checking for fcntl.h
configure:4276: result: yes
configure:4144: checking for stdlib.h
configure:4149: result: yes
configure:4144: checking for string.h
configure:4149: result: yes
configure:4153: checking sys/ioctl.h usability
configure:4165: x86_64-QNAP-linux-gnu-gcc -c -g -O2 -I/root/daily_build/64_01/4.4.1/LinkFS/include -I/root/daily_build/64_01/4.4.1/LinkFS/usr/include conftest.c >&5
configure:4171: $? = 0
configure:4175: test -z 
			 || test ! -s conftest.err
configure:4178: $? = 0
configure:4181: test -s conftest.o
configure:4184: $? = 0
configure:4194: result: yes
configure:4198: checking sys/ioctl.h presence
configure:4208: x86_64-QNAP-linux-gnu-gcc -E -I/root/daily_build/64_01/4.4.1/LinkFS/include -I/root/daily_build/64_01/4.4.1/LinkFS/usr/include conftest.c
configure:4214: $? = 0
configure:4234: result: yes
configure:4269: checking for sys/ioctl.h
configure:4276: result: yes
configure:4153: checking sys/param.h usability
configure:4165: x86_64-QNAP-linux-gnu-gcc -c -g -O2 -I/root/daily_build/64_01/4.4.1/LinkFS/include -I/root/daily_build/64_01/4.4.1/LinkFS/usr/include conftest.c >&5
configure:4171: $? = 0
configure:4175: test -z 
			 || test ! -s conftest.err
configure:4178: $? = 0
configure:4181: test -s conftest.o
configure:4184: $? = 0
configure:4194: result: yes
configure:4198: checking sys/param.h presence
configure:4208: x86_64-QNAP-linux-gnu-gcc -E -I/root/daily_build/64_01/4.4.1/LinkFS/include -I/root/daily_build/64_01/4.4.1/LinkFS/usr/include conftest.c
configure:4214: $? = 0
configure:4234: result: yes
configure:4269: checking for sys/param.h
configure:4276: result: yes
configure:4144: checking for unistd.h
configure:4149: result: yes
configure:4153: checking getopt.h usability
configure:4165: x86_64-QNAP-linux-gnu-gcc -c -g -O2 -I/root/daily_build/64_01/4.4.1/LinkFS/include -I/root/daily_build/64_01/4.4.1/LinkFS/usr/include conftest.c >&5
configure:4171: $? = 0
configure:4175: test -z 
			 || test ! -s conftest.err
configure:4178: $? = 0
configure:4181: test -s conftest.o
configure:4184: $? = 0
configure:4194: result: yes
configure:4198: checking getopt.h presence
configure:4208: x86_64-QNAP-linux-gnu-gcc -E -I/root/daily_build/64_01/4.4.1/LinkFS/include -I/root/daily_build/64_01/4.4.1/LinkFS/usr/include conftest.c
configure:4214: $? = 0
configure:4234: result: yes
configure:4269: checking for getopt.h
configure:4276: result: yes
configure:4153: checking errno.h usability
configure:4165: x86_64-QNAP-linux-gnu-gcc -c -g -O2 -I/root/daily_build/64_01/4.4.1/LinkFS/include -I/root/daily_build/64_01/4.4.1/LinkFS/usr/include conftest.c >&5
configure:4171: $? = 0
configure:4175: test -z 
			 || test ! -s conftest.err
configure:4178: $? = 0
configure:4181: test -s conftest.o
configure:4184: $? = 0
configure:4194: result: yes
configure:4198: checking errno.h presence
configure:4208: x86_64-QNAP-linux-gnu-gcc -E -I/root/daily_build/64_01/4.4.1/LinkFS/include -I/root/daily_build/64_01/4.4.1/LinkFS/usr/include conftest.c
configure:4214: $? = 0
configure:4234: result: yes
configure:4269: checking for errno.h
configure:4276: result: yes
configure:4291: checking for an ANSI C-conforming const
configure:4358: x86_64-QNAP-linux-gnu-gcc -c -g -O2 -I/root/daily_build/64_01/4.4.1/LinkFS/include -I/root/daily_build/64_01/4.4.1/LinkFS/usr/include conftest.c >&5
configure:4364: $? = 0
configure:4368: test -z 
			 || test ! -s conftest.err
configure:4371: $? = 0
configure:4374: test -s conftest.o
configure:4377: $? = 0
configure:4388: result: yes
configure:4398: checking for off_t
configure:4422: x86_64-QNAP-linux-gnu-gcc -c -g -O2 -I/root/daily_build/64_01/4.4.1/LinkFS/include -I/root/daily_build/64_01/4.4.1/LinkFS/usr/include conftest.c >&5
configure:4428: $? = 0
configure:4432: test -z 
			 || test ! -s conftest.err
configure:4435: $? = 0
configure:4438: test -s conftest.o
configure:4441: $? = 0
configure:4452: result: yes
configure:4464: checking for size_t
configure:4488: x86_64-QNAP-linux-gnu-gcc -c -g -O2 -I/root/daily_build/64_01/4.4.1/LinkFS/include -I/root/daily_build/64_01/4.4.1/LinkFS/usr/include conftest.c >&5
configure:4494: $? = 0
configure:4498: test -z 
			 || test ! -s conftest.err
configure:4501: $? = 0
configure:4504: test -s conftest.o
configure:4507: $? = 0
configure:4518: result: yes
configure:4537: checking for stdlib.h
configure:4542: result: yes
configure:4682: checking for GNU libc compatible malloc
configure:4711: x86_64-QNAP-linux-gnu-gcc -o conftest -g -O2 -I/root/daily_build/64_01/4.4.1/LinkFS/include -I/root/daily_build/64_01/4.4.1/LinkFS/usr/include -L/root/daily_build/64_01/4.4.1/LinkFS/lib -L/root/daily_build/64_01/4.4.1/LinkFS/usr/lib -lusb-1.0 conftest.c  >&5
configure:4714: $? = 0
configure:4716: ./conftest
configure:4719: $? = 0
configure:4733: result: yes
configure:4767: checking for vprintf
configure:4824: x86_64-QNAP-linux-gnu-gcc -o conftest -g -O2 -I/root/daily_build/64_01/4.4.1/LinkFS/include -I/root/daily_build/64_01/4.4.1/LinkFS/usr/include -L/root/daily_build/64_01/4.4.1/LinkFS/lib -L/root/daily_build/64_01/4.4.1/LinkFS/usr/lib -lusb-1.0 conftest.c  >&5
conftest.c:58:6: warning: conflicting types for built-in function 'vprintf'
 char vprintf ();
      ^
configure:4830: $? = 0
configure:4834: test -z 
			 || test ! -s conftest.err
configure:4837: $? = 0
configure:4840: test -s conftest
configure:4843: $? = 0
configure:4855: result: yes
configure:4862: checking for _doprnt
configure:4919: x86_64-QNAP-linux-gnu-gcc -o conftest -g -O2 -I/root/daily_build/64_01/4.4.1/LinkFS/include -I/root/daily_build/64_01/4.4.1/LinkFS/usr/include -L/root/daily_build/64_01/4.4.1/LinkFS/lib -L/root/daily_build/64_01/4.4.1/LinkFS/usr/lib -lusb-1.0 conftest.c  >&5
/tmp/ccyWyxaM.o:(.data+0x0): undefined reference to `_doprnt'
/tmp/ccyWyxaM.o: In function `main':
/root/daily_build/64_01/4.4.1/SysUtil/usbutils-0.72/conftest.c:75: undefined reference to `_doprnt'
collect2: error: ld returned 1 exit status
configure:4925: $? = 1
configure: failed program was:
| /* confdefs.h.  */
| 
| #define PACKAGE_NAME "usbutils"
| #define PACKAGE_TARNAME "usbutils"
| #define PACKAGE_VERSION "0.72"
| #define PACKAGE_STRING "usbutils 0.72"
| #define PACKAGE_BUGREPORT ""
| #define PACKAGE "usbutils"
| #define VERSION "0.72"
| #define HAVE_ALLOCA_H 1
| #define HAVE_ALLOCA 1
| #define HAVE_DIRENT_H 1
| #define STDC_HEADERS 1
| #define HAVE_SYS_TYPES_H 1
| #define HAVE_SYS_STAT_H 1
| #define HAVE_STDLIB_H 1
| #define HAVE_STRING_H 1
| #define HAVE_MEMORY_H 1
| #define HAVE_STRINGS_H 1
| #define HAVE_INTTYPES_H 1
| #define HAVE_STDINT_H 1
| #define HAVE_UNISTD_H 1
| #define HAVE_FCNTL_H 1
| #define HAVE_STDLIB_H 1
| #define HAVE_STRING_H 1
| #define HAVE_SYS_IOCTL_H 1
| #define HAVE_SYS_PARAM_H 1
| #define HAVE_UNISTD_H 1
| #define HAVE_GETOPT_H 1
| #define HAVE_ERRNO_H 1
| #define HAVE_STDLIB_H 1
| #define HAVE_MALLOC 1
| #define HAVE_VPRINTF 1
| /* end confdefs.h.  */
| /* Define _doprnt to an innocuous variant, in case <limits.h> declares _doprnt.
|    For example, HP-UX 11i <limits.h> declares gettimeofday.  */
| #define _doprnt innocuous__doprnt
| 
| /* System header to define __stub macros and hopefully few prototypes,
|     which can conflict with char _doprnt (); below.
|     Prefer <limits.h> to <assert.h> if __STDC__ is defined, since
|     <limits.h> exists even on freestanding compilers.  */
| 
| #ifdef __STDC__
| # include <limits.h>
| #else
| # include <assert.h>
| #endif
| 
| #undef _doprnt
| 
| /* Override any gcc2 internal prototype to avoid an error.  */
| #ifdef __cplusplus
| extern "C"
| {
| #endif
| /* We use char because int might match the return type of a gcc2
|    builtin and then its argument prototype would still apply.  */
| char _doprnt ();
| /* The GNU C library defines this for functions which it implements
|     to always fail with ENOSYS.  Some functions are actually named
|     something starting with __ and the normal name is an alias.  */
| #if defined (__stub__doprnt) || defined (__stub____doprnt)
| choke me
| #else
| char (*f) () = _doprnt;
| #endif
| #ifdef __cplusplus
| }
| #endif
| 
| int
| main ()
| {
| return f != _doprnt;
|   ;
|   return 0;
| }
configure:4950: result: no
configure:4975: checking for getcwd
configure:5032: x86_64-QNAP-linux-gnu-gcc -o conftest -g -O2 -I/root/daily_build/64_01/4.4.1/LinkFS/include -I/root/daily_build/64_01/4.4.1/LinkFS/usr/include -L/root/daily_build/64_01/4.4.1/LinkFS/lib -L/root/daily_build/64_01/4.4.1/LinkFS/usr/lib -lusb-1.0 conftest.c  >&5
configure:5038: $? = 0
configure:5042: test -z 
			 || test ! -s conftest.err
configure:5045: $? = 0
configure:5048: test -s conftest
configure:5051: $? = 0
configure:5063: result: yes
configure:4975: checking for memset
configure:5032: x86_64-QNAP-linux-gnu-gcc -o conftest -g -O2 -I/root/daily_build/64_01/4.4.1/LinkFS/include -I/root/daily_build/64_01/4.4.1/LinkFS/usr/include -L/root/daily_build/64_01/4.4.1/LinkFS/lib -L/root/daily_build/64_01/4.4.1/LinkFS/usr/lib -lusb-1.0 conftest.c  >&5
conftest.c:60:6: warning: conflicting types for built-in function 'memset'
 char memset ();
      ^
configure:5038: $? = 0
configure:5042: test -z 
			 || test ! -s conftest.err
configure:5045: $? = 0
configure:5048: test -s conftest
configure:5051: $? = 0
configure:5063: result: yes
configure:4975: checking for getopt_long
configure:5032: x86_64-QNAP-linux-gnu-gcc -o conftest -g -O2 -I/root/daily_build/64_01/4.4.1/LinkFS/include -I/root/daily_build/64_01/4.4.1/LinkFS/usr/include -L/root/daily_build/64_01/4.4.1/LinkFS/lib -L/root/daily_build/64_01/4.4.1/LinkFS/usr/lib -lusb-1.0 conftest.c  >&5
configure:5038: $? = 0
configure:5042: test -z 
			 || test ! -s conftest.err
configure:5045: $? = 0
configure:5048: test -s conftest
configure:5051: $? = 0
configure:5063: result: yes
configure:4975: checking for strchr
configure:5032: x86_64-QNAP-linux-gnu-gcc -o conftest -g -O2 -I/root/daily_build/64_01/4.4.1/LinkFS/include -I/root/daily_build/64_01/4.4.1/LinkFS/usr/include -L/root/daily_build/64_01/4.4.1/LinkFS/lib -L/root/daily_build/64_01/4.4.1/LinkFS/usr/lib -lusb-1.0 conftest.c  >&5
conftest.c:62:6: warning: conflicting types for built-in function 'strchr'
 char strchr ();
      ^
configure:5038: $? = 0
configure:5042: test -z 
			 || test ! -s conftest.err
configure:5045: $? = 0
configure:5048: test -s conftest
configure:5051: $? = 0
configure:5063: result: yes
configure:4975: checking for strerror
configure:5032: x86_64-QNAP-linux-gnu-gcc -o conftest -g -O2 -I/root/daily_build/64_01/4.4.1/LinkFS/include -I/root/daily_build/64_01/4.4.1/LinkFS/usr/include -L/root/daily_build/64_01/4.4.1/LinkFS/lib -L/root/daily_build/64_01/4.4.1/LinkFS/usr/lib -lusb-1.0 conftest.c  >&5
configure:5038: $? = 0
configure:5042: test -z 
			 || test ! -s conftest.err
configure:5045: $? = 0
configure:5048: test -s conftest
configure:5051: $? = 0
configure:5063: result: yes
configure:4975: checking for strstr
configure:5032: x86_64-QNAP-linux-gnu-gcc -o conftest -g -O2 -I/root/daily_build/64_01/4.4.1/LinkFS/include -I/root/daily_build/64_01/4.4.1/LinkFS/usr/include -L/root/daily_build/64_01/4.4.1/LinkFS/lib -L/root/daily_build/64_01/4.4.1/LinkFS/usr/lib -lusb-1.0 conftest.c  >&5
conftest.c:64:6: warning: conflicting types for built-in function 'strstr'
 char strstr ();
      ^
configure:5038: $? = 0
configure:5042: test -z 
			 || test ! -s conftest.err
configure:5045: $? = 0
configure:5048: test -s conftest
configure:5051: $? = 0
configure:5063: result: yes
configure:4975: checking for strtoul
configure:5032: x86_64-QNAP-linux-gnu-gcc -o conftest -g -O2 -I/root/daily_build/64_01/4.4.1/LinkFS/include -I/root/daily_build/64_01/4.4.1/LinkFS/usr/include -L/root/daily_build/64_01/4.4.1/LinkFS/lib -L/root/daily_build/64_01/4.4.1/LinkFS/usr/lib -lusb-1.0 conftest.c  >&5
configure:5038: $? = 0
configure:5042: test -z 
			 || test ! -s conftest.err
configure:5045: $? = 0
configure:5048: test -s conftest
configure:5051: $? = 0
configure:5063: result: yes
configure:4975: checking for uname
configure:5032: x86_64-QNAP-linux-gnu-gcc -o conftest -g -O2 -I/root/daily_build/64_01/4.4.1/LinkFS/include -I/root/daily_build/64_01/4.4.1/LinkFS/usr/include -L/root/daily_build/64_01/4.4.1/LinkFS/lib -L/root/daily_build/64_01/4.4.1/LinkFS/usr/lib -lusb-1.0 conftest.c  >&5
configure:5038: $? = 0
configure:5042: test -z 
			 || test ! -s conftest.err
configure:5045: $? = 0
configure:5048: test -s conftest
configure:5051: $? = 0
configure:5063: result: yes
configure:5074: checking for usb_get_string_simple in -lusb
configure:5104: x86_64-QNAP-linux-gnu-gcc -o conftest -g -O2 -I/root/daily_build/64_01/4.4.1/LinkFS/include -I/root/daily_build/64_01/4.4.1/LinkFS/usr/include -L/root/daily_build/64_01/4.4.1/LinkFS/lib -L/root/daily_build/64_01/4.4.1/LinkFS/usr/lib -lusb-1.0 conftest.c -lusb   >&5
configure:5110: $? = 0
configure:5114: test -z 
			 || test ! -s conftest.err
configure:5117: $? = 0
configure:5120: test -s conftest
configure:5123: $? = 0
configure:5136: result: yes
configure:5162: checking whether to enable maintainer-specific portions of Makefiles
configure:5171: result: no
configure:5304: creating ./config.status

## ---------------------- ##
## Running config.status. ##
## ---------------------- ##

This file was extended by usbutils config.status 0.72, which was
generated by GNU Autoconf 2.59.  Invocation command line was

  CONFIG_FILES    = 
  CONFIG_HEADERS  = 
  CONFIG_LINKS    = 
  CONFIG_COMMANDS = 
  $ ./config.status 

on U16BuildServer115

config.status:694: creating Makefile
config.status:798: creating config.h
config.status:1148: executing depfiles commands

## ---------------- ##
## Cache variables. ##
## ---------------- ##

ac_cv_c_compiler_gnu=yes
ac_cv_c_const=yes
ac_cv_env_CC_set=set
ac_cv_env_CC_value=x86_64-QNAP-linux-gnu-gcc
ac_cv_env_CFLAGS_set=
ac_cv_env_CFLAGS_value=
ac_cv_env_CPPFLAGS_set=set
ac_cv_env_CPPFLAGS_value='-I/root/daily_build/64_01/4.4.1/LinkFS/include -I/root/daily_build/64_01/4.4.1/LinkFS/usr/include'
ac_cv_env_CPP_set=
ac_cv_env_CPP_value=
ac_cv_env_LDFLAGS_set=set
ac_cv_env_LDFLAGS_value='-L/root/daily_build/64_01/4.4.1/LinkFS/lib -L/root/daily_build/64_01/4.4.1/LinkFS/usr/lib -lusb-1.0'
ac_cv_env_build_alias_set=
ac_cv_env_build_alias_value=
ac_cv_env_host_alias_set=set
ac_cv_env_host_alias_value=x86_64-QNAP-linux-gnu
ac_cv_env_target_alias_set=
ac_cv_env_target_alias_value=
ac_cv_exeext=
ac_cv_func__doprnt=no
ac_cv_func_alloca_works=yes
ac_cv_func_getcwd=yes
ac_cv_func_getopt_long=yes
ac_cv_func_malloc_0_nonnull=yes
ac_cv_func_memset=yes
ac_cv_func_strchr=yes
ac_cv_func_strerror=yes
ac_cv_func_strstr=yes
ac_cv_func_strtoul=yes
ac_cv_func_uname=yes
ac_cv_func_vprintf=yes
ac_cv_header_dirent_dirent_h=yes
ac_cv_header_errno_h=yes
ac_cv_header_fcntl_h=yes
ac_cv_header_getopt_h=yes
ac_cv_header_inttypes_h=yes
ac_cv_header_memory_h=yes
ac_cv_header_stdc=yes
ac_cv_header_stdint_h=yes
ac_cv_header_stdlib_h=yes
ac_cv_header_string_h=yes
ac_cv_header_strings_h=yes
ac_cv_header_sys_ioctl_h=yes
ac_cv_header_sys_param_h=yes
ac_cv_header_sys_stat_h=yes
ac_cv_header_sys_types_h=yes
ac_cv_header_unistd_h=yes
ac_cv_lib_usb_usb_get_string_simple=yes
ac_cv_objext=o
ac_cv_path_install='/usr/bin/install -c'
ac_cv_prog_AWK=gawk
ac_cv_prog_CC=x86_64-QNAP-linux-gnu-gcc
ac_cv_prog_CPP='x86_64-QNAP-linux-gnu-gcc -E'
ac_cv_prog_STRIP=x86_64-QNAP-linux-gnu-strip
ac_cv_prog_cc_g=yes
ac_cv_prog_cc_stdc=
ac_cv_prog_egrep='grep -E'
ac_cv_prog_make_make_set=yes
ac_cv_search_opendir='none required'
ac_cv_type_off_t=yes
ac_cv_type_size_t=yes
ac_cv_working_alloca_h=yes
am_cv_CC_dependencies_compiler_type=gcc3

## ----------------- ##
## Output variables. ##
## ----------------- ##

ACLOCAL='${SHELL} /root/daily_build/64_01/4.4.1/SysUtil/usbutils-0.72/missing --run aclocal-1.9'
ALLOCA=''
AMDEPBACKSLASH='\'
AMDEP_FALSE='#'
AMDEP_TRUE=''
AMTAR='${SHELL} /root/daily_build/64_01/4.4.1/SysUtil/usbutils-0.72/missing --run tar'
AUTOCONF='${SHELL} /root/daily_build/64_01/4.4.1/SysUtil/usbutils-0.72/missing --run autoconf'
AUTOHEADER='${SHELL} /root/daily_build/64_01/4.4.1/SysUtil/usbutils-0.72/missing --run autoheader'
AUTOMAKE='${SHELL} /root/daily_build/64_01/4.4.1/SysUtil/usbutils-0.72/missing --run automake-1.9'
AWK='gawk'
CC='x86_64-QNAP-linux-gnu-gcc'
CCDEPMODE='depmode=gcc3'
CFLAGS='-g -O2'
CPP='x86_64-QNAP-linux-gnu-gcc -E'
CPPFLAGS='-I/root/daily_build/64_01/4.4.1/LinkFS/include -I/root/daily_build/64_01/4.4.1/LinkFS/usr/include'
CYGPATH_W='echo'
DEFS='-DHAVE_CONFIG_H'
DEPDIR='.deps'
ECHO_C=''
ECHO_N='-n'
ECHO_T=''
EGREP='grep -E'
EXEEXT=''
INSTALL_DATA='${INSTALL} -m 644'
INSTALL_PROGRAM='${INSTALL}'
INSTALL_SCRIPT='${INSTALL}'
INSTALL_STRIP_PROGRAM='${SHELL} $(install_sh) -c -s'
LDFLAGS='-L/root/daily_build/64_01/4.4.1/LinkFS/lib -L/root/daily_build/64_01/4.4.1/LinkFS/usr/lib -lusb-1.0'
LIBOBJS=''
LIBS='-lusb '
LN_S='ln -s'
LTLIBOBJS=''
MAINT='#'
MAINTAINER_MODE_FALSE=''
MAINTAINER_MODE_TRUE='#'
MAKEINFO='${SHELL} /root/daily_build/64_01/4.4.1/SysUtil/usbutils-0.72/missing --run makeinfo'
OBJEXT='o'
PACKAGE='usbutils'
PACKAGE_BUGREPORT=''
PACKAGE_NAME='usbutils'
PACKAGE_STRING='usbutils 0.72'
PACKAGE_TARNAME='usbutils'
PACKAGE_VERSION='0.72'
PATH_SEPARATOR=':'
SET_MAKE=''
SHELL='/bin/bash'
STRIP='x86_64-QNAP-linux-gnu-strip'
VERSION='0.72'
ac_ct_CC=''
ac_ct_STRIP=''
am__fastdepCC_FALSE='#'
am__fastdepCC_TRUE=''
am__include='include'
am__leading_dot='.'
am__quote=''
am__tar='${AMTAR} chof - "$$tardir"'
am__untar='${AMTAR} xf -'
bindir='${exec_prefix}/bin'
build_alias=''
datadir='${prefix}/share'
exec_prefix='${prefix}'
host_alias='x86_64-QNAP-linux-gnu'
includedir='${prefix}/include'
infodir='${prefix}/info'
install_sh='/root/daily_build/64_01/4.4.1/SysUtil/usbutils-0.72/install-sh'
libdir='${exec_prefix}/lib'
libexecdir='${exec_prefix}/libexec'
localstatedir='${prefix}/var'
mandir='${prefix}/man'
mkdir_p='mkdir -p --'
oldincludedir='/usr/include'
prefix='/usr/local'
program_transform_name='s,x,x,'
sbindir='${exec_prefix}/sbin'
sharedstatedir='${prefix}/com'
sysconfdir='${prefix}/etc'
target_alias=''

## ----------- ##
## confdefs.h. ##
## ----------- ##

#define HAVE_ALLOCA 1
#define HAVE_ALLOCA_H 1
#define HAVE_DIRENT_H 1
#define HAVE_ERRNO_H 1
#define HAVE_FCNTL_H 1
#define HAVE_GETCWD 1
#define HAVE_GETOPT_H 1
#define HAVE_GETOPT_LONG 1
#define HAVE_INTTYPES_H 1
#define HAVE_LIBUSB 1
#define HAVE_MALLOC 1
#define HAVE_MEMORY_H 1
#define HAVE_MEMSET 1
#define HAVE_STDINT_H 1
#define HAVE_STDLIB_H 1
#define HAVE_STDLIB_H 1
#define HAVE_STDLIB_H 1
#define HAVE_STRCHR 1
#define HAVE_STRERROR 1
#define HAVE_STRINGS_H 1
#define HAVE_STRING_H 1
#define HAVE_STRING_H 1
#define HAVE_STRSTR 1
#define HAVE_STRTOUL 1
#define HAVE_SYS_IOCTL_H 1
#define HAVE_SYS_PARAM_H 1
#define HAVE_SYS_STAT_H 1
#define HAVE_SYS_TYPES_H 1
#define HAVE_UNAME 1
#define HAVE_UNISTD_H 1
#define HAVE_UNISTD_H 1
#define HAVE_VPRINTF 1
#define PACKAGE "usbutils"
#define PACKAGE_BUGREPORT ""
#define PACKAGE_NAME "usbutils"
#define PACKAGE_STRING "usbutils 0.72"
#define PACKAGE_TARNAME "usbutils"
#define PACKAGE_VERSION "0.72"
#define STDC_HEADERS 1
#define VERSION "0.72"

configure: exit 0
