This file contains any messages produced by compilers while
running configure, to aid debugging if configure makes a mistake.

It was created by rpcbind configure 0.2.0, which was
generated by GNU Autoconf 2.63.  Invocation command line was

  $ ./configure --prefix= --with-rpcuser=admin --host=x86_64-QNAP-linux-gnu --enable-shared --disable-static

## --------- ##
## Platform. ##
## --------- ##

hostname = U16BuildServer115
uname -m = x86_64
uname -r = 4.4.0-21-generic
uname -s = Linux
uname -v = #37-Ubuntu SMP Mon Apr 18 18:33:37 UTC 2016

/usr/bin/uname -p = unknown
/bin/uname -X     = unknown

/bin/arch              = unknown
/usr/bin/arch -k       = unknown
/usr/convex/getsysinfo = unknown
/usr/bin/hostinfo      = unknown
/bin/machine           = unknown
/usr/bin/oslevel       = unknown
/bin/universe          = unknown

PATH: /root/CT/x86_64-QNAP-linux-gnu/cross-tools/bin
PATH: /root/CT/x86_64-QNAP-linux-gnu/cross-tools/bin
PATH: /usr/local/sbin
PATH: /usr/local/bin
PATH: /usr/sbin
PATH: /usr/bin
PATH: /sbin
PATH: /bin


## ----------- ##
## Core tests. ##
## ----------- ##

configure:2102: checking for a BSD-compatible install
configure:2170: result: /usr/bin/install -c
configure:2181: checking whether build environment is sane
configure:2224: result: yes
configure:2249: checking for a thread-safe mkdir -p
configure:2288: result: /bin/mkdir -p
configure:2301: checking for gawk
configure:2317: found /usr/bin/gawk
configure:2328: result: gawk
configure:2339: checking whether make sets $(MAKE)
configure:2361: result: yes
configure:2441: checking for x86_64-QNAP-linux-gnu-strip
configure:2468: result: x86_64-QNAP-linux-gnu-strip
configure:2555: checking for x86_64-QNAP-linux-gnu-gcc
configure:2582: result: x86_64-QNAP-linux-gnu-gcc
configure:2854: checking for C compiler version
configure:2862: x86_64-QNAP-linux-gnu-gcc --version >&5
x86_64-QNAP-linux-gnu-gcc (toolchain config: [gcc-4.9.2 binutils-2.25 glibc-2.21]) 4.9.2
Copyright (C) 2014 Free Software Foundation, Inc.
This is free software; see the source for copying conditions.  There is NO
warranty; not even for MERCHANTABILITY or FITNESS FOR A PARTICULAR PURPOSE.

configure:2866: $? = 0
configure:2873: x86_64-QNAP-linux-gnu-gcc -v >&5
Using built-in specs.
COLLECT_GCC=x86_64-QNAP-linux-gnu-gcc
COLLECT_LTO_WRAPPER=/root/CT/x86_64-QNAP-linux-gnu/cross-tools/bin/../libexec/gcc/x86_64-QNAP-linux-gnu/4.9.2/lto-wrapper
Target: x86_64-QNAP-linux-gnu
Configured with: ../gcc-4.9.2/configure --with-pkgversion='toolchain config: [gcc-4.9.2 binutils-2.25 glibc-2.21]' --prefix=/root/toolchain/docker_deploy/dockerfile/CT_auto_build/CT/x86_64-QNAP-linux-gnu/cross-tools --with-sysroot=/root/toolchain/docker_deploy/dockerfile/CT_auto_build/CT/x86_64-QNAP-linux-gnu/cross-tools/../fs --enable-tls --disable-nls --enable-languages=c,c++ --enable-c99 --enable-__cxa_atexit --enable-shared --enable-long-long --disable-multilib --enable-threads=posix --disable-libgomp --enable-checking=release --build=x86_64-linux-gnu --host=x86_64-linux-gnu --target=x86_64-QNAP-linux-gnu gcc_cv_libc_provides_ssp=yes
Thread model: posix
gcc version 4.9.2 (toolchain config: [gcc-4.9.2 binutils-2.25 glibc-2.21]) 
configure:2877: $? = 0
configure:2884: x86_64-QNAP-linux-gnu-gcc -V >&5
x86_64-QNAP-linux-gnu-gcc: error: unrecognized command line option '-V'
x86_64-QNAP-linux-gnu-gcc: fatal error: no input files
compilation terminated.
configure:2888: $? = 1
configure:2911: checking for C compiler default output file name
configure:2933: x86_64-QNAP-linux-gnu-gcc -DQNAPNAS -O2 -I/root/daily_build/64_01/4.4.1/LinkFS/include -I/root/daily_build/64_01/4.4.1/LinkFS/include/tirpc -L/root/daily_build/64_01/4.4.1/LinkFS/lib -L/root/daily_build/64_01/4.4.1/LinkFS/lib64 -lgssglue -lgssapi_krb5 conftest.c  >&5
configure:2937: $? = 0
configure:2975: result: a.out
configure:2994: checking whether the C compiler works
configure:3004: ./a.out
./a.out: error while loading shared libraries: libgssglue.so.1: cannot open shared object file: No such file or directory
configure:3008: $? = 127
configure:3027: result: yes
configure:3034: checking whether we are cross compiling
configure:3036: result: yes
configure:3039: checking for suffix of executables
configure:3046: x86_64-QNAP-linux-gnu-gcc -o conftest -DQNAPNAS -O2 -I/root/daily_build/64_01/4.4.1/LinkFS/include -I/root/daily_build/64_01/4.4.1/LinkFS/include/tirpc -L/root/daily_build/64_01/4.4.1/LinkFS/lib -L/root/daily_build/64_01/4.4.1/LinkFS/lib64 -lgssglue -lgssapi_krb5 conftest.c  >&5
configure:3050: $? = 0
configure:3076: result: 
configure:3082: checking for suffix of object files
configure:3108: x86_64-QNAP-linux-gnu-gcc -c -DQNAPNAS -O2 -I/root/daily_build/64_01/4.4.1/LinkFS/include -I/root/daily_build/64_01/4.4.1/LinkFS/include/tirpc conftest.c >&5
configure:3112: $? = 0
configure:3137: result: o
configure:3141: checking whether we are using the GNU C compiler
configure:3170: x86_64-QNAP-linux-gnu-gcc -c -DQNAPNAS -O2 -I/root/daily_build/64_01/4.4.1/LinkFS/include -I/root/daily_build/64_01/4.4.1/LinkFS/include/tirpc conftest.c >&5
configure:3177: $? = 0
configure:3194: result: yes
configure:3203: checking whether x86_64-QNAP-linux-gnu-gcc accepts -g
configure:3233: x86_64-QNAP-linux-gnu-gcc -c -g -I/root/daily_build/64_01/4.4.1/LinkFS/include -I/root/daily_build/64_01/4.4.1/LinkFS/include/tirpc conftest.c >&5
configure:3240: $? = 0
configure:3341: result: yes
configure:3358: checking for x86_64-QNAP-linux-gnu-gcc option to accept ISO C89
configure:3432: x86_64-QNAP-linux-gnu-gcc  -c -DQNAPNAS -O2 -I/root/daily_build/64_01/4.4.1/LinkFS/include -I/root/daily_build/64_01/4.4.1/LinkFS/include/tirpc conftest.c >&5
configure:3439: $? = 0
configure:3462: result: none needed
configure:3491: checking for style of include used by make
configure:3519: result: GNU
configure:3544: checking dependency style of x86_64-QNAP-linux-gnu-gcc
configure:3635: result: gcc3
configure:3661: checking for dirent.h that defines DIR
configure:3690: x86_64-QNAP-linux-gnu-gcc -c -DQNAPNAS -O2 -I/root/daily_build/64_01/4.4.1/LinkFS/include -I/root/daily_build/64_01/4.4.1/LinkFS/include/tirpc conftest.c >&5
configure:3697: $? = 0
configure:3714: result: yes
configure:3729: checking for library containing opendir
configure:3770: x86_64-QNAP-linux-gnu-gcc -o conftest -DQNAPNAS -O2 -I/root/daily_build/64_01/4.4.1/LinkFS/include -I/root/daily_build/64_01/4.4.1/LinkFS/include/tirpc -L/root/daily_build/64_01/4.4.1/LinkFS/lib -L/root/daily_build/64_01/4.4.1/LinkFS/lib64 -lgssglue -lgssapi_krb5 conftest.c  >&5
configure:3777: $? = 0
configure:3808: result: none required
configure:3990: checking build system type
configure:4008: result: x86_64-pc-linux-gnu
configure:4030: checking host system type
configure:4045: result: x86_64-QNAP-linux-gnu
configure:4067: checking for a sed that does not truncate output
configure:4123: result: /bin/sed
configure:4126: checking for grep that handles long lines and -e
configure:4186: result: /bin/grep
configure:4191: checking for egrep
configure:4255: result: /bin/grep -E
configure:4271: checking for ld used by x86_64-QNAP-linux-gnu-gcc
configure:4338: result: x86_64-QNAP-linux-gnu-ld
configure:4347: checking if the linker (x86_64-QNAP-linux-gnu-ld) is GNU ld
configure:4362: result: yes
configure:4367: checking for x86_64-QNAP-linux-gnu-ld option to reload object files
configure:4374: result: -r
configure:4392: checking for BSD-compatible nm
configure:4441: result: /root/CT/x86_64-QNAP-linux-gnu/cross-tools/bin/x86_64-QNAP-linux-gnu-nm -B
configure:4445: checking whether ln -s works
configure:4449: result: yes
configure:4456: checking how to recognize dependent libraries
configure:4642: result: pass_all
configure:4730: x86_64-QNAP-linux-gnu-gcc -c -DQNAPNAS -O2 -I/root/daily_build/64_01/4.4.1/LinkFS/include -I/root/daily_build/64_01/4.4.1/LinkFS/include/tirpc conftest.c >&5
configure:4733: $? = 0
configure:4891: checking how to run the C preprocessor
configure:4931: x86_64-QNAP-linux-gnu-gcc -E -I/root/daily_build/64_01/4.4.1/LinkFS/include -I/root/daily_build/64_01/4.4.1/LinkFS/include/tirpc conftest.c
configure:4938: $? = 0
configure:4969: x86_64-QNAP-linux-gnu-gcc -E -I/root/daily_build/64_01/4.4.1/LinkFS/include -I/root/daily_build/64_01/4.4.1/LinkFS/include/tirpc conftest.c
conftest.c:11:28: fatal error: ac_nonexistent.h: No such file or directory
 #include <ac_nonexistent.h>
                            ^
compilation terminated.
configure:4976: $? = 1
configure: failed program was:
| /* confdefs.h.  */
| #define PACKAGE_NAME "rpcbind"
| #define PACKAGE_TARNAME "rpcbind"
| #define PACKAGE_VERSION "0.2.0"
| #define PACKAGE_STRING "rpcbind 0.2.0"
| #define PACKAGE_BUGREPORT ""
| #define PACKAGE "rpcbind"
| #define VERSION "0.2.0"
| #define HAVE_DIRENT_H 1
| /* end confdefs.h.  */
| #include <ac_nonexistent.h>
configure:5009: result: x86_64-QNAP-linux-gnu-gcc -E
configure:5038: x86_64-QNAP-linux-gnu-gcc -E -I/root/daily_build/64_01/4.4.1/LinkFS/include -I/root/daily_build/64_01/4.4.1/LinkFS/include/tirpc conftest.c
configure:5045: $? = 0
configure:5076: x86_64-QNAP-linux-gnu-gcc -E -I/root/daily_build/64_01/4.4.1/LinkFS/include -I/root/daily_build/64_01/4.4.1/LinkFS/include/tirpc conftest.c
conftest.c:11:28: fatal error: ac_nonexistent.h: No such file or directory
 #include <ac_nonexistent.h>
                            ^
compilation terminated.
configure:5083: $? = 1
configure: failed program was:
| /* confdefs.h.  */
| #define PACKAGE_NAME "rpcbind"
| #define PACKAGE_TARNAME "rpcbind"
| #define PACKAGE_VERSION "0.2.0"
| #define PACKAGE_STRING "rpcbind 0.2.0"
| #define PACKAGE_BUGREPORT ""
| #define PACKAGE "rpcbind"
| #define VERSION "0.2.0"
| #define HAVE_DIRENT_H 1
| /* end confdefs.h.  */
| #include <ac_nonexistent.h>
configure:5123: checking for ANSI C header files
configure:5153: x86_64-QNAP-linux-gnu-gcc -c -DQNAPNAS -O2 -I/root/daily_build/64_01/4.4.1/LinkFS/include -I/root/daily_build/64_01/4.4.1/LinkFS/include/tirpc conftest.c >&5
configure:5160: $? = 0
configure:5291: result: yes
configure:5315: checking for sys/types.h
configure:5336: x86_64-QNAP-linux-gnu-gcc -c -DQNAPNAS -O2 -I/root/daily_build/64_01/4.4.1/LinkFS/include -I/root/daily_build/64_01/4.4.1/LinkFS/include/tirpc conftest.c >&5
configure:5343: $? = 0
configure:5360: result: yes
configure:5315: checking for sys/stat.h
configure:5336: x86_64-QNAP-linux-gnu-gcc -c -DQNAPNAS -O2 -I/root/daily_build/64_01/4.4.1/LinkFS/include -I/root/daily_build/64_01/4.4.1/LinkFS/include/tirpc conftest.c >&5
configure:5343: $? = 0
configure:5360: result: yes
configure:5315: checking for stdlib.h
configure:5336: x86_64-QNAP-linux-gnu-gcc -c -DQNAPNAS -O2 -I/root/daily_build/64_01/4.4.1/LinkFS/include -I/root/daily_build/64_01/4.4.1/LinkFS/include/tirpc conftest.c >&5
configure:5343: $? = 0
configure:5360: result: yes
configure:5315: checking for string.h
configure:5336: x86_64-QNAP-linux-gnu-gcc -c -DQNAPNAS -O2 -I/root/daily_build/64_01/4.4.1/LinkFS/include -I/root/daily_build/64_01/4.4.1/LinkFS/include/tirpc conftest.c >&5
configure:5343: $? = 0
configure:5360: result: yes
configure:5315: checking for memory.h
configure:5336: x86_64-QNAP-linux-gnu-gcc -c -DQNAPNAS -O2 -I/root/daily_build/64_01/4.4.1/LinkFS/include -I/root/daily_build/64_01/4.4.1/LinkFS/include/tirpc conftest.c >&5
configure:5343: $? = 0
configure:5360: result: yes
configure:5315: checking for strings.h
configure:5336: x86_64-QNAP-linux-gnu-gcc -c -DQNAPNAS -O2 -I/root/daily_build/64_01/4.4.1/LinkFS/include -I/root/daily_build/64_01/4.4.1/LinkFS/include/tirpc conftest.c >&5
configure:5343: $? = 0
configure:5360: result: yes
configure:5315: checking for inttypes.h
configure:5336: x86_64-QNAP-linux-gnu-gcc -c -DQNAPNAS -O2 -I/root/daily_build/64_01/4.4.1/LinkFS/include -I/root/daily_build/64_01/4.4.1/LinkFS/include/tirpc conftest.c >&5
configure:5343: $? = 0
configure:5360: result: yes
configure:5315: checking for stdint.h
configure:5336: x86_64-QNAP-linux-gnu-gcc -c -DQNAPNAS -O2 -I/root/daily_build/64_01/4.4.1/LinkFS/include -I/root/daily_build/64_01/4.4.1/LinkFS/include/tirpc conftest.c >&5
configure:5343: $? = 0
configure:5360: result: yes
configure:5315: checking for unistd.h
configure:5336: x86_64-QNAP-linux-gnu-gcc -c -DQNAPNAS -O2 -I/root/daily_build/64_01/4.4.1/LinkFS/include -I/root/daily_build/64_01/4.4.1/LinkFS/include/tirpc conftest.c >&5
configure:5343: $? = 0
configure:5360: result: yes
configure:5390: checking dlfcn.h usability
configure:5407: x86_64-QNAP-linux-gnu-gcc -c -DQNAPNAS -O2 -I/root/daily_build/64_01/4.4.1/LinkFS/include -I/root/daily_build/64_01/4.4.1/LinkFS/include/tirpc conftest.c >&5
configure:5414: $? = 0
configure:5428: result: yes
configure:5432: checking dlfcn.h presence
configure:5447: x86_64-QNAP-linux-gnu-gcc -E -I/root/daily_build/64_01/4.4.1/LinkFS/include -I/root/daily_build/64_01/4.4.1/LinkFS/include/tirpc conftest.c
configure:5454: $? = 0
configure:5468: result: yes
configure:5496: checking for dlfcn.h
configure:5505: result: yes
configure:5632: checking for C++ compiler version
configure:5640: x86_64-QNAP-linux-gnu-g++ --version >&5
x86_64-QNAP-linux-gnu-g++ (toolchain config: [gcc-4.9.2 binutils-2.25 glibc-2.21]) 4.9.2
Copyright (C) 2014 Free Software Foundation, Inc.
This is free software; see the source for copying conditions.  There is NO
warranty; not even for MERCHANTABILITY or FITNESS FOR A PARTICULAR PURPOSE.

configure:5644: $? = 0
configure:5651: x86_64-QNAP-linux-gnu-g++ -v >&5
Using built-in specs.
COLLECT_GCC=x86_64-QNAP-linux-gnu-g++
COLLECT_LTO_WRAPPER=/root/CT/x86_64-QNAP-linux-gnu/cross-tools/bin/../libexec/gcc/x86_64-QNAP-linux-gnu/4.9.2/lto-wrapper
Target: x86_64-QNAP-linux-gnu
Configured with: ../gcc-4.9.2/configure --with-pkgversion='toolchain config: [gcc-4.9.2 binutils-2.25 glibc-2.21]' --prefix=/root/toolchain/docker_deploy/dockerfile/CT_auto_build/CT/x86_64-QNAP-linux-gnu/cross-tools --with-sysroot=/root/toolchain/docker_deploy/dockerfile/CT_auto_build/CT/x86_64-QNAP-linux-gnu/cross-tools/../fs --enable-tls --disable-nls --enable-languages=c,c++ --enable-c99 --enable-__cxa_atexit --enable-shared --enable-long-long --disable-multilib --enable-threads=posix --disable-libgomp --enable-checking=release --build=x86_64-linux-gnu --host=x86_64-linux-gnu --target=x86_64-QNAP-linux-gnu gcc_cv_libc_provides_ssp=yes
Thread model: posix
gcc version 4.9.2 (toolchain config: [gcc-4.9.2 binutils-2.25 glibc-2.21]) 
configure:5655: $? = 0
configure:5662: x86_64-QNAP-linux-gnu-g++ -V >&5
x86_64-QNAP-linux-gnu-g++: error: unrecognized command line option '-V'
x86_64-QNAP-linux-gnu-g++: fatal error: no input files
compilation terminated.
configure:5666: $? = 1
configure:5669: checking whether we are using the GNU C++ compiler
configure:5698: x86_64-QNAP-linux-gnu-g++ -c  -I/root/daily_build/64_01/4.4.1/LinkFS/include -I/root/daily_build/64_01/4.4.1/LinkFS/include/tirpc conftest.cpp >&5
configure:5705: $? = 0
configure:5722: result: yes
configure:5731: checking whether x86_64-QNAP-linux-gnu-g++ accepts -g
configure:5761: x86_64-QNAP-linux-gnu-g++ -c -g -I/root/daily_build/64_01/4.4.1/LinkFS/include -I/root/daily_build/64_01/4.4.1/LinkFS/include/tirpc conftest.cpp >&5
configure:5768: $? = 0
configure:5869: result: yes
configure:5894: checking dependency style of x86_64-QNAP-linux-gnu-g++
configure:5985: result: gcc3
configure:6010: checking how to run the C++ preprocessor
configure:6046: x86_64-QNAP-linux-gnu-g++ -E -I/root/daily_build/64_01/4.4.1/LinkFS/include -I/root/daily_build/64_01/4.4.1/LinkFS/include/tirpc conftest.cpp
configure:6053: $? = 0
configure:6084: x86_64-QNAP-linux-gnu-g++ -E -I/root/daily_build/64_01/4.4.1/LinkFS/include -I/root/daily_build/64_01/4.4.1/LinkFS/include/tirpc conftest.cpp
conftest.cpp:22:28: fatal error: ac_nonexistent.h: No such file or directory
 #include <ac_nonexistent.h>
                            ^
compilation terminated.
configure:6091: $? = 1
configure: failed program was:
| /* confdefs.h.  */
| #define PACKAGE_NAME "rpcbind"
| #define PACKAGE_TARNAME "rpcbind"
| #define PACKAGE_VERSION "0.2.0"
| #define PACKAGE_STRING "rpcbind 0.2.0"
| #define PACKAGE_BUGREPORT ""
| #define PACKAGE "rpcbind"
| #define VERSION "0.2.0"
| #define HAVE_DIRENT_H 1
| #define STDC_HEADERS 1
| #define HAVE_SYS_TYPES_H 1
| #define HAVE_SYS_STAT_H 1
| #define HAVE_STDLIB_H 1
| #define HAVE_STRING_H 1
| #define HAVE_MEMORY_H 1
| #define HAVE_STRINGS_H 1
| #define HAVE_INTTYPES_H 1
| #define HAVE_STDINT_H 1
| #define HAVE_UNISTD_H 1
| #define HAVE_DLFCN_H 1
| /* end confdefs.h.  */
| #include <ac_nonexistent.h>
configure:6124: result: x86_64-QNAP-linux-gnu-g++ -E
configure:6153: x86_64-QNAP-linux-gnu-g++ -E -I/root/daily_build/64_01/4.4.1/LinkFS/include -I/root/daily_build/64_01/4.4.1/LinkFS/include/tirpc conftest.cpp
configure:6160: $? = 0
configure:6191: x86_64-QNAP-linux-gnu-g++ -E -I/root/daily_build/64_01/4.4.1/LinkFS/include -I/root/daily_build/64_01/4.4.1/LinkFS/include/tirpc conftest.cpp
conftest.cpp:22:28: fatal error: ac_nonexistent.h: No such file or directory
 #include <ac_nonexistent.h>
                            ^
compilation terminated.
configure:6198: $? = 1
configure: failed program was:
| /* confdefs.h.  */
| #define PACKAGE_NAME "rpcbind"
| #define PACKAGE_TARNAME "rpcbind"
| #define PACKAGE_VERSION "0.2.0"
| #define PACKAGE_STRING "rpcbind 0.2.0"
| #define PACKAGE_BUGREPORT ""
| #define PACKAGE "rpcbind"
| #define VERSION "0.2.0"
| #define HAVE_DIRENT_H 1
| #define STDC_HEADERS 1
| #define HAVE_SYS_TYPES_H 1
| #define HAVE_SYS_STAT_H 1
| #define HAVE_STDLIB_H 1
| #define HAVE_STRING_H 1
| #define HAVE_MEMORY_H 1
| #define HAVE_STRINGS_H 1
| #define HAVE_INTTYPES_H 1
| #define HAVE_STDINT_H 1
| #define HAVE_UNISTD_H 1
| #define HAVE_DLFCN_H 1
| /* end confdefs.h.  */
| #include <ac_nonexistent.h>
configure:6249: checking for x86_64-QNAP-linux-gnu-g77
configure:6279: result: no
configure:6249: checking for x86_64-QNAP-linux-gnu-xlf
configure:6279: result: no
configure:6249: checking for x86_64-QNAP-linux-gnu-f77
configure:6279: result: no
configure:6249: checking for x86_64-QNAP-linux-gnu-frt
configure:6279: result: no
configure:6249: checking for x86_64-QNAP-linux-gnu-pgf77
configure:6279: result: no
configure:6249: checking for x86_64-QNAP-linux-gnu-cf77
configure:6279: result: no
configure:6249: checking for x86_64-QNAP-linux-gnu-fort77
configure:6279: result: no
configure:6249: checking for x86_64-QNAP-linux-gnu-fl32
configure:6279: result: no
configure:6249: checking for x86_64-QNAP-linux-gnu-af77
configure:6279: result: no
configure:6249: checking for x86_64-QNAP-linux-gnu-xlf90
configure:6279: result: no
configure:6249: checking for x86_64-QNAP-linux-gnu-f90
configure:6279: result: no
configure:6249: checking for x86_64-QNAP-linux-gnu-pgf90
configure:6279: result: no
configure:6249: checking for x86_64-QNAP-linux-gnu-pghpf
configure:6279: result: no
configure:6249: checking for x86_64-QNAP-linux-gnu-epcf90
configure:6279: result: no
configure:6249: checking for x86_64-QNAP-linux-gnu-gfortran
configure:6279: result: no
configure:6249: checking for x86_64-QNAP-linux-gnu-g95
configure:6279: result: no
configure:6249: checking for x86_64-QNAP-linux-gnu-xlf95
configure:6279: result: no
configure:6249: checking for x86_64-QNAP-linux-gnu-f95
configure:6279: result: no
configure:6249: checking for x86_64-QNAP-linux-gnu-fort
configure:6279: result: no
configure:6249: checking for x86_64-QNAP-linux-gnu-ifort
configure:6279: result: no
configure:6249: checking for x86_64-QNAP-linux-gnu-ifc
configure:6279: result: no
configure:6249: checking for x86_64-QNAP-linux-gnu-efc
configure:6279: result: no
configure:6249: checking for x86_64-QNAP-linux-gnu-pgf95
configure:6279: result: no
configure:6249: checking for x86_64-QNAP-linux-gnu-lf95
configure:6279: result: no
configure:6249: checking for x86_64-QNAP-linux-gnu-ftn
configure:6279: result: no
configure:6293: checking for g77
configure:6323: result: no
configure:6293: checking for xlf
configure:6323: result: no
configure:6293: checking for f77
configure:6323: result: no
configure:6293: checking for frt
configure:6323: result: no
configure:6293: checking for pgf77
configure:6323: result: no
configure:6293: checking for cf77
configure:6323: result: no
configure:6293: checking for fort77
configure:6323: result: no
configure:6293: checking for fl32
configure:6323: result: no
configure:6293: checking for af77
configure:6323: result: no
configure:6293: checking for xlf90
configure:6323: result: no
configure:6293: checking for f90
configure:6323: result: no
configure:6293: checking for pgf90
configure:6323: result: no
configure:6293: checking for pghpf
configure:6323: result: no
configure:6293: checking for epcf90
configure:6323: result: no
configure:6293: checking for gfortran
configure:6323: result: no
configure:6293: checking for g95
configure:6323: result: no
configure:6293: checking for xlf95
configure:6323: result: no
configure:6293: checking for f95
configure:6323: result: no
configure:6293: checking for fort
configure:6323: result: no
configure:6293: checking for ifort
configure:6323: result: no
configure:6293: checking for ifc
configure:6323: result: no
configure:6293: checking for efc
configure:6323: result: no
configure:6293: checking for pgf95
configure:6323: result: no
configure:6293: checking for lf95
configure:6323: result: no
configure:6293: checking for ftn
configure:6323: result: no
configure:6346: checking for Fortran 77 compiler version
configure:6354:  --version >&5
./configure: line 6356: --version: command not found
configure:6358: $? = 127
configure:6365:  -v >&5
./configure: line 6367: -v: command not found
configure:6369: $? = 127
configure:6376:  -V >&5
./configure: line 6378: -V: command not found
configure:6380: $? = 127
configure:6388: checking whether we are using the GNU Fortran 77 compiler
configure:6407:  -c  conftest.F >&5
./configure: line 6409: -c: command not found
configure:6414: $? = 127
configure: failed program was:
|       program main
| #ifndef __GNUC__
|        choke me
| #endif
| 
|       end
configure:6431: result: no
configure:6437: checking whether  accepts -g
configure:6454:  -c -g conftest.f >&5
./configure: line 6456: -c: command not found
configure:6461: $? = 127
configure: failed program was:
|       program main
| 
|       end
configure:6477: result: no
configure:6510: checking the maximum length of command line arguments
configure:6622: result: 1572864
configure:6634: checking command to parse /root/CT/x86_64-QNAP-linux-gnu/cross-tools/bin/x86_64-QNAP-linux-gnu-nm -B output from x86_64-QNAP-linux-gnu-gcc object
configure:6739: x86_64-QNAP-linux-gnu-gcc -c -DQNAPNAS -O2 -I/root/daily_build/64_01/4.4.1/LinkFS/include -I/root/daily_build/64_01/4.4.1/LinkFS/include/tirpc conftest.c >&5
configure:6742: $? = 0
configure:6746: /root/CT/x86_64-QNAP-linux-gnu/cross-tools/bin/x86_64-QNAP-linux-gnu-nm -B conftest.o \| sed -n -e 's/^.*[ 	]\([ABCDGIRSTW][ABCDGIRSTW]*\)[ 	][ 	]*\([_A-Za-z][_A-Za-z0-9]*\)$/\1 \2 \2/p' \> conftest.nm
configure:6749: $? = 0
configure:6801: x86_64-QNAP-linux-gnu-gcc -o conftest -DQNAPNAS -O2 -I/root/daily_build/64_01/4.4.1/LinkFS/include -I/root/daily_build/64_01/4.4.1/LinkFS/include/tirpc -L/root/daily_build/64_01/4.4.1/LinkFS/lib -L/root/daily_build/64_01/4.4.1/LinkFS/lib64 -lgssglue -lgssapi_krb5 conftest.c conftstm.o >&5
configure:6804: $? = 0
configure:6842: result: ok
configure:6846: checking for objdir
configure:6861: result: .libs
configure:6913: checking for x86_64-QNAP-linux-gnu-ar
configure:6940: result: x86_64-QNAP-linux-gnu-ar
configure:7005: checking for x86_64-QNAP-linux-gnu-ranlib
configure:7032: result: x86_64-QNAP-linux-gnu-ranlib
configure:7097: checking for x86_64-QNAP-linux-gnu-strip
configure:7124: result: x86_64-QNAP-linux-gnu-strip
configure:7754: checking if x86_64-QNAP-linux-gnu-gcc supports -fno-rtti -fno-exceptions
configure:7772: x86_64-QNAP-linux-gnu-gcc -c -DQNAPNAS -O2 -I/root/daily_build/64_01/4.4.1/LinkFS/include -I/root/daily_build/64_01/4.4.1/LinkFS/include/tirpc -fno-rtti -fno-exceptions conftest.c >&5
cc1: warning: command line option '-fno-rtti' is valid for C++/ObjC++ but not for C
configure:7776: $? = 0
configure:7789: result: no
configure:7804: checking for x86_64-QNAP-linux-gnu-gcc option to produce PIC
configure:8036: result: -fPIC
configure:8044: checking if x86_64-QNAP-linux-gnu-gcc PIC flag -fPIC works
configure:8062: x86_64-QNAP-linux-gnu-gcc -c -DQNAPNAS -O2 -I/root/daily_build/64_01/4.4.1/LinkFS/include -I/root/daily_build/64_01/4.4.1/LinkFS/include/tirpc -fPIC -DPIC conftest.c >&5
configure:8066: $? = 0
configure:8079: result: yes
configure:8107: checking if x86_64-QNAP-linux-gnu-gcc static flag -static works
configure:8135: result: no
configure:8145: checking if x86_64-QNAP-linux-gnu-gcc supports -c -o file.o
configure:8166: x86_64-QNAP-linux-gnu-gcc -c -DQNAPNAS -O2 -I/root/daily_build/64_01/4.4.1/LinkFS/include -I/root/daily_build/64_01/4.4.1/LinkFS/include/tirpc -o out/conftest2.o conftest.c >&5
configure:8170: $? = 0
configure:8192: result: yes
configure:8218: checking whether the x86_64-QNAP-linux-gnu-gcc linker (x86_64-QNAP-linux-gnu-ld -m elf_x86_64) supports shared libraries
configure:9206: result: yes
configure:9227: checking whether -lc should be explicitly linked in
configure:9232: x86_64-QNAP-linux-gnu-gcc -c -DQNAPNAS -O2 -I/root/daily_build/64_01/4.4.1/LinkFS/include -I/root/daily_build/64_01/4.4.1/LinkFS/include/tirpc conftest.c >&5
configure:9235: $? = 0
configure:9250: x86_64-QNAP-linux-gnu-gcc -shared conftest.o  -v -Wl,-soname -Wl,conftest -o conftest 2\>\&1 \| grep  -lc  \>/dev/null 2\>\&1
configure:9253: $? = 0
configure:9265: result: no
configure:9273: checking dynamic linker characteristics
configure:9877: result: GNU/Linux ld.so
configure:9901: checking how to hardcode library paths into programs
configure:9926: result: immediate
configure:9940: checking whether stripping libraries is possible
configure:9945: result: yes
configure:10775: checking if libtool supports shared libraries
configure:10777: result: yes
configure:10780: checking whether to build shared libraries
configure:10801: result: yes
configure:10804: checking whether to build static libraries
configure:10808: result: no
configure:10902: creating libtool
configure:11495: checking for ld used by x86_64-QNAP-linux-gnu-g++
configure:11562: result: x86_64-QNAP-linux-gnu-ld -m elf_x86_64
configure:11571: checking if the linker (x86_64-QNAP-linux-gnu-ld -m elf_x86_64) is GNU ld
configure:11586: result: yes
configure:11637: checking whether the x86_64-QNAP-linux-gnu-g++ linker (x86_64-QNAP-linux-gnu-ld -m elf_x86_64) supports shared libraries
configure:12591: result: yes
configure:12608: x86_64-QNAP-linux-gnu-g++ -c -g -O2 -I/root/daily_build/64_01/4.4.1/LinkFS/include -I/root/daily_build/64_01/4.4.1/LinkFS/include/tirpc conftest.cpp >&5
configure:12611: $? = 0
configure:12767: checking for x86_64-QNAP-linux-gnu-g++ option to produce PIC
configure:13051: result: -fPIC
configure:13059: checking if x86_64-QNAP-linux-gnu-g++ PIC flag -fPIC works
configure:13077: x86_64-QNAP-linux-gnu-g++ -c -g -O2 -I/root/daily_build/64_01/4.4.1/LinkFS/include -I/root/daily_build/64_01/4.4.1/LinkFS/include/tirpc -fPIC -DPIC conftest.cpp >&5
configure:13081: $? = 0
configure:13094: result: yes
configure:13122: checking if x86_64-QNAP-linux-gnu-g++ static flag -static works
configure:13150: result: no
configure:13160: checking if x86_64-QNAP-linux-gnu-g++ supports -c -o file.o
configure:13181: x86_64-QNAP-linux-gnu-g++ -c -g -O2 -I/root/daily_build/64_01/4.4.1/LinkFS/include -I/root/daily_build/64_01/4.4.1/LinkFS/include/tirpc -o out/conftest2.o conftest.cpp >&5
configure:13185: $? = 0
configure:13207: result: yes
configure:13233: checking whether the x86_64-QNAP-linux-gnu-g++ linker (x86_64-QNAP-linux-gnu-ld -m elf_x86_64) supports shared libraries
configure:13259: result: yes
configure:13326: checking dynamic linker characteristics
configure:13878: result: GNU/Linux ld.so
configure:13902: checking how to hardcode library paths into programs
configure:13927: result: immediate
configure:20275: checking arpa/inet.h usability
configure:20292: x86_64-QNAP-linux-gnu-gcc -c -DQNAPNAS -O2 -I/root/daily_build/64_01/4.4.1/LinkFS/include -I/root/daily_build/64_01/4.4.1/LinkFS/include/tirpc conftest.c >&5
configure:20299: $? = 0
configure:20313: result: yes
configure:20317: checking arpa/inet.h presence
configure:20332: x86_64-QNAP-linux-gnu-gcc -E -I/root/daily_build/64_01/4.4.1/LinkFS/include -I/root/daily_build/64_01/4.4.1/LinkFS/include/tirpc conftest.c
configure:20339: $? = 0
configure:20353: result: yes
configure:20381: checking for arpa/inet.h
configure:20390: result: yes
configure:20275: checking fcntl.h usability
configure:20292: x86_64-QNAP-linux-gnu-gcc -c -DQNAPNAS -O2 -I/root/daily_build/64_01/4.4.1/LinkFS/include -I/root/daily_build/64_01/4.4.1/LinkFS/include/tirpc conftest.c >&5
configure:20299: $? = 0
configure:20313: result: yes
configure:20317: checking fcntl.h presence
configure:20332: x86_64-QNAP-linux-gnu-gcc -E -I/root/daily_build/64_01/4.4.1/LinkFS/include -I/root/daily_build/64_01/4.4.1/LinkFS/include/tirpc conftest.c
configure:20339: $? = 0
configure:20353: result: yes
configure:20381: checking for fcntl.h
configure:20390: result: yes
configure:20275: checking netdb.h usability
configure:20292: x86_64-QNAP-linux-gnu-gcc -c -DQNAPNAS -O2 -I/root/daily_build/64_01/4.4.1/LinkFS/include -I/root/daily_build/64_01/4.4.1/LinkFS/include/tirpc conftest.c >&5
configure:20299: $? = 0
configure:20313: result: yes
configure:20317: checking netdb.h presence
configure:20332: x86_64-QNAP-linux-gnu-gcc -E -I/root/daily_build/64_01/4.4.1/LinkFS/include -I/root/daily_build/64_01/4.4.1/LinkFS/include/tirpc conftest.c
configure:20339: $? = 0
configure:20353: result: yes
configure:20381: checking for netdb.h
configure:20390: result: yes
configure:20275: checking netinet/in.h usability
configure:20292: x86_64-QNAP-linux-gnu-gcc -c -DQNAPNAS -O2 -I/root/daily_build/64_01/4.4.1/LinkFS/include -I/root/daily_build/64_01/4.4.1/LinkFS/include/tirpc conftest.c >&5
configure:20299: $? = 0
configure:20313: result: yes
configure:20317: checking netinet/in.h presence
configure:20332: x86_64-QNAP-linux-gnu-gcc -E -I/root/daily_build/64_01/4.4.1/LinkFS/include -I/root/daily_build/64_01/4.4.1/LinkFS/include/tirpc conftest.c
configure:20339: $? = 0
configure:20353: result: yes
configure:20381: checking for netinet/in.h
configure:20390: result: yes
configure:20264: checking for stdlib.h
configure:20271: result: yes
configure:20264: checking for string.h
configure:20271: result: yes
configure:20275: checking sys/param.h usability
configure:20292: x86_64-QNAP-linux-gnu-gcc -c -DQNAPNAS -O2 -I/root/daily_build/64_01/4.4.1/LinkFS/include -I/root/daily_build/64_01/4.4.1/LinkFS/include/tirpc conftest.c >&5
configure:20299: $? = 0
configure:20313: result: yes
configure:20317: checking sys/param.h presence
configure:20332: x86_64-QNAP-linux-gnu-gcc -E -I/root/daily_build/64_01/4.4.1/LinkFS/include -I/root/daily_build/64_01/4.4.1/LinkFS/include/tirpc conftest.c
configure:20339: $? = 0
configure:20353: result: yes
configure:20381: checking for sys/param.h
configure:20390: result: yes
configure:20275: checking sys/socket.h usability
configure:20292: x86_64-QNAP-linux-gnu-gcc -c -DQNAPNAS -O2 -I/root/daily_build/64_01/4.4.1/LinkFS/include -I/root/daily_build/64_01/4.4.1/LinkFS/include/tirpc conftest.c >&5
configure:20299: $? = 0
configure:20313: result: yes
configure:20317: checking sys/socket.h presence
configure:20332: x86_64-QNAP-linux-gnu-gcc -E -I/root/daily_build/64_01/4.4.1/LinkFS/include -I/root/daily_build/64_01/4.4.1/LinkFS/include/tirpc conftest.c
configure:20339: $? = 0
configure:20353: result: yes
configure:20381: checking for sys/socket.h
configure:20390: result: yes
configure:20275: checking sys/time.h usability
configure:20292: x86_64-QNAP-linux-gnu-gcc -c -DQNAPNAS -O2 -I/root/daily_build/64_01/4.4.1/LinkFS/include -I/root/daily_build/64_01/4.4.1/LinkFS/include/tirpc conftest.c >&5
configure:20299: $? = 0
configure:20313: result: yes
configure:20317: checking sys/time.h presence
configure:20332: x86_64-QNAP-linux-gnu-gcc -E -I/root/daily_build/64_01/4.4.1/LinkFS/include -I/root/daily_build/64_01/4.4.1/LinkFS/include/tirpc conftest.c
configure:20339: $? = 0
configure:20353: result: yes
configure:20381: checking for sys/time.h
configure:20390: result: yes
configure:20275: checking syslog.h usability
configure:20292: x86_64-QNAP-linux-gnu-gcc -c -DQNAPNAS -O2 -I/root/daily_build/64_01/4.4.1/LinkFS/include -I/root/daily_build/64_01/4.4.1/LinkFS/include/tirpc conftest.c >&5
configure:20299: $? = 0
configure:20313: result: yes
configure:20317: checking syslog.h presence
configure:20332: x86_64-QNAP-linux-gnu-gcc -E -I/root/daily_build/64_01/4.4.1/LinkFS/include -I/root/daily_build/64_01/4.4.1/LinkFS/include/tirpc conftest.c
configure:20339: $? = 0
configure:20353: result: yes
configure:20381: checking for syslog.h
configure:20390: result: yes
configure:20264: checking for unistd.h
configure:20271: result: yes
configure:20275: checking nss.h usability
configure:20292: x86_64-QNAP-linux-gnu-gcc -c -DQNAPNAS -O2 -I/root/daily_build/64_01/4.4.1/LinkFS/include -I/root/daily_build/64_01/4.4.1/LinkFS/include/tirpc conftest.c >&5
configure:20299: $? = 0
configure:20313: result: yes
configure:20317: checking nss.h presence
configure:20332: x86_64-QNAP-linux-gnu-gcc -E -I/root/daily_build/64_01/4.4.1/LinkFS/include -I/root/daily_build/64_01/4.4.1/LinkFS/include/tirpc conftest.c
configure:20339: $? = 0
configure:20353: result: yes
configure:20381: checking for nss.h
configure:20390: result: yes
configure:20407: checking for pthread_create in -lpthread
configure:20442: x86_64-QNAP-linux-gnu-gcc -o conftest -DQNAPNAS -O2 -I/root/daily_build/64_01/4.4.1/LinkFS/include -I/root/daily_build/64_01/4.4.1/LinkFS/include/tirpc -L/root/daily_build/64_01/4.4.1/LinkFS/lib -L/root/daily_build/64_01/4.4.1/LinkFS/lib64 -lgssglue -lgssapi_krb5 conftest.c -lpthread   >&5
configure:20449: $? = 0
configure:20470: result: yes
configure:20482: checking for clnt_create in -ltirpc
configure:20517: x86_64-QNAP-linux-gnu-gcc -o conftest -DQNAPNAS -O2 -I/root/daily_build/64_01/4.4.1/LinkFS/include -I/root/daily_build/64_01/4.4.1/LinkFS/include/tirpc -L/root/daily_build/64_01/4.4.1/LinkFS/lib -L/root/daily_build/64_01/4.4.1/LinkFS/lib64 -lgssglue -lgssapi_krb5 conftest.c -ltirpc  -lpthread  >&5
configure:20524: $? = 0
configure:20545: result: yes
configure:20799: creating ./config.status

## ---------------------- ##
## Running config.status. ##
## ---------------------- ##

This file was extended by rpcbind config.status 0.2.0, which was
generated by GNU Autoconf 2.63.  Invocation command line was

  CONFIG_FILES    = 
  CONFIG_HEADERS  = 
  CONFIG_LINKS    = 
  CONFIG_COMMANDS = 
  $ ./config.status 

on U16BuildServer115

config.status:823: creating Makefile
config.status:823: creating src/Makefile
config.status:823: creating man/Makefile
config.status:823: creating config.h
config.status:823: creating src/config.h
config.status:1097: executing depfiles commands

## ---------------- ##
## Cache variables. ##
## ---------------- ##

ac_cv_build=x86_64-pc-linux-gnu
ac_cv_c_compiler_gnu=yes
ac_cv_cxx_compiler_gnu=yes
ac_cv_env_CCC_set=
ac_cv_env_CCC_value=
ac_cv_env_CC_set=set
ac_cv_env_CC_value=x86_64-QNAP-linux-gnu-gcc
ac_cv_env_CFLAGS_set=set
ac_cv_env_CFLAGS_value='-DQNAPNAS -O2'
ac_cv_env_CPPFLAGS_set=set
ac_cv_env_CPPFLAGS_value='-I/root/daily_build/64_01/4.4.1/LinkFS/include -I/root/daily_build/64_01/4.4.1/LinkFS/include/tirpc'
ac_cv_env_CPP_set=
ac_cv_env_CPP_value=
ac_cv_env_CXXCPP_set=
ac_cv_env_CXXCPP_value=
ac_cv_env_CXXFLAGS_set=
ac_cv_env_CXXFLAGS_value=
ac_cv_env_CXX_set=set
ac_cv_env_CXX_value=x86_64-QNAP-linux-gnu-g++
ac_cv_env_F77_set=
ac_cv_env_F77_value=
ac_cv_env_FFLAGS_set=
ac_cv_env_FFLAGS_value=
ac_cv_env_LDFLAGS_set=set
ac_cv_env_LDFLAGS_value='-L/root/daily_build/64_01/4.4.1/LinkFS/lib -L/root/daily_build/64_01/4.4.1/LinkFS/lib64 -lgssglue -lgssapi_krb5'
ac_cv_env_LIBS_set=
ac_cv_env_LIBS_value=
ac_cv_env_build_alias_set=
ac_cv_env_build_alias_value=
ac_cv_env_host_alias_set=set
ac_cv_env_host_alias_value=x86_64-QNAP-linux-gnu
ac_cv_env_target_alias_set=
ac_cv_env_target_alias_value=
ac_cv_f77_compiler_gnu=no
ac_cv_header_arpa_inet_h=yes
ac_cv_header_dirent_dirent_h=yes
ac_cv_header_dlfcn_h=yes
ac_cv_header_fcntl_h=yes
ac_cv_header_inttypes_h=yes
ac_cv_header_memory_h=yes
ac_cv_header_netdb_h=yes
ac_cv_header_netinet_in_h=yes
ac_cv_header_nss_h=yes
ac_cv_header_stdc=yes
ac_cv_header_stdint_h=yes
ac_cv_header_stdlib_h=yes
ac_cv_header_string_h=yes
ac_cv_header_strings_h=yes
ac_cv_header_sys_param_h=yes
ac_cv_header_sys_socket_h=yes
ac_cv_header_sys_stat_h=yes
ac_cv_header_sys_time_h=yes
ac_cv_header_sys_types_h=yes
ac_cv_header_syslog_h=yes
ac_cv_header_unistd_h=yes
ac_cv_host=x86_64-QNAP-linux-gnu
ac_cv_lib_pthread_pthread_create=yes
ac_cv_lib_tirpc_clnt_create=yes
ac_cv_objext=o
ac_cv_path_EGREP='/bin/grep -E'
ac_cv_path_GREP=/bin/grep
ac_cv_path_install='/usr/bin/install -c'
ac_cv_path_mkdir=/bin/mkdir
ac_cv_prog_AR=x86_64-QNAP-linux-gnu-ar
ac_cv_prog_AWK=gawk
ac_cv_prog_CC=x86_64-QNAP-linux-gnu-gcc
ac_cv_prog_CPP='x86_64-QNAP-linux-gnu-gcc -E'
ac_cv_prog_CXXCPP='x86_64-QNAP-linux-gnu-g++ -E'
ac_cv_prog_RANLIB=x86_64-QNAP-linux-gnu-ranlib
ac_cv_prog_STRIP=x86_64-QNAP-linux-gnu-strip
ac_cv_prog_cc_c89=
ac_cv_prog_cc_g=yes
ac_cv_prog_cxx_g=yes
ac_cv_prog_f77_g=no
ac_cv_prog_make_make_set=yes
ac_cv_search_opendir='none required'
am_cv_CC_dependencies_compiler_type=gcc3
am_cv_CXX_dependencies_compiler_type=gcc3
lt_cv_deplibs_check_method=pass_all
lt_cv_file_magic_cmd='$MAGIC_CMD'
lt_cv_file_magic_test_file=
lt_cv_ld_reload_flag=-r
lt_cv_objdir=.libs
lt_cv_path_LD=x86_64-QNAP-linux-gnu-ld
lt_cv_path_LDCXX='x86_64-QNAP-linux-gnu-ld -m elf_x86_64'
lt_cv_path_NM='/root/CT/x86_64-QNAP-linux-gnu/cross-tools/bin/x86_64-QNAP-linux-gnu-nm -B'
lt_cv_path_SED=/bin/sed
lt_cv_prog_compiler_c_o=yes
lt_cv_prog_compiler_c_o_CXX=yes
lt_cv_prog_compiler_pic_works=yes
lt_cv_prog_compiler_pic_works_CXX=yes
lt_cv_prog_compiler_rtti_exceptions=no
lt_cv_prog_compiler_static_works=no
lt_cv_prog_compiler_static_works_CXX=no
lt_cv_prog_gnu_ld=yes
lt_cv_prog_gnu_ldcxx=yes
lt_cv_sys_global_symbol_pipe='sed -n -e '\''s/^.*[ 	]\([ABCDGIRSTW][ABCDGIRSTW]*\)[ 	][ 	]*\([_A-Za-z][_A-Za-z0-9]*\)$/\1 \2 \2/p'\'''
lt_cv_sys_global_symbol_to_c_name_address='sed -n -e '\''s/^: \([^ ]*\) $/  {\"\1\", (lt_ptr) 0},/p'\'' -e '\''s/^[BCDEGRST] \([^ ]*\) \([^ ]*\)$/  {"\2", (lt_ptr) \&\2},/p'\'''
lt_cv_sys_global_symbol_to_cdecl='sed -n -e '\''s/^. .* \(.*\)$/extern int \1;/p'\'''
lt_cv_sys_lib_dlsearch_path_spec='/usr/lib64 /lib64 /usr/lib/x86_64-linux-gnu/libfakeroot /usr/local/lib /lib/x86_64-linux-gnu /usr/lib/x86_64-linux-gnu '
lt_cv_sys_lib_search_path_spec='/usr/lib64 /lib64 /usr/local/lib64'
lt_cv_sys_max_cmd_len=1572864
lt_lt_cv_prog_compiler_c_o='"yes"'
lt_lt_cv_prog_compiler_c_o_CXX='"yes"'
lt_lt_cv_sys_global_symbol_pipe='"sed -n -e '\''s/^.*[ 	]\\([ABCDGIRSTW][ABCDGIRSTW]*\\)[ 	][ 	]*\\([_A-Za-z][_A-Za-z0-9]*\\)\$/\\1 \\2 \\2/p'\''"'
lt_lt_cv_sys_global_symbol_to_c_name_address='"sed -n -e '\''s/^: \\([^ ]*\\) \$/  {\\\"\\1\\\", (lt_ptr) 0},/p'\'' -e '\''s/^[BCDEGRST] \\([^ ]*\\) \\([^ ]*\\)\$/  {\"\\2\", (lt_ptr) \\&\\2},/p'\''"'
lt_lt_cv_sys_global_symbol_to_cdecl='"sed -n -e '\''s/^. .* \\(.*\\)\$/extern int \\1;/p'\''"'

## ----------------- ##
## Output variables. ##
## ----------------- ##

ACLOCAL='${SHELL} /root/daily_build/64_01/4.4.1/SysUtil/rpcbind-0.2.0/missing --run aclocal-1.10'
AMDEPBACKSLASH='\'
AMDEP_FALSE='#'
AMDEP_TRUE=''
AMTAR='${SHELL} /root/daily_build/64_01/4.4.1/SysUtil/rpcbind-0.2.0/missing --run tar'
AR='x86_64-QNAP-linux-gnu-ar'
AUTOCONF='${SHELL} /root/daily_build/64_01/4.4.1/SysUtil/rpcbind-0.2.0/missing --run autoconf'
AUTOHEADER='${SHELL} /root/daily_build/64_01/4.4.1/SysUtil/rpcbind-0.2.0/missing --run autoheader'
AUTOMAKE='${SHELL} /root/daily_build/64_01/4.4.1/SysUtil/rpcbind-0.2.0/missing --run automake-1.10'
AWK='gawk'
CC='x86_64-QNAP-linux-gnu-gcc'
CCDEPMODE='depmode=gcc3'
CFLAGS='-DQNAPNAS -O2'
CPP='x86_64-QNAP-linux-gnu-gcc -E'
CPPFLAGS='-I/root/daily_build/64_01/4.4.1/LinkFS/include -I/root/daily_build/64_01/4.4.1/LinkFS/include/tirpc'
CXX='x86_64-QNAP-linux-gnu-g++'
CXXCPP='x86_64-QNAP-linux-gnu-g++ -E'
CXXDEPMODE='depmode=gcc3'
CXXFLAGS='-g -O2'
CYGPATH_W='echo'
DEBUG_FALSE=''
DEBUG_TRUE='#'
DEFS='-DHAVE_CONFIG_H'
DEPDIR='.deps'
DSYMUTIL=''
ECHO='echo'
ECHO_C=''
ECHO_N='-n'
ECHO_T=''
EGREP='/bin/grep -E'
EXEEXT=''
F77=''
FFLAGS=''
GREP='/bin/grep'
INSTALL_DATA='${INSTALL} -m 644'
INSTALL_PROGRAM='${INSTALL}'
INSTALL_SCRIPT='${INSTALL}'
INSTALL_STRIP_PROGRAM='$(install_sh) -c -s'
LDFLAGS='-L/root/daily_build/64_01/4.4.1/LinkFS/lib -L/root/daily_build/64_01/4.4.1/LinkFS/lib64 -lgssglue -lgssapi_krb5'
LIBOBJS=''
LIBS='-ltirpc -lpthread '
LIBTOOL='$(SHELL) $(top_builddir)/libtool'
LIBWRAP_FALSE=''
LIBWRAP_TRUE='#'
LN_S='ln -s'
LTLIBOBJS=''
MAKEINFO='${SHELL} /root/daily_build/64_01/4.4.1/SysUtil/rpcbind-0.2.0/missing --run makeinfo'
MKDIR_P='/bin/mkdir -p'
NMEDIT=''
OBJEXT='o'
PACKAGE='rpcbind'
PACKAGE_BUGREPORT=''
PACKAGE_NAME='rpcbind'
PACKAGE_STRING='rpcbind 0.2.0'
PACKAGE_TARNAME='rpcbind'
PACKAGE_VERSION='0.2.0'
PATH_SEPARATOR=':'
RANLIB='x86_64-QNAP-linux-gnu-ranlib'
SED='/bin/sed'
SET_MAKE=''
SHELL='/bin/bash'
STRIP='x86_64-QNAP-linux-gnu-strip'
VERSION='0.2.0'
WARMSTART_FALSE=''
WARMSTART_TRUE='#'
ac_ct_CC=''
ac_ct_CXX=''
ac_ct_F77=''
am__fastdepCC_FALSE='#'
am__fastdepCC_TRUE=''
am__fastdepCXX_FALSE='#'
am__fastdepCXX_TRUE=''
am__include='include'
am__isrc=''
am__leading_dot='.'
am__quote=''
am__tar='${AMTAR} chof - "$$tardir"'
am__untar='${AMTAR} xf -'
bindir='${exec_prefix}/bin'
build='x86_64-pc-linux-gnu'
build_alias=''
build_cpu='x86_64'
build_os='linux-gnu'
build_vendor='pc'
datadir='${datarootdir}'
datarootdir='${prefix}/share'
docdir='${datarootdir}/doc/${PACKAGE_TARNAME}'
dvidir='${docdir}'
exec_prefix='${prefix}'
host='x86_64-QNAP-linux-gnu'
host_alias='x86_64-QNAP-linux-gnu'
host_cpu='x86_64'
host_os='linux-gnu'
host_vendor='QNAP'
htmldir='${docdir}'
includedir='${prefix}/include'
infodir='${datarootdir}/info'
install_sh='$(SHELL) /root/daily_build/64_01/4.4.1/SysUtil/rpcbind-0.2.0/install-sh'
libdir='${exec_prefix}/lib'
libexecdir='${exec_prefix}/libexec'
localedir='${datarootdir}/locale'
localstatedir='${prefix}/var'
mandir='${datarootdir}/man'
mkdir_p='/bin/mkdir -p'
oldincludedir='/usr/include'
pdfdir='${docdir}'
prefix=''
program_transform_name='s,x,x,'
psdir='${docdir}'
rpcuser='admin'
sbindir='${exec_prefix}/sbin'
sharedstatedir='${prefix}/com'
statedir=''
sysconfdir='${prefix}/etc'
target_alias=''

## ----------- ##
## confdefs.h. ##
## ----------- ##

#define PACKAGE_NAME "rpcbind"
#define PACKAGE_TARNAME "rpcbind"
#define PACKAGE_VERSION "0.2.0"
#define PACKAGE_STRING "rpcbind 0.2.0"
#define PACKAGE_BUGREPORT ""
#define PACKAGE "rpcbind"
#define VERSION "0.2.0"
#define HAVE_DIRENT_H 1
#define STDC_HEADERS 1
#define HAVE_SYS_TYPES_H 1
#define HAVE_SYS_STAT_H 1
#define HAVE_STDLIB_H 1
#define HAVE_STRING_H 1
#define HAVE_MEMORY_H 1
#define HAVE_STRINGS_H 1
#define HAVE_INTTYPES_H 1
#define HAVE_STDINT_H 1
#define HAVE_UNISTD_H 1
#define HAVE_DLFCN_H 1
#define RPCBIND_USER "admin"
#define HAVE_ARPA_INET_H 1
#define HAVE_FCNTL_H 1
#define HAVE_NETDB_H 1
#define HAVE_NETINET_IN_H 1
#define HAVE_STDLIB_H 1
#define HAVE_STRING_H 1
#define HAVE_SYS_PARAM_H 1
#define HAVE_SYS_SOCKET_H 1
#define HAVE_SYS_TIME_H 1
#define HAVE_SYSLOG_H 1
#define HAVE_UNISTD_H 1
#define HAVE_NSS_H 1
#define HAVE_LIBPTHREAD 1
#define HAVE_LIBTIRPC 1

configure: exit 0
