This file contains any messages produced by compilers while
running configure, to aid debugging if configure makes a mistake.

It was created by ID3 Tag configure 0.15.1b, which was
generated by GNU Autoconf 2.61.  Invocation command line was

  $ ./configure --host=x86_64-QNAP-linux-gnu --prefix= --enable-shared --disable-static --disable-nls

## --------- ##
## Platform. ##
## --------- ##

hostname = U16BuildServer115
uname -m = x86_64
uname -r = 4.4.0-21-generic
uname -s = Linux
uname -v = #37-Ubuntu SMP Mon Apr 18 18:33:37 UTC 2016

/usr/bin/uname -p = unknown
/bin/uname -X     = unknown

/bin/arch              = unknown
/usr/bin/arch -k       = unknown
/usr/convex/getsysinfo = unknown
/usr/bin/hostinfo      = unknown
/bin/machine           = unknown
/usr/bin/oslevel       = unknown
/bin/universe          = unknown

PATH: /root/CT/x86_64-QNAP-linux-gnu/cross-tools/bin
PATH: /root/CT/x86_64-QNAP-linux-gnu/cross-tools/bin
PATH: /usr/local/sbin
PATH: /usr/local/bin
PATH: /usr/sbin
PATH: /usr/bin
PATH: /sbin
PATH: /bin


## ----------- ##
## Core tests. ##
## ----------- ##

configure:1985: checking for a BSD-compatible install
configure:2041: result: /usr/bin/install -c
configure:2052: checking whether build environment is sane
configure:2095: result: yes
configure:2152: checking for gawk
configure:2168: found /usr/bin/gawk
configure:2179: result: gawk
configure:2190: checking whether make sets $(MAKE)
configure:2211: result: yes
configure:2290: checking for x86_64-QNAP-linux-gnu-strip
configure:2317: result: x86_64-QNAP-linux-gnu-strip
configure:2402: checking build system type
configure:2420: result: x86_64-pc-linux-gnu
configure:2442: checking host system type
configure:2457: result: x86_64-QNAP-linux-gnu
configure:2489: checking for x86_64-QNAP-linux-gnu-gcc
configure:2516: result: x86_64-QNAP-linux-gnu-gcc
configure:2794: checking for C compiler version
configure:2801: x86_64-QNAP-linux-gnu-gcc --version >&5
x86_64-QNAP-linux-gnu-gcc (toolchain config: [gcc-4.9.2 binutils-2.25 glibc-2.21]) 4.9.2
Copyright (C) 2014 Free Software Foundation, Inc.
This is free software; see the source for copying conditions.  There is NO
warranty; not even for MERCHANTABILITY or FITNESS FOR A PARTICULAR PURPOSE.

configure:2804: $? = 0
configure:2811: x86_64-QNAP-linux-gnu-gcc -v >&5
Using built-in specs.
COLLECT_GCC=x86_64-QNAP-linux-gnu-gcc
COLLECT_LTO_WRAPPER=/root/CT/x86_64-QNAP-linux-gnu/cross-tools/bin/../libexec/gcc/x86_64-QNAP-linux-gnu/4.9.2/lto-wrapper
Target: x86_64-QNAP-linux-gnu
Configured with: ../gcc-4.9.2/configure --with-pkgversion='toolchain config: [gcc-4.9.2 binutils-2.25 glibc-2.21]' --prefix=/root/toolchain/docker_deploy/dockerfile/CT_auto_build/CT/x86_64-QNAP-linux-gnu/cross-tools --with-sysroot=/root/toolchain/docker_deploy/dockerfile/CT_auto_build/CT/x86_64-QNAP-linux-gnu/cross-tools/../fs --enable-tls --disable-nls --enable-languages=c,c++ --enable-c99 --enable-__cxa_atexit --enable-shared --enable-long-long --disable-multilib --enable-threads=posix --disable-libgomp --enable-checking=release --build=x86_64-linux-gnu --host=x86_64-linux-gnu --target=x86_64-QNAP-linux-gnu gcc_cv_libc_provides_ssp=yes
Thread model: posix
gcc version 4.9.2 (toolchain config: [gcc-4.9.2 binutils-2.25 glibc-2.21]) 
configure:2814: $? = 0
configure:2821: x86_64-QNAP-linux-gnu-gcc -V >&5
x86_64-QNAP-linux-gnu-gcc: error: unrecognized command line option '-V'
x86_64-QNAP-linux-gnu-gcc: fatal error: no input files
compilation terminated.
configure:2824: $? = 1
configure:2847: checking for C compiler default output file name
configure:2874: x86_64-QNAP-linux-gnu-gcc -DQNAPNAS -I/root/daily_build/64_01/4.4.1/LinkFS/include -DCPPFLAGS_OPT -L/root/daily_build/64_01/4.4.1/LinkFS/lib -L/root/daily_build/64_01/4.4.1/LinkFS/lib64 -DLDFLAGS_OPT conftest.c  >&5
configure:2877: $? = 0
configure:2915: result: a.out
configure:2932: checking whether the C compiler works
configure:2942: ./a.out
configure:2945: $? = 0
configure:2962: result: yes
configure:2969: checking whether we are cross compiling
configure:2971: result: no
configure:2974: checking for suffix of executables
configure:2981: x86_64-QNAP-linux-gnu-gcc -o conftest -DQNAPNAS -I/root/daily_build/64_01/4.4.1/LinkFS/include -DCPPFLAGS_OPT -L/root/daily_build/64_01/4.4.1/LinkFS/lib -L/root/daily_build/64_01/4.4.1/LinkFS/lib64 -DLDFLAGS_OPT conftest.c  >&5
configure:2984: $? = 0
configure:3008: result: 
configure:3014: checking for suffix of object files
configure:3040: x86_64-QNAP-linux-gnu-gcc -c -DQNAPNAS -I/root/daily_build/64_01/4.4.1/LinkFS/include -DCPPFLAGS_OPT conftest.c >&5
configure:3043: $? = 0
configure:3066: result: o
configure:3070: checking whether we are using the GNU C compiler
configure:3099: x86_64-QNAP-linux-gnu-gcc -c -DQNAPNAS -I/root/daily_build/64_01/4.4.1/LinkFS/include -DCPPFLAGS_OPT conftest.c >&5
configure:3105: $? = 0
configure:3122: result: yes
configure:3127: checking whether x86_64-QNAP-linux-gnu-gcc accepts -g
configure:3157: x86_64-QNAP-linux-gnu-gcc -c -g -I/root/daily_build/64_01/4.4.1/LinkFS/include -DCPPFLAGS_OPT conftest.c >&5
configure:3163: $? = 0
configure:3262: result: yes
configure:3279: checking for x86_64-QNAP-linux-gnu-gcc option to accept ISO C89
configure:3353: x86_64-QNAP-linux-gnu-gcc  -c -DQNAPNAS -I/root/daily_build/64_01/4.4.1/LinkFS/include -DCPPFLAGS_OPT conftest.c >&5
configure:3359: $? = 0
configure:3382: result: none needed
configure:3411: checking for style of include used by make
configure:3439: result: GNU
configure:3467: checking dependency style of x86_64-QNAP-linux-gnu-gcc
configure:3550: result: gcc3
configure:3655: checking for a sed that does not truncate output
configure:3709: result: /bin/sed
configure:3712: checking for grep that handles long lines and -e
configure:3786: result: /bin/grep
configure:3791: checking for egrep
configure:3869: result: /bin/grep -E
configure:3885: checking for ld used by x86_64-QNAP-linux-gnu-gcc
configure:3952: result: x86_64-QNAP-linux-gnu-ld
configure:3961: checking if the linker (x86_64-QNAP-linux-gnu-ld) is GNU ld
configure:3976: result: yes
configure:3981: checking for x86_64-QNAP-linux-gnu-ld option to reload object files
configure:3988: result: -r
configure:3997: checking for BSD-compatible nm
configure:4039: result: /root/CT/x86_64-QNAP-linux-gnu/cross-tools/bin/x86_64-QNAP-linux-gnu-nm -B
configure:4043: checking whether ln -s works
configure:4047: result: yes
configure:4054: checking how to recognise dependent libraries
configure:4228: result: pass_all
configure:4313: x86_64-QNAP-linux-gnu-gcc -c -DQNAPNAS -I/root/daily_build/64_01/4.4.1/LinkFS/include -DCPPFLAGS_OPT conftest.c >&5
configure:4316: $? = 0
configure:4439: checking how to run the C preprocessor
configure:4479: x86_64-QNAP-linux-gnu-gcc -E -I/root/daily_build/64_01/4.4.1/LinkFS/include -DCPPFLAGS_OPT conftest.c
configure:4485: $? = 0
configure:4516: x86_64-QNAP-linux-gnu-gcc -E -I/root/daily_build/64_01/4.4.1/LinkFS/include -DCPPFLAGS_OPT conftest.c
conftest.c:10:28: fatal error: ac_nonexistent.h: No such file or directory
 #include <ac_nonexistent.h>
                            ^
compilation terminated.
configure:4522: $? = 1
configure: failed program was:
| /* confdefs.h.  */
| #define PACKAGE_NAME "ID3 Tag"
| #define PACKAGE_TARNAME "libid3tag"
| #define PACKAGE_VERSION "0.15.1b"
| #define PACKAGE_STRING "ID3 Tag 0.15.1b"
| #define PACKAGE_BUGREPORT "support@underbit.com"
| #define PACKAGE "libid3tag"
| #define VERSION "0.15.1b"
| /* end confdefs.h.  */
| #include <ac_nonexistent.h>
configure:4555: result: x86_64-QNAP-linux-gnu-gcc -E
configure:4584: x86_64-QNAP-linux-gnu-gcc -E -I/root/daily_build/64_01/4.4.1/LinkFS/include -DCPPFLAGS_OPT conftest.c
configure:4590: $? = 0
configure:4621: x86_64-QNAP-linux-gnu-gcc -E -I/root/daily_build/64_01/4.4.1/LinkFS/include -DCPPFLAGS_OPT conftest.c
conftest.c:10:28: fatal error: ac_nonexistent.h: No such file or directory
 #include <ac_nonexistent.h>
                            ^
compilation terminated.
configure:4627: $? = 1
configure: failed program was:
| /* confdefs.h.  */
| #define PACKAGE_NAME "ID3 Tag"
| #define PACKAGE_TARNAME "libid3tag"
| #define PACKAGE_VERSION "0.15.1b"
| #define PACKAGE_STRING "ID3 Tag 0.15.1b"
| #define PACKAGE_BUGREPORT "support@underbit.com"
| #define PACKAGE "libid3tag"
| #define VERSION "0.15.1b"
| /* end confdefs.h.  */
| #include <ac_nonexistent.h>
configure:4665: checking for ANSI C header files
configure:4695: x86_64-QNAP-linux-gnu-gcc -c -DQNAPNAS -I/root/daily_build/64_01/4.4.1/LinkFS/include -DCPPFLAGS_OPT conftest.c >&5
configure:4701: $? = 0
configure:4800: x86_64-QNAP-linux-gnu-gcc -o conftest -DQNAPNAS -I/root/daily_build/64_01/4.4.1/LinkFS/include -DCPPFLAGS_OPT -L/root/daily_build/64_01/4.4.1/LinkFS/lib -L/root/daily_build/64_01/4.4.1/LinkFS/lib64 -DLDFLAGS_OPT conftest.c  >&5
configure:4803: $? = 0
configure:4809: ./conftest
configure:4812: $? = 0
configure:4829: result: yes
configure:4853: checking for sys/types.h
configure:4874: x86_64-QNAP-linux-gnu-gcc -c -DQNAPNAS -I/root/daily_build/64_01/4.4.1/LinkFS/include -DCPPFLAGS_OPT conftest.c >&5
configure:4880: $? = 0
configure:4896: result: yes
configure:4853: checking for sys/stat.h
configure:4874: x86_64-QNAP-linux-gnu-gcc -c -DQNAPNAS -I/root/daily_build/64_01/4.4.1/LinkFS/include -DCPPFLAGS_OPT conftest.c >&5
configure:4880: $? = 0
configure:4896: result: yes
configure:4853: checking for stdlib.h
configure:4874: x86_64-QNAP-linux-gnu-gcc -c -DQNAPNAS -I/root/daily_build/64_01/4.4.1/LinkFS/include -DCPPFLAGS_OPT conftest.c >&5
configure:4880: $? = 0
configure:4896: result: yes
configure:4853: checking for string.h
configure:4874: x86_64-QNAP-linux-gnu-gcc -c -DQNAPNAS -I/root/daily_build/64_01/4.4.1/LinkFS/include -DCPPFLAGS_OPT conftest.c >&5
configure:4880: $? = 0
configure:4896: result: yes
configure:4853: checking for memory.h
configure:4874: x86_64-QNAP-linux-gnu-gcc -c -DQNAPNAS -I/root/daily_build/64_01/4.4.1/LinkFS/include -DCPPFLAGS_OPT conftest.c >&5
configure:4880: $? = 0
configure:4896: result: yes
configure:4853: checking for strings.h
configure:4874: x86_64-QNAP-linux-gnu-gcc -c -DQNAPNAS -I/root/daily_build/64_01/4.4.1/LinkFS/include -DCPPFLAGS_OPT conftest.c >&5
configure:4880: $? = 0
configure:4896: result: yes
configure:4853: checking for inttypes.h
configure:4874: x86_64-QNAP-linux-gnu-gcc -c -DQNAPNAS -I/root/daily_build/64_01/4.4.1/LinkFS/include -DCPPFLAGS_OPT conftest.c >&5
configure:4880: $? = 0
configure:4896: result: yes
configure:4853: checking for stdint.h
configure:4874: x86_64-QNAP-linux-gnu-gcc -c -DQNAPNAS -I/root/daily_build/64_01/4.4.1/LinkFS/include -DCPPFLAGS_OPT conftest.c >&5
configure:4880: $? = 0
configure:4896: result: yes
configure:4853: checking for unistd.h
configure:4874: x86_64-QNAP-linux-gnu-gcc -c -DQNAPNAS -I/root/daily_build/64_01/4.4.1/LinkFS/include -DCPPFLAGS_OPT conftest.c >&5
configure:4880: $? = 0
configure:4896: result: yes
configure:4923: checking dlfcn.h usability
configure:4940: x86_64-QNAP-linux-gnu-gcc -c -DQNAPNAS -I/root/daily_build/64_01/4.4.1/LinkFS/include -DCPPFLAGS_OPT conftest.c >&5
configure:4946: $? = 0
configure:4960: result: yes
configure:4964: checking dlfcn.h presence
configure:4979: x86_64-QNAP-linux-gnu-gcc -E -I/root/daily_build/64_01/4.4.1/LinkFS/include -DCPPFLAGS_OPT conftest.c
configure:4985: $? = 0
configure:4999: result: yes
configure:5032: checking for dlfcn.h
configure:5040: result: yes
configure:5169: checking for C++ compiler version
configure:5176: x86_64-QNAP-linux-gnu-g++ --version >&5
x86_64-QNAP-linux-gnu-g++ (toolchain config: [gcc-4.9.2 binutils-2.25 glibc-2.21]) 4.9.2
Copyright (C) 2014 Free Software Foundation, Inc.
This is free software; see the source for copying conditions.  There is NO
warranty; not even for MERCHANTABILITY or FITNESS FOR A PARTICULAR PURPOSE.

configure:5179: $? = 0
configure:5186: x86_64-QNAP-linux-gnu-g++ -v >&5
Using built-in specs.
COLLECT_GCC=x86_64-QNAP-linux-gnu-g++
COLLECT_LTO_WRAPPER=/root/CT/x86_64-QNAP-linux-gnu/cross-tools/bin/../libexec/gcc/x86_64-QNAP-linux-gnu/4.9.2/lto-wrapper
Target: x86_64-QNAP-linux-gnu
Configured with: ../gcc-4.9.2/configure --with-pkgversion='toolchain config: [gcc-4.9.2 binutils-2.25 glibc-2.21]' --prefix=/root/toolchain/docker_deploy/dockerfile/CT_auto_build/CT/x86_64-QNAP-linux-gnu/cross-tools --with-sysroot=/root/toolchain/docker_deploy/dockerfile/CT_auto_build/CT/x86_64-QNAP-linux-gnu/cross-tools/../fs --enable-tls --disable-nls --enable-languages=c,c++ --enable-c99 --enable-__cxa_atexit --enable-shared --enable-long-long --disable-multilib --enable-threads=posix --disable-libgomp --enable-checking=release --build=x86_64-linux-gnu --host=x86_64-linux-gnu --target=x86_64-QNAP-linux-gnu gcc_cv_libc_provides_ssp=yes
Thread model: posix
gcc version 4.9.2 (toolchain config: [gcc-4.9.2 binutils-2.25 glibc-2.21]) 
configure:5189: $? = 0
configure:5196: x86_64-QNAP-linux-gnu-g++ -V >&5
x86_64-QNAP-linux-gnu-g++: error: unrecognized command line option '-V'
x86_64-QNAP-linux-gnu-g++: fatal error: no input files
compilation terminated.
configure:5199: $? = 1
configure:5202: checking whether we are using the GNU C++ compiler
configure:5231: x86_64-QNAP-linux-gnu-g++ -c  -I/root/daily_build/64_01/4.4.1/LinkFS/include -DCPPFLAGS_OPT conftest.cpp >&5
configure:5237: $? = 0
configure:5254: result: yes
configure:5259: checking whether x86_64-QNAP-linux-gnu-g++ accepts -g
configure:5289: x86_64-QNAP-linux-gnu-g++ -c -g -I/root/daily_build/64_01/4.4.1/LinkFS/include -DCPPFLAGS_OPT conftest.cpp >&5
configure:5295: $? = 0
configure:5394: result: yes
configure:5419: checking dependency style of x86_64-QNAP-linux-gnu-g++
configure:5502: result: gcc3
configure:5524: checking how to run the C++ preprocessor
configure:5560: x86_64-QNAP-linux-gnu-g++ -E -I/root/daily_build/64_01/4.4.1/LinkFS/include -DCPPFLAGS_OPT conftest.cpp
configure:5566: $? = 0
configure:5597: x86_64-QNAP-linux-gnu-g++ -E -I/root/daily_build/64_01/4.4.1/LinkFS/include -DCPPFLAGS_OPT conftest.cpp
conftest.cpp:21:28: fatal error: ac_nonexistent.h: No such file or directory
 #include <ac_nonexistent.h>
                            ^
compilation terminated.
configure:5603: $? = 1
configure: failed program was:
| /* confdefs.h.  */
| #define PACKAGE_NAME "ID3 Tag"
| #define PACKAGE_TARNAME "libid3tag"
| #define PACKAGE_VERSION "0.15.1b"
| #define PACKAGE_STRING "ID3 Tag 0.15.1b"
| #define PACKAGE_BUGREPORT "support@underbit.com"
| #define PACKAGE "libid3tag"
| #define VERSION "0.15.1b"
| #define STDC_HEADERS 1
| #define HAVE_SYS_TYPES_H 1
| #define HAVE_SYS_STAT_H 1
| #define HAVE_STDLIB_H 1
| #define HAVE_STRING_H 1
| #define HAVE_MEMORY_H 1
| #define HAVE_STRINGS_H 1
| #define HAVE_INTTYPES_H 1
| #define HAVE_STDINT_H 1
| #define HAVE_UNISTD_H 1
| #define HAVE_DLFCN_H 1
| /* end confdefs.h.  */
| #include <ac_nonexistent.h>
configure:5636: result: x86_64-QNAP-linux-gnu-g++ -E
configure:5665: x86_64-QNAP-linux-gnu-g++ -E -I/root/daily_build/64_01/4.4.1/LinkFS/include -DCPPFLAGS_OPT conftest.cpp
configure:5671: $? = 0
configure:5702: x86_64-QNAP-linux-gnu-g++ -E -I/root/daily_build/64_01/4.4.1/LinkFS/include -DCPPFLAGS_OPT conftest.cpp
conftest.cpp:21:28: fatal error: ac_nonexistent.h: No such file or directory
 #include <ac_nonexistent.h>
                            ^
compilation terminated.
configure:5708: $? = 1
configure: failed program was:
| /* confdefs.h.  */
| #define PACKAGE_NAME "ID3 Tag"
| #define PACKAGE_TARNAME "libid3tag"
| #define PACKAGE_VERSION "0.15.1b"
| #define PACKAGE_STRING "ID3 Tag 0.15.1b"
| #define PACKAGE_BUGREPORT "support@underbit.com"
| #define PACKAGE "libid3tag"
| #define VERSION "0.15.1b"
| #define STDC_HEADERS 1
| #define HAVE_SYS_TYPES_H 1
| #define HAVE_SYS_STAT_H 1
| #define HAVE_STDLIB_H 1
| #define HAVE_STRING_H 1
| #define HAVE_MEMORY_H 1
| #define HAVE_STRINGS_H 1
| #define HAVE_INTTYPES_H 1
| #define HAVE_STDINT_H 1
| #define HAVE_UNISTD_H 1
| #define HAVE_DLFCN_H 1
| /* end confdefs.h.  */
| #include <ac_nonexistent.h>
configure:5755: checking for x86_64-QNAP-linux-gnu-g77
configure:5785: result: no
configure:5755: checking for x86_64-QNAP-linux-gnu-xlf
configure:5785: result: no
configure:5755: checking for x86_64-QNAP-linux-gnu-f77
configure:5785: result: no
configure:5755: checking for x86_64-QNAP-linux-gnu-frt
configure:5785: result: no
configure:5755: checking for x86_64-QNAP-linux-gnu-pgf77
configure:5785: result: no
configure:5755: checking for x86_64-QNAP-linux-gnu-cf77
configure:5785: result: no
configure:5755: checking for x86_64-QNAP-linux-gnu-fort77
configure:5785: result: no
configure:5755: checking for x86_64-QNAP-linux-gnu-fl32
configure:5785: result: no
configure:5755: checking for x86_64-QNAP-linux-gnu-af77
configure:5785: result: no
configure:5755: checking for x86_64-QNAP-linux-gnu-xlf90
configure:5785: result: no
configure:5755: checking for x86_64-QNAP-linux-gnu-f90
configure:5785: result: no
configure:5755: checking for x86_64-QNAP-linux-gnu-pgf90
configure:5785: result: no
configure:5755: checking for x86_64-QNAP-linux-gnu-pghpf
configure:5785: result: no
configure:5755: checking for x86_64-QNAP-linux-gnu-epcf90
configure:5785: result: no
configure:5755: checking for x86_64-QNAP-linux-gnu-gfortran
configure:5785: result: no
configure:5755: checking for x86_64-QNAP-linux-gnu-g95
configure:5785: result: no
configure:5755: checking for x86_64-QNAP-linux-gnu-xlf95
configure:5785: result: no
configure:5755: checking for x86_64-QNAP-linux-gnu-f95
configure:5785: result: no
configure:5755: checking for x86_64-QNAP-linux-gnu-fort
configure:5785: result: no
configure:5755: checking for x86_64-QNAP-linux-gnu-ifort
configure:5785: result: no
configure:5755: checking for x86_64-QNAP-linux-gnu-ifc
configure:5785: result: no
configure:5755: checking for x86_64-QNAP-linux-gnu-efc
configure:5785: result: no
configure:5755: checking for x86_64-QNAP-linux-gnu-pgf95
configure:5785: result: no
configure:5755: checking for x86_64-QNAP-linux-gnu-lf95
configure:5785: result: no
configure:5755: checking for x86_64-QNAP-linux-gnu-ftn
configure:5785: result: no
configure:5799: checking for g77
configure:5829: result: no
configure:5799: checking for xlf
configure:5829: result: no
configure:5799: checking for f77
configure:5829: result: no
configure:5799: checking for frt
configure:5829: result: no
configure:5799: checking for pgf77
configure:5829: result: no
configure:5799: checking for cf77
configure:5829: result: no
configure:5799: checking for fort77
configure:5829: result: no
configure:5799: checking for fl32
configure:5829: result: no
configure:5799: checking for af77
configure:5829: result: no
configure:5799: checking for xlf90
configure:5829: result: no
configure:5799: checking for f90
configure:5829: result: no
configure:5799: checking for pgf90
configure:5829: result: no
configure:5799: checking for pghpf
configure:5829: result: no
configure:5799: checking for epcf90
configure:5829: result: no
configure:5799: checking for gfortran
configure:5829: result: no
configure:5799: checking for g95
configure:5829: result: no
configure:5799: checking for xlf95
configure:5829: result: no
configure:5799: checking for f95
configure:5829: result: no
configure:5799: checking for fort
configure:5829: result: no
configure:5799: checking for ifort
configure:5829: result: no
configure:5799: checking for ifc
configure:5829: result: no
configure:5799: checking for efc
configure:5829: result: no
configure:5799: checking for pgf95
configure:5829: result: no
configure:5799: checking for lf95
configure:5829: result: no
configure:5799: checking for ftn
configure:5829: result: no
configure:5856: checking for Fortran 77 compiler version
configure:5863:  --version >&5
./configure: line 5864: --version: command not found
configure:5866: $? = 127
configure:5873:  -v >&5
./configure: line 5874: -v: command not found
configure:5876: $? = 127
configure:5883:  -V >&5
./configure: line 5884: -V: command not found
configure:5886: $? = 127
configure:5894: checking whether we are using the GNU Fortran 77 compiler
configure:5913:  -c  conftest.F >&5
./configure: line 5914: -c: command not found
configure:5919: $? = 127
configure: failed program was:
|       program main
| #ifndef __GNUC__
|        choke me
| #endif
| 
|       end
configure:5936: result: no
configure:5942: checking whether  accepts -g
configure:5959:  -c -g conftest.f >&5
./configure: line 5960: -c: command not found
configure:5965: $? = 127
configure: failed program was:
|       program main
| 
|       end
configure:5981: result: no
configure:6011: checking the maximum length of command line arguments
configure:6076: result: 32768
configure:6087: checking command to parse /root/CT/x86_64-QNAP-linux-gnu/cross-tools/bin/x86_64-QNAP-linux-gnu-nm -B output from x86_64-QNAP-linux-gnu-gcc object
configure:6176: x86_64-QNAP-linux-gnu-gcc -c -DQNAPNAS -I/root/daily_build/64_01/4.4.1/LinkFS/include -DCPPFLAGS_OPT conftest.c >&5
configure:6179: $? = 0
configure:6183: /root/CT/x86_64-QNAP-linux-gnu/cross-tools/bin/x86_64-QNAP-linux-gnu-nm -B conftest.o \| sed -n -e 's/^.*[ 	]\([ABCDGIRSTW][ABCDGIRSTW]*\)[ 	][ 	]*\(\)\([_A-Za-z][_A-Za-z0-9]*\)$/\1 \2\3 \3/p' \> conftest.nm
configure:6186: $? = 0
configure:6238: x86_64-QNAP-linux-gnu-gcc -o conftest -DQNAPNAS -I/root/daily_build/64_01/4.4.1/LinkFS/include -DCPPFLAGS_OPT -L/root/daily_build/64_01/4.4.1/LinkFS/lib -L/root/daily_build/64_01/4.4.1/LinkFS/lib64 -DLDFLAGS_OPT conftest.c conftstm.o >&5
configure:6241: $? = 0
configure:6279: result: ok
configure:6283: checking for objdir
configure:6298: result: .libs
configure:6350: checking for x86_64-QNAP-linux-gnu-ar
configure:6377: result: x86_64-QNAP-linux-gnu-ar
configure:6446: checking for x86_64-QNAP-linux-gnu-ranlib
configure:6473: result: x86_64-QNAP-linux-gnu-ranlib
configure:6542: checking for x86_64-QNAP-linux-gnu-strip
configure:6569: result: x86_64-QNAP-linux-gnu-strip
configure:6885: checking if x86_64-QNAP-linux-gnu-gcc static flag  works
configure:6908: result: yes
configure:6926: checking if x86_64-QNAP-linux-gnu-gcc supports -fno-rtti -fno-exceptions
configure:6944: x86_64-QNAP-linux-gnu-gcc -c -DQNAPNAS -I/root/daily_build/64_01/4.4.1/LinkFS/include -DCPPFLAGS_OPT -fno-rtti -fno-exceptions conftest.c >&5
cc1: warning: command line option '-fno-rtti' is valid for C++/ObjC++ but not for C
configure:6948: $? = 0
configure:6959: result: no
configure:6974: checking for x86_64-QNAP-linux-gnu-gcc option to produce PIC
configure:7151: result: -fPIC
configure:7159: checking if x86_64-QNAP-linux-gnu-gcc PIC flag -fPIC works
configure:7177: x86_64-QNAP-linux-gnu-gcc -c -DQNAPNAS -I/root/daily_build/64_01/4.4.1/LinkFS/include -DCPPFLAGS_OPT -fPIC -DPIC conftest.c >&5
configure:7181: $? = 0
configure:7192: result: yes
configure:7216: checking if x86_64-QNAP-linux-gnu-gcc supports -c -o file.o
configure:7237: x86_64-QNAP-linux-gnu-gcc -c -DQNAPNAS -I/root/daily_build/64_01/4.4.1/LinkFS/include -DCPPFLAGS_OPT -o out/conftest2.o conftest.c >&5
configure:7241: $? = 0
configure:7261: result: yes
configure:7287: checking whether the x86_64-QNAP-linux-gnu-gcc linker (x86_64-QNAP-linux-gnu-ld -m elf_x86_64) supports shared libraries
configure:8131: result: yes
configure:8157: checking whether -lc should be explicitly linked in
configure:8162: x86_64-QNAP-linux-gnu-gcc -c -DQNAPNAS -I/root/daily_build/64_01/4.4.1/LinkFS/include -DCPPFLAGS_OPT conftest.c >&5
configure:8165: $? = 0
configure:8179: x86_64-QNAP-linux-gnu-gcc -shared conftest.o  -v -Wl,-soname -Wl,conftest -o conftest 2\>\&1 \| grep  -lc  \>/dev/null 2\>\&1
configure:8182: $? = 0
configure:8194: result: no
configure:8202: checking dynamic linker characteristics
configure:8742: result: GNU/Linux ld.so
configure:8746: checking how to hardcode library paths into programs
configure:8771: result: immediate
configure:8785: checking whether stripping libraries is possible
configure:8790: result: yes
configure:9587: checking if libtool supports shared libraries
configure:9589: result: yes
configure:9592: checking whether to build shared libraries
configure:9650: result: yes
configure:9653: checking whether to build static libraries
configure:9657: result: no
configure:9749: creating libtool
configure:10296: checking for ld used by x86_64-QNAP-linux-gnu-g++
configure:10363: result: x86_64-QNAP-linux-gnu-ld -m elf_x86_64
configure:10372: checking if the linker (x86_64-QNAP-linux-gnu-ld -m elf_x86_64) is GNU ld
configure:10387: result: yes
configure:10438: checking whether the x86_64-QNAP-linux-gnu-g++ linker (x86_64-QNAP-linux-gnu-ld -m elf_x86_64) supports shared libraries
configure:11262: result: yes
configure:11280: x86_64-QNAP-linux-gnu-g++ -c -g -O2 -I/root/daily_build/64_01/4.4.1/LinkFS/include -DCPPFLAGS_OPT conftest.cc >&5
configure:11283: $? = 0
configure:11379: checking for x86_64-QNAP-linux-gnu-g++ option to produce PIC
configure:11631: result: -fPIC
configure:11639: checking if x86_64-QNAP-linux-gnu-g++ PIC flag -fPIC works
configure:11657: x86_64-QNAP-linux-gnu-g++ -c -g -O2 -I/root/daily_build/64_01/4.4.1/LinkFS/include -DCPPFLAGS_OPT -fPIC -DPIC conftest.cc >&5
configure:11661: $? = 0
configure:11672: result: yes
configure:11696: checking if x86_64-QNAP-linux-gnu-g++ supports -c -o file.o
configure:11717: x86_64-QNAP-linux-gnu-g++ -c -g -O2 -I/root/daily_build/64_01/4.4.1/LinkFS/include -DCPPFLAGS_OPT -o out/conftest2.o conftest.cc >&5
configure:11721: $? = 0
configure:11741: result: yes
configure:11767: checking whether the x86_64-QNAP-linux-gnu-g++ linker (x86_64-QNAP-linux-gnu-ld -m elf_x86_64) supports shared libraries
configure:11792: result: yes
configure:11863: checking dynamic linker characteristics
configure:12403: result: GNU/Linux ld.so
configure:12407: checking how to hardcode library paths into programs
configure:12432: result: immediate
configure:12446: checking whether stripping libraries is possible
configure:12451: result: yes
configure:19665: checking for ANSI C header files
configure:19829: result: yes
configure:19855: checking assert.h usability
configure:19872: x86_64-QNAP-linux-gnu-gcc -c -Wall -DQNAPNAS -I/root/daily_build/64_01/4.4.1/LinkFS/include -DCPPFLAGS_OPT conftest.c >&5
configure:19878: $? = 0
configure:19892: result: yes
configure:19896: checking assert.h presence
configure:19911: x86_64-QNAP-linux-gnu-gcc -E -I/root/daily_build/64_01/4.4.1/LinkFS/include -DCPPFLAGS_OPT conftest.c
configure:19917: $? = 0
configure:19931: result: yes
configure:19964: checking for assert.h
configure:19972: result: yes
configure:19845: checking for unistd.h
configure:19851: result: yes
configure:19996: checking zlib.h usability
configure:20013: x86_64-QNAP-linux-gnu-gcc -c -Wall -DQNAPNAS -I/root/daily_build/64_01/4.4.1/LinkFS/include -DCPPFLAGS_OPT conftest.c >&5
configure:20019: $? = 0
configure:20033: result: yes
configure:20037: checking zlib.h presence
configure:20052: x86_64-QNAP-linux-gnu-gcc -E -I/root/daily_build/64_01/4.4.1/LinkFS/include -DCPPFLAGS_OPT conftest.c
configure:20058: $? = 0
configure:20072: result: yes
configure:20105: checking for zlib.h
configure:20112: result: yes
configure:20135: checking for an ANSI C-conforming const
configure:20210: x86_64-QNAP-linux-gnu-gcc -c -Wall -DQNAPNAS -I/root/daily_build/64_01/4.4.1/LinkFS/include -DCPPFLAGS_OPT conftest.c >&5
conftest.c: In function 'main':
conftest.c:53:7: warning: 't' is used uninitialized in this function [-Wuninitialized]
     *t++ = 0;
       ^
conftest.c:69:23: warning: 'b' may be used uninitialized in this function [-Wmaybe-uninitialized]
     struct s *b; b->j = 5;
                       ^
configure:20216: $? = 0
configure:20231: result: yes
configure:20241: checking for inline
configure:20267: x86_64-QNAP-linux-gnu-gcc -c -Wall -DQNAPNAS -I/root/daily_build/64_01/4.4.1/LinkFS/include -DCPPFLAGS_OPT conftest.c >&5
configure:20273: $? = 0
configure:20291: result: inline
configure:20316: checking for ftruncate
configure:20372: x86_64-QNAP-linux-gnu-gcc -o conftest -Wall -DQNAPNAS -I/root/daily_build/64_01/4.4.1/LinkFS/include -DCPPFLAGS_OPT -L/root/daily_build/64_01/4.4.1/LinkFS/lib -L/root/daily_build/64_01/4.4.1/LinkFS/lib64 -DLDFLAGS_OPT conftest.c  >&5
configure:20378: $? = 0
configure:20396: result: yes
configure:20408: checking for compress2 in -lz
configure:20443: x86_64-QNAP-linux-gnu-gcc -o conftest -Wall -DQNAPNAS -I/root/daily_build/64_01/4.4.1/LinkFS/include -DCPPFLAGS_OPT -L/root/daily_build/64_01/4.4.1/LinkFS/lib -L/root/daily_build/64_01/4.4.1/LinkFS/lib64 -DLDFLAGS_OPT conftest.c -lz   >&5
configure:20449: $? = 0
configure:20467: result: yes
configure:20566: checking whether to enable profiling
configure:20577: result: no
configure:20580: checking whether to enable debugging
configure:20617: result: default
configure:20767: creating ./config.status

## ---------------------- ##
## Running config.status. ##
## ---------------------- ##

This file was extended by ID3 Tag config.status 0.15.1b, which was
generated by GNU Autoconf 2.61.  Invocation command line was

  CONFIG_FILES    = 
  CONFIG_HEADERS  = 
  CONFIG_LINKS    = 
  CONFIG_COMMANDS = 
  $ ./config.status 

on U16BuildServer115

config.status:662: creating Makefile
config.status:797: WARNING:  Makefile.in seems to ignore the --datarootdir setting
config.status:662: creating msvc++/Makefile
config.status:797: WARNING:  msvc++/Makefile.in seems to ignore the --datarootdir setting
config.status:662: creating libid3tag.list
config.status:662: creating config.h
config.status:934: executing depfiles commands

## ---------------- ##
## Cache variables. ##
## ---------------- ##

ac_cv_build=x86_64-pc-linux-gnu
ac_cv_c_compiler_gnu=yes
ac_cv_c_const=yes
ac_cv_c_inline=inline
ac_cv_cxx_compiler_gnu=yes
ac_cv_env_CCC_set=
ac_cv_env_CCC_value=
ac_cv_env_CC_set=set
ac_cv_env_CC_value=x86_64-QNAP-linux-gnu-gcc
ac_cv_env_CFLAGS_set=set
ac_cv_env_CFLAGS_value=-DQNAPNAS
ac_cv_env_CPPFLAGS_set=set
ac_cv_env_CPPFLAGS_value='-I/root/daily_build/64_01/4.4.1/LinkFS/include -DCPPFLAGS_OPT'
ac_cv_env_CPP_set=
ac_cv_env_CPP_value=
ac_cv_env_CXXCPP_set=
ac_cv_env_CXXCPP_value=
ac_cv_env_CXXFLAGS_set=
ac_cv_env_CXXFLAGS_value=
ac_cv_env_CXX_set=set
ac_cv_env_CXX_value=x86_64-QNAP-linux-gnu-g++
ac_cv_env_F77_set=
ac_cv_env_F77_value=
ac_cv_env_FFLAGS_set=
ac_cv_env_FFLAGS_value=
ac_cv_env_LDFLAGS_set=set
ac_cv_env_LDFLAGS_value='-L/root/daily_build/64_01/4.4.1/LinkFS/lib -L/root/daily_build/64_01/4.4.1/LinkFS/lib64 -DLDFLAGS_OPT'
ac_cv_env_LIBS_set=
ac_cv_env_LIBS_value=
ac_cv_env_build_alias_set=
ac_cv_env_build_alias_value=
ac_cv_env_host_alias_set=set
ac_cv_env_host_alias_value=x86_64-QNAP-linux-gnu
ac_cv_env_target_alias_set=
ac_cv_env_target_alias_value=
ac_cv_f77_compiler_gnu=no
ac_cv_func_ftruncate=yes
ac_cv_header_assert_h=yes
ac_cv_header_dlfcn_h=yes
ac_cv_header_inttypes_h=yes
ac_cv_header_memory_h=yes
ac_cv_header_stdc=yes
ac_cv_header_stdint_h=yes
ac_cv_header_stdlib_h=yes
ac_cv_header_string_h=yes
ac_cv_header_strings_h=yes
ac_cv_header_sys_stat_h=yes
ac_cv_header_sys_types_h=yes
ac_cv_header_unistd_h=yes
ac_cv_header_zlib_h=yes
ac_cv_host=x86_64-QNAP-linux-gnu
ac_cv_lib_z_compress2=yes
ac_cv_objext=o
ac_cv_path_EGREP='/bin/grep -E'
ac_cv_path_GREP=/bin/grep
ac_cv_path_install='/usr/bin/install -c'
ac_cv_prog_AR=x86_64-QNAP-linux-gnu-ar
ac_cv_prog_AWK=gawk
ac_cv_prog_CC=x86_64-QNAP-linux-gnu-gcc
ac_cv_prog_CPP='x86_64-QNAP-linux-gnu-gcc -E'
ac_cv_prog_CXXCPP='x86_64-QNAP-linux-gnu-g++ -E'
ac_cv_prog_RANLIB=x86_64-QNAP-linux-gnu-ranlib
ac_cv_prog_STRIP=x86_64-QNAP-linux-gnu-strip
ac_cv_prog_cc_c89=
ac_cv_prog_cc_g=yes
ac_cv_prog_cxx_g=yes
ac_cv_prog_f77_g=no
ac_cv_prog_make_make_set=yes
am_cv_CC_dependencies_compiler_type=gcc3
am_cv_CXX_dependencies_compiler_type=gcc3
lt_cv_deplibs_check_method=pass_all
lt_cv_file_magic_cmd='$MAGIC_CMD'
lt_cv_file_magic_test_file=
lt_cv_ld_reload_flag=-r
lt_cv_objdir=.libs
lt_cv_path_LD=x86_64-QNAP-linux-gnu-ld
lt_cv_path_LDCXX='x86_64-QNAP-linux-gnu-ld -m elf_x86_64'
lt_cv_path_NM='/root/CT/x86_64-QNAP-linux-gnu/cross-tools/bin/x86_64-QNAP-linux-gnu-nm -B'
lt_cv_path_SED=/bin/sed
lt_cv_prog_compiler_c_o=yes
lt_cv_prog_compiler_c_o_CXX=yes
lt_cv_prog_compiler_rtti_exceptions=no
lt_cv_prog_gnu_ld=yes
lt_cv_prog_gnu_ldcxx=yes
lt_cv_sys_global_symbol_pipe='sed -n -e '\''s/^.*[ 	]\([ABCDGIRSTW][ABCDGIRSTW]*\)[ 	][ 	]*\(\)\([_A-Za-z][_A-Za-z0-9]*\)$/\1 \2\3 \3/p'\'''
lt_cv_sys_global_symbol_to_c_name_address='sed -n -e '\''s/^: \([^ ]*\) $/  {\"\1\", (lt_ptr) 0},/p'\'' -e '\''s/^[BCDEGRST] \([^ ]*\) \([^ ]*\)$/  {"\2", (lt_ptr) \&\2},/p'\'''
lt_cv_sys_global_symbol_to_cdecl='sed -n -e '\''s/^. .* \(.*\)$/extern int \1;/p'\'''
lt_cv_sys_max_cmd_len=32768
lt_lt_cv_prog_compiler_c_o='"yes"'
lt_lt_cv_prog_compiler_c_o_CXX='"yes"'
lt_lt_cv_sys_global_symbol_pipe='"sed -n -e '\''s/^.*[ 	]\\([ABCDGIRSTW][ABCDGIRSTW]*\\)[ 	][ 	]*\\(\\)\\([_A-Za-z][_A-Za-z0-9]*\\)\$/\\1 \\2\\3 \\3/p'\''"'
lt_lt_cv_sys_global_symbol_to_c_name_address='"sed -n -e '\''s/^: \\([^ ]*\\) \$/  {\\\"\\1\\\", (lt_ptr) 0},/p'\'' -e '\''s/^[BCDEGRST] \\([^ ]*\\) \\([^ ]*\\)\$/  {\"\\2\", (lt_ptr) \\&\\2},/p'\''"'
lt_lt_cv_sys_global_symbol_to_cdecl='"sed -n -e '\''s/^. .* \\(.*\\)\$/extern int \\1;/p'\''"'

## ----------------- ##
## Output variables. ##
## ----------------- ##

ACLOCAL='${SHELL} /root/daily_build/64_01/4.4.1/SysLib/libid3tag-0.15.1b/missing --run aclocal-1.8'
AMDEPBACKSLASH='\'
AMDEP_FALSE='#'
AMDEP_TRUE=''
AMTAR='${SHELL} /root/daily_build/64_01/4.4.1/SysLib/libid3tag-0.15.1b/missing --run tar'
AR='x86_64-QNAP-linux-gnu-ar'
AUTOCONF='${SHELL} /root/daily_build/64_01/4.4.1/SysLib/libid3tag-0.15.1b/missing --run autoconf'
AUTOHEADER='${SHELL} /root/daily_build/64_01/4.4.1/SysLib/libid3tag-0.15.1b/missing --run autoheader'
AUTOMAKE='${SHELL} /root/daily_build/64_01/4.4.1/SysLib/libid3tag-0.15.1b/missing --run automake-1.8'
AWK='gawk'
CC='x86_64-QNAP-linux-gnu-gcc'
CCDEPMODE='depmode=gcc3'
CFLAGS='-Wall -DQNAPNAS'
CPP='x86_64-QNAP-linux-gnu-gcc -E'
CPPFLAGS='-I/root/daily_build/64_01/4.4.1/LinkFS/include -DCPPFLAGS_OPT'
CXX='x86_64-QNAP-linux-gnu-g++'
CXXCPP='x86_64-QNAP-linux-gnu-g++ -E'
CXXDEPMODE='depmode=gcc3'
CXXFLAGS='-g -O2'
CYGPATH_W='echo'
DEBUG_FALSE=''
DEBUG_TRUE='#'
DEFS='-DHAVE_CONFIG_H'
DEPDIR='.deps'
ECHO='echo'
ECHO_C=''
ECHO_N='-n'
ECHO_T=''
EGREP='/bin/grep -E'
EXEEXT=''
F77=''
FFLAGS=''
GREP='/bin/grep'
INSTALL_DATA='${INSTALL} -m 644'
INSTALL_PROGRAM='${INSTALL}'
INSTALL_SCRIPT='${INSTALL}'
INSTALL_STRIP_PROGRAM='${SHELL} $(install_sh) -c -s'
LDFLAGS='-L/root/daily_build/64_01/4.4.1/LinkFS/lib -L/root/daily_build/64_01/4.4.1/LinkFS/lib64 -DLDFLAGS_OPT'
LIBOBJS=''
LIBS='-lz '
LIBTOOL='$(SHELL) $(top_builddir)/libtool'
LIBTOOL_DEPS='./ltmain.sh'
LN_S='ln -s'
LTLIBOBJS=''
MAKEINFO='${SHELL} /root/daily_build/64_01/4.4.1/SysLib/libid3tag-0.15.1b/missing --run makeinfo'
OBJEXT='o'
PACKAGE='libid3tag'
PACKAGE_BUGREPORT='support@underbit.com'
PACKAGE_NAME='ID3 Tag'
PACKAGE_STRING='ID3 Tag 0.15.1b'
PACKAGE_TARNAME='libid3tag'
PACKAGE_VERSION='0.15.1b'
PATH_SEPARATOR=':'
RANLIB='x86_64-QNAP-linux-gnu-ranlib'
SET_MAKE=''
SHELL='/bin/bash'
STRIP='x86_64-QNAP-linux-gnu-strip'
VERSION='0.15.1b'
ac_ct_CC=''
ac_ct_CXX=''
ac_ct_F77=''
am__fastdepCC_FALSE='#'
am__fastdepCC_TRUE=''
am__fastdepCXX_FALSE='#'
am__fastdepCXX_TRUE=''
am__include='include'
am__leading_dot='.'
am__quote=''
bindir='${exec_prefix}/bin'
build='x86_64-pc-linux-gnu'
build_alias=''
build_cpu='x86_64'
build_os='linux-gnu'
build_vendor='pc'
datadir='${datarootdir}'
datarootdir='${prefix}/share'
docdir='${datarootdir}/doc/${PACKAGE_TARNAME}'
dvidir='${docdir}'
exec_prefix='${prefix}'
host='x86_64-QNAP-linux-gnu'
host_alias='x86_64-QNAP-linux-gnu'
host_cpu='x86_64'
host_os='linux-gnu'
host_vendor='QNAP'
htmldir='${docdir}'
includedir='${prefix}/include'
infodir='${datarootdir}/info'
install_sh='/root/daily_build/64_01/4.4.1/SysLib/libid3tag-0.15.1b/install-sh'
libdir='${exec_prefix}/lib'
libexecdir='${exec_prefix}/libexec'
localedir='${datarootdir}/locale'
localstatedir='${prefix}/var'
mandir='${datarootdir}/man'
mkdir_p='mkdir -p -- .'
oldincludedir='/usr/include'
pdfdir='${docdir}'
prefix=''
program_transform_name='s,x,x,'
psdir='${docdir}'
sbindir='${exec_prefix}/sbin'
sharedstatedir='${prefix}/com'
sysconfdir='${prefix}/etc'
target_alias=''

## ----------- ##
## confdefs.h. ##
## ----------- ##

#define PACKAGE_NAME "ID3 Tag"
#define PACKAGE_TARNAME "libid3tag"
#define PACKAGE_VERSION "0.15.1b"
#define PACKAGE_STRING "ID3 Tag 0.15.1b"
#define PACKAGE_BUGREPORT "support@underbit.com"
#define PACKAGE "libid3tag"
#define VERSION "0.15.1b"
#define STDC_HEADERS 1
#define HAVE_SYS_TYPES_H 1
#define HAVE_SYS_STAT_H 1
#define HAVE_STDLIB_H 1
#define HAVE_STRING_H 1
#define HAVE_MEMORY_H 1
#define HAVE_STRINGS_H 1
#define HAVE_INTTYPES_H 1
#define HAVE_STDINT_H 1
#define HAVE_UNISTD_H 1
#define HAVE_DLFCN_H 1
#define STDC_HEADERS 1
#define HAVE_ASSERT_H 1
#define HAVE_UNISTD_H 1
#define HAVE_FTRUNCATE 1
#define HAVE_LIBZ 1

configure: exit 0
