This file contains any messages produced by compilers while
running configure, to aid debugging if configure makes a mistake.

It was created by configure, which was
generated by GNU Autoconf 2.59.  Invocation command line was

  $ ./configure --host=x86_64-QNAP-linux-gnu

## --------- ##
## Platform. ##
## --------- ##

hostname = U16BuildServer115
uname -m = x86_64
uname -r = 4.4.0-21-generic
uname -s = Linux
uname -v = #37-Ubuntu SMP Mon Apr 18 18:33:37 UTC 2016

/usr/bin/uname -p = unknown
/bin/uname -X     = unknown

/bin/arch              = unknown
/usr/bin/arch -k       = unknown
/usr/convex/getsysinfo = unknown
hostinfo               = unknown
/bin/machine           = unknown
/usr/bin/oslevel       = unknown
/bin/universe          = unknown

PATH: /root/CT/x86_64-QNAP-linux-gnu/cross-tools/bin
PATH: /root/CT/x86_64-QNAP-linux-gnu/cross-tools/bin
PATH: /usr/local/sbin
PATH: /usr/local/bin
PATH: /usr/sbin
PATH: /usr/bin
PATH: /sbin
PATH: /bin


## ----------- ##
## Core tests. ##
## ----------- ##

configure:1542: checking for a BSD-compatible install
configure:1597: result: /usr/bin/install -c
configure:1608: checking whether build environment is sane
configure:1651: result: yes
configure:1716: checking for gawk
configure:1732: found /usr/bin/gawk
configure:1742: result: gawk
configure:1752: checking whether make sets $(MAKE)
configure:1772: result: yes
configure:1848: checking for x86_64-QNAP-linux-gnu-strip
configure:1864: found /root/CT/x86_64-QNAP-linux-gnu/cross-tools/bin/x86_64-QNAP-linux-gnu-strip
configure:1874: result: x86_64-QNAP-linux-gnu-strip
configure:2050: checking build system type
configure:2068: result: x86_64-pc-linux-gnu
configure:2076: checking host system type
configure:2090: result: x86_64-QNAP-linux-gnu
configure:2110: checking for style of include used by make
configure:2138: result: GNU
configure:2171: checking for x86_64-QNAP-linux-gnu-gcc
configure:2187: found /root/CT/x86_64-QNAP-linux-gnu/cross-tools/bin/x86_64-QNAP-linux-gnu-gcc
configure:2197: result: x86_64-QNAP-linux-gnu-gcc
configure:2479: checking for C compiler version
configure:2482: x86_64-QNAP-linux-gnu-gcc --version </dev/null >&5
x86_64-QNAP-linux-gnu-gcc (toolchain config: [gcc-4.9.2 binutils-2.25 glibc-2.21]) 4.9.2
Copyright (C) 2014 Free Software Foundation, Inc.
This is free software; see the source for copying conditions.  There is NO
warranty; not even for MERCHANTABILITY or FITNESS FOR A PARTICULAR PURPOSE.

configure:2485: $? = 0
configure:2487: x86_64-QNAP-linux-gnu-gcc -v </dev/null >&5
Using built-in specs.
COLLECT_GCC=x86_64-QNAP-linux-gnu-gcc
COLLECT_LTO_WRAPPER=/root/CT/x86_64-QNAP-linux-gnu/cross-tools/bin/../libexec/gcc/x86_64-QNAP-linux-gnu/4.9.2/lto-wrapper
Target: x86_64-QNAP-linux-gnu
Configured with: ../gcc-4.9.2/configure --with-pkgversion='toolchain config: [gcc-4.9.2 binutils-2.25 glibc-2.21]' --prefix=/root/toolchain/docker_deploy/dockerfile/CT_auto_build/CT/x86_64-QNAP-linux-gnu/cross-tools --with-sysroot=/root/toolchain/docker_deploy/dockerfile/CT_auto_build/CT/x86_64-QNAP-linux-gnu/cross-tools/../fs --enable-tls --disable-nls --enable-languages=c,c++ --enable-c99 --enable-__cxa_atexit --enable-shared --enable-long-long --disable-multilib --enable-threads=posix --disable-libgomp --enable-checking=release --build=x86_64-linux-gnu --host=x86_64-linux-gnu --target=x86_64-QNAP-linux-gnu gcc_cv_libc_provides_ssp=yes
Thread model: posix
gcc version 4.9.2 (toolchain config: [gcc-4.9.2 binutils-2.25 glibc-2.21]) 
configure:2490: $? = 0
configure:2492: x86_64-QNAP-linux-gnu-gcc -V </dev/null >&5
x86_64-QNAP-linux-gnu-gcc: error: unrecognized command line option '-V'
x86_64-QNAP-linux-gnu-gcc: fatal error: no input files
compilation terminated.
configure:2495: $? = 1
configure:2518: checking for C compiler default output file name
configure:2521: x86_64-QNAP-linux-gnu-gcc    conftest.c  >&5
configure:2524: $? = 0
configure:2570: result: a.out
configure:2575: checking whether the C compiler works
configure:2581: ./a.out
configure:2584: $? = 0
configure:2601: result: yes
configure:2608: checking whether we are cross compiling
configure:2610: result: no
configure:2613: checking for suffix of executables
configure:2615: x86_64-QNAP-linux-gnu-gcc -o conftest    conftest.c  >&5
configure:2618: $? = 0
configure:2643: result: 
configure:2649: checking for suffix of object files
configure:2670: x86_64-QNAP-linux-gnu-gcc -c   conftest.c >&5
configure:2673: $? = 0
configure:2695: result: o
configure:2699: checking whether we are using the GNU C compiler
configure:2723: x86_64-QNAP-linux-gnu-gcc -c   conftest.c >&5
configure:2729: $? = 0
configure:2733: test -z 
			 || test ! -s conftest.err
configure:2736: $? = 0
configure:2739: test -s conftest.o
configure:2742: $? = 0
configure:2755: result: yes
configure:2761: checking whether x86_64-QNAP-linux-gnu-gcc accepts -g
configure:2782: x86_64-QNAP-linux-gnu-gcc -c -g  conftest.c >&5
configure:2788: $? = 0
configure:2792: test -z 
			 || test ! -s conftest.err
configure:2795: $? = 0
configure:2798: test -s conftest.o
configure:2801: $? = 0
configure:2812: result: yes
configure:2829: checking for x86_64-QNAP-linux-gnu-gcc option to accept ANSI C
configure:2899: x86_64-QNAP-linux-gnu-gcc  -c -g -O2  conftest.c >&5
configure:2905: $? = 0
configure:2909: test -z 
			 || test ! -s conftest.err
configure:2912: $? = 0
configure:2915: test -s conftest.o
configure:2918: $? = 0
configure:2936: result: none needed
configure:2954: x86_64-QNAP-linux-gnu-gcc -c -g -O2  conftest.c >&5
conftest.c:2:3: error: unknown type name 'choke'
   choke me
   ^
conftest.c:2:3: error: expected '=', ',', ';', 'asm' or '__attribute__' at end of input
configure:2960: $? = 1
configure: failed program was:
| #ifndef __cplusplus
|   choke me
| #endif
configure:3095: checking dependency style of x86_64-QNAP-linux-gnu-gcc
configure:3185: result: gcc3
configure:3202: checking for a sed that does not truncate output
configure:3256: result: /bin/sed
configure:3259: checking for egrep
configure:3269: result: grep -E
configure:3285: checking for ld used by x86_64-QNAP-linux-gnu-gcc
configure:3352: result: /root/CT/x86_64-QNAP-linux-gnu/cross-tools/x86_64-QNAP-linux-gnu/bin/ld
configure:3361: checking if the linker (/root/CT/x86_64-QNAP-linux-gnu/cross-tools/x86_64-QNAP-linux-gnu/bin/ld) is GNU ld
configure:3376: result: yes
configure:3381: checking for /root/CT/x86_64-QNAP-linux-gnu/cross-tools/x86_64-QNAP-linux-gnu/bin/ld option to reload object files
configure:3388: result: -r
configure:3406: checking for BSD-compatible nm
configure:3448: result: /root/CT/x86_64-QNAP-linux-gnu/cross-tools/bin/x86_64-QNAP-linux-gnu-nm -B
configure:3452: checking whether ln -s works
configure:3456: result: yes
configure:3463: checking how to recognise dependent libraries
configure:3635: result: pass_all
configure:3720:  -c -O2   conftest.cc >&5
./configure: line 3721: -c: command not found
configure:3723: $? = 127
configure:3849: checking how to run the C preprocessor
configure:3884: x86_64-QNAP-linux-gnu-gcc -E  conftest.c
configure:3890: $? = 0
configure:3922: x86_64-QNAP-linux-gnu-gcc -E  conftest.c
conftest.c:11:28: fatal error: ac_nonexistent.h: No such file or directory
 #include <ac_nonexistent.h>
                            ^
compilation terminated.
configure:3928: $? = 1
configure: failed program was:
| /* confdefs.h.  */
| 
| #define PACKAGE_NAME ""
| #define PACKAGE_TARNAME ""
| #define PACKAGE_VERSION ""
| #define PACKAGE_STRING ""
| #define PACKAGE_BUGREPORT ""
| #define PACKAGE "jrtplib"
| #define VERSION "3.3.0"
| /* end confdefs.h.  */
| #include <ac_nonexistent.h>
configure:3967: result: x86_64-QNAP-linux-gnu-gcc -E
configure:3991: x86_64-QNAP-linux-gnu-gcc -E  conftest.c
configure:3997: $? = 0
configure:4029: x86_64-QNAP-linux-gnu-gcc -E  conftest.c
conftest.c:11:28: fatal error: ac_nonexistent.h: No such file or directory
 #include <ac_nonexistent.h>
                            ^
compilation terminated.
configure:4035: $? = 1
configure: failed program was:
| /* confdefs.h.  */
| 
| #define PACKAGE_NAME ""
| #define PACKAGE_TARNAME ""
| #define PACKAGE_VERSION ""
| #define PACKAGE_STRING ""
| #define PACKAGE_BUGREPORT ""
| #define PACKAGE "jrtplib"
| #define VERSION "3.3.0"
| /* end confdefs.h.  */
| #include <ac_nonexistent.h>
configure:4079: checking for ANSI C header files
configure:4104: x86_64-QNAP-linux-gnu-gcc -c -g -O2  conftest.c >&5
configure:4110: $? = 0
configure:4114: test -z 
			 || test ! -s conftest.err
configure:4117: $? = 0
configure:4120: test -s conftest.o
configure:4123: $? = 0
configure:4212: x86_64-QNAP-linux-gnu-gcc -o conftest -g -O2   conftest.c  >&5
conftest.c: In function 'main':
conftest.c:28:7: warning: incompatible implicit declaration of built-in function 'exit'
       exit(2);
       ^
configure:4215: $? = 0
configure:4217: ./conftest
configure:4220: $? = 0
configure:4235: result: yes
configure:4259: checking for sys/types.h
configure:4275: x86_64-QNAP-linux-gnu-gcc -c -g -O2  conftest.c >&5
configure:4281: $? = 0
configure:4285: test -z 
			 || test ! -s conftest.err
configure:4288: $? = 0
configure:4291: test -s conftest.o
configure:4294: $? = 0
configure:4305: result: yes
configure:4259: checking for sys/stat.h
configure:4275: x86_64-QNAP-linux-gnu-gcc -c -g -O2  conftest.c >&5
configure:4281: $? = 0
configure:4285: test -z 
			 || test ! -s conftest.err
configure:4288: $? = 0
configure:4291: test -s conftest.o
configure:4294: $? = 0
configure:4305: result: yes
configure:4259: checking for stdlib.h
configure:4275: x86_64-QNAP-linux-gnu-gcc -c -g -O2  conftest.c >&5
configure:4281: $? = 0
configure:4285: test -z 
			 || test ! -s conftest.err
configure:4288: $? = 0
configure:4291: test -s conftest.o
configure:4294: $? = 0
configure:4305: result: yes
configure:4259: checking for string.h
configure:4275: x86_64-QNAP-linux-gnu-gcc -c -g -O2  conftest.c >&5
configure:4281: $? = 0
configure:4285: test -z 
			 || test ! -s conftest.err
configure:4288: $? = 0
configure:4291: test -s conftest.o
configure:4294: $? = 0
configure:4305: result: yes
configure:4259: checking for memory.h
configure:4275: x86_64-QNAP-linux-gnu-gcc -c -g -O2  conftest.c >&5
configure:4281: $? = 0
configure:4285: test -z 
			 || test ! -s conftest.err
configure:4288: $? = 0
configure:4291: test -s conftest.o
configure:4294: $? = 0
configure:4305: result: yes
configure:4259: checking for strings.h
configure:4275: x86_64-QNAP-linux-gnu-gcc -c -g -O2  conftest.c >&5
configure:4281: $? = 0
configure:4285: test -z 
			 || test ! -s conftest.err
configure:4288: $? = 0
configure:4291: test -s conftest.o
configure:4294: $? = 0
configure:4305: result: yes
configure:4259: checking for inttypes.h
configure:4275: x86_64-QNAP-linux-gnu-gcc -c -g -O2  conftest.c >&5
configure:4281: $? = 0
configure:4285: test -z 
			 || test ! -s conftest.err
configure:4288: $? = 0
configure:4291: test -s conftest.o
configure:4294: $? = 0
configure:4305: result: yes
configure:4259: checking for stdint.h
configure:4275: x86_64-QNAP-linux-gnu-gcc -c -g -O2  conftest.c >&5
configure:4281: $? = 0
configure:4285: test -z 
			 || test ! -s conftest.err
configure:4288: $? = 0
configure:4291: test -s conftest.o
configure:4294: $? = 0
configure:4305: result: yes
configure:4259: checking for unistd.h
configure:4275: x86_64-QNAP-linux-gnu-gcc -c -g -O2  conftest.c >&5
configure:4281: $? = 0
configure:4285: test -z 
			 || test ! -s conftest.err
configure:4288: $? = 0
configure:4291: test -s conftest.o
configure:4294: $? = 0
configure:4305: result: yes
configure:4331: checking dlfcn.h usability
configure:4343: x86_64-QNAP-linux-gnu-gcc -c -g -O2  conftest.c >&5
configure:4349: $? = 0
configure:4353: test -z 
			 || test ! -s conftest.err
configure:4356: $? = 0
configure:4359: test -s conftest.o
configure:4362: $? = 0
configure:4372: result: yes
configure:4376: checking dlfcn.h presence
configure:4386: x86_64-QNAP-linux-gnu-gcc -E  conftest.c
configure:4392: $? = 0
configure:4412: result: yes
configure:4447: checking for dlfcn.h
configure:4454: result: yes
configure:4477: checking for x86_64-QNAP-linux-gnu-g++
configure:4493: found /root/CT/x86_64-QNAP-linux-gnu/cross-tools/bin/x86_64-QNAP-linux-gnu-g++
configure:4503: result: x86_64-QNAP-linux-gnu-g++
configure:4561: checking for C++ compiler version
configure:4564: x86_64-QNAP-linux-gnu-g++ --version </dev/null >&5
x86_64-QNAP-linux-gnu-g++ (toolchain config: [gcc-4.9.2 binutils-2.25 glibc-2.21]) 4.9.2
Copyright (C) 2014 Free Software Foundation, Inc.
This is free software; see the source for copying conditions.  There is NO
warranty; not even for MERCHANTABILITY or FITNESS FOR A PARTICULAR PURPOSE.

configure:4567: $? = 0
configure:4569: x86_64-QNAP-linux-gnu-g++ -v </dev/null >&5
Using built-in specs.
COLLECT_GCC=x86_64-QNAP-linux-gnu-g++
COLLECT_LTO_WRAPPER=/root/CT/x86_64-QNAP-linux-gnu/cross-tools/bin/../libexec/gcc/x86_64-QNAP-linux-gnu/4.9.2/lto-wrapper
Target: x86_64-QNAP-linux-gnu
Configured with: ../gcc-4.9.2/configure --with-pkgversion='toolchain config: [gcc-4.9.2 binutils-2.25 glibc-2.21]' --prefix=/root/toolchain/docker_deploy/dockerfile/CT_auto_build/CT/x86_64-QNAP-linux-gnu/cross-tools --with-sysroot=/root/toolchain/docker_deploy/dockerfile/CT_auto_build/CT/x86_64-QNAP-linux-gnu/cross-tools/../fs --enable-tls --disable-nls --enable-languages=c,c++ --enable-c99 --enable-__cxa_atexit --enable-shared --enable-long-long --disable-multilib --enable-threads=posix --disable-libgomp --enable-checking=release --build=x86_64-linux-gnu --host=x86_64-linux-gnu --target=x86_64-QNAP-linux-gnu gcc_cv_libc_provides_ssp=yes
Thread model: posix
gcc version 4.9.2 (toolchain config: [gcc-4.9.2 binutils-2.25 glibc-2.21]) 
configure:4572: $? = 0
configure:4574: x86_64-QNAP-linux-gnu-g++ -V </dev/null >&5
x86_64-QNAP-linux-gnu-g++: error: unrecognized command line option '-V'
x86_64-QNAP-linux-gnu-g++: fatal error: no input files
compilation terminated.
configure:4577: $? = 1
configure:4580: checking whether we are using the GNU C++ compiler
configure:4604: x86_64-QNAP-linux-gnu-g++ -c -O2   conftest.cc >&5
configure:4610: $? = 0
configure:4614: test -z 
			 || test ! -s conftest.err
configure:4617: $? = 0
configure:4620: test -s conftest.o
configure:4623: $? = 0
configure:4636: result: yes
configure:4642: checking whether x86_64-QNAP-linux-gnu-g++ accepts -g
configure:4663: x86_64-QNAP-linux-gnu-g++ -c -g  conftest.cc >&5
configure:4669: $? = 0
configure:4673: test -z 
			 || test ! -s conftest.err
configure:4676: $? = 0
configure:4679: test -s conftest.o
configure:4682: $? = 0
configure:4693: result: yes
configure:4735: x86_64-QNAP-linux-gnu-g++ -c -O2   conftest.cc >&5
configure:4741: $? = 0
configure:4745: test -z 
			 || test ! -s conftest.err
configure:4748: $? = 0
configure:4751: test -s conftest.o
configure:4754: $? = 0
configure:4780: x86_64-QNAP-linux-gnu-g++ -c -O2   conftest.cc >&5
conftest.cc: In function 'int main()':
conftest.cc:26:9: error: 'exit' was not declared in this scope
 exit (42);
         ^
configure:4786: $? = 1
configure: failed program was:
| /* confdefs.h.  */
| 
| #define PACKAGE_NAME ""
| #define PACKAGE_TARNAME ""
| #define PACKAGE_VERSION ""
| #define PACKAGE_STRING ""
| #define PACKAGE_BUGREPORT ""
| #define PACKAGE "jrtplib"
| #define VERSION "3.3.0"
| #define STDC_HEADERS 1
| #define HAVE_SYS_TYPES_H 1
| #define HAVE_SYS_STAT_H 1
| #define HAVE_STDLIB_H 1
| #define HAVE_STRING_H 1
| #define HAVE_MEMORY_H 1
| #define HAVE_STRINGS_H 1
| #define HAVE_INTTYPES_H 1
| #define HAVE_STDINT_H 1
| #define HAVE_UNISTD_H 1
| #define HAVE_DLFCN_H 1
| /* end confdefs.h.  */
| 
| int
| main ()
| {
| exit (42);
|   ;
|   return 0;
| }
configure:4735: x86_64-QNAP-linux-gnu-g++ -c -O2   conftest.cc >&5
conftest.cc:22:40: error: 'void std::exit(int)' should have been declared inside 'std'
 extern "C" void std::exit (int) throw (); using std::exit;
                                        ^
configure:4741: $? = 1
configure: failed program was:
| /* confdefs.h.  */
| 
| #define PACKAGE_NAME ""
| #define PACKAGE_TARNAME ""
| #define PACKAGE_VERSION ""
| #define PACKAGE_STRING ""
| #define PACKAGE_BUGREPORT ""
| #define PACKAGE "jrtplib"
| #define VERSION "3.3.0"
| #define STDC_HEADERS 1
| #define HAVE_SYS_TYPES_H 1
| #define HAVE_SYS_STAT_H 1
| #define HAVE_STDLIB_H 1
| #define HAVE_STRING_H 1
| #define HAVE_MEMORY_H 1
| #define HAVE_STRINGS_H 1
| #define HAVE_INTTYPES_H 1
| #define HAVE_STDINT_H 1
| #define HAVE_UNISTD_H 1
| #define HAVE_DLFCN_H 1
| /* end confdefs.h.  */
| extern "C" void std::exit (int) throw (); using std::exit;
| #include <stdlib.h>
| int
| main ()
| {
| exit (42);
|   ;
|   return 0;
| }
configure:4735: x86_64-QNAP-linux-gnu-g++ -c -O2   conftest.cc >&5
conftest.cc:22:31: error: 'void std::exit(int)' should have been declared inside 'std'
 extern "C" void std::exit (int); using std::exit;
                               ^
In file included from conftest.cc:23:0:
/root/CT/x86_64-QNAP-linux-gnu/fs/include/stdlib.h:543:70: error: declaration of 'void std::exit(int) throw ()' has a different exception specifier
 extern void exit (int __status) __THROW __attribute__ ((__noreturn__));
                                                                      ^
conftest.cc:22:17: error: from previous declaration 'void std::exit(int)'
 extern "C" void std::exit (int); using std::exit;
                 ^
configure:4741: $? = 1
configure: failed program was:
| /* confdefs.h.  */
| 
| #define PACKAGE_NAME ""
| #define PACKAGE_TARNAME ""
| #define PACKAGE_VERSION ""
| #define PACKAGE_STRING ""
| #define PACKAGE_BUGREPORT ""
| #define PACKAGE "jrtplib"
| #define VERSION "3.3.0"
| #define STDC_HEADERS 1
| #define HAVE_SYS_TYPES_H 1
| #define HAVE_SYS_STAT_H 1
| #define HAVE_STDLIB_H 1
| #define HAVE_STRING_H 1
| #define HAVE_MEMORY_H 1
| #define HAVE_STRINGS_H 1
| #define HAVE_INTTYPES_H 1
| #define HAVE_STDINT_H 1
| #define HAVE_UNISTD_H 1
| #define HAVE_DLFCN_H 1
| /* end confdefs.h.  */
| extern "C" void std::exit (int); using std::exit;
| #include <stdlib.h>
| int
| main ()
| {
| exit (42);
|   ;
|   return 0;
| }
configure:4735: x86_64-QNAP-linux-gnu-g++ -c -O2   conftest.cc >&5
configure:4741: $? = 0
configure:4745: test -z 
			 || test ! -s conftest.err
configure:4748: $? = 0
configure:4751: test -s conftest.o
configure:4754: $? = 0
configure:4780: x86_64-QNAP-linux-gnu-g++ -c -O2   conftest.cc >&5
configure:4786: $? = 0
configure:4790: test -z 
			 || test ! -s conftest.err
configure:4793: $? = 0
configure:4796: test -s conftest.o
configure:4799: $? = 0
configure:4824: checking dependency style of x86_64-QNAP-linux-gnu-g++
configure:4914: result: gcc3
configure:4941: checking how to run the C++ preprocessor
configure:4972: x86_64-QNAP-linux-gnu-g++ -E  conftest.cc
configure:4978: $? = 0
configure:5010: x86_64-QNAP-linux-gnu-g++ -E  conftest.cc
conftest.cc:25:28: fatal error: ac_nonexistent.h: No such file or directory
 #include <ac_nonexistent.h>
                            ^
compilation terminated.
configure:5016: $? = 1
configure: failed program was:
| /* confdefs.h.  */
| 
| #define PACKAGE_NAME ""
| #define PACKAGE_TARNAME ""
| #define PACKAGE_VERSION ""
| #define PACKAGE_STRING ""
| #define PACKAGE_BUGREPORT ""
| #define PACKAGE "jrtplib"
| #define VERSION "3.3.0"
| #define STDC_HEADERS 1
| #define HAVE_SYS_TYPES_H 1
| #define HAVE_SYS_STAT_H 1
| #define HAVE_STDLIB_H 1
| #define HAVE_STRING_H 1
| #define HAVE_MEMORY_H 1
| #define HAVE_STRINGS_H 1
| #define HAVE_INTTYPES_H 1
| #define HAVE_STDINT_H 1
| #define HAVE_UNISTD_H 1
| #define HAVE_DLFCN_H 1
| #ifdef __cplusplus
| extern "C" void exit (int) throw ();
| #endif
| /* end confdefs.h.  */
| #include <ac_nonexistent.h>
configure:5055: result: x86_64-QNAP-linux-gnu-g++ -E
configure:5079: x86_64-QNAP-linux-gnu-g++ -E  conftest.cc
configure:5085: $? = 0
configure:5117: x86_64-QNAP-linux-gnu-g++ -E  conftest.cc
conftest.cc:25:28: fatal error: ac_nonexistent.h: No such file or directory
 #include <ac_nonexistent.h>
                            ^
compilation terminated.
configure:5123: $? = 1
configure: failed program was:
| /* confdefs.h.  */
| 
| #define PACKAGE_NAME ""
| #define PACKAGE_TARNAME ""
| #define PACKAGE_VERSION ""
| #define PACKAGE_STRING ""
| #define PACKAGE_BUGREPORT ""
| #define PACKAGE "jrtplib"
| #define VERSION "3.3.0"
| #define STDC_HEADERS 1
| #define HAVE_SYS_TYPES_H 1
| #define HAVE_SYS_STAT_H 1
| #define HAVE_STDLIB_H 1
| #define HAVE_STRING_H 1
| #define HAVE_MEMORY_H 1
| #define HAVE_STRINGS_H 1
| #define HAVE_INTTYPES_H 1
| #define HAVE_STDINT_H 1
| #define HAVE_UNISTD_H 1
| #define HAVE_DLFCN_H 1
| #ifdef __cplusplus
| extern "C" void exit (int) throw ();
| #endif
| /* end confdefs.h.  */
| #include <ac_nonexistent.h>
configure:5178: checking for x86_64-QNAP-linux-gnu-g77
configure:5207: result: no
configure:5178: checking for x86_64-QNAP-linux-gnu-f77
configure:5207: result: no
configure:5178: checking for x86_64-QNAP-linux-gnu-xlf
configure:5207: result: no
configure:5178: checking for x86_64-QNAP-linux-gnu-frt
configure:5207: result: no
configure:5178: checking for x86_64-QNAP-linux-gnu-pgf77
configure:5207: result: no
configure:5178: checking for x86_64-QNAP-linux-gnu-fort77
configure:5207: result: no
configure:5178: checking for x86_64-QNAP-linux-gnu-fl32
configure:5207: result: no
configure:5178: checking for x86_64-QNAP-linux-gnu-af77
configure:5207: result: no
configure:5178: checking for x86_64-QNAP-linux-gnu-f90
configure:5207: result: no
configure:5178: checking for x86_64-QNAP-linux-gnu-xlf90
configure:5207: result: no
configure:5178: checking for x86_64-QNAP-linux-gnu-pgf90
configure:5207: result: no
configure:5178: checking for x86_64-QNAP-linux-gnu-epcf90
configure:5207: result: no
configure:5178: checking for x86_64-QNAP-linux-gnu-f95
configure:5207: result: no
configure:5178: checking for x86_64-QNAP-linux-gnu-fort
configure:5207: result: no
configure:5178: checking for x86_64-QNAP-linux-gnu-xlf95
configure:5207: result: no
configure:5178: checking for x86_64-QNAP-linux-gnu-ifc
configure:5207: result: no
configure:5178: checking for x86_64-QNAP-linux-gnu-efc
configure:5207: result: no
configure:5178: checking for x86_64-QNAP-linux-gnu-pgf95
configure:5207: result: no
configure:5178: checking for x86_64-QNAP-linux-gnu-lf95
configure:5207: result: no
configure:5178: checking for x86_64-QNAP-linux-gnu-gfortran
configure:5207: result: no
configure:5220: checking for g77
configure:5249: result: no
configure:5220: checking for f77
configure:5249: result: no
configure:5220: checking for xlf
configure:5249: result: no
configure:5220: checking for frt
configure:5249: result: no
configure:5220: checking for pgf77
configure:5249: result: no
configure:5220: checking for fort77
configure:5249: result: no
configure:5220: checking for fl32
configure:5249: result: no
configure:5220: checking for af77
configure:5249: result: no
configure:5220: checking for f90
configure:5249: result: no
configure:5220: checking for xlf90
configure:5249: result: no
configure:5220: checking for pgf90
configure:5249: result: no
configure:5220: checking for epcf90
configure:5249: result: no
configure:5220: checking for f95
configure:5249: result: no
configure:5220: checking for fort
configure:5249: result: no
configure:5220: checking for xlf95
configure:5249: result: no
configure:5220: checking for ifc
configure:5249: result: no
configure:5220: checking for efc
configure:5249: result: no
configure:5220: checking for pgf95
configure:5249: result: no
configure:5220: checking for lf95
configure:5249: result: no
configure:5220: checking for gfortran
configure:5249: result: no
configure:5261: checking for Fortran 77 compiler version
configure:5264:  --version </dev/null >&5
./configure: line 5265: --version: command not found
configure:5267: $? = 127
configure:5269:  -v </dev/null >&5
./configure: line 5270: -v: command not found
configure:5272: $? = 127
configure:5274:  -V </dev/null >&5
./configure: line 5275: -V: command not found
configure:5277: $? = 127
configure:5285: checking whether we are using the GNU Fortran 77 compiler
configure:5299:  -c  conftest.F >&5
./configure: line 5300: -c: command not found
configure:5305: $? = 127
configure: failed program was:
|       program main
| #ifndef __GNUC__
|        choke me
| #endif
| 
|       end
configure:5331: result: no
configure:5337: checking whether  accepts -g
configure:5349:  -c -g conftest.f >&5
./configure: line 5350: -c: command not found
configure:5355: $? = 127
configure: failed program was:
|       program main
| 
|       end
configure:5380: result: no
configure:5410: checking the maximum length of command line arguments
configure:5501: result: 32768
configure:5512: checking command to parse /root/CT/x86_64-QNAP-linux-gnu/cross-tools/bin/x86_64-QNAP-linux-gnu-nm -B output from x86_64-QNAP-linux-gnu-gcc object
configure:5608: x86_64-QNAP-linux-gnu-g++ -c -O2   conftest.cc >&5
configure:5611: $? = 0
configure:5615: /root/CT/x86_64-QNAP-linux-gnu/cross-tools/bin/x86_64-QNAP-linux-gnu-nm -B conftest.o \| sed -n -e 's/^.*[ 	]\([ABCDGIRSTW][ABCDGIRSTW]*\)[ 	][ 	]*\([_A-Za-z][_A-Za-z0-9]*\)$/\1 \2 \2/p' \> conftest.nm
configure:5618: $? = 0
configure:5670: x86_64-QNAP-linux-gnu-g++ -o conftest -O2    conftest.cc conftstm.o >&5
configure:5673: $? = 0
configure:5711: result: ok
configure:5715: checking for objdir
configure:5730: result: .libs
configure:5782: checking for x86_64-QNAP-linux-gnu-ar
configure:5798: found /root/CT/x86_64-QNAP-linux-gnu/cross-tools/bin/x86_64-QNAP-linux-gnu-ar
configure:5808: result: x86_64-QNAP-linux-gnu-ar
configure:5862: checking for x86_64-QNAP-linux-gnu-ranlib
configure:5878: found /root/CT/x86_64-QNAP-linux-gnu/cross-tools/bin/x86_64-QNAP-linux-gnu-ranlib
configure:5888: result: x86_64-QNAP-linux-gnu-ranlib
configure:5942: checking for x86_64-QNAP-linux-gnu-strip
configure:5968: result: x86_64-QNAP-linux-gnu-strip
configure:6271: checking if x86_64-QNAP-linux-gnu-gcc static flag  works
configure:6294: result: yes
configure:6312: checking if x86_64-QNAP-linux-gnu-gcc supports -fno-rtti -fno-exceptions
configure:6330: x86_64-QNAP-linux-gnu-gcc -c -g -O2  -fno-rtti -fno-exceptions conftest.c >&5
cc1: warning: command line option '-fno-rtti' is valid for C++/ObjC++ but not for C
configure:6334: $? = 0
configure:6345: result: no
configure:6360: checking for x86_64-QNAP-linux-gnu-gcc option to produce PIC
configure:6559: result: -fPIC
configure:6567: checking if x86_64-QNAP-linux-gnu-gcc PIC flag -fPIC works
configure:6585: x86_64-QNAP-linux-gnu-gcc -c -g -O2  -fPIC -DPIC conftest.c >&5
configure:6589: $? = 0
configure:6600: result: yes
configure:6624: checking if x86_64-QNAP-linux-gnu-gcc supports -c -o file.o
configure:6645: x86_64-QNAP-linux-gnu-gcc -c -g -O2  -o out/conftest2.o conftest.c >&5
configure:6649: $? = 0
configure:6669: result: yes
configure:6695: checking whether the x86_64-QNAP-linux-gnu-gcc linker (/root/CT/x86_64-QNAP-linux-gnu/cross-tools/x86_64-QNAP-linux-gnu/bin/ld) supports shared libraries
configure:7557: result: yes
configure:7583: checking whether -lc should be explicitly linked in
configure:7588: x86_64-QNAP-linux-gnu-gcc -c -g -O2  conftest.c >&5
configure:7591: $? = 0
configure:7605: x86_64-QNAP-linux-gnu-gcc -shared conftest.o  -v -Wl,-soname -Wl,conftest -o conftest 2\>\&1 \| grep  -lc  \>/dev/null 2\>\&1
configure:7608: $? = 0
configure:7620: result: no
configure:7628: checking dynamic linker characteristics
configure:8170: result: GNU/Linux ld.so
configure:8174: checking how to hardcode library paths into programs
configure:8199: result: immediate
configure:8213: checking whether stripping libraries is possible
configure:8218: result: yes
configure:9048: checking if libtool supports shared libraries
configure:9050: result: yes
configure:9053: checking whether to build shared libraries
configure:9074: result: yes
configure:9077: checking whether to build static libraries
configure:9081: result: yes
configure:9173: creating libtool
configure:9728: checking for ld used by x86_64-QNAP-linux-gnu-g++
configure:9795: result: /root/CT/x86_64-QNAP-linux-gnu/cross-tools/x86_64-QNAP-linux-gnu/bin/ld
configure:9804: checking if the linker (/root/CT/x86_64-QNAP-linux-gnu/cross-tools/x86_64-QNAP-linux-gnu/bin/ld) is GNU ld
configure:9819: result: yes
configure:9870: checking whether the x86_64-QNAP-linux-gnu-g++ linker (/root/CT/x86_64-QNAP-linux-gnu/cross-tools/x86_64-QNAP-linux-gnu/bin/ld) supports shared libraries
configure:10752: result: yes
configure:10770: x86_64-QNAP-linux-gnu-g++ -c -O2   conftest.cc >&5
configure:10773: $? = 0
configure:10869: checking for x86_64-QNAP-linux-gnu-g++ option to produce PIC
configure:11137: result: -fPIC
configure:11145: checking if x86_64-QNAP-linux-gnu-g++ PIC flag -fPIC works
configure:11163: x86_64-QNAP-linux-gnu-g++ -c -O2   -fPIC -DPIC conftest.cc >&5
configure:11167: $? = 0
configure:11178: result: yes
configure:11202: checking if x86_64-QNAP-linux-gnu-g++ supports -c -o file.o
configure:11223: x86_64-QNAP-linux-gnu-g++ -c -O2   -o out/conftest2.o conftest.cc >&5
configure:11227: $? = 0
configure:11247: result: yes
configure:11273: checking whether the x86_64-QNAP-linux-gnu-g++ linker (/root/CT/x86_64-QNAP-linux-gnu/cross-tools/x86_64-QNAP-linux-gnu/bin/ld) supports shared libraries
configure:11298: result: yes
configure:11369: checking dynamic linker characteristics
configure:11911: result: GNU/Linux ld.so
configure:11915: checking how to hardcode library paths into programs
configure:11940: result: immediate
configure:11954: checking whether stripping libraries is possible
configure:11959: result: yes
configure:19354: checking for JThread include files
configure:19432: result: not found
configure:19434: WARNING: Unable to locate the JThread include files. Please specify the include path with --with-jthread-includes if they exist on your system. JThread support has been disabled
configure:19504: checking sys/filio.h usability
configure:19516: x86_64-QNAP-linux-gnu-g++ -c -O2   conftest.cc >&5
conftest.cc:59:23: fatal error: sys/filio.h: No such file or directory
 #include <sys/filio.h>
                       ^
compilation terminated.
configure:19522: $? = 1
configure: failed program was:
| /* confdefs.h.  */
| 
| #define PACKAGE_NAME ""
| #define PACKAGE_TARNAME ""
| #define PACKAGE_VERSION ""
| #define PACKAGE_STRING ""
| #define PACKAGE_BUGREPORT ""
| #define PACKAGE "jrtplib"
| #define VERSION "3.3.0"
| #define STDC_HEADERS 1
| #define HAVE_SYS_TYPES_H 1
| #define HAVE_SYS_STAT_H 1
| #define HAVE_STDLIB_H 1
| #define HAVE_STRING_H 1
| #define HAVE_MEMORY_H 1
| #define HAVE_STRINGS_H 1
| #define HAVE_INTTYPES_H 1
| #define HAVE_STDINT_H 1
| #define HAVE_UNISTD_H 1
| #define HAVE_DLFCN_H 1
| #ifdef __cplusplus
| extern "C" void exit (int) throw ();
| #endif
| /* end confdefs.h.  */
| #include <stdio.h>
| #if HAVE_SYS_TYPES_H
| # include <sys/types.h>
| #endif
| #if HAVE_SYS_STAT_H
| # include <sys/stat.h>
| #endif
| #if STDC_HEADERS
| # include <stdlib.h>
| # include <stddef.h>
| #else
| # if HAVE_STDLIB_H
| #  include <stdlib.h>
| # endif
| #endif
| #if HAVE_STRING_H
| # if !STDC_HEADERS && HAVE_MEMORY_H
| #  include <memory.h>
| # endif
| # include <string.h>
| #endif
| #if HAVE_STRINGS_H
| # include <strings.h>
| #endif
| #if HAVE_INTTYPES_H
| # include <inttypes.h>
| #else
| # if HAVE_STDINT_H
| #  include <stdint.h>
| # endif
| #endif
| #if HAVE_UNISTD_H
| # include <unistd.h>
| #endif
| #include <sys/filio.h>
configure:19545: result: no
configure:19549: checking sys/filio.h presence
configure:19559: x86_64-QNAP-linux-gnu-g++ -E  conftest.cc
conftest.cc:25:23: fatal error: sys/filio.h: No such file or directory
 #include <sys/filio.h>
                       ^
compilation terminated.
configure:19565: $? = 1
configure: failed program was:
| /* confdefs.h.  */
| 
| #define PACKAGE_NAME ""
| #define PACKAGE_TARNAME ""
| #define PACKAGE_VERSION ""
| #define PACKAGE_STRING ""
| #define PACKAGE_BUGREPORT ""
| #define PACKAGE "jrtplib"
| #define VERSION "3.3.0"
| #define STDC_HEADERS 1
| #define HAVE_SYS_TYPES_H 1
| #define HAVE_SYS_STAT_H 1
| #define HAVE_STDLIB_H 1
| #define HAVE_STRING_H 1
| #define HAVE_MEMORY_H 1
| #define HAVE_STRINGS_H 1
| #define HAVE_INTTYPES_H 1
| #define HAVE_STDINT_H 1
| #define HAVE_UNISTD_H 1
| #define HAVE_DLFCN_H 1
| #ifdef __cplusplus
| extern "C" void exit (int) throw ();
| #endif
| /* end confdefs.h.  */
| #include <sys/filio.h>
configure:19585: result: no
configure:19620: checking for sys/filio.h
configure:19627: result: no
configure:19648: checking sys/sockio.h usability
configure:19660: x86_64-QNAP-linux-gnu-g++ -c -O2   conftest.cc >&5
conftest.cc:59:24: fatal error: sys/sockio.h: No such file or directory
 #include <sys/sockio.h>
                        ^
compilation terminated.
configure:19666: $? = 1
configure: failed program was:
| /* confdefs.h.  */
| 
| #define PACKAGE_NAME ""
| #define PACKAGE_TARNAME ""
| #define PACKAGE_VERSION ""
| #define PACKAGE_STRING ""
| #define PACKAGE_BUGREPORT ""
| #define PACKAGE "jrtplib"
| #define VERSION "3.3.0"
| #define STDC_HEADERS 1
| #define HAVE_SYS_TYPES_H 1
| #define HAVE_SYS_STAT_H 1
| #define HAVE_STDLIB_H 1
| #define HAVE_STRING_H 1
| #define HAVE_MEMORY_H 1
| #define HAVE_STRINGS_H 1
| #define HAVE_INTTYPES_H 1
| #define HAVE_STDINT_H 1
| #define HAVE_UNISTD_H 1
| #define HAVE_DLFCN_H 1
| #ifdef __cplusplus
| extern "C" void exit (int) throw ();
| #endif
| /* end confdefs.h.  */
| #include <stdio.h>
| #if HAVE_SYS_TYPES_H
| # include <sys/types.h>
| #endif
| #if HAVE_SYS_STAT_H
| # include <sys/stat.h>
| #endif
| #if STDC_HEADERS
| # include <stdlib.h>
| # include <stddef.h>
| #else
| # if HAVE_STDLIB_H
| #  include <stdlib.h>
| # endif
| #endif
| #if HAVE_STRING_H
| # if !STDC_HEADERS && HAVE_MEMORY_H
| #  include <memory.h>
| # endif
| # include <string.h>
| #endif
| #if HAVE_STRINGS_H
| # include <strings.h>
| #endif
| #if HAVE_INTTYPES_H
| # include <inttypes.h>
| #else
| # if HAVE_STDINT_H
| #  include <stdint.h>
| # endif
| #endif
| #if HAVE_UNISTD_H
| # include <unistd.h>
| #endif
| #include <sys/sockio.h>
configure:19689: result: no
configure:19693: checking sys/sockio.h presence
configure:19703: x86_64-QNAP-linux-gnu-g++ -E  conftest.cc
conftest.cc:25:24: fatal error: sys/sockio.h: No such file or directory
 #include <sys/sockio.h>
                        ^
compilation terminated.
configure:19709: $? = 1
configure: failed program was:
| /* confdefs.h.  */
| 
| #define PACKAGE_NAME ""
| #define PACKAGE_TARNAME ""
| #define PACKAGE_VERSION ""
| #define PACKAGE_STRING ""
| #define PACKAGE_BUGREPORT ""
| #define PACKAGE "jrtplib"
| #define VERSION "3.3.0"
| #define STDC_HEADERS 1
| #define HAVE_SYS_TYPES_H 1
| #define HAVE_SYS_STAT_H 1
| #define HAVE_STDLIB_H 1
| #define HAVE_STRING_H 1
| #define HAVE_MEMORY_H 1
| #define HAVE_STRINGS_H 1
| #define HAVE_INTTYPES_H 1
| #define HAVE_STDINT_H 1
| #define HAVE_UNISTD_H 1
| #define HAVE_DLFCN_H 1
| #ifdef __cplusplus
| extern "C" void exit (int) throw ();
| #endif
| /* end confdefs.h.  */
| #include <sys/sockio.h>
configure:19729: result: no
configure:19764: checking for sys/sockio.h
configure:19771: result: no
configure:19804: checking whether byte ordering is bigendian
configure:19831: x86_64-QNAP-linux-gnu-g++ -c -O2   conftest.cc >&5
configure:19837: $? = 0
configure:19841: test -z 
			 || test ! -s conftest.err
configure:19844: $? = 0
configure:19847: test -s conftest.o
configure:19850: $? = 0
configure:19874: x86_64-QNAP-linux-gnu-g++ -c -O2   conftest.cc >&5
conftest.cc: In function 'int main()':
conftest.cc:32:6: error: 'big' was not declared in this scope
  not big endian
      ^
configure:19880: $? = 1
configure: failed program was:
| /* confdefs.h.  */
| 
| #define PACKAGE_NAME ""
| #define PACKAGE_TARNAME ""
| #define PACKAGE_VERSION ""
| #define PACKAGE_STRING ""
| #define PACKAGE_BUGREPORT ""
| #define PACKAGE "jrtplib"
| #define VERSION "3.3.0"
| #define STDC_HEADERS 1
| #define HAVE_SYS_TYPES_H 1
| #define HAVE_SYS_STAT_H 1
| #define HAVE_STDLIB_H 1
| #define HAVE_STRING_H 1
| #define HAVE_MEMORY_H 1
| #define HAVE_STRINGS_H 1
| #define HAVE_INTTYPES_H 1
| #define HAVE_STDINT_H 1
| #define HAVE_UNISTD_H 1
| #define HAVE_DLFCN_H 1
| #ifdef __cplusplus
| extern "C" void exit (int) throw ();
| #endif
| /* end confdefs.h.  */
| #include <sys/types.h>
| #include <sys/param.h>
| 
| int
| main ()
| {
| #if BYTE_ORDER != BIG_ENDIAN
|  not big endian
| #endif
| 
|   ;
|   return 0;
| }
configure:20015: result: no
configure:20041: checking if compiler supports -Werror -Wall
configure:20061: x86_64-QNAP-linux-gnu-g++ -c -O2  -Werror -Wall  conftest.cc >&5
configure:20067: $? = 0
configure:20071: test -z 
			 || test ! -s conftest.err
configure:20074: $? = 0
configure:20077: test -s conftest.o
configure:20080: $? = 0
configure:20082: result: yes
configure:20096: checking last argument of getsockname
configure:20118: x86_64-QNAP-linux-gnu-g++ -c -O2  -Werror -Wall  conftest.cc >&5
conftest.cc: In function 'int main()':
conftest.cc:33:31: error: invalid conversion from 'int*' to 'socklen_t* {aka unsigned int*}' [-fpermissive]
  getsockname(sock,&addr,&param);
                               ^
In file included from conftest.cc:26:0:
/root/CT/x86_64-QNAP-linux-gnu/fs/include/sys/socket.h:127:12: note: initializing argument 3 of 'int getsockname(int, sockaddr*, socklen_t*)'
 extern int getsockname (int __fd, __SOCKADDR_ARG __addr,
            ^
configure:20124: $? = 1
configure: failed program was:
| /* confdefs.h.  */
| 
| #define PACKAGE_NAME ""
| #define PACKAGE_TARNAME ""
| #define PACKAGE_VERSION ""
| #define PACKAGE_STRING ""
| #define PACKAGE_BUGREPORT ""
| #define PACKAGE "jrtplib"
| #define VERSION "3.3.0"
| #define STDC_HEADERS 1
| #define HAVE_SYS_TYPES_H 1
| #define HAVE_SYS_STAT_H 1
| #define HAVE_STDLIB_H 1
| #define HAVE_STRING_H 1
| #define HAVE_MEMORY_H 1
| #define HAVE_STRINGS_H 1
| #define HAVE_INTTYPES_H 1
| #define HAVE_STDINT_H 1
| #define HAVE_UNISTD_H 1
| #define HAVE_DLFCN_H 1
| #ifdef __cplusplus
| extern "C" void exit (int) throw ();
| #endif
| /* end confdefs.h.  */
| #include <sys/types.h>
| 	#include <sys/socket.h>
| int
| main ()
| {
| int param;
| 	int sock = 0;
| 	struct sockaddr addr;
| 	getsockname(sock,&addr,&param);
|   ;
|   return 0;
| }
configure:20146: result: unsigned int
configure:20156: checking if necessary options for IPv4 multicasting are available
configure:20183: x86_64-QNAP-linux-gnu-g++ -c -O2   conftest.cc >&5
configure:20189: $? = 0
configure:20193: test -z 
			 || test ! -s conftest.err
configure:20196: $? = 0
configure:20199: test -s conftest.o
configure:20202: $? = 0
configure:20205: result: yes
configure:20218: checking if struct sockaddr has sa_len member
configure:20240: x86_64-QNAP-linux-gnu-g++ -c -O2   conftest.cc >&5
conftest.cc: In function 'int main()':
conftest.cc:33:5: error: 'struct sockaddr' has no member named 'sa_len'
  sa.sa_len = 0;
     ^
configure:20246: $? = 1
configure: failed program was:
| /* confdefs.h.  */
| 
| #define PACKAGE_NAME ""
| #define PACKAGE_TARNAME ""
| #define PACKAGE_VERSION ""
| #define PACKAGE_STRING ""
| #define PACKAGE_BUGREPORT ""
| #define PACKAGE "jrtplib"
| #define VERSION "3.3.0"
| #define STDC_HEADERS 1
| #define HAVE_SYS_TYPES_H 1
| #define HAVE_SYS_STAT_H 1
| #define HAVE_STDLIB_H 1
| #define HAVE_STRING_H 1
| #define HAVE_MEMORY_H 1
| #define HAVE_STRINGS_H 1
| #define HAVE_INTTYPES_H 1
| #define HAVE_STDINT_H 1
| #define HAVE_UNISTD_H 1
| #define HAVE_DLFCN_H 1
| #ifdef __cplusplus
| extern "C" void exit (int) throw ();
| #endif
| /* end confdefs.h.  */
| 
| 	#include <sys/types.h>
| 	#include <sys/socket.h>
| int
| main ()
| {
| 
| 	struct sockaddr sa;
| 	sa.sa_len = 0;
|   ;
|   return 0;
| }
configure:20269: result: no
configure:20275: checking if compiler can compile programs with STL
configure:20295: x86_64-QNAP-linux-gnu-g++ -c -O2   conftest.cc >&5
configure:20301: $? = 0
configure:20305: test -z 
			 || test ! -s conftest.err
configure:20308: $? = 0
configure:20311: test -s conftest.o
configure:20314: $? = 0
configure:20316: result: yes
configure:20386: checking if compiler supports an inline function as a template argument
configure:20407: x86_64-QNAP-linux-gnu-g++ -c -O2   conftest.cc >&5
configure:20413: $? = 0
configure:20417: test -z 
			 || test ! -s conftest.err
configure:20420: $? = 0
configure:20423: test -s conftest.o
configure:20426: $? = 0
configure:20428: result: yes
configure:20442: checking if types like u_int32_t exist
configure:20463: x86_64-QNAP-linux-gnu-g++ -c -O2   conftest.cc >&5
configure:20469: $? = 0
configure:20473: test -z 
			 || test ! -s conftest.err
configure:20476: $? = 0
configure:20479: test -s conftest.o
configure:20482: $? = 0
configure:20484: result: yes
configure:20511: checking for drand48_r and srand48_r
configure:20527: x86_64-QNAP-linux-gnu-g++ -c -O2   conftest.cc >&5
configure:20533: $? = 0
configure:20537: test -z 
			 || test ! -s conftest.err
configure:20540: $? = 0
configure:20543: test -s conftest.o
configure:20546: $? = 0
configure:20548: result: yes
configure:20610: checking for getlogin_r
configure:20624: x86_64-QNAP-linux-gnu-g++ -c -O2   conftest.cc >&5
configure:20630: $? = 0
configure:20634: test -z 
			 || test ! -s conftest.err
configure:20637: $? = 0
configure:20640: test -s conftest.o
configure:20643: $? = 0
configure:20645: result: yes
configure:20689: checking IPv6 support
configure:20714: x86_64-QNAP-linux-gnu-g++ -o conftest -O2    conftest.cc  >&5
configure:20717: $? = 0
configure:20719: ./conftest
configure:20722: $? = 0
configure:20724: result: enabled
configure:20729: checking if necessary options for IPv6 multicasting are available
configure:20750: x86_64-QNAP-linux-gnu-g++ -c -O2   conftest.cc >&5
configure:20756: $? = 0
configure:20760: test -z 
			 || test ! -s conftest.err
configure:20763: $? = 0
configure:20766: test -s conftest.o
configure:20769: $? = 0
configure:20772: result: yes
configure:20810: checking ifaddrs.h usability
configure:20822: x86_64-QNAP-linux-gnu-g++ -c -O2   conftest.cc >&5
configure:20828: $? = 0
configure:20832: test -z 
			 || test ! -s conftest.err
configure:20835: $? = 0
configure:20838: test -s conftest.o
configure:20841: $? = 0
configure:20851: result: yes
configure:20855: checking ifaddrs.h presence
configure:20865: x86_64-QNAP-linux-gnu-g++ -E  conftest.cc
configure:20871: $? = 0
configure:20891: result: yes
configure:20926: checking for ifaddrs.h
configure:20933: result: yes
configure:20969: checking for pkg-config
configure:20987: found /usr/bin/pkg-config
configure:21000: result: /usr/bin/pkg-config
configure:21017: checking for gstreamer-0.9 >= 0.9
configure:21114: checking for gstreamer-plugins-base-0.9 >= 0.9
configure:21335: creating ./config.status

## ---------------------- ##
## Running config.status. ##
## ---------------------- ##

This file was extended by config.status, which was
generated by GNU Autoconf 2.59.  Invocation command line was

  CONFIG_FILES    = 
  CONFIG_HEADERS  = 
  CONFIG_LINKS    = 
  CONFIG_COMMANDS = 
  $ ./config.status 

on U16BuildServer115

config.status:739: creating Makefile
config.status:739: creating src/Makefile
config.status:739: creating src/rtpconfig_unix.h
config.status:739: creating doc/Makefile
config.status:739: creating tools/Makefile
config.status:739: creating examples/Makefile
config.status:739: creating pkgconfig/Makefile
config.status:739: creating pkgconfig/jrtplib.pc
config.status:739: creating pkgconfig/jrtplib-uninstalled.pc
config.status:922: executing depfiles commands

## ---------------- ##
## Cache variables. ##
## ---------------- ##

ac_cv_build=x86_64-pc-linux-gnu
ac_cv_build_alias=x86_64-pc-linux-gnu
ac_cv_c_bigendian=no
ac_cv_c_compiler_gnu=yes
ac_cv_cxx_compiler_gnu=yes
ac_cv_env_CC_set=
ac_cv_env_CC_value=
ac_cv_env_CFLAGS_set=
ac_cv_env_CFLAGS_value=
ac_cv_env_CPPFLAGS_set=
ac_cv_env_CPPFLAGS_value=
ac_cv_env_CPP_set=
ac_cv_env_CPP_value=
ac_cv_env_CXXCPP_set=
ac_cv_env_CXXCPP_value=
ac_cv_env_CXXFLAGS_set=
ac_cv_env_CXXFLAGS_value=
ac_cv_env_CXX_set=
ac_cv_env_CXX_value=
ac_cv_env_F77_set=
ac_cv_env_F77_value=
ac_cv_env_FFLAGS_set=
ac_cv_env_FFLAGS_value=
ac_cv_env_LDFLAGS_set=
ac_cv_env_LDFLAGS_value=
ac_cv_env_build_alias_set=
ac_cv_env_build_alias_value=
ac_cv_env_host_alias_set=set
ac_cv_env_host_alias_value=x86_64-QNAP-linux-gnu
ac_cv_env_target_alias_set=
ac_cv_env_target_alias_value=
ac_cv_exeext=
ac_cv_f77_compiler_gnu=no
ac_cv_header_dlfcn_h=yes
ac_cv_header_ifaddrs_h=yes
ac_cv_header_inttypes_h=yes
ac_cv_header_memory_h=yes
ac_cv_header_stdc=yes
ac_cv_header_stdint_h=yes
ac_cv_header_stdlib_h=yes
ac_cv_header_string_h=yes
ac_cv_header_strings_h=yes
ac_cv_header_sys_filio_h=no
ac_cv_header_sys_sockio_h=no
ac_cv_header_sys_stat_h=yes
ac_cv_header_sys_types_h=yes
ac_cv_header_unistd_h=yes
ac_cv_host=x86_64-QNAP-linux-gnu
ac_cv_host_alias=x86_64-QNAP-linux-gnu
ac_cv_objext=o
ac_cv_path_PKG_CONFIG=/usr/bin/pkg-config
ac_cv_path_install='/usr/bin/install -c'
ac_cv_prog_AR=x86_64-QNAP-linux-gnu-ar
ac_cv_prog_AWK=gawk
ac_cv_prog_CC=x86_64-QNAP-linux-gnu-gcc
ac_cv_prog_CPP='x86_64-QNAP-linux-gnu-gcc -E'
ac_cv_prog_CXX=x86_64-QNAP-linux-gnu-g++
ac_cv_prog_CXXCPP='x86_64-QNAP-linux-gnu-g++ -E'
ac_cv_prog_RANLIB=x86_64-QNAP-linux-gnu-ranlib
ac_cv_prog_STRIP=x86_64-QNAP-linux-gnu-strip
ac_cv_prog_cc_g=yes
ac_cv_prog_cc_stdc=
ac_cv_prog_cxx_g=yes
ac_cv_prog_egrep='grep -E'
ac_cv_prog_f77_g=no
ac_cv_prog_make_make_set=yes
am_cv_CC_dependencies_compiler_type=gcc3
am_cv_CXX_dependencies_compiler_type=gcc3
lt_cv_deplibs_check_method=pass_all
lt_cv_file_magic_cmd='$MAGIC_CMD'
lt_cv_file_magic_test_file=
lt_cv_ld_reload_flag=-r
lt_cv_objdir=.libs
lt_cv_path_LD=/root/CT/x86_64-QNAP-linux-gnu/cross-tools/x86_64-QNAP-linux-gnu/bin/ld
lt_cv_path_LDCXX=/root/CT/x86_64-QNAP-linux-gnu/cross-tools/x86_64-QNAP-linux-gnu/bin/ld
lt_cv_path_NM='/root/CT/x86_64-QNAP-linux-gnu/cross-tools/bin/x86_64-QNAP-linux-gnu-nm -B'
lt_cv_path_SED=/bin/sed
lt_cv_prog_compiler_c_o=yes
lt_cv_prog_compiler_c_o_CXX=yes
lt_cv_prog_compiler_rtti_exceptions=no
lt_cv_prog_gnu_ld=yes
lt_cv_prog_gnu_ldcxx=yes
lt_cv_sys_global_symbol_pipe='sed -n -e '\''s/^.*[ 	]\([ABCDGIRSTW][ABCDGIRSTW]*\)[ 	][ 	]*\([_A-Za-z][_A-Za-z0-9]*\)$/\1 \2 \2/p'\'''
lt_cv_sys_global_symbol_to_c_name_address='sed -n -e '\''s/^: \([^ ]*\) $/  {\"\1\", (lt_ptr) 0},/p'\'' -e '\''s/^[BCDEGRST] \([^ ]*\) \([^ ]*\)$/  {"\2", (lt_ptr) \&\2},/p'\'''
lt_cv_sys_global_symbol_to_cdecl='sed -n -e '\''s/^. .* \(.*\)$/extern int \1;/p'\'''
lt_cv_sys_max_cmd_len=32768
lt_lt_cv_prog_compiler_c_o='"yes"'
lt_lt_cv_prog_compiler_c_o_CXX='"yes"'
lt_lt_cv_sys_global_symbol_pipe='"sed -n -e '\''s/^.*[ 	]\\([ABCDGIRSTW][ABCDGIRSTW]*\\)[ 	][ 	]*\\([_A-Za-z][_A-Za-z0-9]*\\)\$/\\1 \\2 \\2/p'\''"'
lt_lt_cv_sys_global_symbol_to_c_name_address='"sed -n -e '\''s/^: \\([^ ]*\\) \$/  {\\\"\\1\\\", (lt_ptr) 0},/p'\'' -e '\''s/^[BCDEGRST] \\([^ ]*\\) \\([^ ]*\\)\$/  {\"\\2\", (lt_ptr) \\&\\2},/p'\''"'
lt_lt_cv_sys_global_symbol_to_cdecl='"sed -n -e '\''s/^. .* \\(.*\\)\$/extern int \\1;/p'\''"'

## ----------------- ##
## Output variables. ##
## ----------------- ##

ACLOCAL='${SHELL} /root/daily_build/64_01/4.4.1/SysLib/jrtplib-3.3.0/missing --run aclocal-1.9'
AMDEPBACKSLASH='\'
AMDEP_FALSE='#'
AMDEP_TRUE=''
AMTAR='${SHELL} /root/daily_build/64_01/4.4.1/SysLib/jrtplib-3.3.0/missing --run tar'
AR='x86_64-QNAP-linux-gnu-ar'
AUTOCONF='${SHELL} /root/daily_build/64_01/4.4.1/SysLib/jrtplib-3.3.0/missing --run autoconf'
AUTOHEADER='${SHELL} /root/daily_build/64_01/4.4.1/SysLib/jrtplib-3.3.0/missing --run autoheader'
AUTOMAKE='${SHELL} /root/daily_build/64_01/4.4.1/SysLib/jrtplib-3.3.0/missing --run automake-1.9'
AWK='gawk'
CC='x86_64-QNAP-linux-gnu-gcc'
CCDEPMODE='depmode=gcc3'
CFLAGS='-g -O2'
CPP='x86_64-QNAP-linux-gnu-gcc -E'
CPPFLAGS=''
CXX='x86_64-QNAP-linux-gnu-g++'
CXXCPP='x86_64-QNAP-linux-gnu-g++ -E'
CXXDEPMODE='depmode=gcc3'
CXXFLAGS='-O2 '
CYGPATH_W='echo'
DEFS='-DPACKAGE_NAME=\"\" -DPACKAGE_TARNAME=\"\" -DPACKAGE_VERSION=\"\" -DPACKAGE_STRING=\"\" -DPACKAGE_BUGREPORT=\"\" -DPACKAGE=\"jrtplib\" -DVERSION=\"3.3.0\" -DSTDC_HEADERS=1 -DHAVE_SYS_TYPES_H=1 -DHAVE_SYS_STAT_H=1 -DHAVE_STDLIB_H=1 -DHAVE_STRING_H=1 -DHAVE_MEMORY_H=1 -DHAVE_STRINGS_H=1 -DHAVE_INTTYPES_H=1 -DHAVE_STDINT_H=1 -DHAVE_UNISTD_H=1 -DHAVE_DLFCN_H=1 '
DEPDIR='.deps'
ECHO='echo'
ECHO_C=''
ECHO_N='-n'
ECHO_T=''
EGREP='grep -E'
EXEEXT=''
F77=''
FFLAGS=''
GST_CFLAGS=''
GST_LIBS=''
GST_PLUGINS_BASE_CFLAGS=''
GST_PLUGINS_BASE_LIBS=''
INSTALL_DATA='${INSTALL} -m 644'
INSTALL_PROGRAM='${INSTALL}'
INSTALL_SCRIPT='${INSTALL}'
INSTALL_STRIP_PROGRAM='${SHELL} $(install_sh) -c -s'
LDFLAGS=''
LIBOBJS=''
LIBS=''
LIBTOOL='$(SHELL) $(top_builddir)/libtool'
LN_S='ln -s'
LTLIBOBJS=''
MAKEINFO='${SHELL} /root/daily_build/64_01/4.4.1/SysLib/jrtplib-3.3.0/missing --run makeinfo'
OBJEXT='o'
PACKAGE='jrtplib'
PACKAGE_BUGREPORT=''
PACKAGE_NAME=''
PACKAGE_STRING=''
PACKAGE_TARNAME=''
PACKAGE_VERSION=''
PATH_SEPARATOR=':'
PKG_CONFIG='/usr/bin/pkg-config'
RANLIB='x86_64-QNAP-linux-gnu-ranlib'
RTP_ENDIAN='// Little endian system'
RTP_FILIO='// Don't have <sys/filio.h>'
RTP_GSTINCLUDES=' '
RTP_HAVE_SOCKADDR_LEN='// No sa_len member in struct sockaddr'
RTP_JTHREADINCLUDES=''
RTP_LINKLIBS='  '
RTP_SOCKIO='// Don't have <sys/sockio.h>'
RTP_SOCKLENTYPE_UINT='#define RTP_SOCKLENTYPE_UINT'
RTP_SUPPORT_GETLOGINR='#define RTP_SUPPORT_GETLOGINR'
RTP_SUPPORT_GNUDRAND='#define RTP_SUPPORT_GNUDRAND'
RTP_SUPPORT_GST='// No GStreamer support'
RTP_SUPPORT_IFADDRS='#define RTP_SUPPORT_IFADDRS'
RTP_SUPPORT_INLINETEMPLATEPARAM='#define RTP_SUPPORT_INLINETEMPLATEPARAM'
RTP_SUPPORT_IPV4MULTICAST='#define RTP_SUPPORT_IPV4MULTICAST'
RTP_SUPPORT_IPV6='#define RTP_SUPPORT_IPV6'
RTP_SUPPORT_IPV6MULTICAST='#define RTP_SUPPORT_IPV6MULTICAST'
RTP_SUPPORT_PROBATION='#define RTP_SUPPORT_PROBATION'
RTP_SUPPORT_RANDR='// Not using rand_r'
RTP_SUPPORT_SDESPRIV='#define RTP_SUPPORT_SDESPRIV'
RTP_SUPPORT_THREAD='// No support for jthread'
SET_MAKE=''
SHELL='/bin/bash'
STRIP='x86_64-QNAP-linux-gnu-strip'
VERSION='3.3.0'
ac_ct_AR=''
ac_ct_CC=''
ac_ct_CXX=''
ac_ct_F77=''
ac_ct_RANLIB=''
ac_ct_STRIP=''
am__fastdepCC_FALSE='#'
am__fastdepCC_TRUE=''
am__fastdepCXX_FALSE='#'
am__fastdepCXX_TRUE=''
am__include='include'
am__leading_dot='.'
am__quote=''
am__tar='${AMTAR} chof - "$$tardir"'
am__untar='${AMTAR} xf -'
bindir='${exec_prefix}/bin'
build='x86_64-pc-linux-gnu'
build_alias=''
build_cpu='x86_64'
build_os='linux-gnu'
build_vendor='pc'
datadir='${prefix}/share'
exec_prefix='${prefix}'
host='x86_64-QNAP-linux-gnu'
host_alias='x86_64-QNAP-linux-gnu'
host_cpu='x86_64'
host_os='linux-gnu'
host_vendor='QNAP'
includedir='${prefix}/include'
infodir='${prefix}/info'
install_sh='/root/daily_build/64_01/4.4.1/SysLib/jrtplib-3.3.0/install-sh'
libdir='${exec_prefix}/lib'
libexecdir='${exec_prefix}/libexec'
localstatedir='${prefix}/var'
mandir='${prefix}/man'
mkdir_p='mkdir -p --'
oldincludedir='/usr/include'
prefix='/usr/local'
program_transform_name='s,x,x,'
sbindir='${exec_prefix}/sbin'
sharedstatedir='${prefix}/com'
sysconfdir='${prefix}/etc'
target_alias=''

## ----------- ##
## confdefs.h. ##
## ----------- ##

#define HAVE_DLFCN_H 1
#define HAVE_INTTYPES_H 1
#define HAVE_MEMORY_H 1
#define HAVE_STDINT_H 1
#define HAVE_STDLIB_H 1
#define HAVE_STRINGS_H 1
#define HAVE_STRING_H 1
#define HAVE_SYS_STAT_H 1
#define HAVE_SYS_TYPES_H 1
#define HAVE_UNISTD_H 1
#define PACKAGE "jrtplib"
#define PACKAGE_BUGREPORT ""
#define PACKAGE_NAME ""
#define PACKAGE_STRING ""
#define PACKAGE_TARNAME ""
#define PACKAGE_VERSION ""
#define STDC_HEADERS 1
#define VERSION "3.3.0"
#endif
#ifdef __cplusplus
extern "C" void exit (int) throw ();

configure: exit 0
