This file contains any messages produced by compilers while
running configure, to aid debugging if configure makes a mistake.

It was created by configure, which was
generated by GNU Autoconf 2.59.  Invocation command line was

  $ ./configure --enable-sqlite3 --host=x86_64-QNAP-linux-gnu --prefix= --disable-static --enable-shared --disable-nls

## --------- ##
## Platform. ##
## --------- ##

hostname = U16BuildServer115
uname -m = x86_64
uname -r = 4.4.0-21-generic
uname -s = Linux
uname -v = #37-Ubuntu SMP Mon Apr 18 18:33:37 UTC 2016

/usr/bin/uname -p = unknown
/bin/uname -X     = unknown

/bin/arch              = unknown
/usr/bin/arch -k       = unknown
/usr/convex/getsysinfo = unknown
hostinfo               = unknown
/bin/machine           = unknown
/usr/bin/oslevel       = unknown
/bin/universe          = unknown

PATH: /root/CT/x86_64-QNAP-linux-gnu/cross-tools/bin
PATH: /root/CT/x86_64-QNAP-linux-gnu/cross-tools/bin
PATH: /usr/local/sbin
PATH: /usr/local/bin
PATH: /usr/sbin
PATH: /usr/bin
PATH: /sbin
PATH: /bin


## ----------- ##
## Core tests. ##
## ----------- ##

configure:1587: checking for a BSD-compatible install
configure:1642: result: /usr/bin/install -c
configure:1653: checking whether build environment is sane
configure:1696: result: yes
configure:1761: checking for gawk
configure:1777: found /usr/bin/gawk
configure:1787: result: gawk
configure:1797: checking whether make sets $(MAKE)
configure:1817: result: yes
configure:1893: checking for x86_64-QNAP-linux-gnu-strip
configure:1919: result: x86_64-QNAP-linux-gnu-strip
configure:2006: checking for style of include used by make
configure:2034: result: GNU
configure:2067: checking for x86_64-QNAP-linux-gnu-gcc
configure:2093: result: x86_64-QNAP-linux-gnu-gcc
configure:2375: checking for C compiler version
configure:2378: x86_64-QNAP-linux-gnu-gcc --version </dev/null >&5
x86_64-QNAP-linux-gnu-gcc (toolchain config: [gcc-4.9.2 binutils-2.25 glibc-2.21]) 4.9.2
Copyright (C) 2014 Free Software Foundation, Inc.
This is free software; see the source for copying conditions.  There is NO
warranty; not even for MERCHANTABILITY or FITNESS FOR A PARTICULAR PURPOSE.

configure:2381: $? = 0
configure:2383: x86_64-QNAP-linux-gnu-gcc -v </dev/null >&5
Using built-in specs.
COLLECT_GCC=x86_64-QNAP-linux-gnu-gcc
COLLECT_LTO_WRAPPER=/root/CT/x86_64-QNAP-linux-gnu/cross-tools/bin/../libexec/gcc/x86_64-QNAP-linux-gnu/4.9.2/lto-wrapper
Target: x86_64-QNAP-linux-gnu
Configured with: ../gcc-4.9.2/configure --with-pkgversion='toolchain config: [gcc-4.9.2 binutils-2.25 glibc-2.21]' --prefix=/root/toolchain/docker_deploy/dockerfile/CT_auto_build/CT/x86_64-QNAP-linux-gnu/cross-tools --with-sysroot=/root/toolchain/docker_deploy/dockerfile/CT_auto_build/CT/x86_64-QNAP-linux-gnu/cross-tools/../fs --enable-tls --disable-nls --enable-languages=c,c++ --enable-c99 --enable-__cxa_atexit --enable-shared --enable-long-long --disable-multilib --enable-threads=posix --disable-libgomp --enable-checking=release --build=x86_64-linux-gnu --host=x86_64-linux-gnu --target=x86_64-QNAP-linux-gnu gcc_cv_libc_provides_ssp=yes
Thread model: posix
gcc version 4.9.2 (toolchain config: [gcc-4.9.2 binutils-2.25 glibc-2.21]) 
configure:2386: $? = 0
configure:2388: x86_64-QNAP-linux-gnu-gcc -V </dev/null >&5
x86_64-QNAP-linux-gnu-gcc: error: unrecognized command line option '-V'
x86_64-QNAP-linux-gnu-gcc: fatal error: no input files
compilation terminated.
configure:2391: $? = 1
configure:2414: checking for C compiler default output file name
configure:2417: x86_64-QNAP-linux-gnu-gcc -DQNAPNAS -I/root/daily_build/64_01/4.4.1/LinkFS/include -DCPPFLAGS_OPT -L/root/daily_build/64_01/4.4.1/LinkFS/lib -L/root/daily_build/64_01/4.4.1/LinkFS/lib64 -DLDFLAGS_OPT conftest.c  >&5
configure:2420: $? = 0
configure:2466: result: a.out
configure:2471: checking whether the C compiler works
configure:2477: ./a.out
configure:2480: $? = 0
configure:2497: result: yes
configure:2504: checking whether we are cross compiling
configure:2506: result: no
configure:2509: checking for suffix of executables
configure:2511: x86_64-QNAP-linux-gnu-gcc -o conftest -DQNAPNAS -I/root/daily_build/64_01/4.4.1/LinkFS/include -DCPPFLAGS_OPT -L/root/daily_build/64_01/4.4.1/LinkFS/lib -L/root/daily_build/64_01/4.4.1/LinkFS/lib64 -DLDFLAGS_OPT conftest.c  >&5
configure:2514: $? = 0
configure:2539: result: 
configure:2545: checking for suffix of object files
configure:2566: x86_64-QNAP-linux-gnu-gcc -c -DQNAPNAS -I/root/daily_build/64_01/4.4.1/LinkFS/include -DCPPFLAGS_OPT conftest.c >&5
configure:2569: $? = 0
configure:2591: result: o
configure:2595: checking whether we are using the GNU C compiler
configure:2619: x86_64-QNAP-linux-gnu-gcc -c -DQNAPNAS -I/root/daily_build/64_01/4.4.1/LinkFS/include -DCPPFLAGS_OPT conftest.c >&5
configure:2625: $? = 0
configure:2628: test -z 			 || test ! -s conftest.err
configure:2631: $? = 0
configure:2634: test -s conftest.o
configure:2637: $? = 0
configure:2650: result: yes
configure:2656: checking whether x86_64-QNAP-linux-gnu-gcc accepts -g
configure:2677: x86_64-QNAP-linux-gnu-gcc -c -g -I/root/daily_build/64_01/4.4.1/LinkFS/include -DCPPFLAGS_OPT conftest.c >&5
configure:2683: $? = 0
configure:2686: test -z 			 || test ! -s conftest.err
configure:2689: $? = 0
configure:2692: test -s conftest.o
configure:2695: $? = 0
configure:2706: result: yes
configure:2723: checking for x86_64-QNAP-linux-gnu-gcc option to accept ANSI C
configure:2793: x86_64-QNAP-linux-gnu-gcc  -c -DQNAPNAS -I/root/daily_build/64_01/4.4.1/LinkFS/include -DCPPFLAGS_OPT conftest.c >&5
configure:2799: $? = 0
configure:2802: test -z 			 || test ! -s conftest.err
configure:2805: $? = 0
configure:2808: test -s conftest.o
configure:2811: $? = 0
configure:2829: result: none needed
configure:2847: x86_64-QNAP-linux-gnu-gcc -c -DQNAPNAS -I/root/daily_build/64_01/4.4.1/LinkFS/include -DCPPFLAGS_OPT conftest.c >&5
conftest.c:2:3: error: unknown type name 'choke'
   choke me
   ^
conftest.c:2:3: error: expected '=', ',', ';', 'asm' or '__attribute__' at end of input
configure:2853: $? = 1
configure: failed program was:
| #ifndef __cplusplus
|   choke me
| #endif
configure:2985: checking dependency style of x86_64-QNAP-linux-gnu-gcc
configure:3075: result: gcc3
configure:3098: checking how to run the C preprocessor
configure:3133: x86_64-QNAP-linux-gnu-gcc -E -I/root/daily_build/64_01/4.4.1/LinkFS/include -DCPPFLAGS_OPT conftest.c
configure:3139: $? = 0
configure:3171: x86_64-QNAP-linux-gnu-gcc -E -I/root/daily_build/64_01/4.4.1/LinkFS/include -DCPPFLAGS_OPT conftest.c
conftest.c:12:28: fatal error: ac_nonexistent.h: No such file or directory
 #include <ac_nonexistent.h>
                            ^
compilation terminated.
configure:3177: $? = 1
configure: failed program was:
| /* confdefs.h.  */
| 
| #define PACKAGE_NAME ""
| #define PACKAGE_TARNAME ""
| #define PACKAGE_VERSION ""
| #define PACKAGE_STRING ""
| #define PACKAGE_BUGREPORT ""
| #define PACKAGE "mt-daapd"
| #define VERSION "svn-1696"
| #define _GNU_SOURCE 1
| /* end confdefs.h.  */
| #include <ac_nonexistent.h>
configure:3216: result: x86_64-QNAP-linux-gnu-gcc -E
configure:3240: x86_64-QNAP-linux-gnu-gcc -E -I/root/daily_build/64_01/4.4.1/LinkFS/include -DCPPFLAGS_OPT conftest.c
configure:3246: $? = 0
configure:3278: x86_64-QNAP-linux-gnu-gcc -E -I/root/daily_build/64_01/4.4.1/LinkFS/include -DCPPFLAGS_OPT conftest.c
conftest.c:12:28: fatal error: ac_nonexistent.h: No such file or directory
 #include <ac_nonexistent.h>
                            ^
compilation terminated.
configure:3284: $? = 1
configure: failed program was:
| /* confdefs.h.  */
| 
| #define PACKAGE_NAME ""
| #define PACKAGE_TARNAME ""
| #define PACKAGE_VERSION ""
| #define PACKAGE_STRING ""
| #define PACKAGE_BUGREPORT ""
| #define PACKAGE "mt-daapd"
| #define VERSION "svn-1696"
| #define _GNU_SOURCE 1
| /* end confdefs.h.  */
| #include <ac_nonexistent.h>
configure:3328: checking for egrep
configure:3338: result: grep -E
configure:3344: checking for AIX
configure:3366: result: no
configure:3372: checking for ANSI C header files
configure:3397: x86_64-QNAP-linux-gnu-gcc -c -DQNAPNAS -I/root/daily_build/64_01/4.4.1/LinkFS/include -DCPPFLAGS_OPT conftest.c >&5
configure:3403: $? = 0
configure:3406: test -z 			 || test ! -s conftest.err
configure:3409: $? = 0
configure:3412: test -s conftest.o
configure:3415: $? = 0
configure:3504: x86_64-QNAP-linux-gnu-gcc -o conftest -DQNAPNAS -I/root/daily_build/64_01/4.4.1/LinkFS/include -DCPPFLAGS_OPT -L/root/daily_build/64_01/4.4.1/LinkFS/lib -L/root/daily_build/64_01/4.4.1/LinkFS/lib64 -DLDFLAGS_OPT conftest.c  >&5
conftest.c: In function 'main':
conftest.c:29:7: warning: incompatible implicit declaration of built-in function 'exit'
       exit(2);
       ^
configure:3507: $? = 0
configure:3509: ./conftest
configure:3512: $? = 0
configure:3527: result: yes
configure:3551: checking for sys/types.h
configure:3567: x86_64-QNAP-linux-gnu-gcc -c -DQNAPNAS -I/root/daily_build/64_01/4.4.1/LinkFS/include -DCPPFLAGS_OPT conftest.c >&5
configure:3573: $? = 0
configure:3576: test -z 			 || test ! -s conftest.err
configure:3579: $? = 0
configure:3582: test -s conftest.o
configure:3585: $? = 0
configure:3596: result: yes
configure:3551: checking for sys/stat.h
configure:3567: x86_64-QNAP-linux-gnu-gcc -c -DQNAPNAS -I/root/daily_build/64_01/4.4.1/LinkFS/include -DCPPFLAGS_OPT conftest.c >&5
configure:3573: $? = 0
configure:3576: test -z 			 || test ! -s conftest.err
configure:3579: $? = 0
configure:3582: test -s conftest.o
configure:3585: $? = 0
configure:3596: result: yes
configure:3551: checking for stdlib.h
configure:3567: x86_64-QNAP-linux-gnu-gcc -c -DQNAPNAS -I/root/daily_build/64_01/4.4.1/LinkFS/include -DCPPFLAGS_OPT conftest.c >&5
configure:3573: $? = 0
configure:3576: test -z 			 || test ! -s conftest.err
configure:3579: $? = 0
configure:3582: test -s conftest.o
configure:3585: $? = 0
configure:3596: result: yes
configure:3551: checking for string.h
configure:3567: x86_64-QNAP-linux-gnu-gcc -c -DQNAPNAS -I/root/daily_build/64_01/4.4.1/LinkFS/include -DCPPFLAGS_OPT conftest.c >&5
configure:3573: $? = 0
configure:3576: test -z 			 || test ! -s conftest.err
configure:3579: $? = 0
configure:3582: test -s conftest.o
configure:3585: $? = 0
configure:3596: result: yes
configure:3551: checking for memory.h
configure:3567: x86_64-QNAP-linux-gnu-gcc -c -DQNAPNAS -I/root/daily_build/64_01/4.4.1/LinkFS/include -DCPPFLAGS_OPT conftest.c >&5
configure:3573: $? = 0
configure:3576: test -z 			 || test ! -s conftest.err
configure:3579: $? = 0
configure:3582: test -s conftest.o
configure:3585: $? = 0
configure:3596: result: yes
configure:3551: checking for strings.h
configure:3567: x86_64-QNAP-linux-gnu-gcc -c -DQNAPNAS -I/root/daily_build/64_01/4.4.1/LinkFS/include -DCPPFLAGS_OPT conftest.c >&5
configure:3573: $? = 0
configure:3576: test -z 			 || test ! -s conftest.err
configure:3579: $? = 0
configure:3582: test -s conftest.o
configure:3585: $? = 0
configure:3596: result: yes
configure:3551: checking for inttypes.h
configure:3567: x86_64-QNAP-linux-gnu-gcc -c -DQNAPNAS -I/root/daily_build/64_01/4.4.1/LinkFS/include -DCPPFLAGS_OPT conftest.c >&5
configure:3573: $? = 0
configure:3576: test -z 			 || test ! -s conftest.err
configure:3579: $? = 0
configure:3582: test -s conftest.o
configure:3585: $? = 0
configure:3596: result: yes
configure:3551: checking for stdint.h
configure:3567: x86_64-QNAP-linux-gnu-gcc -c -DQNAPNAS -I/root/daily_build/64_01/4.4.1/LinkFS/include -DCPPFLAGS_OPT conftest.c >&5
configure:3573: $? = 0
configure:3576: test -z 			 || test ! -s conftest.err
configure:3579: $? = 0
configure:3582: test -s conftest.o
configure:3585: $? = 0
configure:3596: result: yes
configure:3551: checking for unistd.h
configure:3567: x86_64-QNAP-linux-gnu-gcc -c -DQNAPNAS -I/root/daily_build/64_01/4.4.1/LinkFS/include -DCPPFLAGS_OPT conftest.c >&5
configure:3573: $? = 0
configure:3576: test -z 			 || test ! -s conftest.err
configure:3579: $? = 0
configure:3582: test -s conftest.o
configure:3585: $? = 0
configure:3596: result: yes
configure:3618: checking minix/config.h usability
configure:3630: x86_64-QNAP-linux-gnu-gcc -c -DQNAPNAS -I/root/daily_build/64_01/4.4.1/LinkFS/include -DCPPFLAGS_OPT conftest.c >&5
conftest.c:56:26: fatal error: minix/config.h: No such file or directory
 #include <minix/config.h>
                          ^
compilation terminated.
configure:3636: $? = 1
configure: failed program was:
| /* confdefs.h.  */
| 
| #define PACKAGE_NAME ""
| #define PACKAGE_TARNAME ""
| #define PACKAGE_VERSION ""
| #define PACKAGE_STRING ""
| #define PACKAGE_BUGREPORT ""
| #define PACKAGE "mt-daapd"
| #define VERSION "svn-1696"
| #define _GNU_SOURCE 1
| #define STDC_HEADERS 1
| #define HAVE_SYS_TYPES_H 1
| #define HAVE_SYS_STAT_H 1
| #define HAVE_STDLIB_H 1
| #define HAVE_STRING_H 1
| #define HAVE_MEMORY_H 1
| #define HAVE_STRINGS_H 1
| #define HAVE_INTTYPES_H 1
| #define HAVE_STDINT_H 1
| #define HAVE_UNISTD_H 1
| /* end confdefs.h.  */
| #include <stdio.h>
| #if HAVE_SYS_TYPES_H
| # include <sys/types.h>
| #endif
| #if HAVE_SYS_STAT_H
| # include <sys/stat.h>
| #endif
| #if STDC_HEADERS
| # include <stdlib.h>
| # include <stddef.h>
| #else
| # if HAVE_STDLIB_H
| #  include <stdlib.h>
| # endif
| #endif
| #if HAVE_STRING_H
| # if !STDC_HEADERS && HAVE_MEMORY_H
| #  include <memory.h>
| # endif
| # include <string.h>
| #endif
| #if HAVE_STRINGS_H
| # include <strings.h>
| #endif
| #if HAVE_INTTYPES_H
| # include <inttypes.h>
| #else
| # if HAVE_STDINT_H
| #  include <stdint.h>
| # endif
| #endif
| #if HAVE_UNISTD_H
| # include <unistd.h>
| #endif
| #include <minix/config.h>
configure:3658: result: no
configure:3662: checking minix/config.h presence
configure:3672: x86_64-QNAP-linux-gnu-gcc -E -I/root/daily_build/64_01/4.4.1/LinkFS/include -DCPPFLAGS_OPT conftest.c
conftest.c:22:26: fatal error: minix/config.h: No such file or directory
 #include <minix/config.h>
                          ^
compilation terminated.
configure:3678: $? = 1
configure: failed program was:
| /* confdefs.h.  */
| 
| #define PACKAGE_NAME ""
| #define PACKAGE_TARNAME ""
| #define PACKAGE_VERSION ""
| #define PACKAGE_STRING ""
| #define PACKAGE_BUGREPORT ""
| #define PACKAGE "mt-daapd"
| #define VERSION "svn-1696"
| #define _GNU_SOURCE 1
| #define STDC_HEADERS 1
| #define HAVE_SYS_TYPES_H 1
| #define HAVE_SYS_STAT_H 1
| #define HAVE_STDLIB_H 1
| #define HAVE_STRING_H 1
| #define HAVE_MEMORY_H 1
| #define HAVE_STRINGS_H 1
| #define HAVE_INTTYPES_H 1
| #define HAVE_STDINT_H 1
| #define HAVE_UNISTD_H 1
| /* end confdefs.h.  */
| #include <minix/config.h>
configure:3698: result: no
configure:3733: checking for minix/config.h
configure:3740: result: no
configure:3779: checking whether it is safe to define __EXTENSIONS__
configure:3802: x86_64-QNAP-linux-gnu-gcc -c -DQNAPNAS -I/root/daily_build/64_01/4.4.1/LinkFS/include -DCPPFLAGS_OPT conftest.c >&5
configure:3808: $? = 0
configure:3811: test -z 			 || test ! -s conftest.err
configure:3814: $? = 0
configure:3817: test -s conftest.o
configure:3820: $? = 0
configure:3831: result: yes
configure:3856: checking for x86_64-QNAP-linux-gnu-gcc
configure:3882: result: x86_64-QNAP-linux-gnu-gcc
configure:4164: checking for C compiler version
configure:4167: x86_64-QNAP-linux-gnu-gcc --version </dev/null >&5
x86_64-QNAP-linux-gnu-gcc (toolchain config: [gcc-4.9.2 binutils-2.25 glibc-2.21]) 4.9.2
Copyright (C) 2014 Free Software Foundation, Inc.
This is free software; see the source for copying conditions.  There is NO
warranty; not even for MERCHANTABILITY or FITNESS FOR A PARTICULAR PURPOSE.

configure:4170: $? = 0
configure:4172: x86_64-QNAP-linux-gnu-gcc -v </dev/null >&5
Using built-in specs.
COLLECT_GCC=x86_64-QNAP-linux-gnu-gcc
COLLECT_LTO_WRAPPER=/root/CT/x86_64-QNAP-linux-gnu/cross-tools/bin/../libexec/gcc/x86_64-QNAP-linux-gnu/4.9.2/lto-wrapper
Target: x86_64-QNAP-linux-gnu
Configured with: ../gcc-4.9.2/configure --with-pkgversion='toolchain config: [gcc-4.9.2 binutils-2.25 glibc-2.21]' --prefix=/root/toolchain/docker_deploy/dockerfile/CT_auto_build/CT/x86_64-QNAP-linux-gnu/cross-tools --with-sysroot=/root/toolchain/docker_deploy/dockerfile/CT_auto_build/CT/x86_64-QNAP-linux-gnu/cross-tools/../fs --enable-tls --disable-nls --enable-languages=c,c++ --enable-c99 --enable-__cxa_atexit --enable-shared --enable-long-long --disable-multilib --enable-threads=posix --disable-libgomp --enable-checking=release --build=x86_64-linux-gnu --host=x86_64-linux-gnu --target=x86_64-QNAP-linux-gnu gcc_cv_libc_provides_ssp=yes
Thread model: posix
gcc version 4.9.2 (toolchain config: [gcc-4.9.2 binutils-2.25 glibc-2.21]) 
configure:4175: $? = 0
configure:4177: x86_64-QNAP-linux-gnu-gcc -V </dev/null >&5
x86_64-QNAP-linux-gnu-gcc: error: unrecognized command line option '-V'
x86_64-QNAP-linux-gnu-gcc: fatal error: no input files
compilation terminated.
configure:4180: $? = 1
configure:4183: checking whether we are using the GNU C compiler
configure:4238: result: yes
configure:4244: checking whether x86_64-QNAP-linux-gnu-gcc accepts -g
configure:4294: result: yes
configure:4311: checking for x86_64-QNAP-linux-gnu-gcc option to accept ANSI C
configure:4417: result: none needed
configure:4435: x86_64-QNAP-linux-gnu-gcc -c -DQNAPNAS -I/root/daily_build/64_01/4.4.1/LinkFS/include -DCPPFLAGS_OPT conftest.c >&5
conftest.c:2:3: error: unknown type name 'choke'
   choke me
   ^
conftest.c:2:3: error: expected '=', ',', ';', 'asm' or '__attribute__' at end of input
configure:4441: $? = 1
configure: failed program was:
| #ifndef __cplusplus
|   choke me
| #endif
configure:4573: checking dependency style of x86_64-QNAP-linux-gnu-gcc
configure:4663: result: gcc3
configure:4758: checking build system type
configure:4776: result: x86_64-pc-linux-gnu
configure:4784: checking host system type
configure:4798: result: x86_64-QNAP-linux-gnu
configure:4806: checking for a sed that does not truncate output
configure:4860: result: /bin/sed
configure:4874: checking for ld used by x86_64-QNAP-linux-gnu-gcc
configure:4941: result: x86_64-QNAP-linux-gnu-ld
configure:4950: checking if the linker (x86_64-QNAP-linux-gnu-ld) is GNU ld
configure:4965: result: yes
configure:4970: checking for x86_64-QNAP-linux-gnu-ld option to reload object files
configure:4977: result: -r
configure:4986: checking for BSD-compatible nm
configure:5028: result: /root/CT/x86_64-QNAP-linux-gnu/cross-tools/bin/x86_64-QNAP-linux-gnu-nm -B
configure:5032: checking whether ln -s works
configure:5036: result: yes
configure:5043: checking how to recognise dependent libraries
configure:5217: result: pass_all
configure:5301: x86_64-QNAP-linux-gnu-gcc -c -DQNAPNAS -I/root/daily_build/64_01/4.4.1/LinkFS/include -DCPPFLAGS_OPT conftest.c >&5
configure:5304: $? = 0
configure:5438: checking dlfcn.h usability
configure:5450: x86_64-QNAP-linux-gnu-gcc -c -DQNAPNAS -I/root/daily_build/64_01/4.4.1/LinkFS/include -DCPPFLAGS_OPT conftest.c >&5
configure:5456: $? = 0
configure:5459: test -z 			 || test ! -s conftest.err
configure:5462: $? = 0
configure:5465: test -s conftest.o
configure:5468: $? = 0
configure:5478: result: yes
configure:5482: checking dlfcn.h presence
configure:5492: x86_64-QNAP-linux-gnu-gcc -E -I/root/daily_build/64_01/4.4.1/LinkFS/include -DCPPFLAGS_OPT conftest.c
configure:5498: $? = 0
configure:5518: result: yes
configure:5553: checking for dlfcn.h
configure:5560: result: yes
configure:5583: checking for x86_64-QNAP-linux-gnu-g++
configure:5609: result: x86_64-QNAP-linux-gnu-g++
configure:5667: checking for C++ compiler version
configure:5670: x86_64-QNAP-linux-gnu-g++ --version </dev/null >&5
x86_64-QNAP-linux-gnu-g++ (toolchain config: [gcc-4.9.2 binutils-2.25 glibc-2.21]) 4.9.2
Copyright (C) 2014 Free Software Foundation, Inc.
This is free software; see the source for copying conditions.  There is NO
warranty; not even for MERCHANTABILITY or FITNESS FOR A PARTICULAR PURPOSE.

configure:5673: $? = 0
configure:5675: x86_64-QNAP-linux-gnu-g++ -v </dev/null >&5
Using built-in specs.
COLLECT_GCC=x86_64-QNAP-linux-gnu-g++
COLLECT_LTO_WRAPPER=/root/CT/x86_64-QNAP-linux-gnu/cross-tools/bin/../libexec/gcc/x86_64-QNAP-linux-gnu/4.9.2/lto-wrapper
Target: x86_64-QNAP-linux-gnu
Configured with: ../gcc-4.9.2/configure --with-pkgversion='toolchain config: [gcc-4.9.2 binutils-2.25 glibc-2.21]' --prefix=/root/toolchain/docker_deploy/dockerfile/CT_auto_build/CT/x86_64-QNAP-linux-gnu/cross-tools --with-sysroot=/root/toolchain/docker_deploy/dockerfile/CT_auto_build/CT/x86_64-QNAP-linux-gnu/cross-tools/../fs --enable-tls --disable-nls --enable-languages=c,c++ --enable-c99 --enable-__cxa_atexit --enable-shared --enable-long-long --disable-multilib --enable-threads=posix --disable-libgomp --enable-checking=release --build=x86_64-linux-gnu --host=x86_64-linux-gnu --target=x86_64-QNAP-linux-gnu gcc_cv_libc_provides_ssp=yes
Thread model: posix
gcc version 4.9.2 (toolchain config: [gcc-4.9.2 binutils-2.25 glibc-2.21]) 
configure:5678: $? = 0
configure:5680: x86_64-QNAP-linux-gnu-g++ -V </dev/null >&5
x86_64-QNAP-linux-gnu-g++: error: unrecognized command line option '-V'
x86_64-QNAP-linux-gnu-g++: fatal error: no input files
compilation terminated.
configure:5683: $? = 1
configure:5686: checking whether we are using the GNU C++ compiler
configure:5710: x86_64-QNAP-linux-gnu-g++ -c  -I/root/daily_build/64_01/4.4.1/LinkFS/include -DCPPFLAGS_OPT conftest.cc >&5
configure:5716: $? = 0
configure:5719: test -z 			 || test ! -s conftest.err
configure:5722: $? = 0
configure:5725: test -s conftest.o
configure:5728: $? = 0
configure:5741: result: yes
configure:5747: checking whether x86_64-QNAP-linux-gnu-g++ accepts -g
configure:5768: x86_64-QNAP-linux-gnu-g++ -c -g -I/root/daily_build/64_01/4.4.1/LinkFS/include -DCPPFLAGS_OPT conftest.cc >&5
configure:5774: $? = 0
configure:5777: test -z 			 || test ! -s conftest.err
configure:5780: $? = 0
configure:5783: test -s conftest.o
configure:5786: $? = 0
configure:5797: result: yes
configure:5839: x86_64-QNAP-linux-gnu-g++ -c -g -O2 -I/root/daily_build/64_01/4.4.1/LinkFS/include -DCPPFLAGS_OPT conftest.cc >&5
configure:5845: $? = 0
configure:5848: test -z 			 || test ! -s conftest.err
configure:5851: $? = 0
configure:5854: test -s conftest.o
configure:5857: $? = 0
configure:5883: x86_64-QNAP-linux-gnu-g++ -c -g -O2 -I/root/daily_build/64_01/4.4.1/LinkFS/include -DCPPFLAGS_OPT conftest.cc >&5
conftest.cc: In function 'int main()':
conftest.cc:30:9: error: 'exit' was not declared in this scope
 exit (42);
         ^
configure:5889: $? = 1
configure: failed program was:
| /* confdefs.h.  */
| 
| #define PACKAGE_NAME ""
| #define PACKAGE_TARNAME ""
| #define PACKAGE_VERSION ""
| #define PACKAGE_STRING ""
| #define PACKAGE_BUGREPORT ""
| #define PACKAGE "mt-daapd"
| #define VERSION "svn-1696"
| #define _GNU_SOURCE 1
| #define STDC_HEADERS 1
| #define HAVE_SYS_TYPES_H 1
| #define HAVE_SYS_STAT_H 1
| #define HAVE_STDLIB_H 1
| #define HAVE_STRING_H 1
| #define HAVE_MEMORY_H 1
| #define HAVE_STRINGS_H 1
| #define HAVE_INTTYPES_H 1
| #define HAVE_STDINT_H 1
| #define HAVE_UNISTD_H 1
| #define __EXTENSIONS__ 1
| #define _POSIX_PTHREAD_SEMANTICS 1
| #define _TANDEM_SOURCE 1
| #define HAVE_DLFCN_H 1
| /* end confdefs.h.  */
| 
| int
| main ()
| {
| exit (42);
|   ;
|   return 0;
| }
configure:5839: x86_64-QNAP-linux-gnu-g++ -c -g -O2 -I/root/daily_build/64_01/4.4.1/LinkFS/include -DCPPFLAGS_OPT conftest.cc >&5
conftest.cc:26:40: error: 'void std::exit(int)' should have been declared inside 'std'
 extern "C" void std::exit (int) throw (); using std::exit;
                                        ^
configure:5845: $? = 1
configure: failed program was:
| /* confdefs.h.  */
| 
| #define PACKAGE_NAME ""
| #define PACKAGE_TARNAME ""
| #define PACKAGE_VERSION ""
| #define PACKAGE_STRING ""
| #define PACKAGE_BUGREPORT ""
| #define PACKAGE "mt-daapd"
| #define VERSION "svn-1696"
| #define _GNU_SOURCE 1
| #define STDC_HEADERS 1
| #define HAVE_SYS_TYPES_H 1
| #define HAVE_SYS_STAT_H 1
| #define HAVE_STDLIB_H 1
| #define HAVE_STRING_H 1
| #define HAVE_MEMORY_H 1
| #define HAVE_STRINGS_H 1
| #define HAVE_INTTYPES_H 1
| #define HAVE_STDINT_H 1
| #define HAVE_UNISTD_H 1
| #define __EXTENSIONS__ 1
| #define _POSIX_PTHREAD_SEMANTICS 1
| #define _TANDEM_SOURCE 1
| #define HAVE_DLFCN_H 1
| /* end confdefs.h.  */
| extern "C" void std::exit (int) throw (); using std::exit;
| #include <stdlib.h>
| int
| main ()
| {
| exit (42);
|   ;
|   return 0;
| }
configure:5839: x86_64-QNAP-linux-gnu-g++ -c -g -O2 -I/root/daily_build/64_01/4.4.1/LinkFS/include -DCPPFLAGS_OPT conftest.cc >&5
conftest.cc:26:31: error: 'void std::exit(int)' should have been declared inside 'std'
 extern "C" void std::exit (int); using std::exit;
                               ^
In file included from conftest.cc:27:0:
/root/CT/x86_64-QNAP-linux-gnu/fs/include/stdlib.h:543:70: error: declaration of 'void std::exit(int) throw ()' has a different exception specifier
 extern void exit (int __status) __THROW __attribute__ ((__noreturn__));
                                                                      ^
conftest.cc:26:17: error: from previous declaration 'void std::exit(int)'
 extern "C" void std::exit (int); using std::exit;
                 ^
configure:5845: $? = 1
configure: failed program was:
| /* confdefs.h.  */
| 
| #define PACKAGE_NAME ""
| #define PACKAGE_TARNAME ""
| #define PACKAGE_VERSION ""
| #define PACKAGE_STRING ""
| #define PACKAGE_BUGREPORT ""
| #define PACKAGE "mt-daapd"
| #define VERSION "svn-1696"
| #define _GNU_SOURCE 1
| #define STDC_HEADERS 1
| #define HAVE_SYS_TYPES_H 1
| #define HAVE_SYS_STAT_H 1
| #define HAVE_STDLIB_H 1
| #define HAVE_STRING_H 1
| #define HAVE_MEMORY_H 1
| #define HAVE_STRINGS_H 1
| #define HAVE_INTTYPES_H 1
| #define HAVE_STDINT_H 1
| #define HAVE_UNISTD_H 1
| #define __EXTENSIONS__ 1
| #define _POSIX_PTHREAD_SEMANTICS 1
| #define _TANDEM_SOURCE 1
| #define HAVE_DLFCN_H 1
| /* end confdefs.h.  */
| extern "C" void std::exit (int); using std::exit;
| #include <stdlib.h>
| int
| main ()
| {
| exit (42);
|   ;
|   return 0;
| }
configure:5839: x86_64-QNAP-linux-gnu-g++ -c -g -O2 -I/root/daily_build/64_01/4.4.1/LinkFS/include -DCPPFLAGS_OPT conftest.cc >&5
configure:5845: $? = 0
configure:5848: test -z 			 || test ! -s conftest.err
configure:5851: $? = 0
configure:5854: test -s conftest.o
configure:5857: $? = 0
configure:5883: x86_64-QNAP-linux-gnu-g++ -c -g -O2 -I/root/daily_build/64_01/4.4.1/LinkFS/include -DCPPFLAGS_OPT conftest.cc >&5
configure:5889: $? = 0
configure:5892: test -z 			 || test ! -s conftest.err
configure:5895: $? = 0
configure:5898: test -s conftest.o
configure:5901: $? = 0
configure:5926: checking dependency style of x86_64-QNAP-linux-gnu-g++
configure:6016: result: gcc3
configure:6038: checking how to run the C++ preprocessor
configure:6069: x86_64-QNAP-linux-gnu-g++ -E -I/root/daily_build/64_01/4.4.1/LinkFS/include -DCPPFLAGS_OPT conftest.cc
configure:6075: $? = 0
configure:6107: x86_64-QNAP-linux-gnu-g++ -E -I/root/daily_build/64_01/4.4.1/LinkFS/include -DCPPFLAGS_OPT conftest.cc
conftest.cc:29:28: fatal error: ac_nonexistent.h: No such file or directory
 #include <ac_nonexistent.h>
                            ^
compilation terminated.
configure:6113: $? = 1
configure: failed program was:
| /* confdefs.h.  */
| 
| #define PACKAGE_NAME ""
| #define PACKAGE_TARNAME ""
| #define PACKAGE_VERSION ""
| #define PACKAGE_STRING ""
| #define PACKAGE_BUGREPORT ""
| #define PACKAGE "mt-daapd"
| #define VERSION "svn-1696"
| #define _GNU_SOURCE 1
| #define STDC_HEADERS 1
| #define HAVE_SYS_TYPES_H 1
| #define HAVE_SYS_STAT_H 1
| #define HAVE_STDLIB_H 1
| #define HAVE_STRING_H 1
| #define HAVE_MEMORY_H 1
| #define HAVE_STRINGS_H 1
| #define HAVE_INTTYPES_H 1
| #define HAVE_STDINT_H 1
| #define HAVE_UNISTD_H 1
| #define __EXTENSIONS__ 1
| #define _POSIX_PTHREAD_SEMANTICS 1
| #define _TANDEM_SOURCE 1
| #define HAVE_DLFCN_H 1
| #ifdef __cplusplus
| extern "C" void exit (int) throw ();
| #endif
| /* end confdefs.h.  */
| #include <ac_nonexistent.h>
configure:6152: result: x86_64-QNAP-linux-gnu-g++ -E
configure:6176: x86_64-QNAP-linux-gnu-g++ -E -I/root/daily_build/64_01/4.4.1/LinkFS/include -DCPPFLAGS_OPT conftest.cc
configure:6182: $? = 0
configure:6214: x86_64-QNAP-linux-gnu-g++ -E -I/root/daily_build/64_01/4.4.1/LinkFS/include -DCPPFLAGS_OPT conftest.cc
conftest.cc:29:28: fatal error: ac_nonexistent.h: No such file or directory
 #include <ac_nonexistent.h>
                            ^
compilation terminated.
configure:6220: $? = 1
configure: failed program was:
| /* confdefs.h.  */
| 
| #define PACKAGE_NAME ""
| #define PACKAGE_TARNAME ""
| #define PACKAGE_VERSION ""
| #define PACKAGE_STRING ""
| #define PACKAGE_BUGREPORT ""
| #define PACKAGE "mt-daapd"
| #define VERSION "svn-1696"
| #define _GNU_SOURCE 1
| #define STDC_HEADERS 1
| #define HAVE_SYS_TYPES_H 1
| #define HAVE_SYS_STAT_H 1
| #define HAVE_STDLIB_H 1
| #define HAVE_STRING_H 1
| #define HAVE_MEMORY_H 1
| #define HAVE_STRINGS_H 1
| #define HAVE_INTTYPES_H 1
| #define HAVE_STDINT_H 1
| #define HAVE_UNISTD_H 1
| #define __EXTENSIONS__ 1
| #define _POSIX_PTHREAD_SEMANTICS 1
| #define _TANDEM_SOURCE 1
| #define HAVE_DLFCN_H 1
| #ifdef __cplusplus
| extern "C" void exit (int) throw ();
| #endif
| /* end confdefs.h.  */
| #include <ac_nonexistent.h>
configure:6273: checking for x86_64-QNAP-linux-gnu-g77
configure:6302: result: no
configure:6273: checking for x86_64-QNAP-linux-gnu-f77
configure:6302: result: no
configure:6273: checking for x86_64-QNAP-linux-gnu-xlf
configure:6302: result: no
configure:6273: checking for x86_64-QNAP-linux-gnu-frt
configure:6302: result: no
configure:6273: checking for x86_64-QNAP-linux-gnu-pgf77
configure:6302: result: no
configure:6273: checking for x86_64-QNAP-linux-gnu-fort77
configure:6302: result: no
configure:6273: checking for x86_64-QNAP-linux-gnu-fl32
configure:6302: result: no
configure:6273: checking for x86_64-QNAP-linux-gnu-af77
configure:6302: result: no
configure:6273: checking for x86_64-QNAP-linux-gnu-f90
configure:6302: result: no
configure:6273: checking for x86_64-QNAP-linux-gnu-xlf90
configure:6302: result: no
configure:6273: checking for x86_64-QNAP-linux-gnu-pgf90
configure:6302: result: no
configure:6273: checking for x86_64-QNAP-linux-gnu-epcf90
configure:6302: result: no
configure:6273: checking for x86_64-QNAP-linux-gnu-f95
configure:6302: result: no
configure:6273: checking for x86_64-QNAP-linux-gnu-fort
configure:6302: result: no
configure:6273: checking for x86_64-QNAP-linux-gnu-xlf95
configure:6302: result: no
configure:6273: checking for x86_64-QNAP-linux-gnu-ifc
configure:6302: result: no
configure:6273: checking for x86_64-QNAP-linux-gnu-efc
configure:6302: result: no
configure:6273: checking for x86_64-QNAP-linux-gnu-pgf95
configure:6302: result: no
configure:6273: checking for x86_64-QNAP-linux-gnu-lf95
configure:6302: result: no
configure:6273: checking for x86_64-QNAP-linux-gnu-gfortran
configure:6302: result: no
configure:6315: checking for g77
configure:6344: result: no
configure:6315: checking for f77
configure:6344: result: no
configure:6315: checking for xlf
configure:6344: result: no
configure:6315: checking for frt
configure:6344: result: no
configure:6315: checking for pgf77
configure:6344: result: no
configure:6315: checking for fort77
configure:6344: result: no
configure:6315: checking for fl32
configure:6344: result: no
configure:6315: checking for af77
configure:6344: result: no
configure:6315: checking for f90
configure:6344: result: no
configure:6315: checking for xlf90
configure:6344: result: no
configure:6315: checking for pgf90
configure:6344: result: no
configure:6315: checking for epcf90
configure:6344: result: no
configure:6315: checking for f95
configure:6344: result: no
configure:6315: checking for fort
configure:6344: result: no
configure:6315: checking for xlf95
configure:6344: result: no
configure:6315: checking for ifc
configure:6344: result: no
configure:6315: checking for efc
configure:6344: result: no
configure:6315: checking for pgf95
configure:6344: result: no
configure:6315: checking for lf95
configure:6344: result: no
configure:6315: checking for gfortran
configure:6344: result: no
configure:6356: checking for Fortran 77 compiler version
configure:6359:  --version </dev/null >&5
./configure: line 6360: --version: command not found
configure:6362: $? = 127
configure:6364:  -v </dev/null >&5
./configure: line 6365: -v: command not found
configure:6367: $? = 127
configure:6369:  -V </dev/null >&5
./configure: line 6370: -V: command not found
configure:6372: $? = 127
configure:6380: checking whether we are using the GNU Fortran 77 compiler
configure:6394:  -c  conftest.F >&5
./configure: line 6395: -c: command not found
configure:6400: $? = 127
configure: failed program was:
|       program main
| #ifndef __GNUC__
|        choke me
| #endif
| 
|       end
configure:6425: result: no
configure:6431: checking whether  accepts -g
configure:6443:  -c -g conftest.f >&5
./configure: line 6444: -c: command not found
configure:6449: $? = 127
configure: failed program was:
|       program main
| 
|       end
configure:6473: result: no
configure:6503: checking the maximum length of command line arguments
configure:6568: result: 32768
configure:6579: checking command to parse /root/CT/x86_64-QNAP-linux-gnu/cross-tools/bin/x86_64-QNAP-linux-gnu-nm -B output from x86_64-QNAP-linux-gnu-gcc object
configure:6668: x86_64-QNAP-linux-gnu-gcc -c -DQNAPNAS -I/root/daily_build/64_01/4.4.1/LinkFS/include -DCPPFLAGS_OPT conftest.c >&5
configure:6671: $? = 0
configure:6675: /root/CT/x86_64-QNAP-linux-gnu/cross-tools/bin/x86_64-QNAP-linux-gnu-nm -B conftest.o \| sed -n -e 's/^.*[ 	]\([ABCDGIRSTW][ABCDGIRSTW]*\)[ 	][ 	]*\(\)\([_A-Za-z][_A-Za-z0-9]*\)$/\1 \2\3 \3/p' \> conftest.nm
configure:6678: $? = 0
configure:6730: x86_64-QNAP-linux-gnu-gcc -o conftest -DQNAPNAS -I/root/daily_build/64_01/4.4.1/LinkFS/include -DCPPFLAGS_OPT -L/root/daily_build/64_01/4.4.1/LinkFS/lib -L/root/daily_build/64_01/4.4.1/LinkFS/lib64 -DLDFLAGS_OPT conftest.c conftstm.o >&5
configure:6733: $? = 0
configure:6771: result: ok
configure:6775: checking for objdir
configure:6790: result: .libs
configure:6842: checking for x86_64-QNAP-linux-gnu-ar
configure:6868: result: x86_64-QNAP-linux-gnu-ar
configure:6922: checking for x86_64-QNAP-linux-gnu-ranlib
configure:6948: result: x86_64-QNAP-linux-gnu-ranlib
configure:7002: checking for x86_64-QNAP-linux-gnu-strip
configure:7028: result: x86_64-QNAP-linux-gnu-strip
configure:7329: checking if x86_64-QNAP-linux-gnu-gcc static flag  works
configure:7352: result: yes
configure:7370: checking if x86_64-QNAP-linux-gnu-gcc supports -fno-rtti -fno-exceptions
configure:7388: x86_64-QNAP-linux-gnu-gcc -c -DQNAPNAS -I/root/daily_build/64_01/4.4.1/LinkFS/include -DCPPFLAGS_OPT -fno-rtti -fno-exceptions conftest.c >&5
cc1: warning: command line option '-fno-rtti' is valid for C++/ObjC++ but not for C
configure:7392: $? = 0
configure:7403: result: no
configure:7418: checking for x86_64-QNAP-linux-gnu-gcc option to produce PIC
configure:7595: result: -fPIC
configure:7603: checking if x86_64-QNAP-linux-gnu-gcc PIC flag -fPIC works
configure:7621: x86_64-QNAP-linux-gnu-gcc -c -DQNAPNAS -I/root/daily_build/64_01/4.4.1/LinkFS/include -DCPPFLAGS_OPT -fPIC -DPIC conftest.c >&5
configure:7625: $? = 0
configure:7636: result: yes
configure:7660: checking if x86_64-QNAP-linux-gnu-gcc supports -c -o file.o
configure:7681: x86_64-QNAP-linux-gnu-gcc -c -DQNAPNAS -I/root/daily_build/64_01/4.4.1/LinkFS/include -DCPPFLAGS_OPT -o out/conftest2.o conftest.c >&5
configure:7685: $? = 0
configure:7705: result: yes
configure:7731: checking whether the x86_64-QNAP-linux-gnu-gcc linker (x86_64-QNAP-linux-gnu-ld -m elf_x86_64) supports shared libraries
configure:8578: result: yes
configure:8604: checking whether -lc should be explicitly linked in
configure:8609: x86_64-QNAP-linux-gnu-gcc -c -DQNAPNAS -I/root/daily_build/64_01/4.4.1/LinkFS/include -DCPPFLAGS_OPT conftest.c >&5
configure:8612: $? = 0
configure:8626: x86_64-QNAP-linux-gnu-gcc -shared conftest.o  -v -Wl,-soname -Wl,conftest -o conftest 2\>\&1 \| grep  -lc  \>/dev/null 2\>\&1
configure:8629: $? = 0
configure:8641: result: no
configure:8649: checking dynamic linker characteristics
configure:9201: result: GNU/Linux ld.so
configure:9205: checking how to hardcode library paths into programs
configure:9230: result: immediate
configure:9244: checking whether stripping libraries is possible
configure:9249: result: yes
configure:10072: checking if libtool supports shared libraries
configure:10074: result: yes
configure:10077: checking whether to build shared libraries
configure:10135: result: yes
configure:10138: checking whether to build static libraries
configure:10142: result: no
configure:10234: creating libtool
configure:10781: checking for ld used by x86_64-QNAP-linux-gnu-g++
configure:10848: result: x86_64-QNAP-linux-gnu-ld -m elf_x86_64
configure:10857: checking if the linker (x86_64-QNAP-linux-gnu-ld -m elf_x86_64) is GNU ld
configure:10872: result: yes
configure:10923: checking whether the x86_64-QNAP-linux-gnu-g++ linker (x86_64-QNAP-linux-gnu-ld -m elf_x86_64) supports shared libraries
configure:11749: result: yes
configure:11767: x86_64-QNAP-linux-gnu-g++ -c -g -O2 -I/root/daily_build/64_01/4.4.1/LinkFS/include -DCPPFLAGS_OPT conftest.cc >&5
configure:11770: $? = 0
configure:11866: checking for x86_64-QNAP-linux-gnu-g++ option to produce PIC
configure:12118: result: -fPIC
configure:12126: checking if x86_64-QNAP-linux-gnu-g++ PIC flag -fPIC works
configure:12144: x86_64-QNAP-linux-gnu-g++ -c -g -O2 -I/root/daily_build/64_01/4.4.1/LinkFS/include -DCPPFLAGS_OPT -fPIC -DPIC conftest.cc >&5
configure:12148: $? = 0
configure:12159: result: yes
configure:12183: checking if x86_64-QNAP-linux-gnu-g++ supports -c -o file.o
configure:12204: x86_64-QNAP-linux-gnu-g++ -c -g -O2 -I/root/daily_build/64_01/4.4.1/LinkFS/include -DCPPFLAGS_OPT -o out/conftest2.o conftest.cc >&5
configure:12208: $? = 0
configure:12228: result: yes
configure:12254: checking whether the x86_64-QNAP-linux-gnu-g++ linker (x86_64-QNAP-linux-gnu-ld -m elf_x86_64) supports shared libraries
configure:12282: result: yes
configure:12353: checking dynamic linker characteristics
configure:12905: result: GNU/Linux ld.so
configure:12909: checking how to hardcode library paths into programs
configure:12934: result: immediate
configure:12948: checking whether stripping libraries is possible
configure:12953: result: yes
configure:20211: checking sys/wait.h usability
configure:20223: x86_64-QNAP-linux-gnu-gcc -c -DQNAPNAS -I/root/daily_build/64_01/4.4.1/LinkFS/include -DCPPFLAGS_OPT conftest.c >&5
configure:20229: $? = 0
configure:20232: test -z 			 || test ! -s conftest.err
configure:20235: $? = 0
configure:20238: test -s conftest.o
configure:20241: $? = 0
configure:20251: result: yes
configure:20255: checking sys/wait.h presence
configure:20265: x86_64-QNAP-linux-gnu-gcc -E -I/root/daily_build/64_01/4.4.1/LinkFS/include -DCPPFLAGS_OPT conftest.c
configure:20271: $? = 0
configure:20291: result: yes
configure:20326: checking for sys/wait.h
configure:20333: result: yes
configure:20360: checking sys/param.h usability
configure:20372: x86_64-QNAP-linux-gnu-gcc -c -DQNAPNAS -I/root/daily_build/64_01/4.4.1/LinkFS/include -DCPPFLAGS_OPT conftest.c >&5
configure:20378: $? = 0
configure:20381: test -z 			 || test ! -s conftest.err
configure:20384: $? = 0
configure:20387: test -s conftest.o
configure:20390: $? = 0
configure:20400: result: yes
configure:20404: checking sys/param.h presence
configure:20414: x86_64-QNAP-linux-gnu-gcc -E -I/root/daily_build/64_01/4.4.1/LinkFS/include -DCPPFLAGS_OPT conftest.c
configure:20420: $? = 0
configure:20440: result: yes
configure:20475: checking for sys/param.h
configure:20482: result: yes
configure:20509: checking sys/select.h usability
configure:20521: x86_64-QNAP-linux-gnu-gcc -c -DQNAPNAS -I/root/daily_build/64_01/4.4.1/LinkFS/include -DCPPFLAGS_OPT conftest.c >&5
configure:20527: $? = 0
configure:20530: test -z 			 || test ! -s conftest.err
configure:20533: $? = 0
configure:20536: test -s conftest.o
configure:20539: $? = 0
configure:20549: result: yes
configure:20553: checking sys/select.h presence
configure:20563: x86_64-QNAP-linux-gnu-gcc -E -I/root/daily_build/64_01/4.4.1/LinkFS/include -DCPPFLAGS_OPT conftest.c
configure:20569: $? = 0
configure:20589: result: yes
configure:20624: checking for sys/select.h
configure:20631: result: yes
configure:20658: checking dirent.h usability
configure:20670: x86_64-QNAP-linux-gnu-gcc -c -DQNAPNAS -I/root/daily_build/64_01/4.4.1/LinkFS/include -DCPPFLAGS_OPT conftest.c >&5
configure:20676: $? = 0
configure:20679: test -z 			 || test ! -s conftest.err
configure:20682: $? = 0
configure:20685: test -s conftest.o
configure:20688: $? = 0
configure:20698: result: yes
configure:20702: checking dirent.h presence
configure:20712: x86_64-QNAP-linux-gnu-gcc -E -I/root/daily_build/64_01/4.4.1/LinkFS/include -DCPPFLAGS_OPT conftest.c
configure:20718: $? = 0
configure:20738: result: yes
configure:20773: checking for dirent.h
configure:20780: result: yes
configure:20797: checking for strptime
configure:20854: x86_64-QNAP-linux-gnu-gcc -o conftest -DQNAPNAS -I/root/daily_build/64_01/4.4.1/LinkFS/include -DCPPFLAGS_OPT -L/root/daily_build/64_01/4.4.1/LinkFS/lib -L/root/daily_build/64_01/4.4.1/LinkFS/lib64 -DLDFLAGS_OPT conftest.c  >&5
configure:20860: $? = 0
configure:20863: test -z 			 || test ! -s conftest.err
configure:20866: $? = 0
configure:20869: test -s conftest
configure:20872: $? = 0
configure:20884: result: yes
configure:20898: checking for strtok_r
configure:20955: x86_64-QNAP-linux-gnu-gcc -o conftest -DQNAPNAS -I/root/daily_build/64_01/4.4.1/LinkFS/include -DCPPFLAGS_OPT -L/root/daily_build/64_01/4.4.1/LinkFS/lib -L/root/daily_build/64_01/4.4.1/LinkFS/lib64 -DLDFLAGS_OPT conftest.c  >&5
configure:20961: $? = 0
configure:20964: test -z 			 || test ! -s conftest.err
configure:20967: $? = 0
configure:20970: test -s conftest
configure:20973: $? = 0
configure:20985: result: yes
configure:20999: checking for timegm
configure:21056: x86_64-QNAP-linux-gnu-gcc -o conftest -DQNAPNAS -I/root/daily_build/64_01/4.4.1/LinkFS/include -DCPPFLAGS_OPT -L/root/daily_build/64_01/4.4.1/LinkFS/lib -L/root/daily_build/64_01/4.4.1/LinkFS/lib64 -DLDFLAGS_OPT conftest.c  >&5
configure:21062: $? = 0
configure:21065: test -z 			 || test ! -s conftest.err
configure:21068: $? = 0
configure:21071: test -s conftest
configure:21074: $? = 0
configure:21086: result: yes
configure:21100: checking for va_copy
configure:21157: x86_64-QNAP-linux-gnu-gcc -o conftest -DQNAPNAS -I/root/daily_build/64_01/4.4.1/LinkFS/include -DCPPFLAGS_OPT -L/root/daily_build/64_01/4.4.1/LinkFS/lib -L/root/daily_build/64_01/4.4.1/LinkFS/lib64 -DLDFLAGS_OPT conftest.c  >&5
/tmp/cc2iVOzO.o: In function `main':
conftest.c:(.text+0xd): undefined reference to `va_copy'
/tmp/cc2iVOzO.o:(.data+0x0): undefined reference to `va_copy'
collect2: error: ld returned 1 exit status
configure:21163: $? = 1
configure: failed program was:
| /* confdefs.h.  */
| 
| #define PACKAGE_NAME ""
| #define PACKAGE_TARNAME ""
| #define PACKAGE_VERSION ""
| #define PACKAGE_STRING ""
| #define PACKAGE_BUGREPORT ""
| #define PACKAGE "mt-daapd"
| #define VERSION "svn-1696"
| #define _GNU_SOURCE 1
| #define STDC_HEADERS 1
| #define HAVE_SYS_TYPES_H 1
| #define HAVE_SYS_STAT_H 1
| #define HAVE_STDLIB_H 1
| #define HAVE_STRING_H 1
| #define HAVE_MEMORY_H 1
| #define HAVE_STRINGS_H 1
| #define HAVE_INTTYPES_H 1
| #define HAVE_STDINT_H 1
| #define HAVE_UNISTD_H 1
| #define __EXTENSIONS__ 1
| #define _POSIX_PTHREAD_SEMANTICS 1
| #define _TANDEM_SOURCE 1
| #define HAVE_DLFCN_H 1
| #ifdef __cplusplus
| extern "C" void exit (int) throw ();
| #endif
| #define HAVE_SYS_WAIT_H 1
| #define HAVE_SYS_PARAM_H 1
| #define HAVE_SYS_SELECT_H 1
| #define HAVE_DIRENT_H 1
| #define HAVE_STRPTIME 1
| #define HAVE_STRTOK_R 1
| #define HAVE_TIMEGM 1
| /* end confdefs.h.  */
| /* Define va_copy to an innocuous variant, in case <limits.h> declares va_copy.
|    For example, HP-UX 11i <limits.h> declares gettimeofday.  */
| #define va_copy innocuous_va_copy
| 
| /* System header to define __stub macros and hopefully few prototypes,
|     which can conflict with char va_copy (); below.
|     Prefer <limits.h> to <assert.h> if __STDC__ is defined, since
|     <limits.h> exists even on freestanding compilers.  */
| 
| #ifdef __STDC__
| # include <limits.h>
| #else
| # include <assert.h>
| #endif
| 
| #undef va_copy
| 
| /* Override any gcc2 internal prototype to avoid an error.  */
| #ifdef __cplusplus
| extern "C"
| {
| #endif
| /* We use char because int might match the return type of a gcc2
|    builtin and then its argument prototype would still apply.  */
| char va_copy ();
| /* The GNU C library defines this for functions which it implements
|     to always fail with ENOSYS.  Some functions are actually named
|     something starting with __ and the normal name is an alias.  */
| #if defined (__stub_va_copy) || defined (__stub___va_copy)
| choke me
| #else
| char (*f) () = va_copy;
| #endif
| #ifdef __cplusplus
| }
| #endif
| 
| int
| main ()
| {
| return f != va_copy;
|   ;
|   return 0;
| }
configure:21187: result: no
configure:21201: checking for __va_copy
configure:21258: x86_64-QNAP-linux-gnu-gcc -o conftest -DQNAPNAS -I/root/daily_build/64_01/4.4.1/LinkFS/include -DCPPFLAGS_OPT -L/root/daily_build/64_01/4.4.1/LinkFS/lib -L/root/daily_build/64_01/4.4.1/LinkFS/lib64 -DLDFLAGS_OPT conftest.c  >&5
/tmp/ccuJbncT.o: In function `main':
conftest.c:(.text+0xd): undefined reference to `__va_copy'
/tmp/ccuJbncT.o:(.data+0x0): undefined reference to `__va_copy'
collect2: error: ld returned 1 exit status
configure:21264: $? = 1
configure: failed program was:
| /* confdefs.h.  */
| 
| #define PACKAGE_NAME ""
| #define PACKAGE_TARNAME ""
| #define PACKAGE_VERSION ""
| #define PACKAGE_STRING ""
| #define PACKAGE_BUGREPORT ""
| #define PACKAGE "mt-daapd"
| #define VERSION "svn-1696"
| #define _GNU_SOURCE 1
| #define STDC_HEADERS 1
| #define HAVE_SYS_TYPES_H 1
| #define HAVE_SYS_STAT_H 1
| #define HAVE_STDLIB_H 1
| #define HAVE_STRING_H 1
| #define HAVE_MEMORY_H 1
| #define HAVE_STRINGS_H 1
| #define HAVE_INTTYPES_H 1
| #define HAVE_STDINT_H 1
| #define HAVE_UNISTD_H 1
| #define __EXTENSIONS__ 1
| #define _POSIX_PTHREAD_SEMANTICS 1
| #define _TANDEM_SOURCE 1
| #define HAVE_DLFCN_H 1
| #ifdef __cplusplus
| extern "C" void exit (int) throw ();
| #endif
| #define HAVE_SYS_WAIT_H 1
| #define HAVE_SYS_PARAM_H 1
| #define HAVE_SYS_SELECT_H 1
| #define HAVE_DIRENT_H 1
| #define HAVE_STRPTIME 1
| #define HAVE_STRTOK_R 1
| #define HAVE_TIMEGM 1
| /* end confdefs.h.  */
| /* Define __va_copy to an innocuous variant, in case <limits.h> declares __va_copy.
|    For example, HP-UX 11i <limits.h> declares gettimeofday.  */
| #define __va_copy innocuous___va_copy
| 
| /* System header to define __stub macros and hopefully few prototypes,
|     which can conflict with char __va_copy (); below.
|     Prefer <limits.h> to <assert.h> if __STDC__ is defined, since
|     <limits.h> exists even on freestanding compilers.  */
| 
| #ifdef __STDC__
| # include <limits.h>
| #else
| # include <assert.h>
| #endif
| 
| #undef __va_copy
| 
| /* Override any gcc2 internal prototype to avoid an error.  */
| #ifdef __cplusplus
| extern "C"
| {
| #endif
| /* We use char because int might match the return type of a gcc2
|    builtin and then its argument prototype would still apply.  */
| char __va_copy ();
| /* The GNU C library defines this for functions which it implements
|     to always fail with ENOSYS.  Some functions are actually named
|     something starting with __ and the normal name is an alias.  */
| #if defined (__stub___va_copy) || defined (__stub_____va_copy)
| choke me
| #else
| char (*f) () = __va_copy;
| #endif
| #ifdef __cplusplus
| }
| #endif
| 
| int
| main ()
| {
| return f != __va_copy;
|   ;
|   return 0;
| }
configure:21288: result: no
configure:21310: checking whether setpgrp takes no argument
configure:21344: x86_64-QNAP-linux-gnu-gcc -o conftest -DQNAPNAS -I/root/daily_build/64_01/4.4.1/LinkFS/include -DCPPFLAGS_OPT -L/root/daily_build/64_01/4.4.1/LinkFS/lib -L/root/daily_build/64_01/4.4.1/LinkFS/lib64 -DLDFLAGS_OPT conftest.c  >&5
conftest.c: In function 'main':
conftest.c:46:3: warning: incompatible implicit declaration of built-in function 'exit'
   exit (setpgrp (1,1) == -1 ? 0 : 1);
   ^
conftest.c:46:9: error: too many arguments to function 'setpgrp'
   exit (setpgrp (1,1) == -1 ? 0 : 1);
         ^
In file included from conftest.c:37:0:
/root/CT/x86_64-QNAP-linux-gnu/fs/include/unistd.h:660:12: note: declared here
 extern int setpgrp (void) __THROW;
            ^
configure:21347: $? = 1
configure: program exited with status 1
configure: failed program was:
| /* confdefs.h.  */
| 
| #define PACKAGE_NAME ""
| #define PACKAGE_TARNAME ""
| #define PACKAGE_VERSION ""
| #define PACKAGE_STRING ""
| #define PACKAGE_BUGREPORT ""
| #define PACKAGE "mt-daapd"
| #define VERSION "svn-1696"
| #define _GNU_SOURCE 1
| #define STDC_HEADERS 1
| #define HAVE_SYS_TYPES_H 1
| #define HAVE_SYS_STAT_H 1
| #define HAVE_STDLIB_H 1
| #define HAVE_STRING_H 1
| #define HAVE_MEMORY_H 1
| #define HAVE_STRINGS_H 1
| #define HAVE_INTTYPES_H 1
| #define HAVE_STDINT_H 1
| #define HAVE_UNISTD_H 1
| #define __EXTENSIONS__ 1
| #define _POSIX_PTHREAD_SEMANTICS 1
| #define _TANDEM_SOURCE 1
| #define HAVE_DLFCN_H 1
| #ifdef __cplusplus
| extern "C" void exit (int) throw ();
| #endif
| #define HAVE_SYS_WAIT_H 1
| #define HAVE_SYS_PARAM_H 1
| #define HAVE_SYS_SELECT_H 1
| #define HAVE_DIRENT_H 1
| #define HAVE_STRPTIME 1
| #define HAVE_STRTOK_R 1
| #define HAVE_TIMEGM 1
| /* end confdefs.h.  */
| #if HAVE_UNISTD_H
| # include <unistd.h>
| #endif
| 
| int
| main ()
| {
| /* If this system has a BSD-style setpgrp which takes arguments,
|   setpgrp(1, 1) will fail with ESRCH and return -1, in that case
|   exit successfully. */
|   exit (setpgrp (1,1) == -1 ? 0 : 1);
|   ;
|   return 0;
| }
configure:21366: result: yes
configure:21407: checking for pthread_creat in -lc_r
configure:21437: x86_64-QNAP-linux-gnu-gcc -o conftest -DQNAPNAS -I/root/daily_build/64_01/4.4.1/LinkFS/include -DCPPFLAGS_OPT -g -Wall -L/root/daily_build/64_01/4.4.1/LinkFS/lib -L/root/daily_build/64_01/4.4.1/LinkFS/lib64 -DLDFLAGS_OPT conftest.c -lc_r   >&5
/root/CT/x86_64-QNAP-linux-gnu/cross-tools/bin/../lib/gcc/x86_64-QNAP-linux-gnu/4.9.2/../../../../x86_64-QNAP-linux-gnu/bin/ld: cannot find -lc_r
collect2: error: ld returned 1 exit status
configure:21443: $? = 1
configure: failed program was:
| /* confdefs.h.  */
| 
| #define PACKAGE_NAME ""
| #define PACKAGE_TARNAME ""
| #define PACKAGE_VERSION ""
| #define PACKAGE_STRING ""
| #define PACKAGE_BUGREPORT ""
| #define PACKAGE "mt-daapd"
| #define VERSION "svn-1696"
| #define _GNU_SOURCE 1
| #define STDC_HEADERS 1
| #define HAVE_SYS_TYPES_H 1
| #define HAVE_SYS_STAT_H 1
| #define HAVE_STDLIB_H 1
| #define HAVE_STRING_H 1
| #define HAVE_MEMORY_H 1
| #define HAVE_STRINGS_H 1
| #define HAVE_INTTYPES_H 1
| #define HAVE_STDINT_H 1
| #define HAVE_UNISTD_H 1
| #define __EXTENSIONS__ 1
| #define _POSIX_PTHREAD_SEMANTICS 1
| #define _TANDEM_SOURCE 1
| #define HAVE_DLFCN_H 1
| #ifdef __cplusplus
| extern "C" void exit (int) throw ();
| #endif
| #define HAVE_SYS_WAIT_H 1
| #define HAVE_SYS_PARAM_H 1
| #define HAVE_SYS_SELECT_H 1
| #define HAVE_DIRENT_H 1
| #define HAVE_STRPTIME 1
| #define HAVE_STRTOK_R 1
| #define HAVE_TIMEGM 1
| #define SETPGRP_VOID 1
| #define CONFFILE "/etc/mt-daapd.conf"
| /* end confdefs.h.  */
| 
| /* Override any gcc2 internal prototype to avoid an error.  */
| #ifdef __cplusplus
| extern "C"
| #endif
| /* We use char because int might match the return type of a gcc2
|    builtin and then its argument prototype would still apply.  */
| char pthread_creat ();
| int
| main ()
| {
| pthread_creat ();
|   ;
|   return 0;
| }
configure:21468: result: no
configure:21474: checking for pthread_create in -lpthread
configure:21504: x86_64-QNAP-linux-gnu-gcc -o conftest -DQNAPNAS -I/root/daily_build/64_01/4.4.1/LinkFS/include -DCPPFLAGS_OPT -g -Wall -L/root/daily_build/64_01/4.4.1/LinkFS/lib -L/root/daily_build/64_01/4.4.1/LinkFS/lib64 -DLDFLAGS_OPT conftest.c -lpthread   >&5
configure:21510: $? = 0
configure:21513: test -z 			 || test ! -s conftest.err
configure:21516: $? = 0
configure:21519: test -s conftest
configure:21522: $? = 0
configure:21535: result: yes
configure:21604: checking for x86_64-QNAP-linux-gnu-pkg-config
configure:21637: result: no
configure:21646: checking for pkg-config
configure:21664: found /usr/bin/pkg-config
configure:21676: result: /usr/bin/pkg-config
configure:21691: checking pkg-config is at least version 0.9.0
configure:21694: result: yes
configure:22011: checking for strcasestr
configure:22068: x86_64-QNAP-linux-gnu-gcc -o conftest -DQNAPNAS -I/root/daily_build/64_01/4.4.1/LinkFS/include -DCPPFLAGS_OPT -g -Wall -L/root/daily_build/64_01/4.4.1/LinkFS/lib -L/root/daily_build/64_01/4.4.1/LinkFS/lib64 -DLDFLAGS_OPT conftest.c  -lpthread >&5
configure:22074: $? = 0
configure:22077: test -z 			 || test ! -s conftest.err
configure:22080: $? = 0
configure:22083: test -s conftest
configure:22086: $? = 0
configure:22098: result: yes
configure:22011: checking for strsep
configure:22068: x86_64-QNAP-linux-gnu-gcc -o conftest -DQNAPNAS -I/root/daily_build/64_01/4.4.1/LinkFS/include -DCPPFLAGS_OPT -g -Wall -L/root/daily_build/64_01/4.4.1/LinkFS/lib -L/root/daily_build/64_01/4.4.1/LinkFS/lib64 -DLDFLAGS_OPT conftest.c  -lpthread >&5
configure:22074: $? = 0
configure:22077: test -z 			 || test ! -s conftest.err
configure:22080: $? = 0
configure:22083: test -s conftest
configure:22086: $? = 0
configure:22098: result: yes
configure:22372: checking getopt.h usability
configure:22384: x86_64-QNAP-linux-gnu-gcc -c -DQNAPNAS -I/root/daily_build/64_01/4.4.1/LinkFS/include -DCPPFLAGS_OPT -g -Wall -DHAVE_SQL -DHOST='"x86_64-QNAP-linux-gnu"' -DNOT_HAVE_SA_LEN -DUSES_NETLINK -DHAVE_LINUX conftest.c >&5
configure:22390: $? = 0
configure:22393: test -z 			 || test ! -s conftest.err
configure:22396: $? = 0
configure:22399: test -s conftest.o
configure:22402: $? = 0
configure:22412: result: yes
configure:22416: checking getopt.h presence
configure:22426: x86_64-QNAP-linux-gnu-gcc -E -I/root/daily_build/64_01/4.4.1/LinkFS/include -DCPPFLAGS_OPT -g -Wall -DHAVE_SQL -DHOST='"x86_64-QNAP-linux-gnu"' -DNOT_HAVE_SA_LEN -DUSES_NETLINK -DHAVE_LINUX conftest.c
configure:22432: $? = 0
configure:22452: result: yes
configure:22487: checking for getopt.h
configure:22494: result: yes
configure:22512: checking for stdint.h
configure:22517: result: yes
configure:22671: checking id3tag.h usability
configure:22683: x86_64-QNAP-linux-gnu-gcc -c -DQNAPNAS -I/root/daily_build/64_01/4.4.1/LinkFS/include -DCPPFLAGS_OPT -g -Wall -DHAVE_SQL -DHOST='"x86_64-QNAP-linux-gnu"' -DNOT_HAVE_SA_LEN -DUSES_NETLINK -DHAVE_LINUX conftest.c >&5
configure:22689: $? = 0
configure:22692: test -z 			 || test ! -s conftest.err
configure:22695: $? = 0
configure:22698: test -s conftest.o
configure:22701: $? = 0
configure:22711: result: yes
configure:22715: checking id3tag.h presence
configure:22725: x86_64-QNAP-linux-gnu-gcc -E -I/root/daily_build/64_01/4.4.1/LinkFS/include -DCPPFLAGS_OPT -g -Wall -DHAVE_SQL -DHOST='"x86_64-QNAP-linux-gnu"' -DNOT_HAVE_SA_LEN -DUSES_NETLINK -DHAVE_LINUX conftest.c
configure:22731: $? = 0
configure:22751: result: yes
configure:22786: checking for id3tag.h
configure:22793: result: yes
configure:22817: checking for id3_file_open in -lid3tag
configure:22847: x86_64-QNAP-linux-gnu-gcc -o conftest -DQNAPNAS -lz -I/root/daily_build/64_01/4.4.1/LinkFS/include -DCPPFLAGS_OPT -g -Wall -DHAVE_SQL -DHOST='"x86_64-QNAP-linux-gnu"' -DNOT_HAVE_SA_LEN -DUSES_NETLINK -DHAVE_LINUX -L/root/daily_build/64_01/4.4.1/LinkFS/lib -L/root/daily_build/64_01/4.4.1/LinkFS/lib64 -DLDFLAGS_OPT -Wl,--export-dynamic conftest.c -lid3tag   -lpthread >&5
configure:22853: $? = 0
configure:22856: test -z 			 || test ! -s conftest.err
configure:22859: $? = 0
configure:22862: test -s conftest
configure:22865: $? = 0
configure:22878: result: yes
configure:23632: checking sqlite3.h usability
configure:23644: x86_64-QNAP-linux-gnu-gcc -c -DQNAPNAS -I/root/daily_build/64_01/4.4.1/LinkFS/include -DCPPFLAGS_OPT -g -Wall -DHAVE_SQL -DHOST='"x86_64-QNAP-linux-gnu"' -DNOT_HAVE_SA_LEN -DUSES_NETLINK -DHAVE_LINUX conftest.c >&5
configure:23650: $? = 0
configure:23653: test -z 			 || test ! -s conftest.err
configure:23656: $? = 0
configure:23659: test -s conftest.o
configure:23662: $? = 0
configure:23672: result: yes
configure:23676: checking sqlite3.h presence
configure:23686: x86_64-QNAP-linux-gnu-gcc -E -I/root/daily_build/64_01/4.4.1/LinkFS/include -DCPPFLAGS_OPT -g -Wall -DHAVE_SQL -DHOST='"x86_64-QNAP-linux-gnu"' -DNOT_HAVE_SA_LEN -DUSES_NETLINK -DHAVE_LINUX conftest.c
configure:23692: $? = 0
configure:23712: result: yes
configure:23747: checking for sqlite3.h
configure:23754: result: yes
configure:23773: checking for sqlite3_open in -lsqlite3
configure:23803: x86_64-QNAP-linux-gnu-gcc -o conftest -DQNAPNAS -I/root/daily_build/64_01/4.4.1/LinkFS/include -DCPPFLAGS_OPT -g -Wall -DHAVE_SQL -DHOST='"x86_64-QNAP-linux-gnu"' -DNOT_HAVE_SA_LEN -DUSES_NETLINK -DHAVE_LINUX -L/root/daily_build/64_01/4.4.1/LinkFS/lib -L/root/daily_build/64_01/4.4.1/LinkFS/lib64 -DLDFLAGS_OPT -Wl,--export-dynamic conftest.c -lsqlite3   -lpthread -lid3tag -lz >&5
configure:23809: $? = 0
configure:23812: test -z 			 || test ! -s conftest.err
configure:23815: $? = 0
configure:23818: test -s conftest
configure:23821: $? = 0
configure:23834: result: yes
configure:25024: checking for strcasestr
configure:25111: result: yes
configure:25135: checking for strsep
configure:25222: result: yes
configure:25246: checking for atoll
configure:25303: x86_64-QNAP-linux-gnu-gcc -o conftest -DQNAPNAS -I/root/daily_build/64_01/4.4.1/LinkFS/include -DCPPFLAGS_OPT -g -Wall -DHAVE_SQL -DHOST='"x86_64-QNAP-linux-gnu"' -DNOT_HAVE_SA_LEN -DUSES_NETLINK -DHAVE_LINUX -L/root/daily_build/64_01/4.4.1/LinkFS/lib -L/root/daily_build/64_01/4.4.1/LinkFS/lib64 -DLDFLAGS_OPT -Wl,--export-dynamic conftest.c  -lpthread -lid3tag -lz -lsqlite3 >&5
configure:25309: $? = 0
configure:25312: test -z 			 || test ! -s conftest.err
configure:25315: $? = 0
configure:25318: test -s conftest
configure:25321: $? = 0
configure:25333: result: yes
configure:25344: checking for ANSI C header files
configure:25499: result: yes
configure:25509: checking for sys/wait.h that is POSIX.1 compatible
configure:25569: result: yes
configure:25600: checking fcntl.h usability
configure:25612: x86_64-QNAP-linux-gnu-gcc -c -DQNAPNAS -I/root/daily_build/64_01/4.4.1/LinkFS/include -DCPPFLAGS_OPT -g -Wall -DHAVE_SQL -DHOST='"x86_64-QNAP-linux-gnu"' -DNOT_HAVE_SA_LEN -DUSES_NETLINK -DHAVE_LINUX conftest.c >&5
configure:25618: $? = 0
configure:25621: test -z 			 || test ! -s conftest.err
configure:25624: $? = 0
configure:25627: test -s conftest.o
configure:25630: $? = 0
configure:25640: result: yes
configure:25644: checking fcntl.h presence
configure:25654: x86_64-QNAP-linux-gnu-gcc -E -I/root/daily_build/64_01/4.4.1/LinkFS/include -DCPPFLAGS_OPT -g -Wall -DHAVE_SQL -DHOST='"x86_64-QNAP-linux-gnu"' -DNOT_HAVE_SA_LEN -DUSES_NETLINK -DHAVE_LINUX conftest.c
configure:25660: $? = 0
configure:25680: result: yes
configure:25715: checking for fcntl.h
configure:25722: result: yes
configure:25600: checking sys/ioctl.h usability
configure:25612: x86_64-QNAP-linux-gnu-gcc -c -DQNAPNAS -I/root/daily_build/64_01/4.4.1/LinkFS/include -DCPPFLAGS_OPT -g -Wall -DHAVE_SQL -DHOST='"x86_64-QNAP-linux-gnu"' -DNOT_HAVE_SA_LEN -DUSES_NETLINK -DHAVE_LINUX conftest.c >&5
configure:25618: $? = 0
configure:25621: test -z 			 || test ! -s conftest.err
configure:25624: $? = 0
configure:25627: test -s conftest.o
configure:25630: $? = 0
configure:25640: result: yes
configure:25644: checking sys/ioctl.h presence
configure:25654: x86_64-QNAP-linux-gnu-gcc -E -I/root/daily_build/64_01/4.4.1/LinkFS/include -DCPPFLAGS_OPT -g -Wall -DHAVE_SQL -DHOST='"x86_64-QNAP-linux-gnu"' -DNOT_HAVE_SA_LEN -DUSES_NETLINK -DHAVE_LINUX conftest.c
configure:25660: $? = 0
configure:25680: result: yes
configure:25715: checking for sys/ioctl.h
configure:25722: result: yes
configure:25600: checking sys/time.h usability
configure:25612: x86_64-QNAP-linux-gnu-gcc -c -DQNAPNAS -I/root/daily_build/64_01/4.4.1/LinkFS/include -DCPPFLAGS_OPT -g -Wall -DHAVE_SQL -DHOST='"x86_64-QNAP-linux-gnu"' -DNOT_HAVE_SA_LEN -DUSES_NETLINK -DHAVE_LINUX conftest.c >&5
configure:25618: $? = 0
configure:25621: test -z 			 || test ! -s conftest.err
configure:25624: $? = 0
configure:25627: test -s conftest.o
configure:25630: $? = 0
configure:25640: result: yes
configure:25644: checking sys/time.h presence
configure:25654: x86_64-QNAP-linux-gnu-gcc -E -I/root/daily_build/64_01/4.4.1/LinkFS/include -DCPPFLAGS_OPT -g -Wall -DHAVE_SQL -DHOST='"x86_64-QNAP-linux-gnu"' -DNOT_HAVE_SA_LEN -DUSES_NETLINK -DHAVE_LINUX conftest.c
configure:25660: $? = 0
configure:25680: result: yes
configure:25715: checking for sys/time.h
configure:25722: result: yes
configure:25600: checking syslog.h usability
configure:25612: x86_64-QNAP-linux-gnu-gcc -c -DQNAPNAS -I/root/daily_build/64_01/4.4.1/LinkFS/include -DCPPFLAGS_OPT -g -Wall -DHAVE_SQL -DHOST='"x86_64-QNAP-linux-gnu"' -DNOT_HAVE_SA_LEN -DUSES_NETLINK -DHAVE_LINUX conftest.c >&5
configure:25618: $? = 0
configure:25621: test -z 			 || test ! -s conftest.err
configure:25624: $? = 0
configure:25627: test -s conftest.o
configure:25630: $? = 0
configure:25640: result: yes
configure:25644: checking syslog.h presence
configure:25654: x86_64-QNAP-linux-gnu-gcc -E -I/root/daily_build/64_01/4.4.1/LinkFS/include -DCPPFLAGS_OPT -g -Wall -DHAVE_SQL -DHOST='"x86_64-QNAP-linux-gnu"' -DNOT_HAVE_SA_LEN -DUSES_NETLINK -DHAVE_LINUX conftest.c
configure:25660: $? = 0
configure:25680: result: yes
configure:25715: checking for syslog.h
configure:25722: result: yes
configure:25591: checking for unistd.h
configure:25596: result: yes
configure:25600: checking sys/filio.h usability
configure:25612: x86_64-QNAP-linux-gnu-gcc -c -DQNAPNAS -I/root/daily_build/64_01/4.4.1/LinkFS/include -DCPPFLAGS_OPT -g -Wall -DHAVE_SQL -DHOST='"x86_64-QNAP-linux-gnu"' -DNOT_HAVE_SA_LEN -DUSES_NETLINK -DHAVE_LINUX conftest.c >&5
conftest.c:90:23: fatal error: sys/filio.h: No such file or directory
 #include <sys/filio.h>
                       ^
compilation terminated.
configure:25618: $? = 1
configure: failed program was:
| /* confdefs.h.  */
| 
| #define PACKAGE_NAME ""
| #define PACKAGE_TARNAME ""
| #define PACKAGE_VERSION ""
| #define PACKAGE_STRING ""
| #define PACKAGE_BUGREPORT ""
| #define PACKAGE "mt-daapd"
| #define VERSION "svn-1696"
| #define _GNU_SOURCE 1
| #define STDC_HEADERS 1
| #define HAVE_SYS_TYPES_H 1
| #define HAVE_SYS_STAT_H 1
| #define HAVE_STDLIB_H 1
| #define HAVE_STRING_H 1
| #define HAVE_MEMORY_H 1
| #define HAVE_STRINGS_H 1
| #define HAVE_INTTYPES_H 1
| #define HAVE_STDINT_H 1
| #define HAVE_UNISTD_H 1
| #define __EXTENSIONS__ 1
| #define _POSIX_PTHREAD_SEMANTICS 1
| #define _TANDEM_SOURCE 1
| #define HAVE_DLFCN_H 1
| #ifdef __cplusplus
| extern "C" void exit (int) throw ();
| #endif
| #define HAVE_SYS_WAIT_H 1
| #define HAVE_SYS_PARAM_H 1
| #define HAVE_SYS_SELECT_H 1
| #define HAVE_DIRENT_H 1
| #define HAVE_STRPTIME 1
| #define HAVE_STRTOK_R 1
| #define HAVE_TIMEGM 1
| #define SETPGRP_VOID 1
| #define CONFFILE "/etc/mt-daapd.conf"
| #define HAVE_STRCASESTR 1
| #define HAVE_STRSEP 1
| #define HAVE_GETOPT_H 1
| #define HAVE_STDINT_H 1
| #define HAVE_ID3TAG_H 1
| #define HAVE_LIBID3TAG 1
| #define HAVE_SQLITE3_H 1
| #define HAVE_LIBSQLITE3 1
| #define HAVE_STRCASESTR 1
| #define HAVE_STRSEP 1
| #define HAVE_ATOLL 1
| #define STDC_HEADERS 1
| #define HAVE_SYS_WAIT_H 1
| #define HAVE_FCNTL_H 1
| #define HAVE_SYS_IOCTL_H 1
| #define HAVE_SYS_TIME_H 1
| #define HAVE_SYSLOG_H 1
| #define HAVE_UNISTD_H 1
| /* end confdefs.h.  */
| #include <stdio.h>
| #if HAVE_SYS_TYPES_H
| # include <sys/types.h>
| #endif
| #if HAVE_SYS_STAT_H
| # include <sys/stat.h>
| #endif
| #if STDC_HEADERS
| # include <stdlib.h>
| # include <stddef.h>
| #else
| # if HAVE_STDLIB_H
| #  include <stdlib.h>
| # endif
| #endif
| #if HAVE_STRING_H
| # if !STDC_HEADERS && HAVE_MEMORY_H
| #  include <memory.h>
| # endif
| # include <string.h>
| #endif
| #if HAVE_STRINGS_H
| # include <strings.h>
| #endif
| #if HAVE_INTTYPES_H
| # include <inttypes.h>
| #else
| # if HAVE_STDINT_H
| #  include <stdint.h>
| # endif
| #endif
| #if HAVE_UNISTD_H
| # include <unistd.h>
| #endif
| #include <sys/filio.h>
configure:25640: result: no
configure:25644: checking sys/filio.h presence
configure:25654: x86_64-QNAP-linux-gnu-gcc -E -I/root/daily_build/64_01/4.4.1/LinkFS/include -DCPPFLAGS_OPT -g -Wall -DHAVE_SQL -DHOST='"x86_64-QNAP-linux-gnu"' -DNOT_HAVE_SA_LEN -DUSES_NETLINK -DHAVE_LINUX conftest.c
conftest.c:56:23: fatal error: sys/filio.h: No such file or directory
 #include <sys/filio.h>
                       ^
compilation terminated.
configure:25660: $? = 1
configure: failed program was:
| /* confdefs.h.  */
| 
| #define PACKAGE_NAME ""
| #define PACKAGE_TARNAME ""
| #define PACKAGE_VERSION ""
| #define PACKAGE_STRING ""
| #define PACKAGE_BUGREPORT ""
| #define PACKAGE "mt-daapd"
| #define VERSION "svn-1696"
| #define _GNU_SOURCE 1
| #define STDC_HEADERS 1
| #define HAVE_SYS_TYPES_H 1
| #define HAVE_SYS_STAT_H 1
| #define HAVE_STDLIB_H 1
| #define HAVE_STRING_H 1
| #define HAVE_MEMORY_H 1
| #define HAVE_STRINGS_H 1
| #define HAVE_INTTYPES_H 1
| #define HAVE_STDINT_H 1
| #define HAVE_UNISTD_H 1
| #define __EXTENSIONS__ 1
| #define _POSIX_PTHREAD_SEMANTICS 1
| #define _TANDEM_SOURCE 1
| #define HAVE_DLFCN_H 1
| #ifdef __cplusplus
| extern "C" void exit (int) throw ();
| #endif
| #define HAVE_SYS_WAIT_H 1
| #define HAVE_SYS_PARAM_H 1
| #define HAVE_SYS_SELECT_H 1
| #define HAVE_DIRENT_H 1
| #define HAVE_STRPTIME 1
| #define HAVE_STRTOK_R 1
| #define HAVE_TIMEGM 1
| #define SETPGRP_VOID 1
| #define CONFFILE "/etc/mt-daapd.conf"
| #define HAVE_STRCASESTR 1
| #define HAVE_STRSEP 1
| #define HAVE_GETOPT_H 1
| #define HAVE_STDINT_H 1
| #define HAVE_ID3TAG_H 1
| #define HAVE_LIBID3TAG 1
| #define HAVE_SQLITE3_H 1
| #define HAVE_LIBSQLITE3 1
| #define HAVE_STRCASESTR 1
| #define HAVE_STRSEP 1
| #define HAVE_ATOLL 1
| #define STDC_HEADERS 1
| #define HAVE_SYS_WAIT_H 1
| #define HAVE_FCNTL_H 1
| #define HAVE_SYS_IOCTL_H 1
| #define HAVE_SYS_TIME_H 1
| #define HAVE_SYSLOG_H 1
| #define HAVE_UNISTD_H 1
| /* end confdefs.h.  */
| #include <sys/filio.h>
configure:25680: result: no
configure:25715: checking for sys/filio.h
configure:25722: result: no
configure:25600: checking termio.h usability
configure:25612: x86_64-QNAP-linux-gnu-gcc -c -DQNAPNAS -I/root/daily_build/64_01/4.4.1/LinkFS/include -DCPPFLAGS_OPT -g -Wall -DHAVE_SQL -DHOST='"x86_64-QNAP-linux-gnu"' -DNOT_HAVE_SA_LEN -DUSES_NETLINK -DHAVE_LINUX conftest.c >&5
configure:25618: $? = 0
configure:25621: test -z 			 || test ! -s conftest.err
configure:25624: $? = 0
configure:25627: test -s conftest.o
configure:25630: $? = 0
configure:25640: result: yes
configure:25644: checking termio.h presence
configure:25654: x86_64-QNAP-linux-gnu-gcc -E -I/root/daily_build/64_01/4.4.1/LinkFS/include -DCPPFLAGS_OPT -g -Wall -DHAVE_SQL -DHOST='"x86_64-QNAP-linux-gnu"' -DNOT_HAVE_SA_LEN -DUSES_NETLINK -DHAVE_LINUX conftest.c
configure:25660: $? = 0
configure:25680: result: yes
configure:25715: checking for termio.h
configure:25722: result: yes
configure:25736: checking whether time.h and sys/time.h may both be included
configure:25761: x86_64-QNAP-linux-gnu-gcc -c -DQNAPNAS -I/root/daily_build/64_01/4.4.1/LinkFS/include -DCPPFLAGS_OPT -g -Wall -DHAVE_SQL -DHOST='"x86_64-QNAP-linux-gnu"' -DNOT_HAVE_SA_LEN -DUSES_NETLINK -DHAVE_LINUX conftest.c >&5
configure:25767: $? = 0
configure:25770: test -z 			 || test ! -s conftest.err
configure:25773: $? = 0
configure:25776: test -s conftest.o
configure:25779: $? = 0
configure:25790: result: yes
configure:25802: checking whether x86_64-QNAP-linux-gnu-gcc needs -traditional
configure:25844: result: no
configure:25851: checking return type of signal handlers
configure:25882: x86_64-QNAP-linux-gnu-gcc -c -DQNAPNAS -I/root/daily_build/64_01/4.4.1/LinkFS/include -DCPPFLAGS_OPT -g -Wall -DHAVE_SQL -DHOST='"x86_64-QNAP-linux-gnu"' -DNOT_HAVE_SA_LEN -DUSES_NETLINK -DHAVE_LINUX conftest.c >&5
conftest.c: In function 'main':
conftest.c:72:5: warning: unused variable 'i' [-Wunused-variable]
 int i;
     ^
configure:25888: $? = 0
configure:25891: test -z 			 || test ! -s conftest.err
configure:25894: $? = 0
configure:25897: test -s conftest.o
configure:25900: $? = 0
configure:25911: result: void
configure:25926: checking for select
configure:25983: x86_64-QNAP-linux-gnu-gcc -o conftest -DQNAPNAS -I/root/daily_build/64_01/4.4.1/LinkFS/include -DCPPFLAGS_OPT -g -Wall -DHAVE_SQL -DHOST='"x86_64-QNAP-linux-gnu"' -DNOT_HAVE_SA_LEN -DUSES_NETLINK -DHAVE_LINUX -L/root/daily_build/64_01/4.4.1/LinkFS/lib -L/root/daily_build/64_01/4.4.1/LinkFS/lib64 -DLDFLAGS_OPT -Wl,--export-dynamic conftest.c  -lpthread -lid3tag -lz -lsqlite3 >&5
configure:25989: $? = 0
configure:25992: test -z 			 || test ! -s conftest.err
configure:25995: $? = 0
configure:25998: test -s conftest
configure:26001: $? = 0
configure:26013: result: yes
configure:25926: checking for socket
configure:25983: x86_64-QNAP-linux-gnu-gcc -o conftest -DQNAPNAS -I/root/daily_build/64_01/4.4.1/LinkFS/include -DCPPFLAGS_OPT -g -Wall -DHAVE_SQL -DHOST='"x86_64-QNAP-linux-gnu"' -DNOT_HAVE_SA_LEN -DUSES_NETLINK -DHAVE_LINUX -L/root/daily_build/64_01/4.4.1/LinkFS/lib -L/root/daily_build/64_01/4.4.1/LinkFS/lib64 -DLDFLAGS_OPT -Wl,--export-dynamic conftest.c  -lpthread -lid3tag -lz -lsqlite3 >&5
configure:25989: $? = 0
configure:25992: test -z 			 || test ! -s conftest.err
configure:25995: $? = 0
configure:25998: test -s conftest
configure:26001: $? = 0
configure:26013: result: yes
configure:25926: checking for strdup
configure:25983: x86_64-QNAP-linux-gnu-gcc -o conftest -DQNAPNAS -I/root/daily_build/64_01/4.4.1/LinkFS/include -DCPPFLAGS_OPT -g -Wall -DHAVE_SQL -DHOST='"x86_64-QNAP-linux-gnu"' -DNOT_HAVE_SA_LEN -DUSES_NETLINK -DHAVE_LINUX -L/root/daily_build/64_01/4.4.1/LinkFS/lib -L/root/daily_build/64_01/4.4.1/LinkFS/lib64 -DLDFLAGS_OPT -Wl,--export-dynamic conftest.c  -lpthread -lid3tag -lz -lsqlite3 >&5
conftest.c:85:6: warning: conflicting types for built-in function 'strdup'
 char strdup ();
      ^
configure:25989: $? = 0
configure:25992: test -z 			 || test ! -s conftest.err
configure:25995: $? = 0
configure:25998: test -s conftest
configure:26001: $? = 0
configure:26013: result: yes
configure:25926: checking for strerror
configure:25983: x86_64-QNAP-linux-gnu-gcc -o conftest -DQNAPNAS -I/root/daily_build/64_01/4.4.1/LinkFS/include -DCPPFLAGS_OPT -g -Wall -DHAVE_SQL -DHOST='"x86_64-QNAP-linux-gnu"' -DNOT_HAVE_SA_LEN -DUSES_NETLINK -DHAVE_LINUX -L/root/daily_build/64_01/4.4.1/LinkFS/lib -L/root/daily_build/64_01/4.4.1/LinkFS/lib64 -DLDFLAGS_OPT -Wl,--export-dynamic conftest.c  -lpthread -lid3tag -lz -lsqlite3 >&5
configure:25989: $? = 0
configure:25992: test -z 			 || test ! -s conftest.err
configure:25995: $? = 0
configure:25998: test -s conftest
configure:26001: $? = 0
configure:26013: result: yes
configure:26026: checking for dlsym in -ldl
configure:26056: x86_64-QNAP-linux-gnu-gcc -o conftest -DQNAPNAS -I/root/daily_build/64_01/4.4.1/LinkFS/include -DCPPFLAGS_OPT -g -Wall -DHAVE_SQL -DHOST='"x86_64-QNAP-linux-gnu"' -DNOT_HAVE_SA_LEN -DUSES_NETLINK -DHAVE_LINUX -L/root/daily_build/64_01/4.4.1/LinkFS/lib -L/root/daily_build/64_01/4.4.1/LinkFS/lib64 -DLDFLAGS_OPT -Wl,--export-dynamic conftest.c -ldl   -lpthread -lid3tag -lz -lsqlite3 >&5
configure:26062: $? = 0
configure:26065: test -z 			 || test ! -s conftest.err
configure:26068: $? = 0
configure:26071: test -s conftest
configure:26074: $? = 0
configure:26087: result: yes
configure:26100: checking for socket in -lsocket
configure:26130: x86_64-QNAP-linux-gnu-gcc -o conftest -DQNAPNAS -I/root/daily_build/64_01/4.4.1/LinkFS/include -DCPPFLAGS_OPT -g -Wall -DHAVE_SQL -DHOST='"x86_64-QNAP-linux-gnu"' -DNOT_HAVE_SA_LEN -DUSES_NETLINK -DHAVE_LINUX -L/root/daily_build/64_01/4.4.1/LinkFS/lib -L/root/daily_build/64_01/4.4.1/LinkFS/lib64 -DLDFLAGS_OPT -Wl,--export-dynamic conftest.c -lsocket  -ldl  -lpthread -lid3tag -lz -lsqlite3 >&5
/root/CT/x86_64-QNAP-linux-gnu/cross-tools/bin/../lib/gcc/x86_64-QNAP-linux-gnu/4.9.2/../../../../x86_64-QNAP-linux-gnu/bin/ld: cannot find -lsocket
collect2: error: ld returned 1 exit status
configure:26136: $? = 1
configure: failed program was:
| /* confdefs.h.  */
| 
| #define PACKAGE_NAME ""
| #define PACKAGE_TARNAME ""
| #define PACKAGE_VERSION ""
| #define PACKAGE_STRING ""
| #define PACKAGE_BUGREPORT ""
| #define PACKAGE "mt-daapd"
| #define VERSION "svn-1696"
| #define _GNU_SOURCE 1
| #define STDC_HEADERS 1
| #define HAVE_SYS_TYPES_H 1
| #define HAVE_SYS_STAT_H 1
| #define HAVE_STDLIB_H 1
| #define HAVE_STRING_H 1
| #define HAVE_MEMORY_H 1
| #define HAVE_STRINGS_H 1
| #define HAVE_INTTYPES_H 1
| #define HAVE_STDINT_H 1
| #define HAVE_UNISTD_H 1
| #define __EXTENSIONS__ 1
| #define _POSIX_PTHREAD_SEMANTICS 1
| #define _TANDEM_SOURCE 1
| #define HAVE_DLFCN_H 1
| #ifdef __cplusplus
| extern "C" void exit (int) throw ();
| #endif
| #define HAVE_SYS_WAIT_H 1
| #define HAVE_SYS_PARAM_H 1
| #define HAVE_SYS_SELECT_H 1
| #define HAVE_DIRENT_H 1
| #define HAVE_STRPTIME 1
| #define HAVE_STRTOK_R 1
| #define HAVE_TIMEGM 1
| #define SETPGRP_VOID 1
| #define CONFFILE "/etc/mt-daapd.conf"
| #define HAVE_STRCASESTR 1
| #define HAVE_STRSEP 1
| #define HAVE_GETOPT_H 1
| #define HAVE_STDINT_H 1
| #define HAVE_ID3TAG_H 1
| #define HAVE_LIBID3TAG 1
| #define HAVE_SQLITE3_H 1
| #define HAVE_LIBSQLITE3 1
| #define HAVE_STRCASESTR 1
| #define HAVE_STRSEP 1
| #define HAVE_ATOLL 1
| #define STDC_HEADERS 1
| #define HAVE_SYS_WAIT_H 1
| #define HAVE_FCNTL_H 1
| #define HAVE_SYS_IOCTL_H 1
| #define HAVE_SYS_TIME_H 1
| #define HAVE_SYSLOG_H 1
| #define HAVE_UNISTD_H 1
| #define HAVE_TERMIO_H 1
| #define TIME_WITH_SYS_TIME 1
| #define RETSIGTYPE void
| #define HAVE_SELECT 1
| #define HAVE_SOCKET 1
| #define HAVE_STRDUP 1
| #define HAVE_STRERROR 1
| #define HAVE_LIBDL 1
| /* end confdefs.h.  */
| 
| /* Override any gcc2 internal prototype to avoid an error.  */
| #ifdef __cplusplus
| extern "C"
| #endif
| /* We use char because int might match the return type of a gcc2
|    builtin and then its argument prototype would still apply.  */
| char socket ();
| int
| main ()
| {
| socket ();
|   ;
|   return 0;
| }
configure:26161: result: no
configure:26212: checking for ld used by GCC
configure:26276: result: x86_64-QNAP-linux-gnu-ld -m elf_x86_64
configure:26285: checking if the linker (x86_64-QNAP-linux-gnu-ld -m elf_x86_64) is GNU ld
configure:26298: result: yes
configure:26305: checking for shared library run path origin
configure:26318: result: done
configure:26748: checking for iconv
configure:26775: x86_64-QNAP-linux-gnu-gcc -o conftest -DQNAPNAS -I/root/daily_build/64_01/4.4.1/LinkFS/include -DCPPFLAGS_OPT -g -Wall -DHAVE_SQL -DHOST='"x86_64-QNAP-linux-gnu"' -DNOT_HAVE_SA_LEN -DUSES_NETLINK -DHAVE_LINUX -L/root/daily_build/64_01/4.4.1/LinkFS/lib -L/root/daily_build/64_01/4.4.1/LinkFS/lib64 -DLDFLAGS_OPT -Wl,--export-dynamic conftest.c -ldl  -lpthread -lid3tag -lz -lsqlite3 >&5
/tmp/ccl9qNDB.o: In function `main':
/root/daily_build/64_01/4.4.1/SysUtil/mt-daapd-svn-1696/conftest.c:69: undefined reference to `libiconv_open'
/root/daily_build/64_01/4.4.1/SysUtil/mt-daapd-svn-1696/conftest.c:70: undefined reference to `libiconv'
/root/daily_build/64_01/4.4.1/SysUtil/mt-daapd-svn-1696/conftest.c:71: undefined reference to `libiconv_close'
collect2: error: ld returned 1 exit status
configure:26781: $? = 1
configure: failed program was:
| /* confdefs.h.  */
| 
| #define PACKAGE_NAME ""
| #define PACKAGE_TARNAME ""
| #define PACKAGE_VERSION ""
| #define PACKAGE_STRING ""
| #define PACKAGE_BUGREPORT ""
| #define PACKAGE "mt-daapd"
| #define VERSION "svn-1696"
| #define _GNU_SOURCE 1
| #define STDC_HEADERS 1
| #define HAVE_SYS_TYPES_H 1
| #define HAVE_SYS_STAT_H 1
| #define HAVE_STDLIB_H 1
| #define HAVE_STRING_H 1
| #define HAVE_MEMORY_H 1
| #define HAVE_STRINGS_H 1
| #define HAVE_INTTYPES_H 1
| #define HAVE_STDINT_H 1
| #define HAVE_UNISTD_H 1
| #define __EXTENSIONS__ 1
| #define _POSIX_PTHREAD_SEMANTICS 1
| #define _TANDEM_SOURCE 1
| #define HAVE_DLFCN_H 1
| #ifdef __cplusplus
| extern "C" void exit (int) throw ();
| #endif
| #define HAVE_SYS_WAIT_H 1
| #define HAVE_SYS_PARAM_H 1
| #define HAVE_SYS_SELECT_H 1
| #define HAVE_DIRENT_H 1
| #define HAVE_STRPTIME 1
| #define HAVE_STRTOK_R 1
| #define HAVE_TIMEGM 1
| #define SETPGRP_VOID 1
| #define CONFFILE "/etc/mt-daapd.conf"
| #define HAVE_STRCASESTR 1
| #define HAVE_STRSEP 1
| #define HAVE_GETOPT_H 1
| #define HAVE_STDINT_H 1
| #define HAVE_ID3TAG_H 1
| #define HAVE_LIBID3TAG 1
| #define HAVE_SQLITE3_H 1
| #define HAVE_LIBSQLITE3 1
| #define HAVE_STRCASESTR 1
| #define HAVE_STRSEP 1
| #define HAVE_ATOLL 1
| #define STDC_HEADERS 1
| #define HAVE_SYS_WAIT_H 1
| #define HAVE_FCNTL_H 1
| #define HAVE_SYS_IOCTL_H 1
| #define HAVE_SYS_TIME_H 1
| #define HAVE_SYSLOG_H 1
| #define HAVE_UNISTD_H 1
| #define HAVE_TERMIO_H 1
| #define TIME_WITH_SYS_TIME 1
| #define RETSIGTYPE void
| #define HAVE_SELECT 1
| #define HAVE_SOCKET 1
| #define HAVE_STRDUP 1
| #define HAVE_STRERROR 1
| #define HAVE_LIBDL 1
| /* end confdefs.h.  */
| #include <stdlib.h>
| #include <iconv.h>
| int
| main ()
| {
| iconv_t cd = iconv_open("","");
|        iconv(cd,NULL,NULL,NULL,NULL);
|        iconv_close(cd);
|   ;
|   return 0;
| }
configure:26825: x86_64-QNAP-linux-gnu-gcc -o conftest -DQNAPNAS -I/root/daily_build/64_01/4.4.1/LinkFS/include -DCPPFLAGS_OPT -g -Wall -DHAVE_SQL -DHOST='"x86_64-QNAP-linux-gnu"' -DNOT_HAVE_SA_LEN -DUSES_NETLINK -DHAVE_LINUX -L/root/daily_build/64_01/4.4.1/LinkFS/lib -L/root/daily_build/64_01/4.4.1/LinkFS/lib64 -DLDFLAGS_OPT -Wl,--export-dynamic conftest.c -ldl  -lpthread -lid3tag -lz -lsqlite3 -liconv >&5
configure:26831: $? = 0
configure:26834: test -z 			 || test ! -s conftest.err
configure:26837: $? = 0
configure:26840: test -s conftest
configure:26843: $? = 0
configure:26858: result: yes
configure:26868: checking how to link with libiconv
configure:26870: result: -liconv
configure:26881: checking for iconv declaration
configure:26915: x86_64-QNAP-linux-gnu-gcc -c -DQNAPNAS -I/root/daily_build/64_01/4.4.1/LinkFS/include -DCPPFLAGS_OPT -g -Wall -DHAVE_SQL -DHOST='"x86_64-QNAP-linux-gnu"' -DNOT_HAVE_SA_LEN -DUSES_NETLINK -DHAVE_LINUX conftest.c >&5
configure:26921: $? = 0
configure:26924: test -z 			 || test ! -s conftest.err
configure:26927: $? = 0
configure:26930: test -s conftest.o
configure:26933: $? = 0
configure:26948: result: 
         extern size_t iconv (iconv_t cd, char * *inbuf, size_t *inbytesleft, char * *outbuf, size_t *outbytesleft);
configure:27204: creating ./config.status

## ---------------------- ##
## Running config.status. ##
## ---------------------- ##

This file was extended by config.status, which was
generated by GNU Autoconf 2.59.  Invocation command line was

  CONFIG_FILES    = 
  CONFIG_HEADERS  = 
  CONFIG_LINKS    = 
  CONFIG_COMMANDS = 
  $ ./config.status 

on U16BuildServer115

config.status:797: creating src/Makefile
config.status:797: creating src/plugins/Makefile
config.status:797: creating admin-root/Makefile
config.status:797: creating admin-root/lib-js/Makefile
config.status:797: creating admin-root/lib-js/script.aculo.us/Makefile
config.status:797: creating contrib/Makefile
config.status:797: creating contrib/init.d/Makefile
config.status:797: creating src/mdns/Makefile
config.status:797: creating Makefile
config.status:863: creating config.h
config.status:1251: executing depfiles commands

## ---------------- ##
## Cache variables. ##
## ---------------- ##

ac_cv_build=x86_64-pc-linux-gnu
ac_cv_build_alias=x86_64-pc-linux-gnu
ac_cv_c_compiler_gnu=yes
ac_cv_cxx_compiler_gnu=yes
ac_cv_env_AVAHI_CFLAGS_set=
ac_cv_env_AVAHI_CFLAGS_value=
ac_cv_env_AVAHI_LIBS_set=
ac_cv_env_AVAHI_LIBS_value=
ac_cv_env_CC_set=set
ac_cv_env_CC_value=x86_64-QNAP-linux-gnu-gcc
ac_cv_env_CFLAGS_set=set
ac_cv_env_CFLAGS_value=-DQNAPNAS
ac_cv_env_CPPFLAGS_set=set
ac_cv_env_CPPFLAGS_value='-I/root/daily_build/64_01/4.4.1/LinkFS/include -DCPPFLAGS_OPT'
ac_cv_env_CPP_set=
ac_cv_env_CPP_value=
ac_cv_env_CXXCPP_set=
ac_cv_env_CXXCPP_value=
ac_cv_env_CXXFLAGS_set=
ac_cv_env_CXXFLAGS_value=
ac_cv_env_CXX_set=set
ac_cv_env_CXX_value=x86_64-QNAP-linux-gnu-g++
ac_cv_env_F77_set=
ac_cv_env_F77_value=
ac_cv_env_FFLAGS_set=
ac_cv_env_FFLAGS_value=
ac_cv_env_LDFLAGS_set=set
ac_cv_env_LDFLAGS_value='-L/root/daily_build/64_01/4.4.1/LinkFS/lib -L/root/daily_build/64_01/4.4.1/LinkFS/lib64 -DLDFLAGS_OPT'
ac_cv_env_PKG_CONFIG_set=
ac_cv_env_PKG_CONFIG_value=
ac_cv_env_build_alias_set=
ac_cv_env_build_alias_value=
ac_cv_env_host_alias_set=set
ac_cv_env_host_alias_value=x86_64-QNAP-linux-gnu
ac_cv_env_target_alias_set=
ac_cv_env_target_alias_value=
ac_cv_exeext=
ac_cv_f77_compiler_gnu=no
ac_cv_func___va_copy=no
ac_cv_func_atoll=yes
ac_cv_func_select=yes
ac_cv_func_setpgrp_void=yes
ac_cv_func_socket=yes
ac_cv_func_strcasestr=yes
ac_cv_func_strdup=yes
ac_cv_func_strerror=yes
ac_cv_func_strptime=yes
ac_cv_func_strsep=yes
ac_cv_func_strtok_r=yes
ac_cv_func_timegm=yes
ac_cv_func_va_copy=no
ac_cv_header_dirent_h=yes
ac_cv_header_dlfcn_h=yes
ac_cv_header_fcntl_h=yes
ac_cv_header_getopt_h=yes
ac_cv_header_id3tag_h=yes
ac_cv_header_inttypes_h=yes
ac_cv_header_memory_h=yes
ac_cv_header_minix_config_h=no
ac_cv_header_sqlite3_h=yes
ac_cv_header_stdc=yes
ac_cv_header_stdint_h=yes
ac_cv_header_stdlib_h=yes
ac_cv_header_string_h=yes
ac_cv_header_strings_h=yes
ac_cv_header_sys_filio_h=no
ac_cv_header_sys_ioctl_h=yes
ac_cv_header_sys_param_h=yes
ac_cv_header_sys_select_h=yes
ac_cv_header_sys_stat_h=yes
ac_cv_header_sys_time_h=yes
ac_cv_header_sys_types_h=yes
ac_cv_header_sys_wait_h=yes
ac_cv_header_syslog_h=yes
ac_cv_header_termio_h=yes
ac_cv_header_time=yes
ac_cv_header_unistd_h=yes
ac_cv_host=x86_64-QNAP-linux-gnu
ac_cv_host_alias=x86_64-QNAP-linux-gnu
ac_cv_lib_c_r_pthread_creat=no
ac_cv_lib_dl_dlsym=yes
ac_cv_lib_id3tag_id3_file_open=yes
ac_cv_lib_pthread_pthread_create=yes
ac_cv_lib_socket_socket=no
ac_cv_lib_sqlite3_sqlite3_open=yes
ac_cv_objext=o
ac_cv_path_ac_pt_PKG_CONFIG=/usr/bin/pkg-config
ac_cv_path_install='/usr/bin/install -c'
ac_cv_prog_AR=x86_64-QNAP-linux-gnu-ar
ac_cv_prog_AWK=gawk
ac_cv_prog_CC=x86_64-QNAP-linux-gnu-gcc
ac_cv_prog_CPP='x86_64-QNAP-linux-gnu-gcc -E'
ac_cv_prog_CXX=x86_64-QNAP-linux-gnu-g++
ac_cv_prog_CXXCPP='x86_64-QNAP-linux-gnu-g++ -E'
ac_cv_prog_RANLIB=x86_64-QNAP-linux-gnu-ranlib
ac_cv_prog_STRIP=x86_64-QNAP-linux-gnu-strip
ac_cv_prog_cc_g=yes
ac_cv_prog_cc_stdc=
ac_cv_prog_cxx_g=yes
ac_cv_prog_egrep='grep -E'
ac_cv_prog_f77_g=no
ac_cv_prog_gcc_traditional=no
ac_cv_prog_make_make_set=yes
ac_cv_safe_to_define___extensions__=yes
ac_cv_type_signal=void
acl_cv_path_LD='x86_64-QNAP-linux-gnu-ld -m elf_x86_64'
acl_cv_prog_gnu_ld=yes
acl_cv_rpath=done
am_cv_CC_dependencies_compiler_type=gcc3
am_cv_CXX_dependencies_compiler_type=gcc3
am_cv_func_iconv=yes
am_cv_lib_iconv=yes
am_cv_proto_iconv='extern size_t iconv (iconv_t cd, char * *inbuf, size_t *inbytesleft, char * *outbuf, size_t *outbytesleft);'
am_cv_proto_iconv_arg1=
lt_cv_deplibs_check_method=pass_all
lt_cv_file_magic_cmd='$MAGIC_CMD'
lt_cv_file_magic_test_file=
lt_cv_ld_reload_flag=-r
lt_cv_objdir=.libs
lt_cv_path_LD=x86_64-QNAP-linux-gnu-ld
lt_cv_path_LDCXX='x86_64-QNAP-linux-gnu-ld -m elf_x86_64'
lt_cv_path_NM='/root/CT/x86_64-QNAP-linux-gnu/cross-tools/bin/x86_64-QNAP-linux-gnu-nm -B'
lt_cv_path_SED=/bin/sed
lt_cv_prog_compiler_c_o=yes
lt_cv_prog_compiler_c_o_CXX=yes
lt_cv_prog_compiler_rtti_exceptions=no
lt_cv_prog_gnu_ld=yes
lt_cv_prog_gnu_ldcxx=yes
lt_cv_sys_global_symbol_pipe='sed -n -e '\''s/^.*[ 	]\([ABCDGIRSTW][ABCDGIRSTW]*\)[ 	][ 	]*\(\)\([_A-Za-z][_A-Za-z0-9]*\)$/\1 \2\3 \3/p'\'''
lt_cv_sys_global_symbol_to_c_name_address='sed -n -e '\''s/^: \([^ ]*\) $/  {\"\1\", (lt_ptr) 0},/p'\'' -e '\''s/^[BCDEGRST] \([^ ]*\) \([^ ]*\)$/  {"\2", (lt_ptr) \&\2},/p'\'''
lt_cv_sys_global_symbol_to_cdecl='sed -n -e '\''s/^. .* \(.*\)$/extern int \1;/p'\'''
lt_cv_sys_max_cmd_len=32768
lt_lt_cv_prog_compiler_c_o='"yes"'
lt_lt_cv_prog_compiler_c_o_CXX='"yes"'
lt_lt_cv_sys_global_symbol_pipe='"sed -n -e '\''s/^.*[ 	]\\([ABCDGIRSTW][ABCDGIRSTW]*\\)[ 	][ 	]*\\(\\)\\([_A-Za-z][_A-Za-z0-9]*\\)\$/\\1 \\2\\3 \\3/p'\''"'
lt_lt_cv_sys_global_symbol_to_c_name_address='"sed -n -e '\''s/^: \\([^ ]*\\) \$/  {\\\"\\1\\\", (lt_ptr) 0},/p'\'' -e '\''s/^[BCDEGRST] \\([^ ]*\\) \\([^ ]*\\)\$/  {\"\\2\", (lt_ptr) \\&\\2},/p'\''"'
lt_lt_cv_sys_global_symbol_to_cdecl='"sed -n -e '\''s/^. .* \\(.*\\)\$/extern int \\1;/p'\''"'

## ----------------- ##
## Output variables. ##
## ----------------- ##

ACLOCAL='${SHELL} /root/daily_build/64_01/4.4.1/SysUtil/mt-daapd-svn-1696/missing --run aclocal-1.9 -I m4 '
AMDEPBACKSLASH='\'
AMDEP_FALSE='#'
AMDEP_TRUE=''
AMTAR='${SHELL} /root/daily_build/64_01/4.4.1/SysUtil/mt-daapd-svn-1696/missing --run tar'
AR='x86_64-QNAP-linux-gnu-ar'
AUTOCONF='${SHELL} /root/daily_build/64_01/4.4.1/SysUtil/mt-daapd-svn-1696/missing --run autoconf'
AUTOHEADER='${SHELL} /root/daily_build/64_01/4.4.1/SysUtil/mt-daapd-svn-1696/missing --run autoheader'
AUTOMAKE='${SHELL} /root/daily_build/64_01/4.4.1/SysUtil/mt-daapd-svn-1696/missing --run automake-1.9'
AVAHI_CFLAGS=''
AVAHI_LIBS=''
AWK='gawk'
CC='x86_64-QNAP-linux-gnu-gcc'
CCDEPMODE='depmode=gcc3'
CFLAGS='-DQNAPNAS'
COND_FFMPEG_FALSE=''
COND_FFMPEG_TRUE='#'
COND_FLAC_FALSE=''
COND_FLAC_TRUE='#'
COND_GDBM_FALSE=''
COND_GDBM_TRUE='#'
COND_MUSEPACK_FALSE=''
COND_MUSEPACK_TRUE='#'
COND_OGGVORBIS_FALSE=''
COND_OGGVORBIS_TRUE='#'
COND_REND_AVAHI_FALSE=''
COND_REND_AVAHI_TRUE='#'
COND_REND_HOWL_FALSE=''
COND_REND_HOWL_TRUE='#'
COND_REND_OSX_FALSE=''
COND_REND_OSX_TRUE='#'
COND_REND_POSIX_FALSE='#'
COND_REND_POSIX_TRUE=''
COND_SQLITE3_FALSE='#'
COND_SQLITE3_TRUE=''
COND_SQLITE_FALSE=''
COND_SQLITE_TRUE='#'
COND_SQL_FALSE='#'
COND_SQL_TRUE=''
COND_SSL_FALSE=''
COND_SSL_TRUE='#'
COND_UPNP_FALSE=''
COND_UPNP_TRUE='#'
CPP='x86_64-QNAP-linux-gnu-gcc -E'
CPPFLAGS='-I/root/daily_build/64_01/4.4.1/LinkFS/include -DCPPFLAGS_OPT -g -Wall -DHAVE_SQL -DHOST='"x86_64-QNAP-linux-gnu"' -DNOT_HAVE_SA_LEN -DUSES_NETLINK -DHAVE_LINUX'
CXX='x86_64-QNAP-linux-gnu-g++'
CXXCPP='x86_64-QNAP-linux-gnu-g++ -E'
CXXDEPMODE='depmode=gcc3'
CXXFLAGS='-g -O2'
CYGPATH_W='echo'
DEFS='-DHAVE_CONFIG_H'
DEPDIR='.deps'
ECHO='echo'
ECHO_C=''
ECHO_N='-n'
ECHO_T=''
EGREP='grep -E'
EXEEXT=''
F77=''
FFLAGS=''
INSTALL_DATA='${INSTALL} -m 644'
INSTALL_PROGRAM='${INSTALL}'
INSTALL_SCRIPT='${INSTALL}'
INSTALL_STRIP_PROGRAM='${SHELL} $(install_sh) -c -s'
LDFLAGS='-L/root/daily_build/64_01/4.4.1/LinkFS/lib -L/root/daily_build/64_01/4.4.1/LinkFS/lib64 -DLDFLAGS_OPT -Wl,--export-dynamic -liconv'
LIBICONV='-liconv'
LIBOBJS=''
LIBS='-ldl  -lpthread -lid3tag -lz -lsqlite3'
LIBTOOL='$(SHELL) $(top_builddir)/libtool'
LN_S='ln -s'
LTLIBICONV='-liconv'
LTLIBOBJS=''
MAKEINFO='${SHELL} /root/daily_build/64_01/4.4.1/SysUtil/mt-daapd-svn-1696/missing --run makeinfo'
OBJEXT='o'
PACKAGE='mt-daapd'
PACKAGE_BUGREPORT=''
PACKAGE_NAME=''
PACKAGE_STRING=''
PACKAGE_TARNAME=''
PACKAGE_VERSION=''
PATH_SEPARATOR=':'
PKG_CONFIG='/usr/bin/pkg-config'
RANLIB='x86_64-QNAP-linux-gnu-ranlib'
SET_MAKE=''
SHELL='/bin/bash'
STRIP='x86_64-QNAP-linux-gnu-strip'
TAGLIB_CONFIG=''
VERSION='svn-1696'
V_NETLIBS=''
ac_ct_AR=''
ac_ct_CC=''
ac_ct_CXX=''
ac_ct_F77=''
ac_ct_RANLIB=''
ac_ct_STRIP=''
ac_pt_PKG_CONFIG='/usr/bin/pkg-config'
am__fastdepCC_FALSE='#'
am__fastdepCC_TRUE=''
am__fastdepCXX_FALSE='#'
am__fastdepCXX_TRUE=''
am__include='include'
am__leading_dot='.'
am__quote=''
am__tar='${AMTAR} chof - "$$tardir"'
am__untar='${AMTAR} xf -'
bindir='${exec_prefix}/bin'
build='x86_64-pc-linux-gnu'
build_alias=''
build_cpu='x86_64'
build_os='linux-gnu'
build_vendor='pc'
datadir='${prefix}/share'
exec_prefix='${prefix}'
host='x86_64-QNAP-linux-gnu'
host_alias='x86_64-QNAP-linux-gnu'
host_cpu='x86_64'
host_os='linux-gnu'
host_vendor='QNAP'
includedir='${prefix}/include'
infodir='${prefix}/info'
install_sh='/root/daily_build/64_01/4.4.1/SysUtil/mt-daapd-svn-1696/install-sh'
libdir='${exec_prefix}/lib'
libexecdir='${exec_prefix}/libexec'
localstatedir='${prefix}/var'
mandir='${prefix}/man'
mkdir_p='mkdir -p --'
oldincludedir='/usr/include'
prefix=''
program_transform_name='s,x,x,'
sbindir='${exec_prefix}/sbin'
sharedstatedir='${prefix}/com'
sysconfdir='${prefix}/etc'
target_alias=''

## ----------- ##
## confdefs.h. ##
## ----------- ##

#define CONFFILE "/etc/mt-daapd.conf"
#define HAVE_ATOLL 1
#define HAVE_DIRENT_H 1
#define HAVE_DLFCN_H 1
#define HAVE_FCNTL_H 1
#define HAVE_GETOPT_H 1
#define HAVE_ICONV 1
#define HAVE_ID3TAG_H 1
#define HAVE_INTTYPES_H 1
#define HAVE_LIBDL 1
#define HAVE_LIBID3TAG 1
#define HAVE_LIBSQLITE3 1
#define HAVE_MEMORY_H 1
#define HAVE_SELECT 1
#define HAVE_SOCKET 1
#define HAVE_SQLITE3_H 1
#define HAVE_STDINT_H 1
#define HAVE_STDINT_H 1
#define HAVE_STDLIB_H 1
#define HAVE_STRCASESTR 1
#define HAVE_STRCASESTR 1
#define HAVE_STRDUP 1
#define HAVE_STRERROR 1
#define HAVE_STRINGS_H 1
#define HAVE_STRING_H 1
#define HAVE_STRPTIME 1
#define HAVE_STRSEP 1
#define HAVE_STRSEP 1
#define HAVE_STRTOK_R 1
#define HAVE_SYSLOG_H 1
#define HAVE_SYS_IOCTL_H 1
#define HAVE_SYS_PARAM_H 1
#define HAVE_SYS_SELECT_H 1
#define HAVE_SYS_STAT_H 1
#define HAVE_SYS_TIME_H 1
#define HAVE_SYS_TYPES_H 1
#define HAVE_SYS_WAIT_H 1
#define HAVE_SYS_WAIT_H 1
#define HAVE_TERMIO_H 1
#define HAVE_TIMEGM 1
#define HAVE_UNISTD_H 1
#define HAVE_UNISTD_H 1
#define ICONV_CONST 
#define PACKAGE "mt-daapd"
#define PACKAGE_BUGREPORT ""
#define PACKAGE_NAME ""
#define PACKAGE_STRING ""
#define PACKAGE_TARNAME ""
#define PACKAGE_VERSION ""
#define RETSIGTYPE void
#define SETPGRP_VOID 1
#define STDC_HEADERS 1
#define STDC_HEADERS 1
#define TIME_WITH_SYS_TIME 1
#define VERSION "svn-1696"
#define _GNU_SOURCE 1
#define _POSIX_PTHREAD_SEMANTICS 1
#define _TANDEM_SOURCE 1
#define __EXTENSIONS__ 1
#endif
#ifdef __cplusplus
extern "C" void exit (int) throw ();

configure: exit 0
