This file contains any messages produced by compilers while
running configure, to aid debugging if configure makes a mistake.

It was created by giflib configure 4.1.3, which was
generated by GNU Autoconf 2.57.  Invocation command line was

  $ ./configure --host=x86_64-QNAP-linux-gnu --build=x86_64-linux --prefix= --disable-static --enable-shared

## --------- ##
## Platform. ##
## --------- ##

hostname = U16BuildServer115
uname -m = x86_64
uname -r = 4.4.0-21-generic
uname -s = Linux
uname -v = #37-Ubuntu SMP Mon Apr 18 18:33:37 UTC 2016

/usr/bin/uname -p = unknown
/bin/uname -X     = unknown

/bin/arch              = unknown
/usr/bin/arch -k       = unknown
/usr/convex/getsysinfo = unknown
hostinfo               = unknown
/bin/machine           = unknown
/usr/bin/oslevel       = unknown
/bin/universe          = unknown

PATH: /root/CT/x86_64-QNAP-linux-gnu/cross-tools/bin
PATH: /root/CT/x86_64-QNAP-linux-gnu/cross-tools/bin
PATH: /root/CT/x86_64-QNAP-linux-gnu/cross-tools/bin
PATH: /usr/local/sbin
PATH: /usr/local/bin
PATH: /usr/sbin
PATH: /usr/bin
PATH: /sbin
PATH: /bin


## ----------- ##
## Core tests. ##
## ----------- ##

configure:1523: checking for a BSD-compatible install
configure:1577: result: /usr/bin/install -c
configure:1588: checking whether build environment is sane
configure:1631: result: yes
configure:1664: checking for gawk
configure:1680: found /usr/bin/gawk
configure:1690: result: gawk
configure:1700: checking whether make sets $(MAKE)
configure:1720: result: yes
configure:1799: checking for x86_64-QNAP-linux-gnu-strip
configure:1825: result: x86_64-QNAP-linux-gnu-strip
configure:1965: checking build system type
configure:1983: result: x86_64-pc-linux-gnu
configure:1991: checking host system type
configure:2005: result: x86_64-QNAP-linux-gnu
configure:2025: checking for style of include used by make
configure:2053: result: GNU
configure:2086: checking for x86_64-QNAP-linux-gnu-gcc
configure:2112: result: x86_64-QNAP-linux-gnu-gcc
configure:2394: checking for C compiler version
configure:2397: x86_64-QNAP-linux-gnu-gcc --version </dev/null >&5
x86_64-QNAP-linux-gnu-gcc (toolchain config: [gcc-4.9.2 binutils-2.25 glibc-2.21]) 4.9.2
Copyright (C) 2014 Free Software Foundation, Inc.
This is free software; see the source for copying conditions.  There is NO
warranty; not even for MERCHANTABILITY or FITNESS FOR A PARTICULAR PURPOSE.

configure:2400: $? = 0
configure:2402: x86_64-QNAP-linux-gnu-gcc -v </dev/null >&5
Using built-in specs.
COLLECT_GCC=x86_64-QNAP-linux-gnu-gcc
COLLECT_LTO_WRAPPER=/root/CT/x86_64-QNAP-linux-gnu/cross-tools/bin/../libexec/gcc/x86_64-QNAP-linux-gnu/4.9.2/lto-wrapper
Target: x86_64-QNAP-linux-gnu
Configured with: ../gcc-4.9.2/configure --with-pkgversion='toolchain config: [gcc-4.9.2 binutils-2.25 glibc-2.21]' --prefix=/root/toolchain/docker_deploy/dockerfile/CT_auto_build/CT/x86_64-QNAP-linux-gnu/cross-tools --with-sysroot=/root/toolchain/docker_deploy/dockerfile/CT_auto_build/CT/x86_64-QNAP-linux-gnu/cross-tools/../fs --enable-tls --disable-nls --enable-languages=c,c++ --enable-c99 --enable-__cxa_atexit --enable-shared --enable-long-long --disable-multilib --enable-threads=posix --disable-libgomp --enable-checking=release --build=x86_64-linux-gnu --host=x86_64-linux-gnu --target=x86_64-QNAP-linux-gnu gcc_cv_libc_provides_ssp=yes
Thread model: posix
gcc version 4.9.2 (toolchain config: [gcc-4.9.2 binutils-2.25 glibc-2.21]) 
configure:2405: $? = 0
configure:2407: x86_64-QNAP-linux-gnu-gcc -V </dev/null >&5
x86_64-QNAP-linux-gnu-gcc: error: unrecognized command line option '-V'
x86_64-QNAP-linux-gnu-gcc: fatal error: no input files
compilation terminated.
configure:2410: $? = 1
configure:2434: checking for C compiler default output
configure:2437: x86_64-QNAP-linux-gnu-gcc  -I/root/daily_build/64_01/4.4.1/LinkFS/include -DCPPFLAGS_OPT -L/root/daily_build/64_01/4.4.1/LinkFS/lib -L/root/daily_build/64_01/4.4.1/LinkFS/lib64 -DLDFLAGS_OPT conftest.c  >&5
configure:2440: $? = 0
configure:2486: result: a.out
configure:2491: checking whether the C compiler works
configure:2517: result: yes
configure:2524: checking whether we are cross compiling
configure:2526: result: yes
configure:2529: checking for suffix of executables
configure:2531: x86_64-QNAP-linux-gnu-gcc -o conftest  -I/root/daily_build/64_01/4.4.1/LinkFS/include -DCPPFLAGS_OPT -L/root/daily_build/64_01/4.4.1/LinkFS/lib -L/root/daily_build/64_01/4.4.1/LinkFS/lib64 -DLDFLAGS_OPT conftest.c  >&5
configure:2534: $? = 0
configure:2559: result: 
configure:2565: checking for suffix of object files
configure:2587: x86_64-QNAP-linux-gnu-gcc -c  -I/root/daily_build/64_01/4.4.1/LinkFS/include -DCPPFLAGS_OPT conftest.c >&5
configure:2590: $? = 0
configure:2612: result: o
configure:2616: checking whether we are using the GNU C compiler
configure:2641: x86_64-QNAP-linux-gnu-gcc -c  -I/root/daily_build/64_01/4.4.1/LinkFS/include -DCPPFLAGS_OPT conftest.c >&5
configure:2644: $? = 0
configure:2647: test -s conftest.o
configure:2650: $? = 0
configure:2663: result: yes
configure:2669: checking whether x86_64-QNAP-linux-gnu-gcc accepts -g
configure:2691: x86_64-QNAP-linux-gnu-gcc -c -g -I/root/daily_build/64_01/4.4.1/LinkFS/include -DCPPFLAGS_OPT conftest.c >&5
configure:2694: $? = 0
configure:2697: test -s conftest.o
configure:2700: $? = 0
configure:2711: result: yes
configure:2728: checking for x86_64-QNAP-linux-gnu-gcc option to accept ANSI C
configure:2789: x86_64-QNAP-linux-gnu-gcc  -c -g -O2 -I/root/daily_build/64_01/4.4.1/LinkFS/include -DCPPFLAGS_OPT conftest.c >&5
configure:2792: $? = 0
configure:2795: test -s conftest.o
configure:2798: $? = 0
configure:2816: result: none needed
configure:2834: x86_64-QNAP-linux-gnu-gcc -c -g -O2 -I/root/daily_build/64_01/4.4.1/LinkFS/include -DCPPFLAGS_OPT conftest.c >&5
conftest.c:2:3: error: unknown type name 'choke'
   choke me
   ^
conftest.c:2:3: error: expected '=', ',', ';', 'asm' or '__attribute__' at end of input
configure:2837: $? = 1
configure: failed program was:
| #ifndef __cplusplus
|   choke me
| #endif
configure:2948: checking dependency style of x86_64-QNAP-linux-gnu-gcc
configure:3031: result: gcc3
configure:3048: checking for a sed that does not truncate output
configure:3102: result: /bin/sed
configure:3105: checking for egrep
configure:3115: result: grep -E
configure:3131: checking for ld used by x86_64-QNAP-linux-gnu-gcc
configure:3198: result: x86_64-QNAP-linux-gnu-ld
configure:3207: checking if the linker (x86_64-QNAP-linux-gnu-ld) is GNU ld
configure:3222: result: yes
configure:3227: checking for x86_64-QNAP-linux-gnu-ld option to reload object files
configure:3234: result: -r
configure:3243: checking for BSD-compatible nm
configure:3285: result: /root/CT/x86_64-QNAP-linux-gnu/cross-tools/bin/x86_64-QNAP-linux-gnu-nm -B
configure:3289: checking whether ln -s works
configure:3293: result: yes
configure:3300: checking how to recognise dependent libraries
configure:3500: result: pass_all
configure:3585: x86_64-QNAP-linux-gnu-gcc -c -g -O2 -I/root/daily_build/64_01/4.4.1/LinkFS/include -DCPPFLAGS_OPT conftest.c >&5
configure:3588: $? = 0
configure:3704: checking how to run the C preprocessor
configure:3740: x86_64-QNAP-linux-gnu-gcc -E -I/root/daily_build/64_01/4.4.1/LinkFS/include -DCPPFLAGS_OPT conftest.c
configure:3746: $? = 0
configure:3778: x86_64-QNAP-linux-gnu-gcc -E -I/root/daily_build/64_01/4.4.1/LinkFS/include -DCPPFLAGS_OPT conftest.c
configure:3779:28: fatal error: ac_nonexistent.h: No such file or directory
   (eval $ac_cpp conftest.$ac_ext) 2>conftest.er1
                            ^
compilation terminated.
configure:3784: $? = 1
configure: failed program was:
| #line 3769 "configure"
| /* confdefs.h.  */
| 
| #define PACKAGE_NAME "giflib"
| #define PACKAGE_TARNAME "giflib"
| #define PACKAGE_VERSION "4.1.3"
| #define PACKAGE_STRING "giflib 4.1.3"
| #define PACKAGE_BUGREPORT "abadger1999@sourceforge.net"
| #define PACKAGE "giflib"
| #define VERSION "4.1.3"
| /* end confdefs.h.  */
| #include <ac_nonexistent.h>
configure:3822: result: x86_64-QNAP-linux-gnu-gcc -E
configure:3847: x86_64-QNAP-linux-gnu-gcc -E -I/root/daily_build/64_01/4.4.1/LinkFS/include -DCPPFLAGS_OPT conftest.c
configure:3853: $? = 0
configure:3885: x86_64-QNAP-linux-gnu-gcc -E -I/root/daily_build/64_01/4.4.1/LinkFS/include -DCPPFLAGS_OPT conftest.c
configure:3886:28: fatal error: ac_nonexistent.h: No such file or directory
   (eval $ac_cpp conftest.$ac_ext) 2>conftest.er1
                            ^
compilation terminated.
configure:3891: $? = 1
configure: failed program was:
| #line 3876 "configure"
| /* confdefs.h.  */
| 
| #define PACKAGE_NAME "giflib"
| #define PACKAGE_TARNAME "giflib"
| #define PACKAGE_VERSION "4.1.3"
| #define PACKAGE_STRING "giflib 4.1.3"
| #define PACKAGE_BUGREPORT "abadger1999@sourceforge.net"
| #define PACKAGE "giflib"
| #define VERSION "4.1.3"
| /* end confdefs.h.  */
| #include <ac_nonexistent.h>
configure:3934: checking for ANSI C header files
configure:3960: x86_64-QNAP-linux-gnu-gcc -c -g -O2 -I/root/daily_build/64_01/4.4.1/LinkFS/include -DCPPFLAGS_OPT conftest.c >&5
configure:3963: $? = 0
configure:3966: test -s conftest.o
configure:3969: $? = 0
configure:4084: result: yes
configure:4108: checking for sys/types.h
configure:4125: x86_64-QNAP-linux-gnu-gcc -c -g -O2 -I/root/daily_build/64_01/4.4.1/LinkFS/include -DCPPFLAGS_OPT conftest.c >&5
configure:4128: $? = 0
configure:4131: test -s conftest.o
configure:4134: $? = 0
configure:4145: result: yes
configure:4108: checking for sys/stat.h
configure:4125: x86_64-QNAP-linux-gnu-gcc -c -g -O2 -I/root/daily_build/64_01/4.4.1/LinkFS/include -DCPPFLAGS_OPT conftest.c >&5
configure:4128: $? = 0
configure:4131: test -s conftest.o
configure:4134: $? = 0
configure:4145: result: yes
configure:4108: checking for stdlib.h
configure:4125: x86_64-QNAP-linux-gnu-gcc -c -g -O2 -I/root/daily_build/64_01/4.4.1/LinkFS/include -DCPPFLAGS_OPT conftest.c >&5
configure:4128: $? = 0
configure:4131: test -s conftest.o
configure:4134: $? = 0
configure:4145: result: yes
configure:4108: checking for string.h
configure:4125: x86_64-QNAP-linux-gnu-gcc -c -g -O2 -I/root/daily_build/64_01/4.4.1/LinkFS/include -DCPPFLAGS_OPT conftest.c >&5
configure:4128: $? = 0
configure:4131: test -s conftest.o
configure:4134: $? = 0
configure:4145: result: yes
configure:4108: checking for memory.h
configure:4125: x86_64-QNAP-linux-gnu-gcc -c -g -O2 -I/root/daily_build/64_01/4.4.1/LinkFS/include -DCPPFLAGS_OPT conftest.c >&5
configure:4128: $? = 0
configure:4131: test -s conftest.o
configure:4134: $? = 0
configure:4145: result: yes
configure:4108: checking for strings.h
configure:4125: x86_64-QNAP-linux-gnu-gcc -c -g -O2 -I/root/daily_build/64_01/4.4.1/LinkFS/include -DCPPFLAGS_OPT conftest.c >&5
configure:4128: $? = 0
configure:4131: test -s conftest.o
configure:4134: $? = 0
configure:4145: result: yes
configure:4108: checking for inttypes.h
configure:4125: x86_64-QNAP-linux-gnu-gcc -c -g -O2 -I/root/daily_build/64_01/4.4.1/LinkFS/include -DCPPFLAGS_OPT conftest.c >&5
configure:4128: $? = 0
configure:4131: test -s conftest.o
configure:4134: $? = 0
configure:4145: result: yes
configure:4108: checking for stdint.h
configure:4125: x86_64-QNAP-linux-gnu-gcc -c -g -O2 -I/root/daily_build/64_01/4.4.1/LinkFS/include -DCPPFLAGS_OPT conftest.c >&5
configure:4128: $? = 0
configure:4131: test -s conftest.o
configure:4134: $? = 0
configure:4145: result: yes
configure:4108: checking for unistd.h
configure:4125: x86_64-QNAP-linux-gnu-gcc -c -g -O2 -I/root/daily_build/64_01/4.4.1/LinkFS/include -DCPPFLAGS_OPT conftest.c >&5
configure:4128: $? = 0
configure:4131: test -s conftest.o
configure:4134: $? = 0
configure:4145: result: yes
configure:4171: checking dlfcn.h usability
configure:4184: x86_64-QNAP-linux-gnu-gcc -c -g -O2 -I/root/daily_build/64_01/4.4.1/LinkFS/include -DCPPFLAGS_OPT conftest.c >&5
configure:4187: $? = 0
configure:4190: test -s conftest.o
configure:4193: $? = 0
configure:4203: result: yes
configure:4207: checking dlfcn.h presence
configure:4218: x86_64-QNAP-linux-gnu-gcc -E -I/root/daily_build/64_01/4.4.1/LinkFS/include -DCPPFLAGS_OPT conftest.c
configure:4224: $? = 0
configure:4243: result: yes
configure:4279: checking for dlfcn.h
configure:4286: result: yes
configure:4309: checking for x86_64-QNAP-linux-gnu-g++
configure:4335: result: x86_64-QNAP-linux-gnu-g++
configure:4393: checking for C++ compiler version
configure:4396: x86_64-QNAP-linux-gnu-g++ --version </dev/null >&5
x86_64-QNAP-linux-gnu-g++ (toolchain config: [gcc-4.9.2 binutils-2.25 glibc-2.21]) 4.9.2
Copyright (C) 2014 Free Software Foundation, Inc.
This is free software; see the source for copying conditions.  There is NO
warranty; not even for MERCHANTABILITY or FITNESS FOR A PARTICULAR PURPOSE.

configure:4399: $? = 0
configure:4401: x86_64-QNAP-linux-gnu-g++ -v </dev/null >&5
Using built-in specs.
COLLECT_GCC=x86_64-QNAP-linux-gnu-g++
COLLECT_LTO_WRAPPER=/root/CT/x86_64-QNAP-linux-gnu/cross-tools/bin/../libexec/gcc/x86_64-QNAP-linux-gnu/4.9.2/lto-wrapper
Target: x86_64-QNAP-linux-gnu
Configured with: ../gcc-4.9.2/configure --with-pkgversion='toolchain config: [gcc-4.9.2 binutils-2.25 glibc-2.21]' --prefix=/root/toolchain/docker_deploy/dockerfile/CT_auto_build/CT/x86_64-QNAP-linux-gnu/cross-tools --with-sysroot=/root/toolchain/docker_deploy/dockerfile/CT_auto_build/CT/x86_64-QNAP-linux-gnu/cross-tools/../fs --enable-tls --disable-nls --enable-languages=c,c++ --enable-c99 --enable-__cxa_atexit --enable-shared --enable-long-long --disable-multilib --enable-threads=posix --disable-libgomp --enable-checking=release --build=x86_64-linux-gnu --host=x86_64-linux-gnu --target=x86_64-QNAP-linux-gnu gcc_cv_libc_provides_ssp=yes
Thread model: posix
gcc version 4.9.2 (toolchain config: [gcc-4.9.2 binutils-2.25 glibc-2.21]) 
configure:4404: $? = 0
configure:4406: x86_64-QNAP-linux-gnu-g++ -V </dev/null >&5
x86_64-QNAP-linux-gnu-g++: error: unrecognized command line option '-V'
x86_64-QNAP-linux-gnu-g++: fatal error: no input files
compilation terminated.
configure:4409: $? = 1
configure:4412: checking whether we are using the GNU C++ compiler
configure:4437: x86_64-QNAP-linux-gnu-g++ -c  -I/root/daily_build/64_01/4.4.1/LinkFS/include -DCPPFLAGS_OPT conftest.cc >&5
configure:4440: $? = 0
configure:4443: test -s conftest.o
configure:4446: $? = 0
configure:4459: result: yes
configure:4465: checking whether x86_64-QNAP-linux-gnu-g++ accepts -g
configure:4487: x86_64-QNAP-linux-gnu-g++ -c -g -I/root/daily_build/64_01/4.4.1/LinkFS/include -DCPPFLAGS_OPT conftest.cc >&5
configure:4490: $? = 0
configure:4493: test -s conftest.o
configure:4496: $? = 0
configure:4507: result: yes
configure:4551: x86_64-QNAP-linux-gnu-g++ -c -g -O2 -I/root/daily_build/64_01/4.4.1/LinkFS/include -DCPPFLAGS_OPT conftest.cc >&5
configure:4554: $? = 0
configure:4557: test -s conftest.o
configure:4560: $? = 0
configure:4587: x86_64-QNAP-linux-gnu-g++ -c -g -O2 -I/root/daily_build/64_01/4.4.1/LinkFS/include -DCPPFLAGS_OPT conftest.cc >&5
configure: In function 'int main()':
configure:4595:9: error: 'exit' was not declared in this scope
   ac_status=$?
         ^
configure:4590: $? = 1
configure: failed program was:
| #line 4570 "configure"
| /* confdefs.h.  */
| 
| #define PACKAGE_NAME "giflib"
| #define PACKAGE_TARNAME "giflib"
| #define PACKAGE_VERSION "4.1.3"
| #define PACKAGE_STRING "giflib 4.1.3"
| #define PACKAGE_BUGREPORT "abadger1999@sourceforge.net"
| #define PACKAGE "giflib"
| #define VERSION "4.1.3"
| #define STDC_HEADERS 1
| #define HAVE_SYS_TYPES_H 1
| #define HAVE_SYS_STAT_H 1
| #define HAVE_STDLIB_H 1
| #define HAVE_STRING_H 1
| #define HAVE_MEMORY_H 1
| #define HAVE_STRINGS_H 1
| #define HAVE_INTTYPES_H 1
| #define HAVE_STDINT_H 1
| #define HAVE_UNISTD_H 1
| #define HAVE_DLFCN_H 1
| /* end confdefs.h.  */
| 
| int
| main ()
| {
| exit (42);
|   ;
|   return 0;
| }
configure:4551: x86_64-QNAP-linux-gnu-g++ -c -g -O2 -I/root/daily_build/64_01/4.4.1/LinkFS/include -DCPPFLAGS_OPT conftest.cc >&5
configure:4554: $? = 0
configure:4557: test -s conftest.o
configure:4560: $? = 0
configure:4587: x86_64-QNAP-linux-gnu-g++ -c -g -O2 -I/root/daily_build/64_01/4.4.1/LinkFS/include -DCPPFLAGS_OPT conftest.cc >&5
configure:4590: $? = 0
configure:4593: test -s conftest.o
configure:4596: $? = 0
configure:4621: checking dependency style of x86_64-QNAP-linux-gnu-g++
configure:4704: result: gcc3
configure:4726: checking how to run the C++ preprocessor
configure:4758: x86_64-QNAP-linux-gnu-g++ -E -I/root/daily_build/64_01/4.4.1/LinkFS/include -DCPPFLAGS_OPT conftest.cc
configure:4764: $? = 0
configure:4796: x86_64-QNAP-linux-gnu-g++ -E -I/root/daily_build/64_01/4.4.1/LinkFS/include -DCPPFLAGS_OPT conftest.cc
configure:4811:28: fatal error: ac_nonexistent.h: No such file or directory
 fi
                            ^
compilation terminated.
configure:4802: $? = 1
configure: failed program was:
| #line 4787 "configure"
| /* confdefs.h.  */
| 
| #define PACKAGE_NAME "giflib"
| #define PACKAGE_TARNAME "giflib"
| #define PACKAGE_VERSION "4.1.3"
| #define PACKAGE_STRING "giflib 4.1.3"
| #define PACKAGE_BUGREPORT "abadger1999@sourceforge.net"
| #define PACKAGE "giflib"
| #define VERSION "4.1.3"
| #define STDC_HEADERS 1
| #define HAVE_SYS_TYPES_H 1
| #define HAVE_SYS_STAT_H 1
| #define HAVE_STDLIB_H 1
| #define HAVE_STRING_H 1
| #define HAVE_MEMORY_H 1
| #define HAVE_STRINGS_H 1
| #define HAVE_INTTYPES_H 1
| #define HAVE_STDINT_H 1
| #define HAVE_UNISTD_H 1
| #define HAVE_DLFCN_H 1
| #ifdef __cplusplus
| #include <stdlib.h>
| #endif
| /* end confdefs.h.  */
| #include <ac_nonexistent.h>
configure:4840: result: x86_64-QNAP-linux-gnu-g++ -E
configure:4865: x86_64-QNAP-linux-gnu-g++ -E -I/root/daily_build/64_01/4.4.1/LinkFS/include -DCPPFLAGS_OPT conftest.cc
configure:4871: $? = 0
configure:4903: x86_64-QNAP-linux-gnu-g++ -E -I/root/daily_build/64_01/4.4.1/LinkFS/include -DCPPFLAGS_OPT conftest.cc
configure:4918:28: fatal error: ac_nonexistent.h: No such file or directory
 fi
                            ^
compilation terminated.
configure:4909: $? = 1
configure: failed program was:
| #line 4894 "configure"
| /* confdefs.h.  */
| 
| #define PACKAGE_NAME "giflib"
| #define PACKAGE_TARNAME "giflib"
| #define PACKAGE_VERSION "4.1.3"
| #define PACKAGE_STRING "giflib 4.1.3"
| #define PACKAGE_BUGREPORT "abadger1999@sourceforge.net"
| #define PACKAGE "giflib"
| #define VERSION "4.1.3"
| #define STDC_HEADERS 1
| #define HAVE_SYS_TYPES_H 1
| #define HAVE_SYS_STAT_H 1
| #define HAVE_STDLIB_H 1
| #define HAVE_STRING_H 1
| #define HAVE_MEMORY_H 1
| #define HAVE_STRINGS_H 1
| #define HAVE_INTTYPES_H 1
| #define HAVE_STDINT_H 1
| #define HAVE_UNISTD_H 1
| #define HAVE_DLFCN_H 1
| #ifdef __cplusplus
| #include <stdlib.h>
| #endif
| /* end confdefs.h.  */
| #include <ac_nonexistent.h>
configure:4961: checking for x86_64-QNAP-linux-gnu-g77
configure:4990: result: no
configure:4961: checking for x86_64-QNAP-linux-gnu-f77
configure:4990: result: no
configure:4961: checking for x86_64-QNAP-linux-gnu-xlf
configure:4990: result: no
configure:4961: checking for x86_64-QNAP-linux-gnu-frt
configure:4990: result: no
configure:4961: checking for x86_64-QNAP-linux-gnu-pgf77
configure:4990: result: no
configure:4961: checking for x86_64-QNAP-linux-gnu-fl32
configure:4990: result: no
configure:4961: checking for x86_64-QNAP-linux-gnu-af77
configure:4990: result: no
configure:4961: checking for x86_64-QNAP-linux-gnu-fort77
configure:4990: result: no
configure:4961: checking for x86_64-QNAP-linux-gnu-f90
configure:4990: result: no
configure:4961: checking for x86_64-QNAP-linux-gnu-xlf90
configure:4990: result: no
configure:4961: checking for x86_64-QNAP-linux-gnu-pgf90
configure:4990: result: no
configure:4961: checking for x86_64-QNAP-linux-gnu-epcf90
configure:4990: result: no
configure:4961: checking for x86_64-QNAP-linux-gnu-f95
configure:4990: result: no
configure:4961: checking for x86_64-QNAP-linux-gnu-fort
configure:4990: result: no
configure:4961: checking for x86_64-QNAP-linux-gnu-xlf95
configure:4990: result: no
configure:4961: checking for x86_64-QNAP-linux-gnu-lf95
configure:4990: result: no
configure:4961: checking for x86_64-QNAP-linux-gnu-g95
configure:4990: result: no
configure:5003: checking for g77
configure:5032: result: no
configure:5003: checking for f77
configure:5032: result: no
configure:5003: checking for xlf
configure:5032: result: no
configure:5003: checking for frt
configure:5032: result: no
configure:5003: checking for pgf77
configure:5032: result: no
configure:5003: checking for fl32
configure:5032: result: no
configure:5003: checking for af77
configure:5032: result: no
configure:5003: checking for fort77
configure:5032: result: no
configure:5003: checking for f90
configure:5032: result: no
configure:5003: checking for xlf90
configure:5032: result: no
configure:5003: checking for pgf90
configure:5032: result: no
configure:5003: checking for epcf90
configure:5032: result: no
configure:5003: checking for f95
configure:5032: result: no
configure:5003: checking for fort
configure:5032: result: no
configure:5003: checking for xlf95
configure:5032: result: no
configure:5003: checking for lf95
configure:5032: result: no
configure:5003: checking for g95
configure:5032: result: no
configure:5044: checking for Fortran 77 compiler version
configure:5047:  --version </dev/null >&5
./configure: line 5048: --version: command not found
configure:5050: $? = 127
configure:5052:  -v </dev/null >&5
./configure: line 5053: -v: command not found
configure:5055: $? = 127
configure:5057:  -V </dev/null >&5
./configure: line 5058: -V: command not found
configure:5060: $? = 127
configure:5067: checking whether we are using the GNU Fortran 77 compiler
configure:5081:  -c  conftest.F >&5
./configure: line 5082: -c: command not found
configure:5084: $? = 127
configure: failed program was:
|       program main
| #ifndef __GNUC__
|        choke me
| #endif
| 
|       end
configure:5103: result: no
configure:5110: checking whether  accepts -g
configure:5122:  -c -g conftest.f >&5
./configure: line 5123: -c: command not found
configure:5125: $? = 127
configure: failed program was:
|       program main
| 
|       end
configure:5143: result: no
configure:5171: checking the maximum length of command line arguments
configure:5230: result: 32768
configure:5241: checking command to parse /root/CT/x86_64-QNAP-linux-gnu/cross-tools/bin/x86_64-QNAP-linux-gnu-nm -B output from x86_64-QNAP-linux-gnu-gcc object
configure:5330: x86_64-QNAP-linux-gnu-gcc -c -g -O2 -I/root/daily_build/64_01/4.4.1/LinkFS/include -DCPPFLAGS_OPT conftest.c >&5
configure:5333: $? = 0
configure:5337: /root/CT/x86_64-QNAP-linux-gnu/cross-tools/bin/x86_64-QNAP-linux-gnu-nm -B conftest.o \| sed -n -e 's/^.*[ 	]\([ABCDGIRSTW][ABCDGIRSTW]*\)[ 	][ 	]*\(\)\([_A-Za-z][_A-Za-z0-9]*\)$/\1 \2\3 \3/p' \> conftest.nm
configure:5340: $? = 0
configure:5392: x86_64-QNAP-linux-gnu-gcc -o conftest -g -O2 -I/root/daily_build/64_01/4.4.1/LinkFS/include -DCPPFLAGS_OPT -L/root/daily_build/64_01/4.4.1/LinkFS/lib -L/root/daily_build/64_01/4.4.1/LinkFS/lib64 -DLDFLAGS_OPT conftest.c conftstm.o >&5
configure:5395: $? = 0
configure:5433: result: ok
configure:5437: checking for objdir
configure:5452: result: .libs
configure:5504: checking for x86_64-QNAP-linux-gnu-ar
configure:5530: result: x86_64-QNAP-linux-gnu-ar
configure:5584: checking for x86_64-QNAP-linux-gnu-ranlib
configure:5610: result: x86_64-QNAP-linux-gnu-ranlib
configure:5664: checking for x86_64-QNAP-linux-gnu-strip
configure:5690: result: x86_64-QNAP-linux-gnu-strip
configure:5991: checking if x86_64-QNAP-linux-gnu-gcc static flag  works
configure:6014: result: yes
configure:6031: checking if x86_64-QNAP-linux-gnu-gcc supports -fno-rtti -fno-exceptions
configure:6049: x86_64-QNAP-linux-gnu-gcc -c -g -O2 -I/root/daily_build/64_01/4.4.1/LinkFS/include -DCPPFLAGS_OPT -fno-rtti -fno-exceptions conftest.c >&5
cc1: warning: command line option '-fno-rtti' is valid for C++/ObjC++ but not for C
configure:6053: $? = 0
configure:6064: result: no
configure:6079: checking for x86_64-QNAP-linux-gnu-gcc option to produce PIC
configure:6256: result: -fPIC
configure:6263: checking if x86_64-QNAP-linux-gnu-gcc PIC flag -fPIC works
configure:6281: x86_64-QNAP-linux-gnu-gcc -c -g -O2 -I/root/daily_build/64_01/4.4.1/LinkFS/include -DCPPFLAGS_OPT -fPIC -DPIC conftest.c >&5
configure:6285: $? = 0
configure:6296: result: yes
configure:6320: checking if x86_64-QNAP-linux-gnu-gcc supports -c -o file.o
configure:6348: x86_64-QNAP-linux-gnu-gcc -c -g -O2 -I/root/daily_build/64_01/4.4.1/LinkFS/include -DCPPFLAGS_OPT -o out/conftest2.o conftest.c >&5
configure:6352: $? = 0
configure:6369: result: yes
configure:6395: checking whether the x86_64-QNAP-linux-gnu-gcc linker (x86_64-QNAP-linux-gnu-ld -m elf_x86_64) supports shared libraries
configure:7214: result: yes
configure:7240: checking whether -lc should be explicitly linked in
configure:7245: x86_64-QNAP-linux-gnu-gcc -c -g -O2 -I/root/daily_build/64_01/4.4.1/LinkFS/include -DCPPFLAGS_OPT conftest.c >&5
configure:7248: $? = 0
configure:7262: x86_64-QNAP-linux-gnu-gcc -shared conftest.o  -v -Wl,-soname -Wl,conftest -o conftest 2\>\&1 \| grep  -lc  \>/dev/null 2\>\&1
configure:7265: $? = 0
configure:7277: result: no
configure:7285: checking how to hardcode library paths into programs
configure:7310: result: immediate
configure:7324: checking whether stripping libraries is possible
configure:7329: result: yes
configure:7351: checking dynamic linker characteristics
configure:7714: x86_64-QNAP-linux-gnu-gcc -c -g -O2 -I/root/daily_build/64_01/4.4.1/LinkFS/include -DCPPFLAGS_OPT conftest.c >&5
configure:7717: $? = 0
configure:7886: result: GNU/Linux ld.so
configure:8612: checking if libtool supports shared libraries
configure:8614: result: yes
configure:8617: checking whether to build shared libraries
configure:8666: result: yes
configure:8669: checking whether to build static libraries
configure:8673: result: no
configure:8764: creating libtool
configure:9308: checking for ld used by x86_64-QNAP-linux-gnu-g++
configure:9375: result: x86_64-QNAP-linux-gnu-ld -m elf_x86_64
configure:9384: checking if the linker (x86_64-QNAP-linux-gnu-ld -m elf_x86_64) is GNU ld
configure:9399: result: yes
configure:9450: checking whether the x86_64-QNAP-linux-gnu-g++ linker (x86_64-QNAP-linux-gnu-ld -m elf_x86_64) supports shared libraries
configure:10245: result: yes
configure:10263: x86_64-QNAP-linux-gnu-g++ -c -g -O2 -I/root/daily_build/64_01/4.4.1/LinkFS/include -DCPPFLAGS_OPT conftest.cc >&5
configure:10266: $? = 0
configure:10362: checking for x86_64-QNAP-linux-gnu-g++ option to produce PIC
configure:10614: result: -fPIC
configure:10621: checking if x86_64-QNAP-linux-gnu-g++ PIC flag -fPIC works
configure:10639: x86_64-QNAP-linux-gnu-g++ -c -g -O2 -I/root/daily_build/64_01/4.4.1/LinkFS/include -DCPPFLAGS_OPT -fPIC -DPIC conftest.cc >&5
configure:10643: $? = 0
configure:10654: result: yes
configure:10678: checking if x86_64-QNAP-linux-gnu-g++ supports -c -o file.o
configure:10706: x86_64-QNAP-linux-gnu-g++ -c -g -O2 -I/root/daily_build/64_01/4.4.1/LinkFS/include -DCPPFLAGS_OPT -o out/conftest2.o conftest.cc >&5
configure:10710: $? = 0
configure:10727: result: yes
configure:10753: checking whether the x86_64-QNAP-linux-gnu-g++ linker (x86_64-QNAP-linux-gnu-ld -m elf_x86_64) supports shared libraries
configure:10778: result: yes
configure:10849: checking how to hardcode library paths into programs
configure:10874: result: immediate
configure:10888: checking whether stripping libraries is possible
configure:10893: result: yes
configure:10915: checking dynamic linker characteristics
configure:11278: x86_64-QNAP-linux-gnu-g++ -c -g -O2 -I/root/daily_build/64_01/4.4.1/LinkFS/include -DCPPFLAGS_OPT conftest.cc >&5
configure:11281: $? = 0
configure:11450: result: GNU/Linux ld.so
configure:18421: checking for x86_64-QNAP-linux-gnu-gcc
configure:18447: result: x86_64-QNAP-linux-gnu-gcc
configure:18729: checking for C compiler version
configure:18732: x86_64-QNAP-linux-gnu-gcc --version </dev/null >&5
x86_64-QNAP-linux-gnu-gcc (toolchain config: [gcc-4.9.2 binutils-2.25 glibc-2.21]) 4.9.2
Copyright (C) 2014 Free Software Foundation, Inc.
This is free software; see the source for copying conditions.  There is NO
warranty; not even for MERCHANTABILITY or FITNESS FOR A PARTICULAR PURPOSE.

configure:18735: $? = 0
configure:18737: x86_64-QNAP-linux-gnu-gcc -v </dev/null >&5
Using built-in specs.
COLLECT_GCC=x86_64-QNAP-linux-gnu-gcc
COLLECT_LTO_WRAPPER=/root/CT/x86_64-QNAP-linux-gnu/cross-tools/bin/../libexec/gcc/x86_64-QNAP-linux-gnu/4.9.2/lto-wrapper
Target: x86_64-QNAP-linux-gnu
Configured with: ../gcc-4.9.2/configure --with-pkgversion='toolchain config: [gcc-4.9.2 binutils-2.25 glibc-2.21]' --prefix=/root/toolchain/docker_deploy/dockerfile/CT_auto_build/CT/x86_64-QNAP-linux-gnu/cross-tools --with-sysroot=/root/toolchain/docker_deploy/dockerfile/CT_auto_build/CT/x86_64-QNAP-linux-gnu/cross-tools/../fs --enable-tls --disable-nls --enable-languages=c,c++ --enable-c99 --enable-__cxa_atexit --enable-shared --enable-long-long --disable-multilib --enable-threads=posix --disable-libgomp --enable-checking=release --build=x86_64-linux-gnu --host=x86_64-linux-gnu --target=x86_64-QNAP-linux-gnu gcc_cv_libc_provides_ssp=yes
Thread model: posix
gcc version 4.9.2 (toolchain config: [gcc-4.9.2 binutils-2.25 glibc-2.21]) 
configure:18740: $? = 0
configure:18742: x86_64-QNAP-linux-gnu-gcc -V </dev/null >&5
x86_64-QNAP-linux-gnu-gcc: error: unrecognized command line option '-V'
x86_64-QNAP-linux-gnu-gcc: fatal error: no input files
compilation terminated.
configure:18745: $? = 1
configure:18748: checking whether we are using the GNU C compiler
configure:18795: result: yes
configure:18801: checking whether x86_64-QNAP-linux-gnu-gcc accepts -g
configure:18843: result: yes
configure:18860: checking for x86_64-QNAP-linux-gnu-gcc option to accept ANSI C
configure:18948: result: none needed
configure:18966: x86_64-QNAP-linux-gnu-gcc -c -g -O2 -I/root/daily_build/64_01/4.4.1/LinkFS/include -DCPPFLAGS_OPT conftest.c >&5
conftest.c:2:3: error: unknown type name 'choke'
   choke me
   ^
conftest.c:2:3: error: expected '=', ',', ';', 'asm' or '__attribute__' at end of input
configure:18969: $? = 1
configure: failed program was:
| #ifndef __cplusplus
|   choke me
| #endif
configure:19080: checking dependency style of x86_64-QNAP-linux-gnu-gcc
configure:19163: result: gcc3
configure:19185: checking how to run the C preprocessor
configure:19303: result: x86_64-QNAP-linux-gnu-gcc -E
configure:19328: x86_64-QNAP-linux-gnu-gcc -E -I/root/daily_build/64_01/4.4.1/LinkFS/include -DCPPFLAGS_OPT conftest.c
configure:19334: $? = 0
configure:19366: x86_64-QNAP-linux-gnu-gcc -E -I/root/daily_build/64_01/4.4.1/LinkFS/include -DCPPFLAGS_OPT conftest.c
configure:19381:28: fatal error: ac_nonexistent.h: No such file or directory
 fi
                            ^
compilation terminated.
configure:19372: $? = 1
configure: failed program was:
| #line 19357 "configure"
| /* confdefs.h.  */
| 
| #define PACKAGE_NAME "giflib"
| #define PACKAGE_TARNAME "giflib"
| #define PACKAGE_VERSION "4.1.3"
| #define PACKAGE_STRING "giflib 4.1.3"
| #define PACKAGE_BUGREPORT "abadger1999@sourceforge.net"
| #define PACKAGE "giflib"
| #define VERSION "4.1.3"
| #define STDC_HEADERS 1
| #define HAVE_SYS_TYPES_H 1
| #define HAVE_SYS_STAT_H 1
| #define HAVE_STDLIB_H 1
| #define HAVE_STRING_H 1
| #define HAVE_MEMORY_H 1
| #define HAVE_STRINGS_H 1
| #define HAVE_INTTYPES_H 1
| #define HAVE_STDINT_H 1
| #define HAVE_UNISTD_H 1
| #define HAVE_DLFCN_H 1
| #ifdef __cplusplus
| #include <stdlib.h>
| #endif
| /* end confdefs.h.  */
| #include <ac_nonexistent.h>
configure:19426: checking for a BSD-compatible install
configure:19480: result: /usr/bin/install -c
configure:19491: checking whether ln -s works
configure:19495: result: yes
configure:19502: checking whether make sets $(MAKE)
configure:19522: result: yes
configure:19534: checking for x86_64-QNAP-linux-gnu-ranlib
configure:19560: result: x86_64-QNAP-linux-gnu-ranlib
configure:19612: checking for X
configure:19718: x86_64-QNAP-linux-gnu-gcc -E -I/root/daily_build/64_01/4.4.1/LinkFS/include -DCPPFLAGS_OPT conftest.c
configure:19733:27: fatal error: X11/Intrinsic.h: No such file or directory
 fi
                           ^
compilation terminated.
configure:19724: $? = 1
configure: failed program was:
| #line 19709 "configure"
| /* confdefs.h.  */
| 
| #define PACKAGE_NAME "giflib"
| #define PACKAGE_TARNAME "giflib"
| #define PACKAGE_VERSION "4.1.3"
| #define PACKAGE_STRING "giflib 4.1.3"
| #define PACKAGE_BUGREPORT "abadger1999@sourceforge.net"
| #define PACKAGE "giflib"
| #define VERSION "4.1.3"
| #define STDC_HEADERS 1
| #define HAVE_SYS_TYPES_H 1
| #define HAVE_SYS_STAT_H 1
| #define HAVE_STDLIB_H 1
| #define HAVE_STRING_H 1
| #define HAVE_MEMORY_H 1
| #define HAVE_STRINGS_H 1
| #define HAVE_INTTYPES_H 1
| #define HAVE_STDINT_H 1
| #define HAVE_UNISTD_H 1
| #define HAVE_DLFCN_H 1
| #ifdef __cplusplus
| #include <stdlib.h>
| #endif
| /* end confdefs.h.  */
| #include <X11/Intrinsic.h>
configure:19774: x86_64-QNAP-linux-gnu-gcc -o conftest -g -O2 -I/root/daily_build/64_01/4.4.1/LinkFS/include -DCPPFLAGS_OPT -L/root/daily_build/64_01/4.4.1/LinkFS/lib -L/root/daily_build/64_01/4.4.1/LinkFS/lib64 -DLDFLAGS_OPT conftest.c -lXt  >&5
configure:19781:27: fatal error: X11/Intrinsic.h: No such file or directory
   (eval $ac_try) 2>&5
                           ^
compilation terminated.
configure:19777: $? = 1
configure: failed program was:
| #line 19757 "configure"
| /* confdefs.h.  */
| 
| #define PACKAGE_NAME "giflib"
| #define PACKAGE_TARNAME "giflib"
| #define PACKAGE_VERSION "4.1.3"
| #define PACKAGE_STRING "giflib 4.1.3"
| #define PACKAGE_BUGREPORT "abadger1999@sourceforge.net"
| #define PACKAGE "giflib"
| #define VERSION "4.1.3"
| #define STDC_HEADERS 1
| #define HAVE_SYS_TYPES_H 1
| #define HAVE_SYS_STAT_H 1
| #define HAVE_STDLIB_H 1
| #define HAVE_STRING_H 1
| #define HAVE_MEMORY_H 1
| #define HAVE_STRINGS_H 1
| #define HAVE_INTTYPES_H 1
| #define HAVE_STDINT_H 1
| #define HAVE_UNISTD_H 1
| #define HAVE_DLFCN_H 1
| #ifdef __cplusplus
| #include <stdlib.h>
| #endif
| /* end confdefs.h.  */
| #include <X11/Intrinsic.h>
| int
| main ()
| {
| XtMalloc (0)
|   ;
|   return 0;
| }
configure:19822: result: no
configure:20810: checking for pow in -lm
configure:20841: x86_64-QNAP-linux-gnu-gcc -o conftest -g -O2 -I/root/daily_build/64_01/4.4.1/LinkFS/include -DCPPFLAGS_OPT -L/root/daily_build/64_01/4.4.1/LinkFS/lib -L/root/daily_build/64_01/4.4.1/LinkFS/lib64 -DLDFLAGS_OPT conftest.c -lm   >&5
configure:20849:6: warning: conflicting types for built-in function 'pow'
   ac_status=$?
      ^
configure:20844: $? = 0
configure:20847: test -s conftest
configure:20850: $? = 0
configure:20862: result: yes
configure:20871: checking for rle_hdr_init in -lrle
configure:20902: x86_64-QNAP-linux-gnu-gcc -o conftest -g -O2 -I/root/daily_build/64_01/4.4.1/LinkFS/include -DCPPFLAGS_OPT -L/root/daily_build/64_01/4.4.1/LinkFS/lib -L/root/daily_build/64_01/4.4.1/LinkFS/lib64 -DLDFLAGS_OPT conftest.c -lrle -lm   >&5
/root/CT/x86_64-QNAP-linux-gnu/cross-tools/bin/../lib/gcc/x86_64-QNAP-linux-gnu/4.9.2/../../../../x86_64-QNAP-linux-gnu/bin/ld: cannot find -lrle
collect2: error: ld returned 1 exit status
configure:20905: $? = 1
configure: failed program was:
| #line 20878 "configure"
| /* confdefs.h.  */
| 
| #define PACKAGE_NAME "giflib"
| #define PACKAGE_TARNAME "giflib"
| #define PACKAGE_VERSION "4.1.3"
| #define PACKAGE_STRING "giflib 4.1.3"
| #define PACKAGE_BUGREPORT "abadger1999@sourceforge.net"
| #define PACKAGE "giflib"
| #define VERSION "4.1.3"
| #define STDC_HEADERS 1
| #define HAVE_SYS_TYPES_H 1
| #define HAVE_SYS_STAT_H 1
| #define HAVE_STDLIB_H 1
| #define HAVE_STRING_H 1
| #define HAVE_MEMORY_H 1
| #define HAVE_STRINGS_H 1
| #define HAVE_INTTYPES_H 1
| #define HAVE_STDINT_H 1
| #define HAVE_UNISTD_H 1
| #define HAVE_DLFCN_H 1
| #ifdef __cplusplus
| #include <stdlib.h>
| #endif
| #define X_DISPLAY_MISSING 1
| /* end confdefs.h.  */
| 
| /* Override any gcc2 internal prototype to avoid an error.  */
| #ifdef __cplusplus
| extern "C"
| #endif
| /* We use char because int might match the return type of a gcc2
|    builtin and then its argument prototype would still apply.  */
| char rle_hdr_init ();
| int
| main ()
| {
| rle_hdr_init ();
|   ;
|   return 0;
| }
configure:20923: result: no
configure:20932: checking for main in -lgl_s
configure:20957: x86_64-QNAP-linux-gnu-gcc -o conftest -g -O2 -I/root/daily_build/64_01/4.4.1/LinkFS/include -DCPPFLAGS_OPT -L/root/daily_build/64_01/4.4.1/LinkFS/lib -L/root/daily_build/64_01/4.4.1/LinkFS/lib64 -DLDFLAGS_OPT conftest.c -lgl_s   >&5
/root/CT/x86_64-QNAP-linux-gnu/cross-tools/bin/../lib/gcc/x86_64-QNAP-linux-gnu/4.9.2/../../../../x86_64-QNAP-linux-gnu/bin/ld: cannot find -lgl_s
collect2: error: ld returned 1 exit status
configure:20960: $? = 1
configure: failed program was:
| #line 20939 "configure"
| /* confdefs.h.  */
| 
| #define PACKAGE_NAME "giflib"
| #define PACKAGE_TARNAME "giflib"
| #define PACKAGE_VERSION "4.1.3"
| #define PACKAGE_STRING "giflib 4.1.3"
| #define PACKAGE_BUGREPORT "abadger1999@sourceforge.net"
| #define PACKAGE "giflib"
| #define VERSION "4.1.3"
| #define STDC_HEADERS 1
| #define HAVE_SYS_TYPES_H 1
| #define HAVE_SYS_STAT_H 1
| #define HAVE_STDLIB_H 1
| #define HAVE_STRING_H 1
| #define HAVE_MEMORY_H 1
| #define HAVE_STRINGS_H 1
| #define HAVE_INTTYPES_H 1
| #define HAVE_STDINT_H 1
| #define HAVE_UNISTD_H 1
| #define HAVE_DLFCN_H 1
| #ifdef __cplusplus
| #include <stdlib.h>
| #endif
| #define X_DISPLAY_MISSING 1
| /* end confdefs.h.  */
| 
| 
| int
| main ()
| {
| main ();
|   ;
|   return 0;
| }
configure:20978: result: no
configure:20991: checking for main in -lX11
configure:21016: x86_64-QNAP-linux-gnu-gcc -o conftest -g -O2 -I/root/daily_build/64_01/4.4.1/LinkFS/include -DCPPFLAGS_OPT -L/root/daily_build/64_01/4.4.1/LinkFS/lib -L/root/daily_build/64_01/4.4.1/LinkFS/lib64 -DLDFLAGS_OPT conftest.c -lX11   >&5
/root/CT/x86_64-QNAP-linux-gnu/cross-tools/bin/../lib/gcc/x86_64-QNAP-linux-gnu/4.9.2/../../../../x86_64-QNAP-linux-gnu/bin/ld: cannot find -lX11
collect2: error: ld returned 1 exit status
configure:21019: $? = 1
configure: failed program was:
| #line 20998 "configure"
| /* confdefs.h.  */
| 
| #define PACKAGE_NAME "giflib"
| #define PACKAGE_TARNAME "giflib"
| #define PACKAGE_VERSION "4.1.3"
| #define PACKAGE_STRING "giflib 4.1.3"
| #define PACKAGE_BUGREPORT "abadger1999@sourceforge.net"
| #define PACKAGE "giflib"
| #define VERSION "4.1.3"
| #define STDC_HEADERS 1
| #define HAVE_SYS_TYPES_H 1
| #define HAVE_SYS_STAT_H 1
| #define HAVE_STDLIB_H 1
| #define HAVE_STRING_H 1
| #define HAVE_MEMORY_H 1
| #define HAVE_STRINGS_H 1
| #define HAVE_INTTYPES_H 1
| #define HAVE_STDINT_H 1
| #define HAVE_UNISTD_H 1
| #define HAVE_DLFCN_H 1
| #ifdef __cplusplus
| #include <stdlib.h>
| #endif
| #define X_DISPLAY_MISSING 1
| /* end confdefs.h.  */
| 
| 
| int
| main ()
| {
| main ();
|   ;
|   return 0;
| }
configure:21037: result: no
configure:21058: checking for ANSI C header files
configure:21208: result: yes
configure:21233: checking stdarg.h usability
configure:21246: x86_64-QNAP-linux-gnu-gcc -c -g -O2 -I/root/daily_build/64_01/4.4.1/LinkFS/include -DCPPFLAGS_OPT conftest.c >&5
configure:21249: $? = 0
configure:21252: test -s conftest.o
configure:21255: $? = 0
configure:21265: result: yes
configure:21269: checking stdarg.h presence
configure:21280: x86_64-QNAP-linux-gnu-gcc -E -I/root/daily_build/64_01/4.4.1/LinkFS/include -DCPPFLAGS_OPT conftest.c
configure:21286: $? = 0
configure:21305: result: yes
configure:21341: checking for stdarg.h
configure:21348: result: yes
configure:21371: checking for unistd.h
configure:21376: result: yes
configure:21522: checking fcntl.h usability
configure:21535: x86_64-QNAP-linux-gnu-gcc -c -g -O2 -I/root/daily_build/64_01/4.4.1/LinkFS/include -DCPPFLAGS_OPT conftest.c >&5
configure:21538: $? = 0
configure:21541: test -s conftest.o
configure:21544: $? = 0
configure:21554: result: yes
configure:21558: checking fcntl.h presence
configure:21569: x86_64-QNAP-linux-gnu-gcc -E -I/root/daily_build/64_01/4.4.1/LinkFS/include -DCPPFLAGS_OPT conftest.c
configure:21575: $? = 0
configure:21594: result: yes
configure:21630: checking for fcntl.h
configure:21637: result: yes
configure:21651: checking for an ANSI C-conforming const
configure:21719: x86_64-QNAP-linux-gnu-gcc -c -g -O2 -I/root/daily_build/64_01/4.4.1/LinkFS/include -DCPPFLAGS_OPT conftest.c >&5
configure:21722: $? = 0
configure:21725: test -s conftest.o
configure:21728: $? = 0
configure:21739: result: yes
configure:21750: checking for working memcmp
configure:21821: result: no
configure:21825: checking for function prototypes
configure:21828: result: yes
configure:21845: checking whether setvbuf arguments are reversed
configure:21871: x86_64-QNAP-linux-gnu-gcc -o conftest -g -O2 -I/root/daily_build/64_01/4.4.1/LinkFS/include -DCPPFLAGS_OPT -L/root/daily_build/64_01/4.4.1/LinkFS/lib -L/root/daily_build/64_01/4.4.1/LinkFS/lib64 -DLDFLAGS_OPT conftest.c  >&5
configure:21884:10: error: conflicting types for 'setvbuf'
 /* confdefs.h.  */
          ^
In file included from configure:21882:0:
/root/CT/x86_64-QNAP-linux-gnu/fs/include/stdio.h:336:12: note: previous declaration of 'setvbuf' was here
 extern int setvbuf (FILE *__restrict __stream, char *__restrict __buf,
            ^
configure:21874: $? = 1
configure: failed program was:
| #line 21851 "configure"
| /* confdefs.h.  */
| 
| #define PACKAGE_NAME "giflib"
| #define PACKAGE_TARNAME "giflib"
| #define PACKAGE_VERSION "4.1.3"
| #define PACKAGE_STRING "giflib 4.1.3"
| #define PACKAGE_BUGREPORT "abadger1999@sourceforge.net"
| #define PACKAGE "giflib"
| #define VERSION "4.1.3"
| #define STDC_HEADERS 1
| #define HAVE_SYS_TYPES_H 1
| #define HAVE_SYS_STAT_H 1
| #define HAVE_STDLIB_H 1
| #define HAVE_STRING_H 1
| #define HAVE_MEMORY_H 1
| #define HAVE_STRINGS_H 1
| #define HAVE_INTTYPES_H 1
| #define HAVE_STDINT_H 1
| #define HAVE_UNISTD_H 1
| #define HAVE_DLFCN_H 1
| #ifdef __cplusplus
| #include <stdlib.h>
| #endif
| #define X_DISPLAY_MISSING 1
| #define STDC_HEADERS 1
| #define HAVE_STDARG_H 1
| #define HAVE_UNISTD_H 1
| #define HAVE_FCNTL_H 1
| #define PROTOTYPES 1
| #define __PROTOTYPES 1
| /* end confdefs.h.  */
| #include <stdio.h>
| #	  if PROTOTYPES
| 	   int (setvbuf) (FILE *, int, char *, size_t);
| #	  endif
| int
| main ()
| {
| char buf; return setvbuf (stdout, _IOLBF, &buf, 1);
|   ;
|   return 0;
| }
configure:21978: result: no
configure:21992: checking for vprintf
configure:22042: x86_64-QNAP-linux-gnu-gcc -o conftest -g -O2 -I/root/daily_build/64_01/4.4.1/LinkFS/include -DCPPFLAGS_OPT -L/root/daily_build/64_01/4.4.1/LinkFS/lib -L/root/daily_build/64_01/4.4.1/LinkFS/lib64 -DLDFLAGS_OPT conftest.c  >&5
configure:22044:6: warning: conflicting types for built-in function 'vprintf'
   ac_status=$?
      ^
configure:22045: $? = 0
configure:22048: test -s conftest
configure:22051: $? = 0
configure:22062: result: yes
configure:22069: checking for _doprnt
configure:22119: x86_64-QNAP-linux-gnu-gcc -o conftest -g -O2 -I/root/daily_build/64_01/4.4.1/LinkFS/include -DCPPFLAGS_OPT -L/root/daily_build/64_01/4.4.1/LinkFS/lib -L/root/daily_build/64_01/4.4.1/LinkFS/lib64 -DLDFLAGS_OPT conftest.c  >&5
/tmp/ccwIIue3.o:(.data+0x0): undefined reference to `_doprnt'
/tmp/ccwIIue3.o: In function `main':
/root/daily_build/64_01/4.4.1/SysLib/giflib-4.1.3/configure:22138: undefined reference to `_doprnt'
collect2: error: ld returned 1 exit status
configure:22122: $? = 1
configure: failed program was:
| #line 22074 "configure"
| /* confdefs.h.  */
| 
| #define PACKAGE_NAME "giflib"
| #define PACKAGE_TARNAME "giflib"
| #define PACKAGE_VERSION "4.1.3"
| #define PACKAGE_STRING "giflib 4.1.3"
| #define PACKAGE_BUGREPORT "abadger1999@sourceforge.net"
| #define PACKAGE "giflib"
| #define VERSION "4.1.3"
| #define STDC_HEADERS 1
| #define HAVE_SYS_TYPES_H 1
| #define HAVE_SYS_STAT_H 1
| #define HAVE_STDLIB_H 1
| #define HAVE_STRING_H 1
| #define HAVE_MEMORY_H 1
| #define HAVE_STRINGS_H 1
| #define HAVE_INTTYPES_H 1
| #define HAVE_STDINT_H 1
| #define HAVE_UNISTD_H 1
| #define HAVE_DLFCN_H 1
| #ifdef __cplusplus
| #include <stdlib.h>
| #endif
| #define X_DISPLAY_MISSING 1
| #define STDC_HEADERS 1
| #define HAVE_STDARG_H 1
| #define HAVE_UNISTD_H 1
| #define HAVE_FCNTL_H 1
| #define PROTOTYPES 1
| #define __PROTOTYPES 1
| #define HAVE_VPRINTF 1
| /* end confdefs.h.  */
| /* System header to define __stub macros and hopefully few prototypes,
|     which can conflict with char _doprnt (); below.
|     Prefer <limits.h> to <assert.h> if __STDC__ is defined, since
|     <limits.h> exists even on freestanding compilers.  */
| #ifdef __STDC__
| # include <limits.h>
| #else
| # include <assert.h>
| #endif
| /* Override any gcc2 internal prototype to avoid an error.  */
| #ifdef __cplusplus
| extern "C"
| {
| #endif
| /* We use char because int might match the return type of a gcc2
|    builtin and then its argument prototype would still apply.  */
| char _doprnt ();
| /* The GNU C library defines this for functions which it implements
|     to always fail with ENOSYS.  Some functions are actually named
|     something starting with __ and the normal name is an alias.  */
| #if defined (__stub__doprnt) || defined (__stub____doprnt)
| choke me
| #else
| char (*f) () = _doprnt;
| #endif
| #ifdef __cplusplus
| }
| #endif
| 
| int
| main ()
| {
| return f != _doprnt;
|   ;
|   return 0;
| }
configure:22139: result: no
configure:22157: checking for strdup
configure:22207: x86_64-QNAP-linux-gnu-gcc -o conftest -g -O2 -I/root/daily_build/64_01/4.4.1/LinkFS/include -DCPPFLAGS_OPT -L/root/daily_build/64_01/4.4.1/LinkFS/lib -L/root/daily_build/64_01/4.4.1/LinkFS/lib64 -DLDFLAGS_OPT conftest.c  >&5
configure:22210:6: warning: conflicting types for built-in function 'strdup'
   echo "$as_me:$LINENO: \$? = $ac_status" >&5
      ^
configure:22210: $? = 0
configure:22213: test -s conftest
configure:22216: $? = 0
configure:22227: result: yes
configure:22362: creating ./config.status

## ---------------------- ##
## Running config.status. ##
## ---------------------- ##

This file was extended by giflib config.status 4.1.3, which was
generated by GNU Autoconf 2.57.  Invocation command line was

  CONFIG_FILES    = 
  CONFIG_HEADERS  = 
  CONFIG_LINKS    = 
  CONFIG_COMMANDS = 
  $ ./config.status 

on U16BuildServer115

config.status:691: creating util/Makefile
config.status:691: creating lib/Makefile
config.status:691: creating Makefile
config.status:691: creating doc/Makefile
config.status:691: creating pic/Makefile
config.status:795: creating config.h
config.status:1042: executing depfiles commands

## ---------------- ##
## Cache variables. ##
## ---------------- ##

ac_cv_build=x86_64-pc-linux-gnu
ac_cv_build_alias=x86_64-linux
ac_cv_c_compiler_gnu=yes
ac_cv_c_const=yes
ac_cv_cxx_compiler_gnu=yes
ac_cv_env_CC_set=set
ac_cv_env_CC_value=x86_64-QNAP-linux-gnu-gcc
ac_cv_env_CFLAGS_set=
ac_cv_env_CFLAGS_value=
ac_cv_env_CPPFLAGS_set=set
ac_cv_env_CPPFLAGS_value='-I/root/daily_build/64_01/4.4.1/LinkFS/include -DCPPFLAGS_OPT'
ac_cv_env_CPP_set=
ac_cv_env_CPP_value=
ac_cv_env_CXXCPP_set=
ac_cv_env_CXXCPP_value=
ac_cv_env_CXXFLAGS_set=
ac_cv_env_CXXFLAGS_value=
ac_cv_env_CXX_set=set
ac_cv_env_CXX_value=x86_64-QNAP-linux-gnu-g++
ac_cv_env_F77_set=
ac_cv_env_F77_value=
ac_cv_env_FFLAGS_set=
ac_cv_env_FFLAGS_value=
ac_cv_env_LDFLAGS_set=set
ac_cv_env_LDFLAGS_value='-L/root/daily_build/64_01/4.4.1/LinkFS/lib -L/root/daily_build/64_01/4.4.1/LinkFS/lib64 -DLDFLAGS_OPT'
ac_cv_env_build_alias_set=set
ac_cv_env_build_alias_value=x86_64-linux
ac_cv_env_host_alias_set=set
ac_cv_env_host_alias_value=x86_64-QNAP-linux-gnu
ac_cv_env_target_alias_set=
ac_cv_env_target_alias_value=
ac_cv_exeext=
ac_cv_f77_compiler_gnu=no
ac_cv_func__doprnt=no
ac_cv_func_memcmp_working=no
ac_cv_func_setvbuf_reversed=no
ac_cv_func_strdup=yes
ac_cv_func_vprintf=yes
ac_cv_have_x=have_x=no
ac_cv_header_dlfcn_h=yes
ac_cv_header_fcntl_h=yes
ac_cv_header_inttypes_h=yes
ac_cv_header_memory_h=yes
ac_cv_header_stdarg_h=yes
ac_cv_header_stdc=yes
ac_cv_header_stdint_h=yes
ac_cv_header_stdlib_h=yes
ac_cv_header_string_h=yes
ac_cv_header_strings_h=yes
ac_cv_header_sys_stat_h=yes
ac_cv_header_sys_types_h=yes
ac_cv_header_unistd_h=yes
ac_cv_host=x86_64-QNAP-linux-gnu
ac_cv_host_alias=x86_64-QNAP-linux-gnu
ac_cv_lib_X11_main=no
ac_cv_lib_gl_s_main=no
ac_cv_lib_m_pow=yes
ac_cv_lib_rle_rle_hdr_init=no
ac_cv_objext=o
ac_cv_path_install='/usr/bin/install -c'
ac_cv_prog_AR=x86_64-QNAP-linux-gnu-ar
ac_cv_prog_AWK=gawk
ac_cv_prog_CC=x86_64-QNAP-linux-gnu-gcc
ac_cv_prog_CPP='x86_64-QNAP-linux-gnu-gcc -E'
ac_cv_prog_CXX=x86_64-QNAP-linux-gnu-g++
ac_cv_prog_CXXCPP='x86_64-QNAP-linux-gnu-g++ -E'
ac_cv_prog_RANLIB=x86_64-QNAP-linux-gnu-ranlib
ac_cv_prog_STRIP=x86_64-QNAP-linux-gnu-strip
ac_cv_prog_cc_g=yes
ac_cv_prog_cc_stdc=
ac_cv_prog_cxx_g=yes
ac_cv_prog_egrep='grep -E'
ac_cv_prog_f77_g=no
ac_cv_prog_make_make_set=yes
am_cv_CC_dependencies_compiler_type=gcc3
am_cv_CXX_dependencies_compiler_type=gcc3
lt_cv_deplibs_check_method=pass_all
lt_cv_file_magic_cmd='$MAGIC_CMD'
lt_cv_file_magic_test_file='/lib/libc.so* /lib/libc-*.so'
lt_cv_ld_reload_flag=-r
lt_cv_objdir=.libs
lt_cv_path_LD=x86_64-QNAP-linux-gnu-ld
lt_cv_path_LDCXX='x86_64-QNAP-linux-gnu-ld -m elf_x86_64'
lt_cv_path_NM='/root/CT/x86_64-QNAP-linux-gnu/cross-tools/bin/x86_64-QNAP-linux-gnu-nm -B'
lt_cv_path_SED=/bin/sed
lt_cv_prog_compiler_c_o=yes
lt_cv_prog_compiler_c_o_CXX=yes
lt_cv_prog_compiler_rtti_exceptions=no
lt_cv_prog_gnu_ld=yes
lt_cv_prog_gnu_ldcxx=yes
lt_cv_sys_global_symbol_pipe='sed -n -e '\''s/^.*[ 	]\([ABCDGIRSTW][ABCDGIRSTW]*\)[ 	][ 	]*\(\)\([_A-Za-z][_A-Za-z0-9]*\)$/\1 \2\3 \3/p'\'''
lt_cv_sys_global_symbol_to_c_name_address='sed -n -e '\''s/^: \([^ ]*\) $/  {\"\1\", (lt_ptr) 0},/p'\'' -e '\''s/^[BCDEGRST] \([^ ]*\) \([^ ]*\)$/  {"\2", (lt_ptr) \&\2},/p'\'''
lt_cv_sys_global_symbol_to_cdecl='sed -n -e '\''s/^. .* \(.*\)$/extern int \1;/p'\'''
lt_cv_sys_max_cmd_len=32768
lt_lt_cv_prog_compiler_c_o='"yes"'
lt_lt_cv_prog_compiler_c_o_CXX='"yes"'
lt_lt_cv_sys_global_symbol_pipe='"sed -n -e '\''s/^.*[ 	]\\([ABCDGIRSTW][ABCDGIRSTW]*\\)[ 	][ 	]*\\(\\)\\([_A-Za-z][_A-Za-z0-9]*\\)\$/\\1 \\2\\3 \\3/p'\''"'
lt_lt_cv_sys_global_symbol_to_c_name_address='"sed -n -e '\''s/^: \\([^ ]*\\) \$/  {\\\"\\1\\\", (lt_ptr) 0},/p'\'' -e '\''s/^[BCDEGRST] \\([^ ]*\\) \\([^ ]*\\)\$/  {\"\\2\", (lt_ptr) \\&\\2},/p'\''"'
lt_lt_cv_sys_global_symbol_to_cdecl='"sed -n -e '\''s/^. .* \\(.*\\)\$/extern int \\1;/p'\''"'

## ----------------- ##
## Output variables. ##
## ----------------- ##

ACLOCAL='${SHELL} /root/daily_build/64_01/4.4.1/SysLib/giflib-4.1.3/missing --run aclocal-1.7'
AMDEPBACKSLASH='\'
AMDEP_FALSE='#'
AMDEP_TRUE=''
AMTAR='${SHELL} /root/daily_build/64_01/4.4.1/SysLib/giflib-4.1.3/missing --run tar'
AR='x86_64-QNAP-linux-gnu-ar'
AUTOCONF='${SHELL} /root/daily_build/64_01/4.4.1/SysLib/giflib-4.1.3/missing --run autoconf'
AUTOHEADER='${SHELL} /root/daily_build/64_01/4.4.1/SysLib/giflib-4.1.3/missing --run autoheader'
AUTOMAKE='${SHELL} /root/daily_build/64_01/4.4.1/SysLib/giflib-4.1.3/missing --run automake-1.7'
AWK='gawk'
CC='x86_64-QNAP-linux-gnu-gcc'
CCDEPMODE='depmode=gcc3'
CFLAGS='-g -O2'
COMPILABLE_EXTRAS=' gifclrmp gifrotat'
CPP='x86_64-QNAP-linux-gnu-gcc -E'
CPPFLAGS='-I/root/daily_build/64_01/4.4.1/LinkFS/include -DCPPFLAGS_OPT'
CXX='x86_64-QNAP-linux-gnu-g++'
CXXCPP='x86_64-QNAP-linux-gnu-g++ -E'
CXXDEPMODE='depmode=gcc3'
CXXFLAGS='-g -O2'
CYGPATH_W='echo'
DEFS='-DHAVE_CONFIG_H'
DEPDIR='.deps'
DEVS=' '
ECHO='echo'
ECHO_C=''
ECHO_N='-n'
ECHO_T=''
EGREP='grep -E'
EXEEXT=''
F77=''
FFLAGS=''
GL_S_LIB=''
INSTALL_DATA='${INSTALL} -m 644'
INSTALL_PROGRAM='${INSTALL}'
INSTALL_SCRIPT='${INSTALL}'
INSTALL_STRIP_PROGRAM='${SHELL} $(install_sh) -c -s'
LDFLAGS='-L/root/daily_build/64_01/4.4.1/LinkFS/lib -L/root/daily_build/64_01/4.4.1/LinkFS/lib64 -DLDFLAGS_OPT'
LIBOBJS=' memcmp$U.o'
LIBS=''
LIBTOOL='$(SHELL) $(top_builddir)/libtool'
LN_S='ln -s'
LTLIBOBJS=' memcmp$U.lo'
MAKEINFO='${SHELL} /root/daily_build/64_01/4.4.1/SysLib/giflib-4.1.3/missing --run makeinfo'
MATH_LIB=' -lm'
OBJEXT='o'
PACKAGE='giflib'
PACKAGE_BUGREPORT='abadger1999@sourceforge.net'
PACKAGE_NAME='giflib'
PACKAGE_STRING='giflib 4.1.3'
PACKAGE_TARNAME='giflib'
PACKAGE_VERSION='4.1.3'
PATH_SEPARATOR=':'
RANLIB='x86_64-QNAP-linux-gnu-ranlib'
RLE_LIB=''
SET_MAKE=''
SHELL='/bin/bash'
STRIP='x86_64-QNAP-linux-gnu-strip'
VERSION='4.1.3'
X11_LIB=''
X_CFLAGS=''
X_EXTRA_LIBS=''
X_LIBS=''
X_PRE_LIBS=''
ac_ct_AR=''
ac_ct_CC=''
ac_ct_CXX=''
ac_ct_F77=''
ac_ct_RANLIB=''
ac_ct_STRIP=''
am__fastdepCC_FALSE='#'
am__fastdepCC_TRUE=''
am__fastdepCXX_FALSE='#'
am__fastdepCXX_TRUE=''
am__include='include'
am__leading_dot='.'
am__quote=''
bindir='${exec_prefix}/bin'
build='x86_64-pc-linux-gnu'
build_alias='x86_64-linux'
build_cpu='x86_64'
build_os='linux-gnu'
build_vendor='pc'
datadir='${prefix}/share'
exec_prefix='${prefix}'
host='x86_64-QNAP-linux-gnu'
host_alias='x86_64-QNAP-linux-gnu'
host_cpu='x86_64'
host_os='linux-gnu'
host_vendor='QNAP'
includedir='${prefix}/include'
infodir='${prefix}/info'
install_sh='/root/daily_build/64_01/4.4.1/SysLib/giflib-4.1.3/install-sh'
libdir='${exec_prefix}/lib'
libexecdir='${exec_prefix}/libexec'
localstatedir='${prefix}/var'
mandir='${prefix}/man'
oldincludedir='/usr/include'
prefix=''
program_transform_name='s,x,x,'
sbindir='${exec_prefix}/sbin'
sharedstatedir='${prefix}/com'
sysconfdir='${prefix}/etc'
target_alias=''

## ----------- ##
## confdefs.h. ##
## ----------- ##

#define HAVE_DLFCN_H 1
#define HAVE_FCNTL_H 1
#define HAVE_INTTYPES_H 1
#define HAVE_MEMORY_H 1
#define HAVE_STDARG_H 1
#define HAVE_STDINT_H 1
#define HAVE_STDLIB_H 1
#define HAVE_STRDUP 1
#define HAVE_STRINGS_H 1
#define HAVE_STRING_H 1
#define HAVE_SYS_STAT_H 1
#define HAVE_SYS_TYPES_H 1
#define HAVE_UNISTD_H 1
#define HAVE_UNISTD_H 1
#define HAVE_VPRINTF 1
#define PACKAGE "giflib"
#define PACKAGE_BUGREPORT "abadger1999@sourceforge.net"
#define PACKAGE_NAME "giflib"
#define PACKAGE_STRING "giflib 4.1.3"
#define PACKAGE_TARNAME "giflib"
#define PACKAGE_VERSION "4.1.3"
#define PROTOTYPES 1
#define STDC_HEADERS 1
#define STDC_HEADERS 1
#define VERSION "4.1.3"
#define X_DISPLAY_MISSING 1
#define __PROTOTYPES 1
#endif
#ifdef __cplusplus
#include <stdlib.h>

configure: exit 0
