This file contains any messages produced by compilers while
running configure, to aid debugging if configure makes a mistake.

It was created by configure, which was
generated by GNU Autoconf 2.63.  Invocation command line was

  $ ./configure --host=x86_64-QNAP-linux-gnu --build=x86_64-linux --prefix= --disable-static --enable-shared --disable-nls

## --------- ##
## Platform. ##
## --------- ##

hostname = U16BuildServer115
uname -m = x86_64
uname -r = 4.4.0-21-generic
uname -s = Linux
uname -v = #37-Ubuntu SMP Mon Apr 18 18:33:37 UTC 2016

/usr/bin/uname -p = unknown
/bin/uname -X     = unknown

/bin/arch              = unknown
/usr/bin/arch -k       = unknown
/usr/convex/getsysinfo = unknown
/usr/bin/hostinfo      = unknown
/bin/machine           = unknown
/usr/bin/oslevel       = unknown
/bin/universe          = unknown

PATH: /root/CT/x86_64-QNAP-linux-gnu/cross-tools/bin
PATH: /root/CT/x86_64-QNAP-linux-gnu/cross-tools/bin
PATH: /usr/local/sbin
PATH: /usr/local/bin
PATH: /usr/sbin
PATH: /usr/bin
PATH: /sbin
PATH: /bin


## ----------- ##
## Core tests. ##
## ----------- ##

configure:2066: checking for a BSD-compatible install
configure:2134: result: /usr/bin/install -c
configure:2145: checking whether build environment is sane
configure:2188: result: yes
configure:2213: checking for a thread-safe mkdir -p
configure:2252: result: /bin/mkdir -p
configure:2265: checking for gawk
configure:2281: found /usr/bin/gawk
configure:2292: result: gawk
configure:2303: checking whether make sets $(MAKE)
configure:2325: result: yes
configure:2405: checking for x86_64-QNAP-linux-gnu-strip
configure:2432: result: x86_64-QNAP-linux-gnu-strip
configure:2541: checking build system type
configure:2559: result: x86_64-pc-linux-gnu
configure:2581: checking host system type
configure:2596: result: x86_64-QNAP-linux-gnu
configure:2630: checking for style of include used by make
configure:2658: result: GNU
configure:2688: checking for x86_64-QNAP-linux-gnu-gcc
configure:2715: result: x86_64-QNAP-linux-gnu-gcc
configure:2987: checking for C compiler version
configure:2995: x86_64-QNAP-linux-gnu-gcc --version >&5
x86_64-QNAP-linux-gnu-gcc (toolchain config: [gcc-4.9.2 binutils-2.25 glibc-2.21]) 4.9.2
Copyright (C) 2014 Free Software Foundation, Inc.
This is free software; see the source for copying conditions.  There is NO
warranty; not even for MERCHANTABILITY or FITNESS FOR A PARTICULAR PURPOSE.

configure:2999: $? = 0
configure:3006: x86_64-QNAP-linux-gnu-gcc -v >&5
Using built-in specs.
COLLECT_GCC=x86_64-QNAP-linux-gnu-gcc
COLLECT_LTO_WRAPPER=/root/CT/x86_64-QNAP-linux-gnu/cross-tools/bin/../libexec/gcc/x86_64-QNAP-linux-gnu/4.9.2/lto-wrapper
Target: x86_64-QNAP-linux-gnu
Configured with: ../gcc-4.9.2/configure --with-pkgversion='toolchain config: [gcc-4.9.2 binutils-2.25 glibc-2.21]' --prefix=/root/toolchain/docker_deploy/dockerfile/CT_auto_build/CT/x86_64-QNAP-linux-gnu/cross-tools --with-sysroot=/root/toolchain/docker_deploy/dockerfile/CT_auto_build/CT/x86_64-QNAP-linux-gnu/cross-tools/../fs --enable-tls --disable-nls --enable-languages=c,c++ --enable-c99 --enable-__cxa_atexit --enable-shared --enable-long-long --disable-multilib --enable-threads=posix --disable-libgomp --enable-checking=release --build=x86_64-linux-gnu --host=x86_64-linux-gnu --target=x86_64-QNAP-linux-gnu gcc_cv_libc_provides_ssp=yes
Thread model: posix
gcc version 4.9.2 (toolchain config: [gcc-4.9.2 binutils-2.25 glibc-2.21]) 
configure:3010: $? = 0
configure:3017: x86_64-QNAP-linux-gnu-gcc -V >&5
x86_64-QNAP-linux-gnu-gcc: error: unrecognized command line option '-V'
x86_64-QNAP-linux-gnu-gcc: fatal error: no input files
compilation terminated.
configure:3021: $? = 1
configure:3044: checking for C compiler default output file name
configure:3066: x86_64-QNAP-linux-gnu-gcc  -I/root/daily_build/64_01/4.4.1/LinkFS/include -I/root/daily_build/64_01/4.4.1/LinkFS/usr/include -L/root/daily_build/64_01/4.4.1/LinkFS/usr/lib -L/root/daily_build/64_01/4.4.1/LinkFS/lib -liconv conftest.c  >&5
configure:3070: $? = 0
configure:3108: result: a.out
configure:3127: checking whether the C compiler works
configure:3160: result: yes
configure:3167: checking whether we are cross compiling
configure:3169: result: yes
configure:3172: checking for suffix of executables
configure:3179: x86_64-QNAP-linux-gnu-gcc -o conftest  -I/root/daily_build/64_01/4.4.1/LinkFS/include -I/root/daily_build/64_01/4.4.1/LinkFS/usr/include -L/root/daily_build/64_01/4.4.1/LinkFS/usr/lib -L/root/daily_build/64_01/4.4.1/LinkFS/lib -liconv conftest.c  >&5
configure:3183: $? = 0
configure:3209: result: 
configure:3215: checking for suffix of object files
configure:3241: x86_64-QNAP-linux-gnu-gcc -c  -I/root/daily_build/64_01/4.4.1/LinkFS/include -I/root/daily_build/64_01/4.4.1/LinkFS/usr/include conftest.c >&5
configure:3245: $? = 0
configure:3270: result: o
configure:3274: checking whether we are using the GNU C compiler
configure:3303: x86_64-QNAP-linux-gnu-gcc -c  -I/root/daily_build/64_01/4.4.1/LinkFS/include -I/root/daily_build/64_01/4.4.1/LinkFS/usr/include conftest.c >&5
configure:3310: $? = 0
configure:3327: result: yes
configure:3336: checking whether x86_64-QNAP-linux-gnu-gcc accepts -g
configure:3366: x86_64-QNAP-linux-gnu-gcc -c -g -I/root/daily_build/64_01/4.4.1/LinkFS/include -I/root/daily_build/64_01/4.4.1/LinkFS/usr/include conftest.c >&5
configure:3373: $? = 0
configure:3474: result: yes
configure:3491: checking for x86_64-QNAP-linux-gnu-gcc option to accept ISO C89
configure:3565: x86_64-QNAP-linux-gnu-gcc  -c -g -O2 -I/root/daily_build/64_01/4.4.1/LinkFS/include -I/root/daily_build/64_01/4.4.1/LinkFS/usr/include conftest.c >&5
configure:3572: $? = 0
configure:3595: result: none needed
configure:3615: checking dependency style of x86_64-QNAP-linux-gnu-gcc
configure:3706: result: gcc3
configure:3721: checking for a sed that does not truncate output
configure:3787: result: /bin/sed
configure:3805: checking for grep that handles long lines and -e
configure:3865: result: /bin/grep
configure:3870: checking for egrep
configure:3934: result: /bin/grep -E
configure:3939: checking for fgrep
configure:4003: result: /bin/grep -F
configure:4038: checking for ld used by x86_64-QNAP-linux-gnu-gcc
configure:4105: result: x86_64-QNAP-linux-gnu-ld
configure:4114: checking if the linker (x86_64-QNAP-linux-gnu-ld) is GNU ld
configure:4129: result: yes
configure:4141: checking for BSD- or MS-compatible name lister (nm)
configure:4190: result: /root/CT/x86_64-QNAP-linux-gnu/cross-tools/bin/x86_64-QNAP-linux-gnu-nm -B
configure:4308: checking the name lister (/root/CT/x86_64-QNAP-linux-gnu/cross-tools/bin/x86_64-QNAP-linux-gnu-nm -B) interface
configure:4315: x86_64-QNAP-linux-gnu-gcc -c -g -O2 -I/root/daily_build/64_01/4.4.1/LinkFS/include -I/root/daily_build/64_01/4.4.1/LinkFS/usr/include conftest.c >&5
configure:4318: /root/CT/x86_64-QNAP-linux-gnu/cross-tools/bin/x86_64-QNAP-linux-gnu-nm -B "conftest.o"
configure:4321: output
0000000000000000 B some_variable
configure:4328: result: BSD nm
configure:4331: checking whether ln -s works
configure:4335: result: yes
configure:4343: checking the maximum length of command line arguments
configure:4463: result: 1572864
configure:4480: checking whether the shell understands some XSI constructs
configure:4490: result: yes
configure:4494: checking whether the shell understands "+="
configure:4500: result: yes
configure:4535: checking for x86_64-QNAP-linux-gnu-ld option to reload object files
configure:4542: result: -r
configure:4571: checking for x86_64-QNAP-linux-gnu-objdump
configure:4587: found /root/CT/x86_64-QNAP-linux-gnu/cross-tools/bin/x86_64-QNAP-linux-gnu-objdump
configure:4598: result: x86_64-QNAP-linux-gnu-objdump
configure:4670: checking how to recognize dependent libraries
configure:4866: result: pass_all
configure:4886: checking for x86_64-QNAP-linux-gnu-ar
configure:4913: result: x86_64-QNAP-linux-gnu-ar
configure:4991: checking for x86_64-QNAP-linux-gnu-strip
configure:5018: result: x86_64-QNAP-linux-gnu-strip
configure:5090: checking for x86_64-QNAP-linux-gnu-ranlib
configure:5117: result: x86_64-QNAP-linux-gnu-ranlib
configure:5247: checking command to parse /root/CT/x86_64-QNAP-linux-gnu/cross-tools/bin/x86_64-QNAP-linux-gnu-nm -B output from x86_64-QNAP-linux-gnu-gcc object
configure:5365: x86_64-QNAP-linux-gnu-gcc -c -g -O2 -I/root/daily_build/64_01/4.4.1/LinkFS/include -I/root/daily_build/64_01/4.4.1/LinkFS/usr/include conftest.c >&5
configure:5368: $? = 0
configure:5372: /root/CT/x86_64-QNAP-linux-gnu/cross-tools/bin/x86_64-QNAP-linux-gnu-nm -B conftest.o \| sed -n -e 's/^.*[	 ]\([ABCDGIRSTW][ABCDGIRSTW]*\)[	 ][	 ]*\([_A-Za-z][_A-Za-z0-9]*\)$/\1 \2 \2/p' \> conftest.nm
configure:5375: $? = 0
configure:5429: x86_64-QNAP-linux-gnu-gcc -o conftest -g -O2 -I/root/daily_build/64_01/4.4.1/LinkFS/include -I/root/daily_build/64_01/4.4.1/LinkFS/usr/include -L/root/daily_build/64_01/4.4.1/LinkFS/usr/lib -L/root/daily_build/64_01/4.4.1/LinkFS/lib -liconv conftest.c conftstm.o >&5
configure:5432: $? = 0
configure:5470: result: ok
configure:5566: x86_64-QNAP-linux-gnu-gcc -c -g -O2 -I/root/daily_build/64_01/4.4.1/LinkFS/include -I/root/daily_build/64_01/4.4.1/LinkFS/usr/include conftest.c >&5
configure:5569: $? = 0
configure:6337: checking how to run the C preprocessor
configure:6377: x86_64-QNAP-linux-gnu-gcc -E -I/root/daily_build/64_01/4.4.1/LinkFS/include -I/root/daily_build/64_01/4.4.1/LinkFS/usr/include conftest.c
configure:6384: $? = 0
configure:6415: x86_64-QNAP-linux-gnu-gcc -E -I/root/daily_build/64_01/4.4.1/LinkFS/include -I/root/daily_build/64_01/4.4.1/LinkFS/usr/include conftest.c
conftest.c:10:28: fatal error: ac_nonexistent.h: No such file or directory
 #include <ac_nonexistent.h>
                            ^
compilation terminated.
configure:6422: $? = 1
configure: failed program was:
| /* confdefs.h.  */
| #define PACKAGE_NAME ""
| #define PACKAGE_TARNAME ""
| #define PACKAGE_VERSION ""
| #define PACKAGE_STRING ""
| #define PACKAGE_BUGREPORT ""
| #define PACKAGE "xmlrpc"
| #define VERSION "0.54.1"
| /* end confdefs.h.  */
| #include <ac_nonexistent.h>
configure:6455: result: x86_64-QNAP-linux-gnu-gcc -E
configure:6484: x86_64-QNAP-linux-gnu-gcc -E -I/root/daily_build/64_01/4.4.1/LinkFS/include -I/root/daily_build/64_01/4.4.1/LinkFS/usr/include conftest.c
configure:6491: $? = 0
configure:6522: x86_64-QNAP-linux-gnu-gcc -E -I/root/daily_build/64_01/4.4.1/LinkFS/include -I/root/daily_build/64_01/4.4.1/LinkFS/usr/include conftest.c
conftest.c:10:28: fatal error: ac_nonexistent.h: No such file or directory
 #include <ac_nonexistent.h>
                            ^
compilation terminated.
configure:6529: $? = 1
configure: failed program was:
| /* confdefs.h.  */
| #define PACKAGE_NAME ""
| #define PACKAGE_TARNAME ""
| #define PACKAGE_VERSION ""
| #define PACKAGE_STRING ""
| #define PACKAGE_BUGREPORT ""
| #define PACKAGE "xmlrpc"
| #define VERSION "0.54.1"
| /* end confdefs.h.  */
| #include <ac_nonexistent.h>
configure:6569: checking for ANSI C header files
configure:6599: x86_64-QNAP-linux-gnu-gcc -c -g -O2 -I/root/daily_build/64_01/4.4.1/LinkFS/include -I/root/daily_build/64_01/4.4.1/LinkFS/usr/include conftest.c >&5
configure:6606: $? = 0
configure:6737: result: yes
configure:6761: checking for sys/types.h
configure:6782: x86_64-QNAP-linux-gnu-gcc -c -g -O2 -I/root/daily_build/64_01/4.4.1/LinkFS/include -I/root/daily_build/64_01/4.4.1/LinkFS/usr/include conftest.c >&5
configure:6789: $? = 0
configure:6806: result: yes
configure:6761: checking for sys/stat.h
configure:6782: x86_64-QNAP-linux-gnu-gcc -c -g -O2 -I/root/daily_build/64_01/4.4.1/LinkFS/include -I/root/daily_build/64_01/4.4.1/LinkFS/usr/include conftest.c >&5
configure:6789: $? = 0
configure:6806: result: yes
configure:6761: checking for stdlib.h
configure:6782: x86_64-QNAP-linux-gnu-gcc -c -g -O2 -I/root/daily_build/64_01/4.4.1/LinkFS/include -I/root/daily_build/64_01/4.4.1/LinkFS/usr/include conftest.c >&5
configure:6789: $? = 0
configure:6806: result: yes
configure:6761: checking for string.h
configure:6782: x86_64-QNAP-linux-gnu-gcc -c -g -O2 -I/root/daily_build/64_01/4.4.1/LinkFS/include -I/root/daily_build/64_01/4.4.1/LinkFS/usr/include conftest.c >&5
configure:6789: $? = 0
configure:6806: result: yes
configure:6761: checking for memory.h
configure:6782: x86_64-QNAP-linux-gnu-gcc -c -g -O2 -I/root/daily_build/64_01/4.4.1/LinkFS/include -I/root/daily_build/64_01/4.4.1/LinkFS/usr/include conftest.c >&5
configure:6789: $? = 0
configure:6806: result: yes
configure:6761: checking for strings.h
configure:6782: x86_64-QNAP-linux-gnu-gcc -c -g -O2 -I/root/daily_build/64_01/4.4.1/LinkFS/include -I/root/daily_build/64_01/4.4.1/LinkFS/usr/include conftest.c >&5
configure:6789: $? = 0
configure:6806: result: yes
configure:6761: checking for inttypes.h
configure:6782: x86_64-QNAP-linux-gnu-gcc -c -g -O2 -I/root/daily_build/64_01/4.4.1/LinkFS/include -I/root/daily_build/64_01/4.4.1/LinkFS/usr/include conftest.c >&5
configure:6789: $? = 0
configure:6806: result: yes
configure:6761: checking for stdint.h
configure:6782: x86_64-QNAP-linux-gnu-gcc -c -g -O2 -I/root/daily_build/64_01/4.4.1/LinkFS/include -I/root/daily_build/64_01/4.4.1/LinkFS/usr/include conftest.c >&5
configure:6789: $? = 0
configure:6806: result: yes
configure:6761: checking for unistd.h
configure:6782: x86_64-QNAP-linux-gnu-gcc -c -g -O2 -I/root/daily_build/64_01/4.4.1/LinkFS/include -I/root/daily_build/64_01/4.4.1/LinkFS/usr/include conftest.c >&5
configure:6789: $? = 0
configure:6806: result: yes
configure:6824: checking for dlfcn.h
configure:6845: x86_64-QNAP-linux-gnu-gcc -c -g -O2 -I/root/daily_build/64_01/4.4.1/LinkFS/include -I/root/daily_build/64_01/4.4.1/LinkFS/usr/include conftest.c >&5
configure:6852: $? = 0
configure:6869: result: yes
configure:7055: checking for objdir
configure:7070: result: .libs
configure:7366: checking if x86_64-QNAP-linux-gnu-gcc supports -fno-rtti -fno-exceptions
configure:7384: x86_64-QNAP-linux-gnu-gcc -c -g -O2 -I/root/daily_build/64_01/4.4.1/LinkFS/include -I/root/daily_build/64_01/4.4.1/LinkFS/usr/include -fno-rtti -fno-exceptions conftest.c >&5
cc1: warning: command line option '-fno-rtti' is valid for C++/ObjC++ but not for C
configure:7388: $? = 0
configure:7401: result: no
configure:7421: checking for x86_64-QNAP-linux-gnu-gcc option to produce PIC
configure:7693: result: -fPIC -DPIC
configure:7705: checking if x86_64-QNAP-linux-gnu-gcc PIC flag -fPIC -DPIC works
configure:7723: x86_64-QNAP-linux-gnu-gcc -c -g -O2 -I/root/daily_build/64_01/4.4.1/LinkFS/include -I/root/daily_build/64_01/4.4.1/LinkFS/usr/include -fPIC -DPIC -DPIC conftest.c >&5
configure:7727: $? = 0
configure:7740: result: yes
configure:7764: checking if x86_64-QNAP-linux-gnu-gcc static flag -static works
configure:7792: result: no
configure:7807: checking if x86_64-QNAP-linux-gnu-gcc supports -c -o file.o
configure:7828: x86_64-QNAP-linux-gnu-gcc -c -g -O2 -I/root/daily_build/64_01/4.4.1/LinkFS/include -I/root/daily_build/64_01/4.4.1/LinkFS/usr/include -o out/conftest2.o conftest.c >&5
configure:7832: $? = 0
configure:7854: result: yes
configure:7862: checking if x86_64-QNAP-linux-gnu-gcc supports -c -o file.o
configure:7909: result: yes
configure:7942: checking whether the x86_64-QNAP-linux-gnu-gcc linker (x86_64-QNAP-linux-gnu-ld -m elf_x86_64) supports shared libraries
configure:9020: result: yes
configure:9057: checking whether -lc should be explicitly linked in
configure:9062: x86_64-QNAP-linux-gnu-gcc -c -g -O2 -I/root/daily_build/64_01/4.4.1/LinkFS/include -I/root/daily_build/64_01/4.4.1/LinkFS/usr/include conftest.c >&5
configure:9065: $? = 0
configure:9080: x86_64-QNAP-linux-gnu-gcc -shared conftest.o  -v -Wl,-soname -Wl,conftest -o conftest 2\>\&1 \| /bin/grep  -lc  \>/dev/null 2\>\&1
configure:9083: $? = 0
configure:9095: result: no
configure:9259: checking dynamic linker characteristics
configure:9702: x86_64-QNAP-linux-gnu-gcc -o conftest -g -O2 -I/root/daily_build/64_01/4.4.1/LinkFS/include -I/root/daily_build/64_01/4.4.1/LinkFS/usr/include -L/root/daily_build/64_01/4.4.1/LinkFS/usr/lib -L/root/daily_build/64_01/4.4.1/LinkFS/lib -liconv -Wl,-rpath -Wl,/foo conftest.c  >&5
configure:9709: $? = 0
configure:9954: result: GNU/Linux ld.so
configure:10056: checking how to hardcode library paths into programs
configure:10081: result: immediate
configure:10914: checking whether stripping libraries is possible
configure:10919: result: yes
configure:10954: checking if libtool supports shared libraries
configure:10956: result: yes
configure:10959: checking whether to build shared libraries
configure:10980: result: yes
configure:10983: checking whether to build static libraries
configure:10987: result: no
configure:11027: checking for gawk
configure:11054: result: gawk
configure:11073: checking for x86_64-QNAP-linux-gnu-gcc
configure:11100: result: x86_64-QNAP-linux-gnu-gcc
configure:11372: checking for C compiler version
configure:11380: x86_64-QNAP-linux-gnu-gcc --version >&5
x86_64-QNAP-linux-gnu-gcc (toolchain config: [gcc-4.9.2 binutils-2.25 glibc-2.21]) 4.9.2
Copyright (C) 2014 Free Software Foundation, Inc.
This is free software; see the source for copying conditions.  There is NO
warranty; not even for MERCHANTABILITY or FITNESS FOR A PARTICULAR PURPOSE.

configure:11384: $? = 0
configure:11391: x86_64-QNAP-linux-gnu-gcc -v >&5
Using built-in specs.
COLLECT_GCC=x86_64-QNAP-linux-gnu-gcc
COLLECT_LTO_WRAPPER=/root/CT/x86_64-QNAP-linux-gnu/cross-tools/bin/../libexec/gcc/x86_64-QNAP-linux-gnu/4.9.2/lto-wrapper
Target: x86_64-QNAP-linux-gnu
Configured with: ../gcc-4.9.2/configure --with-pkgversion='toolchain config: [gcc-4.9.2 binutils-2.25 glibc-2.21]' --prefix=/root/toolchain/docker_deploy/dockerfile/CT_auto_build/CT/x86_64-QNAP-linux-gnu/cross-tools --with-sysroot=/root/toolchain/docker_deploy/dockerfile/CT_auto_build/CT/x86_64-QNAP-linux-gnu/cross-tools/../fs --enable-tls --disable-nls --enable-languages=c,c++ --enable-c99 --enable-__cxa_atexit --enable-shared --enable-long-long --disable-multilib --enable-threads=posix --disable-libgomp --enable-checking=release --build=x86_64-linux-gnu --host=x86_64-linux-gnu --target=x86_64-QNAP-linux-gnu gcc_cv_libc_provides_ssp=yes
Thread model: posix
gcc version 4.9.2 (toolchain config: [gcc-4.9.2 binutils-2.25 glibc-2.21]) 
configure:11395: $? = 0
configure:11402: x86_64-QNAP-linux-gnu-gcc -V >&5
x86_64-QNAP-linux-gnu-gcc: error: unrecognized command line option '-V'
x86_64-QNAP-linux-gnu-gcc: fatal error: no input files
compilation terminated.
configure:11406: $? = 1
configure:11409: checking whether we are using the GNU C compiler
configure:11462: result: yes
configure:11471: checking whether x86_64-QNAP-linux-gnu-gcc accepts -g
configure:11609: result: yes
configure:11626: checking for x86_64-QNAP-linux-gnu-gcc option to accept ISO C89
configure:11730: result: none needed
configure:11750: checking dependency style of x86_64-QNAP-linux-gnu-gcc
configure:11841: result: gcc3
configure:11861: checking how to run the C preprocessor
configure:11979: result: x86_64-QNAP-linux-gnu-gcc -E
configure:12008: x86_64-QNAP-linux-gnu-gcc -E -I/root/daily_build/64_01/4.4.1/LinkFS/include -I/root/daily_build/64_01/4.4.1/LinkFS/usr/include conftest.c
configure:12015: $? = 0
configure:12046: x86_64-QNAP-linux-gnu-gcc -E -I/root/daily_build/64_01/4.4.1/LinkFS/include -I/root/daily_build/64_01/4.4.1/LinkFS/usr/include conftest.c
conftest.c:22:28: fatal error: ac_nonexistent.h: No such file or directory
 #include <ac_nonexistent.h>
                            ^
compilation terminated.
configure:12053: $? = 1
configure: failed program was:
| /* confdefs.h.  */
| #define PACKAGE_NAME ""
| #define PACKAGE_TARNAME ""
| #define PACKAGE_VERSION ""
| #define PACKAGE_STRING ""
| #define PACKAGE_BUGREPORT ""
| #define PACKAGE "xmlrpc"
| #define VERSION "0.54.1"
| #define STDC_HEADERS 1
| #define HAVE_SYS_TYPES_H 1
| #define HAVE_SYS_STAT_H 1
| #define HAVE_STDLIB_H 1
| #define HAVE_STRING_H 1
| #define HAVE_MEMORY_H 1
| #define HAVE_STRINGS_H 1
| #define HAVE_INTTYPES_H 1
| #define HAVE_STDINT_H 1
| #define HAVE_UNISTD_H 1
| #define HAVE_DLFCN_H 1
| #define LT_OBJDIR ".libs/"
| /* end confdefs.h.  */
| #include <ac_nonexistent.h>
configure:12204: checking for C++ compiler version
configure:12212: x86_64-QNAP-linux-gnu-g++ --version >&5
x86_64-QNAP-linux-gnu-g++ (toolchain config: [gcc-4.9.2 binutils-2.25 glibc-2.21]) 4.9.2
Copyright (C) 2014 Free Software Foundation, Inc.
This is free software; see the source for copying conditions.  There is NO
warranty; not even for MERCHANTABILITY or FITNESS FOR A PARTICULAR PURPOSE.

configure:12216: $? = 0
configure:12223: x86_64-QNAP-linux-gnu-g++ -v >&5
Using built-in specs.
COLLECT_GCC=x86_64-QNAP-linux-gnu-g++
COLLECT_LTO_WRAPPER=/root/CT/x86_64-QNAP-linux-gnu/cross-tools/bin/../libexec/gcc/x86_64-QNAP-linux-gnu/4.9.2/lto-wrapper
Target: x86_64-QNAP-linux-gnu
Configured with: ../gcc-4.9.2/configure --with-pkgversion='toolchain config: [gcc-4.9.2 binutils-2.25 glibc-2.21]' --prefix=/root/toolchain/docker_deploy/dockerfile/CT_auto_build/CT/x86_64-QNAP-linux-gnu/cross-tools --with-sysroot=/root/toolchain/docker_deploy/dockerfile/CT_auto_build/CT/x86_64-QNAP-linux-gnu/cross-tools/../fs --enable-tls --disable-nls --enable-languages=c,c++ --enable-c99 --enable-__cxa_atexit --enable-shared --enable-long-long --disable-multilib --enable-threads=posix --disable-libgomp --enable-checking=release --build=x86_64-linux-gnu --host=x86_64-linux-gnu --target=x86_64-QNAP-linux-gnu gcc_cv_libc_provides_ssp=yes
Thread model: posix
gcc version 4.9.2 (toolchain config: [gcc-4.9.2 binutils-2.25 glibc-2.21]) 
configure:12227: $? = 0
configure:12234: x86_64-QNAP-linux-gnu-g++ -V >&5
x86_64-QNAP-linux-gnu-g++: error: unrecognized command line option '-V'
x86_64-QNAP-linux-gnu-g++: fatal error: no input files
compilation terminated.
configure:12238: $? = 1
configure:12241: checking whether we are using the GNU C++ compiler
configure:12270: x86_64-QNAP-linux-gnu-g++ -c  -I/root/daily_build/64_01/4.4.1/LinkFS/include -I/root/daily_build/64_01/4.4.1/LinkFS/usr/include conftest.cpp >&5
configure:12277: $? = 0
configure:12294: result: yes
configure:12303: checking whether x86_64-QNAP-linux-gnu-g++ accepts -g
configure:12333: x86_64-QNAP-linux-gnu-g++ -c -g -I/root/daily_build/64_01/4.4.1/LinkFS/include -I/root/daily_build/64_01/4.4.1/LinkFS/usr/include conftest.cpp >&5
configure:12340: $? = 0
configure:12441: result: yes
configure:12466: checking dependency style of x86_64-QNAP-linux-gnu-g++
configure:12557: result: gcc3
configure:12685: checking for C++ compiler version
configure:12693: x86_64-QNAP-linux-gnu-g++ --version >&5
x86_64-QNAP-linux-gnu-g++ (toolchain config: [gcc-4.9.2 binutils-2.25 glibc-2.21]) 4.9.2
Copyright (C) 2014 Free Software Foundation, Inc.
This is free software; see the source for copying conditions.  There is NO
warranty; not even for MERCHANTABILITY or FITNESS FOR A PARTICULAR PURPOSE.

configure:12697: $? = 0
configure:12704: x86_64-QNAP-linux-gnu-g++ -v >&5
Using built-in specs.
COLLECT_GCC=x86_64-QNAP-linux-gnu-g++
COLLECT_LTO_WRAPPER=/root/CT/x86_64-QNAP-linux-gnu/cross-tools/bin/../libexec/gcc/x86_64-QNAP-linux-gnu/4.9.2/lto-wrapper
Target: x86_64-QNAP-linux-gnu
Configured with: ../gcc-4.9.2/configure --with-pkgversion='toolchain config: [gcc-4.9.2 binutils-2.25 glibc-2.21]' --prefix=/root/toolchain/docker_deploy/dockerfile/CT_auto_build/CT/x86_64-QNAP-linux-gnu/cross-tools --with-sysroot=/root/toolchain/docker_deploy/dockerfile/CT_auto_build/CT/x86_64-QNAP-linux-gnu/cross-tools/../fs --enable-tls --disable-nls --enable-languages=c,c++ --enable-c99 --enable-__cxa_atexit --enable-shared --enable-long-long --disable-multilib --enable-threads=posix --disable-libgomp --enable-checking=release --build=x86_64-linux-gnu --host=x86_64-linux-gnu --target=x86_64-QNAP-linux-gnu gcc_cv_libc_provides_ssp=yes
Thread model: posix
gcc version 4.9.2 (toolchain config: [gcc-4.9.2 binutils-2.25 glibc-2.21]) 
configure:12708: $? = 0
configure:12715: x86_64-QNAP-linux-gnu-g++ -V >&5
x86_64-QNAP-linux-gnu-g++: error: unrecognized command line option '-V'
x86_64-QNAP-linux-gnu-g++: fatal error: no input files
compilation terminated.
configure:12719: $? = 1
configure:12722: checking whether we are using the GNU C++ compiler
configure:12775: result: yes
configure:12784: checking whether x86_64-QNAP-linux-gnu-g++ accepts -g
configure:12922: result: yes
configure:12947: checking dependency style of x86_64-QNAP-linux-gnu-g++
configure:13038: result: gcc3
configure:13061: checking how to run the C++ preprocessor
configure:13097: x86_64-QNAP-linux-gnu-g++ -E -I/root/daily_build/64_01/4.4.1/LinkFS/include -I/root/daily_build/64_01/4.4.1/LinkFS/usr/include conftest.cpp
configure:13104: $? = 0
configure:13135: x86_64-QNAP-linux-gnu-g++ -E -I/root/daily_build/64_01/4.4.1/LinkFS/include -I/root/daily_build/64_01/4.4.1/LinkFS/usr/include conftest.cpp
conftest.cpp:22:28: fatal error: ac_nonexistent.h: No such file or directory
 #include <ac_nonexistent.h>
                            ^
compilation terminated.
configure:13142: $? = 1
configure: failed program was:
| /* confdefs.h.  */
| #define PACKAGE_NAME ""
| #define PACKAGE_TARNAME ""
| #define PACKAGE_VERSION ""
| #define PACKAGE_STRING ""
| #define PACKAGE_BUGREPORT ""
| #define PACKAGE "xmlrpc"
| #define VERSION "0.54.1"
| #define STDC_HEADERS 1
| #define HAVE_SYS_TYPES_H 1
| #define HAVE_SYS_STAT_H 1
| #define HAVE_STDLIB_H 1
| #define HAVE_STRING_H 1
| #define HAVE_MEMORY_H 1
| #define HAVE_STRINGS_H 1
| #define HAVE_INTTYPES_H 1
| #define HAVE_STDINT_H 1
| #define HAVE_UNISTD_H 1
| #define HAVE_DLFCN_H 1
| #define LT_OBJDIR ".libs/"
| /* end confdefs.h.  */
| #include <ac_nonexistent.h>
configure:13175: result: x86_64-QNAP-linux-gnu-g++ -E
configure:13204: x86_64-QNAP-linux-gnu-g++ -E -I/root/daily_build/64_01/4.4.1/LinkFS/include -I/root/daily_build/64_01/4.4.1/LinkFS/usr/include conftest.cpp
configure:13211: $? = 0
configure:13242: x86_64-QNAP-linux-gnu-g++ -E -I/root/daily_build/64_01/4.4.1/LinkFS/include -I/root/daily_build/64_01/4.4.1/LinkFS/usr/include conftest.cpp
conftest.cpp:22:28: fatal error: ac_nonexistent.h: No such file or directory
 #include <ac_nonexistent.h>
                            ^
compilation terminated.
configure:13249: $? = 1
configure: failed program was:
| /* confdefs.h.  */
| #define PACKAGE_NAME ""
| #define PACKAGE_TARNAME ""
| #define PACKAGE_VERSION ""
| #define PACKAGE_STRING ""
| #define PACKAGE_BUGREPORT ""
| #define PACKAGE "xmlrpc"
| #define VERSION "0.54.1"
| #define STDC_HEADERS 1
| #define HAVE_SYS_TYPES_H 1
| #define HAVE_SYS_STAT_H 1
| #define HAVE_STDLIB_H 1
| #define HAVE_STRING_H 1
| #define HAVE_MEMORY_H 1
| #define HAVE_STRINGS_H 1
| #define HAVE_INTTYPES_H 1
| #define HAVE_STDINT_H 1
| #define HAVE_UNISTD_H 1
| #define HAVE_DLFCN_H 1
| #define LT_OBJDIR ".libs/"
| /* end confdefs.h.  */
| #include <ac_nonexistent.h>
configure:13425: checking for ld used by x86_64-QNAP-linux-gnu-g++
configure:13492: result: x86_64-QNAP-linux-gnu-ld -m elf_x86_64
configure:13501: checking if the linker (x86_64-QNAP-linux-gnu-ld -m elf_x86_64) is GNU ld
configure:13516: result: yes
configure:13571: checking whether the x86_64-QNAP-linux-gnu-g++ linker (x86_64-QNAP-linux-gnu-ld -m elf_x86_64) supports shared libraries
configure:14546: result: yes
configure:14574: x86_64-QNAP-linux-gnu-g++ -c -g -O2 -I/root/daily_build/64_01/4.4.1/LinkFS/include -I/root/daily_build/64_01/4.4.1/LinkFS/usr/include conftest.cpp >&5
configure:14577: $? = 0
configure:14759: checking for x86_64-QNAP-linux-gnu-g++ option to produce PIC
configure:15076: result: -fPIC -DPIC
configure:15085: checking if x86_64-QNAP-linux-gnu-g++ PIC flag -fPIC -DPIC works
configure:15103: x86_64-QNAP-linux-gnu-g++ -c -g -O2 -I/root/daily_build/64_01/4.4.1/LinkFS/include -I/root/daily_build/64_01/4.4.1/LinkFS/usr/include -fPIC -DPIC -DPIC conftest.cpp >&5
configure:15107: $? = 0
configure:15120: result: yes
configure:15141: checking if x86_64-QNAP-linux-gnu-g++ static flag -static works
configure:15169: result: no
configure:15181: checking if x86_64-QNAP-linux-gnu-g++ supports -c -o file.o
configure:15202: x86_64-QNAP-linux-gnu-g++ -c -g -O2 -I/root/daily_build/64_01/4.4.1/LinkFS/include -I/root/daily_build/64_01/4.4.1/LinkFS/usr/include -o out/conftest2.o conftest.cpp >&5
configure:15206: $? = 0
configure:15228: result: yes
configure:15233: checking if x86_64-QNAP-linux-gnu-g++ supports -c -o file.o
configure:15280: result: yes
configure:15310: checking whether the x86_64-QNAP-linux-gnu-g++ linker (x86_64-QNAP-linux-gnu-ld -m elf_x86_64) supports shared libraries
configure:15339: result: yes
configure:15476: checking dynamic linker characteristics
configure:15867: x86_64-QNAP-linux-gnu-g++ -o conftest -g -O2 -I/root/daily_build/64_01/4.4.1/LinkFS/include -I/root/daily_build/64_01/4.4.1/LinkFS/usr/include -L/root/daily_build/64_01/4.4.1/LinkFS/usr/lib -L/root/daily_build/64_01/4.4.1/LinkFS/lib -liconv -Wl,-rpath -Wl,/foo conftest.cpp  >&5
configure:15874: $? = 0
configure:16119: result: GNU/Linux ld.so
configure:16170: checking how to hardcode library paths into programs
configure:16195: result: immediate
configure:16248: checking for a BSD-compatible install
configure:16316: result: /usr/bin/install -c
configure:16327: checking whether ln -s works
configure:16331: result: yes
configure:16338: checking whether make sets $(MAKE)
configure:16360: result: yes
configure:16400: checking expat.h usability
configure:16417: x86_64-QNAP-linux-gnu-gcc -c -g -O2 -I/root/daily_build/64_01/4.4.1/LinkFS/include -I/root/daily_build/64_01/4.4.1/LinkFS/usr/include conftest.c >&5
configure:16424: $? = 0
configure:16438: result: yes
configure:16442: checking expat.h presence
configure:16457: x86_64-QNAP-linux-gnu-gcc -E -I/root/daily_build/64_01/4.4.1/LinkFS/include -I/root/daily_build/64_01/4.4.1/LinkFS/usr/include conftest.c
configure:16464: $? = 0
configure:16478: result: yes
configure:16506: checking for expat.h
configure:16515: result: yes
configure:16535: checking for XML_ParserCreate in -lexpat
configure:16570: x86_64-QNAP-linux-gnu-gcc -o conftest -g -O2 -I/root/daily_build/64_01/4.4.1/LinkFS/include -I/root/daily_build/64_01/4.4.1/LinkFS/usr/include -L/root/daily_build/64_01/4.4.1/LinkFS/usr/lib -L/root/daily_build/64_01/4.4.1/LinkFS/lib -liconv conftest.c -lexpat -liconv  >&5
configure:16577: $? = 0
configure:16598: result: yes
configure:16614: checking for ANSI C header files
configure:16782: result: yes
configure:16810: checking fcntl.h usability
configure:16827: x86_64-QNAP-linux-gnu-gcc -c -g -O2 -I/root/daily_build/64_01/4.4.1/LinkFS/include -I/root/daily_build/64_01/4.4.1/LinkFS/usr/include conftest.c >&5
configure:16834: $? = 0
configure:16848: result: yes
configure:16852: checking fcntl.h presence
configure:16867: x86_64-QNAP-linux-gnu-gcc -E -I/root/daily_build/64_01/4.4.1/LinkFS/include -I/root/daily_build/64_01/4.4.1/LinkFS/usr/include conftest.c
configure:16874: $? = 0
configure:16888: result: yes
configure:16916: checking for fcntl.h
configure:16925: result: yes
configure:16810: checking malloc.h usability
configure:16827: x86_64-QNAP-linux-gnu-gcc -c -g -O2 -I/root/daily_build/64_01/4.4.1/LinkFS/include -I/root/daily_build/64_01/4.4.1/LinkFS/usr/include conftest.c >&5
configure:16834: $? = 0
configure:16848: result: yes
configure:16852: checking malloc.h presence
configure:16867: x86_64-QNAP-linux-gnu-gcc -E -I/root/daily_build/64_01/4.4.1/LinkFS/include -I/root/daily_build/64_01/4.4.1/LinkFS/usr/include conftest.c
configure:16874: $? = 0
configure:16888: result: yes
configure:16916: checking for malloc.h
configure:16925: result: yes
configure:16799: checking for unistd.h
configure:16806: result: yes
configure:16950: checking iconv.h usability
configure:16967: x86_64-QNAP-linux-gnu-gcc -c -g -O2 -I/root/daily_build/64_01/4.4.1/LinkFS/include -I/root/daily_build/64_01/4.4.1/LinkFS/usr/include conftest.c >&5
configure:16974: $? = 0
configure:16988: result: yes
configure:16992: checking iconv.h presence
configure:17007: x86_64-QNAP-linux-gnu-gcc -E -I/root/daily_build/64_01/4.4.1/LinkFS/include -I/root/daily_build/64_01/4.4.1/LinkFS/usr/include conftest.c
configure:17014: $? = 0
configure:17028: result: yes
configure:17056: checking for iconv.h
configure:17063: result: yes
configure:17077: checking for an ANSI C-conforming const
configure:17152: x86_64-QNAP-linux-gnu-gcc -c -g -O2 -I/root/daily_build/64_01/4.4.1/LinkFS/include -I/root/daily_build/64_01/4.4.1/LinkFS/usr/include conftest.c >&5
configure:17159: $? = 0
configure:17174: result: yes
configure:17184: checking for off_t
configure:17212: x86_64-QNAP-linux-gnu-gcc -c -g -O2 -I/root/daily_build/64_01/4.4.1/LinkFS/include -I/root/daily_build/64_01/4.4.1/LinkFS/usr/include conftest.c >&5
configure:17219: $? = 0
configure:17246: x86_64-QNAP-linux-gnu-gcc -c -g -O2 -I/root/daily_build/64_01/4.4.1/LinkFS/include -I/root/daily_build/64_01/4.4.1/LinkFS/usr/include conftest.c >&5
conftest.c: In function 'main':
conftest.c:64:20: error: expected expression before ')' token
 if (sizeof ((off_t)))
                    ^
configure:17253: $? = 1
configure: failed program was:
| /* confdefs.h.  */
| #define PACKAGE_NAME ""
| #define PACKAGE_TARNAME ""
| #define PACKAGE_VERSION ""
| #define PACKAGE_STRING ""
| #define PACKAGE_BUGREPORT ""
| #define PACKAGE "xmlrpc"
| #define VERSION "0.54.1"
| #define STDC_HEADERS 1
| #define HAVE_SYS_TYPES_H 1
| #define HAVE_SYS_STAT_H 1
| #define HAVE_STDLIB_H 1
| #define HAVE_STRING_H 1
| #define HAVE_MEMORY_H 1
| #define HAVE_STRINGS_H 1
| #define HAVE_INTTYPES_H 1
| #define HAVE_STDINT_H 1
| #define HAVE_UNISTD_H 1
| #define HAVE_DLFCN_H 1
| #define LT_OBJDIR ".libs/"
| #define HAVE_EXPAT_H 1
| #define HAVE_LIBEXPAT 1
| #define STDC_HEADERS 1
| #define HAVE_FCNTL_H 1
| #define HAVE_MALLOC_H 1
| #define HAVE_UNISTD_H 1
| /* end confdefs.h.  */
| #include <stdio.h>
| #ifdef HAVE_SYS_TYPES_H
| # include <sys/types.h>
| #endif
| #ifdef HAVE_SYS_STAT_H
| # include <sys/stat.h>
| #endif
| #ifdef STDC_HEADERS
| # include <stdlib.h>
| # include <stddef.h>
| #else
| # ifdef HAVE_STDLIB_H
| #  include <stdlib.h>
| # endif
| #endif
| #ifdef HAVE_STRING_H
| # if !defined STDC_HEADERS && defined HAVE_MEMORY_H
| #  include <memory.h>
| # endif
| # include <string.h>
| #endif
| #ifdef HAVE_STRINGS_H
| # include <strings.h>
| #endif
| #ifdef HAVE_INTTYPES_H
| # include <inttypes.h>
| #endif
| #ifdef HAVE_STDINT_H
| # include <stdint.h>
| #endif
| #ifdef HAVE_UNISTD_H
| # include <unistd.h>
| #endif
| int
| main ()
| {
| if (sizeof ((off_t)))
| 	  return 0;
|   ;
|   return 0;
| }
configure:17276: result: yes
configure:17288: checking for size_t
configure:17316: x86_64-QNAP-linux-gnu-gcc -c -g -O2 -I/root/daily_build/64_01/4.4.1/LinkFS/include -I/root/daily_build/64_01/4.4.1/LinkFS/usr/include conftest.c >&5
configure:17323: $? = 0
configure:17350: x86_64-QNAP-linux-gnu-gcc -c -g -O2 -I/root/daily_build/64_01/4.4.1/LinkFS/include -I/root/daily_build/64_01/4.4.1/LinkFS/usr/include conftest.c >&5
conftest.c: In function 'main':
conftest.c:64:21: error: expected expression before ')' token
 if (sizeof ((size_t)))
                     ^
configure:17357: $? = 1
configure: failed program was:
| /* confdefs.h.  */
| #define PACKAGE_NAME ""
| #define PACKAGE_TARNAME ""
| #define PACKAGE_VERSION ""
| #define PACKAGE_STRING ""
| #define PACKAGE_BUGREPORT ""
| #define PACKAGE "xmlrpc"
| #define VERSION "0.54.1"
| #define STDC_HEADERS 1
| #define HAVE_SYS_TYPES_H 1
| #define HAVE_SYS_STAT_H 1
| #define HAVE_STDLIB_H 1
| #define HAVE_STRING_H 1
| #define HAVE_MEMORY_H 1
| #define HAVE_STRINGS_H 1
| #define HAVE_INTTYPES_H 1
| #define HAVE_STDINT_H 1
| #define HAVE_UNISTD_H 1
| #define HAVE_DLFCN_H 1
| #define LT_OBJDIR ".libs/"
| #define HAVE_EXPAT_H 1
| #define HAVE_LIBEXPAT 1
| #define STDC_HEADERS 1
| #define HAVE_FCNTL_H 1
| #define HAVE_MALLOC_H 1
| #define HAVE_UNISTD_H 1
| /* end confdefs.h.  */
| #include <stdio.h>
| #ifdef HAVE_SYS_TYPES_H
| # include <sys/types.h>
| #endif
| #ifdef HAVE_SYS_STAT_H
| # include <sys/stat.h>
| #endif
| #ifdef STDC_HEADERS
| # include <stdlib.h>
| # include <stddef.h>
| #else
| # ifdef HAVE_STDLIB_H
| #  include <stdlib.h>
| # endif
| #endif
| #ifdef HAVE_STRING_H
| # if !defined STDC_HEADERS && defined HAVE_MEMORY_H
| #  include <memory.h>
| # endif
| # include <string.h>
| #endif
| #ifdef HAVE_STRINGS_H
| # include <strings.h>
| #endif
| #ifdef HAVE_INTTYPES_H
| # include <inttypes.h>
| #endif
| #ifdef HAVE_STDINT_H
| # include <stdint.h>
| #endif
| #ifdef HAVE_UNISTD_H
| # include <unistd.h>
| #endif
| int
| main ()
| {
| if (sizeof ((size_t)))
| 	  return 0;
|   ;
|   return 0;
| }
configure:17380: result: yes
configure:17392: checking whether struct tm is in sys/time.h or time.h
configure:17422: x86_64-QNAP-linux-gnu-gcc -c -g -O2 -I/root/daily_build/64_01/4.4.1/LinkFS/include -I/root/daily_build/64_01/4.4.1/LinkFS/usr/include conftest.c >&5
configure:17429: $? = 0
configure:17444: result: time.h
configure:17455: checking for working memcmp
configure:17539: result: no
configure:17554: checking for stdlib.h
configure:17561: result: yes
configure:17554: checking for unistd.h
configure:17561: result: yes
configure:17699: checking for getpagesize
configure:17755: x86_64-QNAP-linux-gnu-gcc -o conftest -g -O2 -I/root/daily_build/64_01/4.4.1/LinkFS/include -I/root/daily_build/64_01/4.4.1/LinkFS/usr/include -L/root/daily_build/64_01/4.4.1/LinkFS/usr/lib -L/root/daily_build/64_01/4.4.1/LinkFS/lib -liconv conftest.c -lexpat -liconv  >&5
configure:17762: $? = 0
configure:17784: result: yes
configure:17796: checking for working mmap
configure:17974: result: no
configure:17996: checking for strftime
configure:18052: x86_64-QNAP-linux-gnu-gcc -o conftest -g -O2 -I/root/daily_build/64_01/4.4.1/LinkFS/include -I/root/daily_build/64_01/4.4.1/LinkFS/usr/include -L/root/daily_build/64_01/4.4.1/LinkFS/usr/lib -L/root/daily_build/64_01/4.4.1/LinkFS/lib -liconv conftest.c -lexpat -liconv  >&5
conftest.c:54:6: warning: conflicting types for built-in function 'strftime'
 char strftime ();
      ^
configure:18059: $? = 0
configure:18081: result: yes
configure:18174: checking for mktime
configure:18230: x86_64-QNAP-linux-gnu-gcc -o conftest -g -O2 -I/root/daily_build/64_01/4.4.1/LinkFS/include -I/root/daily_build/64_01/4.4.1/LinkFS/usr/include -L/root/daily_build/64_01/4.4.1/LinkFS/usr/lib -L/root/daily_build/64_01/4.4.1/LinkFS/lib -liconv conftest.c -lexpat -liconv  >&5
configure:18237: $? = 0
configure:18259: result: yes
configure:18174: checking for strstr
configure:18230: x86_64-QNAP-linux-gnu-gcc -o conftest -g -O2 -I/root/daily_build/64_01/4.4.1/LinkFS/include -I/root/daily_build/64_01/4.4.1/LinkFS/usr/include -L/root/daily_build/64_01/4.4.1/LinkFS/usr/lib -L/root/daily_build/64_01/4.4.1/LinkFS/lib -liconv conftest.c -lexpat -liconv  >&5
conftest.c:56:6: warning: conflicting types for built-in function 'strstr'
 char strstr ();
      ^
configure:18237: $? = 0
configure:18259: result: yes
configure:18445: creating ./config.status

## ---------------------- ##
## Running config.status. ##
## ---------------------- ##

This file was extended by config.status, which was
generated by GNU Autoconf 2.63.  Invocation command line was

  CONFIG_FILES    = 
  CONFIG_HEADERS  = 
  CONFIG_LINKS    = 
  CONFIG_COMMANDS = 
  $ ./config.status 

on U16BuildServer115

config.status:903: executing depfiles commands
config.status:903: executing libtool commands
configure:20467: WARNING: unrecognized options: --disable-nls
configure:20646: creating ./config.status

## ---------------------- ##
## Running config.status. ##
## ---------------------- ##

This file was extended by config.status, which was
generated by GNU Autoconf 2.63.  Invocation command line was

  CONFIG_FILES    = 
  CONFIG_HEADERS  = 
  CONFIG_LINKS    = 
  CONFIG_COMMANDS = 
  $ ./config.status 

on U16BuildServer115

config.status:968: creating src/Makefile
config.status:968: creating Makefile
config.status:968: creating sample/Makefile
config.status:1179: executing depfiles commands
config.status:1179: executing libtool commands
configure:22935: WARNING: unrecognized options: --disable-nls

## ---------------- ##
## Cache variables. ##
## ---------------- ##

ac_cv_build=x86_64-pc-linux-gnu
ac_cv_c_compiler_gnu=yes
ac_cv_c_const=yes
ac_cv_cxx_compiler_gnu=yes
ac_cv_env_CCC_set=
ac_cv_env_CCC_value=
ac_cv_env_CC_set=set
ac_cv_env_CC_value=x86_64-QNAP-linux-gnu-gcc
ac_cv_env_CFLAGS_set=
ac_cv_env_CFLAGS_value=
ac_cv_env_CPPFLAGS_set=set
ac_cv_env_CPPFLAGS_value='-I/root/daily_build/64_01/4.4.1/LinkFS/include -I/root/daily_build/64_01/4.4.1/LinkFS/usr/include'
ac_cv_env_CPP_set=
ac_cv_env_CPP_value=
ac_cv_env_CXXCPP_set=
ac_cv_env_CXXCPP_value=
ac_cv_env_CXXFLAGS_set=
ac_cv_env_CXXFLAGS_value=
ac_cv_env_CXX_set=set
ac_cv_env_CXX_value=x86_64-QNAP-linux-gnu-g++
ac_cv_env_LDFLAGS_set=set
ac_cv_env_LDFLAGS_value='-L/root/daily_build/64_01/4.4.1/LinkFS/usr/lib -L/root/daily_build/64_01/4.4.1/LinkFS/lib -liconv'
ac_cv_env_LIBS_set=
ac_cv_env_LIBS_value=
ac_cv_env_build_alias_set=set
ac_cv_env_build_alias_value=x86_64-linux
ac_cv_env_host_alias_set=set
ac_cv_env_host_alias_value=x86_64-QNAP-linux-gnu
ac_cv_env_target_alias_set=
ac_cv_env_target_alias_value=
ac_cv_func_getpagesize=yes
ac_cv_func_memcmp_working=no
ac_cv_func_mktime=yes
ac_cv_func_mmap_fixed_mapped=no
ac_cv_func_setvbuf_reversed=no
ac_cv_func_strftime=yes
ac_cv_func_strstr=yes
ac_cv_header_dlfcn_h=yes
ac_cv_header_expat_h=yes
ac_cv_header_fcntl_h=yes
ac_cv_header_iconv_h=yes
ac_cv_header_inttypes_h=yes
ac_cv_header_malloc_h=yes
ac_cv_header_memory_h=yes
ac_cv_header_stdc=yes
ac_cv_header_stdint_h=yes
ac_cv_header_stdlib_h=yes
ac_cv_header_string_h=yes
ac_cv_header_strings_h=yes
ac_cv_header_sys_stat_h=yes
ac_cv_header_sys_types_h=yes
ac_cv_header_unistd_h=yes
ac_cv_host=x86_64-QNAP-linux-gnu
ac_cv_lib_expat_XML_ParserCreate=yes
ac_cv_objext=o
ac_cv_path_EGREP='/bin/grep -E'
ac_cv_path_FGREP='/bin/grep -F'
ac_cv_path_GREP=/bin/grep
ac_cv_path_SED=/bin/sed
ac_cv_path_install='/usr/bin/install -c'
ac_cv_path_mkdir=/bin/mkdir
ac_cv_prog_AR=x86_64-QNAP-linux-gnu-ar
ac_cv_prog_AWK=gawk
ac_cv_prog_CC=x86_64-QNAP-linux-gnu-gcc
ac_cv_prog_CPP='x86_64-QNAP-linux-gnu-gcc -E'
ac_cv_prog_CXXCPP='x86_64-QNAP-linux-gnu-g++ -E'
ac_cv_prog_OBJDUMP=x86_64-QNAP-linux-gnu-objdump
ac_cv_prog_RANLIB=x86_64-QNAP-linux-gnu-ranlib
ac_cv_prog_STRIP=x86_64-QNAP-linux-gnu-strip
ac_cv_prog_cc_c89=
ac_cv_prog_cc_g=yes
ac_cv_prog_cxx_g=yes
ac_cv_prog_make_make_set=yes
ac_cv_struct_tm=time.h
ac_cv_type_off_t=yes
ac_cv_type_size_t=yes
am_cv_CC_dependencies_compiler_type=gcc3
am_cv_CXX_dependencies_compiler_type=gcc3
lt_cv_deplibs_check_method=pass_all
lt_cv_file_magic_cmd='$MAGIC_CMD'
lt_cv_file_magic_test_file=
lt_cv_ld_reload_flag=-r
lt_cv_nm_interface='BSD nm'
lt_cv_objdir=.libs
lt_cv_path_LD=x86_64-QNAP-linux-gnu-ld
lt_cv_path_LDCXX='x86_64-QNAP-linux-gnu-ld -m elf_x86_64'
lt_cv_path_NM='/root/CT/x86_64-QNAP-linux-gnu/cross-tools/bin/x86_64-QNAP-linux-gnu-nm -B'
lt_cv_prog_compiler_c_o=yes
lt_cv_prog_compiler_c_o_CXX=yes
lt_cv_prog_compiler_pic_works=yes
lt_cv_prog_compiler_pic_works_CXX=yes
lt_cv_prog_compiler_rtti_exceptions=no
lt_cv_prog_compiler_static_works=no
lt_cv_prog_compiler_static_works_CXX=no
lt_cv_prog_gnu_ld=yes
lt_cv_prog_gnu_ldcxx=yes
lt_cv_sys_global_symbol_pipe='sed -n -e '\''s/^.*[	 ]\([ABCDGIRSTW][ABCDGIRSTW]*\)[	 ][	 ]*\([_A-Za-z][_A-Za-z0-9]*\)$/\1 \2 \2/p'\'''
lt_cv_sys_global_symbol_to_c_name_address='sed -n -e '\''s/^: \([^ ]*\) $/  {\"\1\", (void *) 0},/p'\'' -e '\''s/^[ABCDGIRSTW]* \([^ ]*\) \([^ ]*\)$/  {"\2", (void *) \&\2},/p'\'''
lt_cv_sys_global_symbol_to_c_name_address_lib_prefix='sed -n -e '\''s/^: \([^ ]*\) $/  {\"\1\", (void *) 0},/p'\'' -e '\''s/^[ABCDGIRSTW]* \([^ ]*\) \(lib[^ ]*\)$/  {"\2", (void *) \&\2},/p'\'' -e '\''s/^[ABCDGIRSTW]* \([^ ]*\) \([^ ]*\)$/  {"lib\2", (void *) \&\2},/p'\'''
lt_cv_sys_global_symbol_to_cdecl='sed -n -e '\''s/^T .* \(.*\)$/extern int \1();/p'\'' -e '\''s/^[ABCDGIRSTW]* .* \(.*\)$/extern char \1;/p'\'''
lt_cv_sys_max_cmd_len=1572864

## ----------------- ##
## Output variables. ##
## ----------------- ##

ACLOCAL='${SHELL} /root/daily_build/64_01/4.4.1/SysLib/xmlrpc/missing --run aclocal-1.10'
AMDEPBACKSLASH='\'
AMDEP_FALSE='#'
AMDEP_TRUE=''
AMTAR='${SHELL} /root/daily_build/64_01/4.4.1/SysLib/xmlrpc/missing --run tar'
AR='x86_64-QNAP-linux-gnu-ar'
AUTOCONF='${SHELL} /root/daily_build/64_01/4.4.1/SysLib/xmlrpc/missing --run autoconf'
AUTOHEADER='${SHELL} /root/daily_build/64_01/4.4.1/SysLib/xmlrpc/missing --run autoheader'
AUTOMAKE='${SHELL} /root/daily_build/64_01/4.4.1/SysLib/xmlrpc/missing --run automake-1.10'
AWK='gawk'
CC='x86_64-QNAP-linux-gnu-gcc'
CCDEPMODE='depmode=gcc3'
CFLAGS='-g -O2'
CPP='x86_64-QNAP-linux-gnu-gcc -E'
CPPFLAGS='-I/root/daily_build/64_01/4.4.1/LinkFS/include -I/root/daily_build/64_01/4.4.1/LinkFS/usr/include'
CXX='x86_64-QNAP-linux-gnu-g++'
CXXCPP='x86_64-QNAP-linux-gnu-g++ -E'
CXXDEPMODE='depmode=gcc3'
CXXFLAGS='-g -O2'
CYGPATH_W='echo'
DEFS='-DPACKAGE_NAME=\"\" -DPACKAGE_TARNAME=\"\" -DPACKAGE_VERSION=\"\" -DPACKAGE_STRING=\"\" -DPACKAGE_BUGREPORT=\"\" -DPACKAGE=\"xmlrpc\" -DVERSION=\"0.54.1\" -DSTDC_HEADERS=1 -DHAVE_SYS_TYPES_H=1 -DHAVE_SYS_STAT_H=1 -DHAVE_STDLIB_H=1 -DHAVE_STRING_H=1 -DHAVE_MEMORY_H=1 -DHAVE_STRINGS_H=1 -DHAVE_INTTYPES_H=1 -DHAVE_STDINT_H=1 -DHAVE_UNISTD_H=1 -DHAVE_DLFCN_H=1 -DLT_OBJDIR=\".libs/\" -DHAVE_EXPAT_H=1 -DHAVE_LIBEXPAT=1 -DSTDC_HEADERS=1 -DHAVE_FCNTL_H=1 -DHAVE_MALLOC_H=1 -DHAVE_UNISTD_H=1 -DHAVE_STDLIB_H=1 -DHAVE_UNISTD_H=1 -DHAVE_GETPAGESIZE=1 -DHAVE_STRFTIME=1 -DHAVE_MKTIME=1 -DHAVE_STRSTR=1'
DEPDIR='.deps'
DSYMUTIL=''
DUMPBIN=''
ECHO_C=''
ECHO_N='-n'
ECHO_T=''
EGREP='/bin/grep -E'
EXEEXT=''
FGREP='/bin/grep -F'
GREP='/bin/grep'
INSTALL_DATA='${INSTALL} -m 644'
INSTALL_PROGRAM='${INSTALL}'
INSTALL_SCRIPT='${INSTALL}'
INSTALL_STRIP_PROGRAM='$(install_sh) -c -s'
LD='x86_64-QNAP-linux-gnu-ld -m elf_x86_64'
LDFLAGS='-L/root/daily_build/64_01/4.4.1/LinkFS/usr/lib -L/root/daily_build/64_01/4.4.1/LinkFS/lib -liconv'
LIBOBJS=' ${LIBOBJDIR}${LIBOBJDIR}memcmp$U.o'
LIBS='-lexpat -liconv '
LIBTOOL='$(SHELL) $(top_builddir)/libtool'
LIPO=''
LN_S='ln -s'
LTLIBOBJS=' ${LIBOBJDIR}${LIBOBJDIR}memcmp$U.lo'
MAKEINFO='${SHELL} /root/daily_build/64_01/4.4.1/SysLib/xmlrpc/missing --run makeinfo'
MKDIR_P='/bin/mkdir -p'
NM='/root/CT/x86_64-QNAP-linux-gnu/cross-tools/bin/x86_64-QNAP-linux-gnu-nm -B'
NMEDIT=''
OBJDUMP='x86_64-QNAP-linux-gnu-objdump'
OBJEXT='o'
OTOOL64=''
OTOOL=''
PACKAGE='xmlrpc'
PACKAGE_BUGREPORT=''
PACKAGE_NAME=''
PACKAGE_STRING=''
PACKAGE_TARNAME=''
PACKAGE_VERSION=''
PATH_SEPARATOR=':'
RANLIB='x86_64-QNAP-linux-gnu-ranlib'
SED='/bin/sed'
SET_MAKE=''
SHELL='/bin/bash'
STRIP='x86_64-QNAP-linux-gnu-strip'
VERSION='0.54.1'
ac_ct_CC=''
ac_ct_CXX=''
ac_ct_DUMPBIN=''
am__fastdepCC_FALSE='#'
am__fastdepCC_TRUE=''
am__fastdepCXX_FALSE='#'
am__fastdepCXX_TRUE=''
am__include='include'
am__isrc=''
am__leading_dot='.'
am__quote=''
am__tar='${AMTAR} chof - "$$tardir"'
am__untar='${AMTAR} xf -'
bindir='${exec_prefix}/bin'
build='x86_64-pc-linux-gnu'
build_alias='x86_64-linux'
build_cpu='x86_64'
build_os='linux-gnu'
build_vendor='pc'
datadir='${datarootdir}'
datarootdir='${prefix}/share'
docdir='${datarootdir}/doc/${PACKAGE}'
dvidir='${docdir}'
exec_prefix='${prefix}'
host='x86_64-QNAP-linux-gnu'
host_alias='x86_64-QNAP-linux-gnu'
host_cpu='x86_64'
host_os='linux-gnu'
host_vendor='QNAP'
htmldir='${docdir}'
includedir='${prefix}/include'
infodir='${datarootdir}/info'
install_sh='$(SHELL) /root/daily_build/64_01/4.4.1/SysLib/xmlrpc/install-sh'
libdir='${exec_prefix}/lib'
libexecdir='${exec_prefix}/libexec'
localedir='${datarootdir}/locale'
localstatedir='${prefix}/var'
lt_ECHO='echo'
mandir='${datarootdir}/man'
mkdir_p='/bin/mkdir -p'
oldincludedir='/usr/include'
pdfdir='${docdir}'
prefix=''
program_transform_name='s,x,x,'
psdir='${docdir}'
sbindir='${exec_prefix}/sbin'
sharedstatedir='${prefix}/com'
sysconfdir='${prefix}/etc'
target_alias=''

## ----------- ##
## confdefs.h. ##
## ----------- ##

#define PACKAGE_NAME ""
#define PACKAGE_TARNAME ""
#define PACKAGE_VERSION ""
#define PACKAGE_STRING ""
#define PACKAGE_BUGREPORT ""
#define PACKAGE "xmlrpc"
#define VERSION "0.54.1"
#define STDC_HEADERS 1
#define HAVE_SYS_TYPES_H 1
#define HAVE_SYS_STAT_H 1
#define HAVE_STDLIB_H 1
#define HAVE_STRING_H 1
#define HAVE_MEMORY_H 1
#define HAVE_STRINGS_H 1
#define HAVE_INTTYPES_H 1
#define HAVE_STDINT_H 1
#define HAVE_UNISTD_H 1
#define HAVE_DLFCN_H 1
#define LT_OBJDIR ".libs/"
#define HAVE_EXPAT_H 1
#define HAVE_LIBEXPAT 1
#define STDC_HEADERS 1
#define HAVE_FCNTL_H 1
#define HAVE_MALLOC_H 1
#define HAVE_UNISTD_H 1
#define HAVE_STDLIB_H 1
#define HAVE_UNISTD_H 1
#define HAVE_GETPAGESIZE 1
#define HAVE_STRFTIME 1
#define HAVE_MKTIME 1
#define HAVE_STRSTR 1

configure: exit 0
