This file contains any messages produced by compilers while
running configure, to aid debugging if configure makes a mistake.

It was created by configure, which was
generated by GNU Autoconf 2.62.  Invocation command line was

  $ auto/configure --host=x86_64-QNAP-linux-gnu vim_cv_toupper_broken=no vim_cv_terminfo=yes vim_cv_tty_group=no vim_cv_tty_mode=ptys vim_cv_getcwd_broken=no vim_cv_stat_ignores_slash=no ac_cv_sizeof_int=4 vim_cv_memmove_handles_overlap=yes --with-tlib=ncurses --disable-selinux --disable-darwin --disable-xsmp --disable-xsmp-interact --disable-netbeans --disable-gtktest --disable-acl --disable-gpm --disable-sysmouse --disable-nls --srcdir=. --cache-file=auto/config.cache

## --------- ##
## Platform. ##
## --------- ##

hostname = U16BuildServer115
uname -m = x86_64
uname -r = 4.4.0-21-generic
uname -s = Linux
uname -v = #37-Ubuntu SMP Mon Apr 18 18:33:37 UTC 2016

/usr/bin/uname -p = unknown
/bin/uname -X     = unknown

/bin/arch              = unknown
/usr/bin/arch -k       = unknown
/usr/convex/getsysinfo = unknown
/usr/bin/hostinfo      = unknown
/bin/machine           = unknown
/usr/bin/oslevel       = unknown
/bin/universe          = unknown

PATH: /root/CT/x86_64-QNAP-linux-gnu/cross-tools/bin
PATH: /root/CT/x86_64-QNAP-linux-gnu/cross-tools/bin
PATH: /usr/local/sbin
PATH: /usr/local/bin
PATH: /usr/sbin
PATH: /usr/bin
PATH: /sbin
PATH: /bin


## ----------- ##
## Core tests. ##
## ----------- ##

configure:1867: loading cache auto/config.cache
configure:1968: checking whether make sets $(MAKE)
configure:1990: result: yes
configure:2008: checking for x86_64-QNAP-linux-gnu-gcc
configure:2035: result: x86_64-QNAP-linux-gnu-gcc
configure:2313: checking for C compiler version
configure:2321: x86_64-QNAP-linux-gnu-gcc --version >&5
x86_64-QNAP-linux-gnu-gcc (toolchain config: [gcc-4.9.2 binutils-2.25 glibc-2.21]) 4.9.2
Copyright (C) 2014 Free Software Foundation, Inc.
This is free software; see the source for copying conditions.  There is NO
warranty; not even for MERCHANTABILITY or FITNESS FOR A PARTICULAR PURPOSE.

configure:2325: $? = 0
configure:2332: x86_64-QNAP-linux-gnu-gcc -v >&5
Using built-in specs.
COLLECT_GCC=x86_64-QNAP-linux-gnu-gcc
COLLECT_LTO_WRAPPER=/root/CT/x86_64-QNAP-linux-gnu/cross-tools/bin/../libexec/gcc/x86_64-QNAP-linux-gnu/4.9.2/lto-wrapper
Target: x86_64-QNAP-linux-gnu
Configured with: ../gcc-4.9.2/configure --with-pkgversion='toolchain config: [gcc-4.9.2 binutils-2.25 glibc-2.21]' --prefix=/root/toolchain/docker_deploy/dockerfile/CT_auto_build/CT/x86_64-QNAP-linux-gnu/cross-tools --with-sysroot=/root/toolchain/docker_deploy/dockerfile/CT_auto_build/CT/x86_64-QNAP-linux-gnu/cross-tools/../fs --enable-tls --disable-nls --enable-languages=c,c++ --enable-c99 --enable-__cxa_atexit --enable-shared --enable-long-long --disable-multilib --enable-threads=posix --disable-libgomp --enable-checking=release --build=x86_64-linux-gnu --host=x86_64-linux-gnu --target=x86_64-QNAP-linux-gnu gcc_cv_libc_provides_ssp=yes
Thread model: posix
gcc version 4.9.2 (toolchain config: [gcc-4.9.2 binutils-2.25 glibc-2.21]) 
configure:2336: $? = 0
configure:2343: x86_64-QNAP-linux-gnu-gcc -V >&5
x86_64-QNAP-linux-gnu-gcc: error: unrecognized command line option '-V'
x86_64-QNAP-linux-gnu-gcc: fatal error: no input files
compilation terminated.
configure:2347: $? = 1
configure:2370: checking for C compiler default output file name
configure:2392: x86_64-QNAP-linux-gnu-gcc -I/root/daily_build/64_01/4.4.1/LinkFS/include -I/root/daily_build/64_01/4.4.1/LinkFS/usr/include  -L/root/daily_build/64_01/4.4.1/LinkFS/lib -L/root/daily_build/64_01/4.4.1/LinkFS/usr/lib conftest.c  >&5
configure:2396: $? = 0
configure:2434: result: a.out
configure:2451: checking whether the C compiler works
configure:2461: ./a.out
configure:2465: $? = 0
configure:2482: result: yes
configure:2489: checking whether we are cross compiling
configure:2491: result: no
configure:2494: checking for suffix of executables
configure:2501: x86_64-QNAP-linux-gnu-gcc -o conftest -I/root/daily_build/64_01/4.4.1/LinkFS/include -I/root/daily_build/64_01/4.4.1/LinkFS/usr/include  -L/root/daily_build/64_01/4.4.1/LinkFS/lib -L/root/daily_build/64_01/4.4.1/LinkFS/usr/lib conftest.c  >&5
configure:2505: $? = 0
configure:2529: result: 
configure:2535: checking for suffix of object files
configure:2588: result: o
configure:2592: checking whether we are using the GNU C compiler
configure:2645: result: yes
configure:2654: checking whether x86_64-QNAP-linux-gnu-gcc accepts -g
configure:2792: result: yes
configure:2809: checking for x86_64-QNAP-linux-gnu-gcc option to accept ISO C89
configure:2913: result: none needed
configure:2935: checking how to run the C preprocessor
configure:3053: result: x86_64-QNAP-linux-gnu-gcc -E
configure:3082: x86_64-QNAP-linux-gnu-gcc -E  conftest.c
configure:3089: $? = 0
configure:3120: x86_64-QNAP-linux-gnu-gcc -E  conftest.c
conftest.c:9:28: fatal error: ac_nonexistent.h: No such file or directory
 #include <ac_nonexistent.h>
                            ^
compilation terminated.
configure:3127: $? = 1
configure: failed program was:
| /* confdefs.h.  */
| #define PACKAGE_NAME ""
| #define PACKAGE_TARNAME ""
| #define PACKAGE_VERSION ""
| #define PACKAGE_STRING ""
| #define PACKAGE_BUGREPORT ""
| #define UNIX 1
| /* end confdefs.h.  */
| #include <ac_nonexistent.h>
configure:3165: checking for grep that handles long lines and -e
configure:3225: result: /bin/grep
configure:3230: checking for egrep
configure:3294: result: /bin/grep -E
configure:3308: checking for library containing strerror
configure:3387: result: none required
configure:3398: checking for gawk
configure:3425: result: gawk
configure:3438: checking for strip
configure:3466: result: strip
configure:3477: checking for ANSI C header files
configure:3645: result: yes
configure:3655: checking for sys/wait.h that is POSIX.1 compatible
configure:3713: result: yes
configure:3752: checking for buggy tools...
configure:3759: checking for BeOS
configure:3765: result: no
configure:3769: checking for QNX
configure:3776: result: no
configure:3780: checking for Darwin (Mac OS X)
configure:4174: result: no
configure:4182: checking --with-local-dir argument
configure:4208: result: Defaulting to /usr/local
configure:4233: checking --with-vim-name argument
configure:4241: result: Defaulting to vim
configure:4246: checking --with-ex-name argument
configure:4254: result: Defaulting to ex
configure:4259: checking --with-view-name argument
configure:4267: result: Defaulting to view
configure:4273: checking --with-global-runtime argument
configure:4284: result: no
configure:4289: checking --with-modified-by argument
configure:4300: result: no
configure:4305: checking if character set is EBCDIC
configure:4334: x86_64-QNAP-linux-gnu-gcc -c -I/root/daily_build/64_01/4.4.1/LinkFS/include -I/root/daily_build/64_01/4.4.1/LinkFS/usr/include  -I/usr/local/include conftest.c >&5
conftest.c: In function 'main':
conftest.c:20:1: error: unknown type name 'make'
 make an error "Character set is not EBCDIC"
 ^
conftest.c:20:9: error: expected '=', ',', ';', 'asm' or '__attribute__' before 'error'
 make an error "Character set is not EBCDIC"
         ^
configure:4341: $? = 1
configure: failed program was:
| /* confdefs.h.  */
| #define PACKAGE_NAME ""
| #define PACKAGE_TARNAME ""
| #define PACKAGE_VERSION ""
| #define PACKAGE_STRING ""
| #define PACKAGE_BUGREPORT ""
| #define UNIX 1
| #define STDC_HEADERS 1
| #define HAVE_SYS_WAIT_H 1
| /* end confdefs.h.  */
| 
| int
| main ()
| {
|  /* TryCompile function for CharSet.
|    Treat any failure as ASCII for compatibility with existing art.
|    Use compile-time rather than run-time tests for cross-compiler
|    tolerance.  */
| #if '0'!=240
| make an error "Character set is not EBCDIC"
| #endif
|   ;
|   return 0;
| }
configure:4359: result: no
configure:4410: checking --disable-selinux argument
configure:4496: result: yes
configure:4501: checking --with-features argument
configure:4509: result: Defaulting to normal
configure:4547: checking --with-compiledby argument
configure:4555: result: no
configure:4561: checking --disable-xsmp argument
configure:4595: result: yes
configure:4599: checking --enable-mzschemeinterp argument
configure:4608: result: no
configure:4766: checking --enable-perlinterp argument
configure:4775: result: no
configure:4969: checking --enable-pythoninterp argument
configure:4978: result: no
configure:5317: checking --enable-tclinterp argument
configure:5326: result: no
configure:5659: checking --enable-rubyinterp argument
configure:5668: result: no
configure:5773: checking --enable-cscope argument
configure:5782: result: no
configure:5791: checking --enable-workshop argument
configure:5800: result: no
configure:5816: checking --disable-netbeans argument
configure:6053: result: yes
configure:6067: checking --enable-sniff argument
configure:6076: result: no
configure:6089: checking --enable-multibyte argument
configure:6098: result: no
configure:6107: checking --enable-hangulinput argument
configure:6116: result: no
configure:6119: checking --enable-xim argument
configure:6126: result: defaulting to auto
configure:6131: checking --enable-fontset argument
configure:6140: result: no
configure:6152: checking for xmkmf
configure:6185: result: no
configure:6191: checking for X
configure:6420: result: no
configure:7601: checking if X11 header files can be found
configure:7627: x86_64-QNAP-linux-gnu-gcc -c -I/root/daily_build/64_01/4.4.1/LinkFS/include -I/root/daily_build/64_01/4.4.1/LinkFS/usr/include    -I/usr/local/include conftest.c >&5
conftest.c:13:22: fatal error: X11/Xlib.h: No such file or directory
 #include <X11/Xlib.h>
                      ^
compilation terminated.
configure:7634: $? = 1
configure: failed program was:
| /* confdefs.h.  */
| #define PACKAGE_NAME ""
| #define PACKAGE_TARNAME ""
| #define PACKAGE_VERSION ""
| #define PACKAGE_STRING ""
| #define PACKAGE_BUGREPORT ""
| #define UNIX 1
| #define STDC_HEADERS 1
| #define HAVE_SYS_WAIT_H 1
| #define FEAT_NORMAL 1
| #define X_DISPLAY_MISSING 1
| /* end confdefs.h.  */
| #include <X11/Xlib.h>
| #include <X11/Intrinsic.h>
| int
| main ()
| {
| 
|   ;
|   return 0;
| }
configure:7645: result: no
configure:7978: checking --enable-gui argument
configure:8038: result: no GUI support
configure:10240: checking whether toupper is broken
configure:10305: result: no
configure:10315: checking whether __DATE__ and __TIME__ work
configure:10338: x86_64-QNAP-linux-gnu-gcc -c -I/root/daily_build/64_01/4.4.1/LinkFS/include -I/root/daily_build/64_01/4.4.1/LinkFS/usr/include  -I/usr/local/include conftest.c >&5
configure:10345: $? = 0
configure:10350: result: yes
configure:10366: checking for elf.h
configure:10371: result: yes
configure:10499: checking for main in -lelf
configure:10556: result: no
configure:10577: checking for dirent.h that defines DIR
configure:10630: result: yes
configure:10644: checking for library containing opendir
configure:10723: result: none required
configure:10931: checking for stdarg.h
configure:10938: result: yes
configure:10931: checking for stdlib.h
configure:10938: result: yes
configure:10931: checking for string.h
configure:10938: result: yes
configure:10931: checking for sys/select.h
configure:10938: result: yes
configure:10931: checking for sys/utsname.h
configure:10938: result: yes
configure:10931: checking for termcap.h
configure:10938: result: no
configure:10931: checking for fcntl.h
configure:10938: result: yes
configure:10931: checking for sgtty.h
configure:10938: result: yes
configure:10931: checking for sys/ioctl.h
configure:10938: result: yes
configure:10931: checking for sys/time.h
configure:10938: result: yes
configure:10931: checking for sys/types.h
configure:10938: result: yes
configure:10931: checking for termio.h
configure:10938: result: yes
configure:10931: checking for iconv.h
configure:10938: result: yes
configure:10931: checking for langinfo.h
configure:10938: result: yes
configure:10931: checking for math.h
configure:10938: result: yes
configure:10931: checking for unistd.h
configure:10938: result: yes
configure:10931: checking for stropts.h
configure:10938: result: yes
configure:10931: checking for errno.h
configure:10938: result: yes
configure:10931: checking for sys/resource.h
configure:10938: result: yes
configure:10931: checking for sys/systeminfo.h
configure:10938: result: no
configure:10931: checking for locale.h
configure:10938: result: yes
configure:10931: checking for sys/stream.h
configure:10938: result: no
configure:10931: checking for termios.h
configure:10938: result: yes
configure:10931: checking for libc.h
configure:10938: result: no
configure:10931: checking for sys/statfs.h
configure:10938: result: yes
configure:10931: checking for poll.h
configure:10938: result: yes
configure:10931: checking for sys/poll.h
configure:10938: result: yes
configure:10931: checking for pwd.h
configure:10938: result: yes
configure:10931: checking for utime.h
configure:10938: result: yes
configure:10931: checking for sys/param.h
configure:10938: result: yes
configure:10931: checking for libintl.h
configure:10938: result: yes
configure:10931: checking for libgen.h
configure:10938: result: yes
configure:10931: checking for util/debug.h
configure:10938: result: no
configure:10931: checking for util/msg18n.h
configure:10938: result: no
configure:10931: checking for frame.h
configure:10938: result: no
configure:10931: checking for sys/acl.h
configure:10938: result: no
configure:10931: checking for sys/access.h
configure:10938: result: no
configure:10931: checking for sys/sysctl.h
configure:10938: result: yes
configure:10931: checking for sys/sysinfo.h
configure:10938: result: yes
configure:10931: checking for wchar.h
configure:10938: result: yes
configure:10931: checking for wctype.h
configure:10938: result: yes
configure:11076: checking for sys/ptem.h
configure:11123: result: no
configure:11137: checking for pthread_np.h
configure:11162: x86_64-QNAP-linux-gnu-gcc -c -I/root/daily_build/64_01/4.4.1/LinkFS/include -I/root/daily_build/64_01/4.4.1/LinkFS/usr/include  -I/usr/local/include conftest.c >&5
conftest.c:49:24: fatal error: pthread_np.h: No such file or directory
 #include <pthread_np.h>
                        ^
compilation terminated.
configure:11169: $? = 1
configure: failed program was:
| /* confdefs.h.  */
| #define PACKAGE_NAME ""
| #define PACKAGE_TARNAME ""
| #define PACKAGE_VERSION ""
| #define PACKAGE_STRING ""
| #define PACKAGE_BUGREPORT ""
| #define UNIX 1
| #define STDC_HEADERS 1
| #define HAVE_SYS_WAIT_H 1
| #define FEAT_NORMAL 1
| #define X_DISPLAY_MISSING 1
| #define HAVE_DATE_TIME 1
| #define HAVE_DIRENT_H 1
| #define HAVE_STDARG_H 1
| #define HAVE_STDLIB_H 1
| #define HAVE_STRING_H 1
| #define HAVE_SYS_SELECT_H 1
| #define HAVE_SYS_UTSNAME_H 1
| #define HAVE_FCNTL_H 1
| #define HAVE_SGTTY_H 1
| #define HAVE_SYS_IOCTL_H 1
| #define HAVE_SYS_TIME_H 1
| #define HAVE_SYS_TYPES_H 1
| #define HAVE_TERMIO_H 1
| #define HAVE_ICONV_H 1
| #define HAVE_LANGINFO_H 1
| #define HAVE_MATH_H 1
| #define HAVE_UNISTD_H 1
| #define HAVE_STROPTS_H 1
| #define HAVE_ERRNO_H 1
| #define HAVE_SYS_RESOURCE_H 1
| #define HAVE_LOCALE_H 1
| #define HAVE_TERMIOS_H 1
| #define HAVE_SYS_STATFS_H 1
| #define HAVE_POLL_H 1
| #define HAVE_SYS_POLL_H 1
| #define HAVE_PWD_H 1
| #define HAVE_UTIME_H 1
| #define HAVE_SYS_PARAM_H 1
| #define HAVE_LIBINTL_H 1
| #define HAVE_LIBGEN_H 1
| #define HAVE_SYS_SYSCTL_H 1
| #define HAVE_SYS_SYSINFO_H 1
| #define HAVE_WCHAR_H 1
| #define HAVE_WCTYPE_H 1
| /* end confdefs.h.  */
| 
| #include <pthread.h>
| #include <pthread_np.h>
| int
| main ()
| {
| int i; i = 0;
|   ;
|   return 0;
| }
configure:11184: result: no
configure:11195: checking for strings.h
configure:11202: result: yes
configure:11342: checking if strings.h can be included after string.h
configure:11381: x86_64-QNAP-linux-gnu-gcc -c -I/root/daily_build/64_01/4.4.1/LinkFS/include -I/root/daily_build/64_01/4.4.1/LinkFS/usr/include  -I/usr/local/include   conftest.c >&5
configure:11388: $? = 0
configure:11393: result: yes
configure:11412: checking whether x86_64-QNAP-linux-gnu-gcc needs -traditional
configure:11454: result: no
configure:11461: checking for an ANSI C-conforming const
configure:11558: result: yes
configure:11568: checking for mode_t
configure:11660: result: yes
configure:11672: checking for off_t
configure:11764: result: yes
configure:11776: checking for pid_t
configure:11868: result: yes
configure:11880: checking for size_t
configure:11972: result: yes
configure:11984: checking for uid_t in sys/types.h
configure:12007: result: yes
configure:12022: checking whether time.h and sys/time.h may both be included
configure:12074: result: yes
configure:12084: checking for ino_t
configure:12176: result: yes
configure:12188: checking for dev_t
configure:12280: result: yes
configure:12293: checking for rlim_t
configure:12296: result: (cached) yes
configure:12333: checking for stack_t
configure:12336: result: (cached) yes
configure:12371: checking whether stack_t has an ss_base field
configure:12402: x86_64-QNAP-linux-gnu-gcc -c -I/root/daily_build/64_01/4.4.1/LinkFS/include -I/root/daily_build/64_01/4.4.1/LinkFS/usr/include  -I/usr/local/include conftest.c >&5
conftest.c: In function 'main':
conftest.c:61:23: error: 'stack_t' has no member named 'ss_base'
 stack_t sigstk; sigstk.ss_base = 0;
                       ^
configure:12409: $? = 1
configure: failed program was:
| /* confdefs.h.  */
| #define PACKAGE_NAME ""
| #define PACKAGE_TARNAME ""
| #define PACKAGE_VERSION ""
| #define PACKAGE_STRING ""
| #define PACKAGE_BUGREPORT ""
| #define UNIX 1
| #define STDC_HEADERS 1
| #define HAVE_SYS_WAIT_H 1
| #define FEAT_NORMAL 1
| #define X_DISPLAY_MISSING 1
| #define HAVE_DATE_TIME 1
| #define HAVE_DIRENT_H 1
| #define HAVE_STDARG_H 1
| #define HAVE_STDLIB_H 1
| #define HAVE_STRING_H 1
| #define HAVE_SYS_SELECT_H 1
| #define HAVE_SYS_UTSNAME_H 1
| #define HAVE_FCNTL_H 1
| #define HAVE_SGTTY_H 1
| #define HAVE_SYS_IOCTL_H 1
| #define HAVE_SYS_TIME_H 1
| #define HAVE_SYS_TYPES_H 1
| #define HAVE_TERMIO_H 1
| #define HAVE_ICONV_H 1
| #define HAVE_LANGINFO_H 1
| #define HAVE_MATH_H 1
| #define HAVE_UNISTD_H 1
| #define HAVE_STROPTS_H 1
| #define HAVE_ERRNO_H 1
| #define HAVE_SYS_RESOURCE_H 1
| #define HAVE_LOCALE_H 1
| #define HAVE_TERMIOS_H 1
| #define HAVE_SYS_STATFS_H 1
| #define HAVE_POLL_H 1
| #define HAVE_SYS_POLL_H 1
| #define HAVE_PWD_H 1
| #define HAVE_UTIME_H 1
| #define HAVE_SYS_PARAM_H 1
| #define HAVE_LIBINTL_H 1
| #define HAVE_LIBGEN_H 1
| #define HAVE_SYS_SYSCTL_H 1
| #define HAVE_SYS_SYSINFO_H 1
| #define HAVE_WCHAR_H 1
| #define HAVE_WCTYPE_H 1
| #define HAVE_STRINGS_H 1
| #define TIME_WITH_SYS_TIME 1
| /* end confdefs.h.  */
| 
| #include <sys/types.h>
| #if STDC_HEADERS
| # include <stdlib.h>
| # include <stddef.h>
| #endif
| #include <signal.h>
| #include "confdefs.h"
| 
| int
| main ()
| {
| stack_t sigstk; sigstk.ss_base = 0;
|   ;
|   return 0;
| }
configure:12423: result: no
configure:12430: checking --with-tlib argument
configure:12439: result: ncurses
configure:12442: checking for linking with ncurses library
configure:12465: x86_64-QNAP-linux-gnu-gcc -o conftest -I/root/daily_build/64_01/4.4.1/LinkFS/include -I/root/daily_build/64_01/4.4.1/LinkFS/usr/include  -I/usr/local/include -L/root/daily_build/64_01/4.4.1/LinkFS/lib -L/root/daily_build/64_01/4.4.1/LinkFS/usr/lib -L/usr/local/lib conftest.c  -lncurses >&5
configure:12472: $? = 0
configure:12480: result: OK
configure:12653: checking for tgetent()
configure:12676: x86_64-QNAP-linux-gnu-gcc -o conftest -I/root/daily_build/64_01/4.4.1/LinkFS/include -I/root/daily_build/64_01/4.4.1/LinkFS/usr/include  -I/usr/local/include -L/root/daily_build/64_01/4.4.1/LinkFS/lib -L/root/daily_build/64_01/4.4.1/LinkFS/usr/lib -L/usr/local/lib conftest.c  -lncurses >&5
configure:12683: $? = 0
configure:12691: result: yes
configure:12711: checking whether we talk terminfo
configure:12783: result: yes
configure:12874: checking whether termcap.h contains ospeed
configure:12901: x86_64-QNAP-linux-gnu-gcc -o conftest -I/root/daily_build/64_01/4.4.1/LinkFS/include -I/root/daily_build/64_01/4.4.1/LinkFS/usr/include  -I/usr/local/include -L/root/daily_build/64_01/4.4.1/LinkFS/lib -L/root/daily_build/64_01/4.4.1/LinkFS/usr/lib -L/usr/local/lib conftest.c  -lncurses >&5
conftest.c: In function 'main':
conftest.c:58:1: error: 'ospeed' undeclared (first use in this function)
 ospeed = 20000
 ^
conftest.c:58:1: note: each undeclared identifier is reported only once for each function it appears in
configure:12908: $? = 1
configure: failed program was:
| /* confdefs.h.  */
| #define PACKAGE_NAME ""
| #define PACKAGE_TARNAME ""
| #define PACKAGE_VERSION ""
| #define PACKAGE_STRING ""
| #define PACKAGE_BUGREPORT ""
| #define UNIX 1
| #define STDC_HEADERS 1
| #define HAVE_SYS_WAIT_H 1
| #define FEAT_NORMAL 1
| #define X_DISPLAY_MISSING 1
| #define HAVE_DATE_TIME 1
| #define HAVE_DIRENT_H 1
| #define HAVE_STDARG_H 1
| #define HAVE_STDLIB_H 1
| #define HAVE_STRING_H 1
| #define HAVE_SYS_SELECT_H 1
| #define HAVE_SYS_UTSNAME_H 1
| #define HAVE_FCNTL_H 1
| #define HAVE_SGTTY_H 1
| #define HAVE_SYS_IOCTL_H 1
| #define HAVE_SYS_TIME_H 1
| #define HAVE_SYS_TYPES_H 1
| #define HAVE_TERMIO_H 1
| #define HAVE_ICONV_H 1
| #define HAVE_LANGINFO_H 1
| #define HAVE_MATH_H 1
| #define HAVE_UNISTD_H 1
| #define HAVE_STROPTS_H 1
| #define HAVE_ERRNO_H 1
| #define HAVE_SYS_RESOURCE_H 1
| #define HAVE_LOCALE_H 1
| #define HAVE_TERMIOS_H 1
| #define HAVE_SYS_STATFS_H 1
| #define HAVE_POLL_H 1
| #define HAVE_SYS_POLL_H 1
| #define HAVE_PWD_H 1
| #define HAVE_UTIME_H 1
| #define HAVE_SYS_PARAM_H 1
| #define HAVE_LIBINTL_H 1
| #define HAVE_LIBGEN_H 1
| #define HAVE_SYS_SYSCTL_H 1
| #define HAVE_SYS_SYSINFO_H 1
| #define HAVE_WCHAR_H 1
| #define HAVE_WCTYPE_H 1
| #define HAVE_STRINGS_H 1
| #define TIME_WITH_SYS_TIME 1
| #define TERMINFO 1
| /* end confdefs.h.  */
| 
| #ifdef HAVE_TERMCAP_H
| # include <termcap.h>
| #endif
| 
| int
| main ()
| {
| ospeed = 20000
|   ;
|   return 0;
| }
configure:12925: result: no
configure:12927: checking whether ospeed can be extern
configure:12955: x86_64-QNAP-linux-gnu-gcc -o conftest -I/root/daily_build/64_01/4.4.1/LinkFS/include -I/root/daily_build/64_01/4.4.1/LinkFS/usr/include  -I/usr/local/include -L/root/daily_build/64_01/4.4.1/LinkFS/lib -L/root/daily_build/64_01/4.4.1/LinkFS/usr/lib -L/usr/local/lib conftest.c  -lncurses >&5
configure:12962: $? = 0
configure:12970: result: yes
configure:12993: checking whether termcap.h contains UP, BC and PC
configure:13020: x86_64-QNAP-linux-gnu-gcc -o conftest -I/root/daily_build/64_01/4.4.1/LinkFS/include -I/root/daily_build/64_01/4.4.1/LinkFS/usr/include  -I/usr/local/include -L/root/daily_build/64_01/4.4.1/LinkFS/lib -L/root/daily_build/64_01/4.4.1/LinkFS/usr/lib -L/usr/local/lib conftest.c  -lncurses >&5
conftest.c: In function 'main':
conftest.c:59:5: error: 'UP' undeclared (first use in this function)
 if (UP == 0 && BC == 0) PC = 1
     ^
conftest.c:59:5: note: each undeclared identifier is reported only once for each function it appears in
conftest.c:59:16: error: 'BC' undeclared (first use in this function)
 if (UP == 0 && BC == 0) PC = 1
                ^
conftest.c:59:25: error: 'PC' undeclared (first use in this function)
 if (UP == 0 && BC == 0) PC = 1
                         ^
configure:13027: $? = 1
configure: failed program was:
| /* confdefs.h.  */
| #define PACKAGE_NAME ""
| #define PACKAGE_TARNAME ""
| #define PACKAGE_VERSION ""
| #define PACKAGE_STRING ""
| #define PACKAGE_BUGREPORT ""
| #define UNIX 1
| #define STDC_HEADERS 1
| #define HAVE_SYS_WAIT_H 1
| #define FEAT_NORMAL 1
| #define X_DISPLAY_MISSING 1
| #define HAVE_DATE_TIME 1
| #define HAVE_DIRENT_H 1
| #define HAVE_STDARG_H 1
| #define HAVE_STDLIB_H 1
| #define HAVE_STRING_H 1
| #define HAVE_SYS_SELECT_H 1
| #define HAVE_SYS_UTSNAME_H 1
| #define HAVE_FCNTL_H 1
| #define HAVE_SGTTY_H 1
| #define HAVE_SYS_IOCTL_H 1
| #define HAVE_SYS_TIME_H 1
| #define HAVE_SYS_TYPES_H 1
| #define HAVE_TERMIO_H 1
| #define HAVE_ICONV_H 1
| #define HAVE_LANGINFO_H 1
| #define HAVE_MATH_H 1
| #define HAVE_UNISTD_H 1
| #define HAVE_STROPTS_H 1
| #define HAVE_ERRNO_H 1
| #define HAVE_SYS_RESOURCE_H 1
| #define HAVE_LOCALE_H 1
| #define HAVE_TERMIOS_H 1
| #define HAVE_SYS_STATFS_H 1
| #define HAVE_POLL_H 1
| #define HAVE_SYS_POLL_H 1
| #define HAVE_PWD_H 1
| #define HAVE_UTIME_H 1
| #define HAVE_SYS_PARAM_H 1
| #define HAVE_LIBINTL_H 1
| #define HAVE_LIBGEN_H 1
| #define HAVE_SYS_SYSCTL_H 1
| #define HAVE_SYS_SYSINFO_H 1
| #define HAVE_WCHAR_H 1
| #define HAVE_WCTYPE_H 1
| #define HAVE_STRINGS_H 1
| #define TIME_WITH_SYS_TIME 1
| #define TERMINFO 1
| #define OSPEED_EXTERN 1
| /* end confdefs.h.  */
| 
| #ifdef HAVE_TERMCAP_H
| # include <termcap.h>
| #endif
| 
| int
| main ()
| {
| if (UP == 0 && BC == 0) PC = 1
|   ;
|   return 0;
| }
configure:13044: result: no
configure:13046: checking whether UP, BC and PC can be extern
configure:13074: x86_64-QNAP-linux-gnu-gcc -o conftest -I/root/daily_build/64_01/4.4.1/LinkFS/include -I/root/daily_build/64_01/4.4.1/LinkFS/usr/include  -I/usr/local/include -L/root/daily_build/64_01/4.4.1/LinkFS/lib -L/root/daily_build/64_01/4.4.1/LinkFS/usr/lib -L/usr/local/lib conftest.c  -lncurses >&5
configure:13081: $? = 0
configure:13089: result: yes
configure:13112: checking whether tputs() uses outfuntype
configure:13139: x86_64-QNAP-linux-gnu-gcc -c -I/root/daily_build/64_01/4.4.1/LinkFS/include -I/root/daily_build/64_01/4.4.1/LinkFS/usr/include  -I/usr/local/include conftest.c >&5
conftest.c: In function 'main':
conftest.c:60:36: error: 'outfuntype' undeclared (first use in this function)
 extern int xx(); tputs("test", 1, (outfuntype)xx)
                                    ^
conftest.c:60:36: note: each undeclared identifier is reported only once for each function it appears in
conftest.c:60:47: error: expected ')' before 'xx'
 extern int xx(); tputs("test", 1, (outfuntype)xx)
                                               ^
configure:13146: $? = 1
configure: failed program was:
| /* confdefs.h.  */
| #define PACKAGE_NAME ""
| #define PACKAGE_TARNAME ""
| #define PACKAGE_VERSION ""
| #define PACKAGE_STRING ""
| #define PACKAGE_BUGREPORT ""
| #define UNIX 1
| #define STDC_HEADERS 1
| #define HAVE_SYS_WAIT_H 1
| #define FEAT_NORMAL 1
| #define X_DISPLAY_MISSING 1
| #define HAVE_DATE_TIME 1
| #define HAVE_DIRENT_H 1
| #define HAVE_STDARG_H 1
| #define HAVE_STDLIB_H 1
| #define HAVE_STRING_H 1
| #define HAVE_SYS_SELECT_H 1
| #define HAVE_SYS_UTSNAME_H 1
| #define HAVE_FCNTL_H 1
| #define HAVE_SGTTY_H 1
| #define HAVE_SYS_IOCTL_H 1
| #define HAVE_SYS_TIME_H 1
| #define HAVE_SYS_TYPES_H 1
| #define HAVE_TERMIO_H 1
| #define HAVE_ICONV_H 1
| #define HAVE_LANGINFO_H 1
| #define HAVE_MATH_H 1
| #define HAVE_UNISTD_H 1
| #define HAVE_STROPTS_H 1
| #define HAVE_ERRNO_H 1
| #define HAVE_SYS_RESOURCE_H 1
| #define HAVE_LOCALE_H 1
| #define HAVE_TERMIOS_H 1
| #define HAVE_SYS_STATFS_H 1
| #define HAVE_POLL_H 1
| #define HAVE_SYS_POLL_H 1
| #define HAVE_PWD_H 1
| #define HAVE_UTIME_H 1
| #define HAVE_SYS_PARAM_H 1
| #define HAVE_LIBINTL_H 1
| #define HAVE_LIBGEN_H 1
| #define HAVE_SYS_SYSCTL_H 1
| #define HAVE_SYS_SYSINFO_H 1
| #define HAVE_WCHAR_H 1
| #define HAVE_WCTYPE_H 1
| #define HAVE_STRINGS_H 1
| #define TIME_WITH_SYS_TIME 1
| #define TERMINFO 1
| #define OSPEED_EXTERN 1
| #define UP_BC_PC_EXTERN 1
| /* end confdefs.h.  */
| 
| #ifdef HAVE_TERMCAP_H
| # include <termcap.h>
| #endif
| 
| int
| main ()
| {
| extern int xx(); tputs("test", 1, (outfuntype)xx)
|   ;
|   return 0;
| }
configure:13160: result: no
configure:13166: checking whether sys/select.h and sys/time.h may both be included
configure:13192: x86_64-QNAP-linux-gnu-gcc -c -I/root/daily_build/64_01/4.4.1/LinkFS/include -I/root/daily_build/64_01/4.4.1/LinkFS/usr/include  -I/usr/local/include conftest.c >&5
configure:13199: $? = 0
configure:13204: result: yes
configure:13221: checking for /dev/ptc
configure:13231: result: no
configure:13235: checking for SVR4 ptys
configure:13259: x86_64-QNAP-linux-gnu-gcc -o conftest -I/root/daily_build/64_01/4.4.1/LinkFS/include -I/root/daily_build/64_01/4.4.1/LinkFS/usr/include  -I/usr/local/include -L/root/daily_build/64_01/4.4.1/LinkFS/lib -L/root/daily_build/64_01/4.4.1/LinkFS/usr/lib -L/usr/local/lib conftest.c  -lncurses >&5
configure:13266: $? = 0
configure:13274: result: yes
configure:13295: checking for ptyranges
configure:13335: result: don't know
configure:13340: checking default tty permissions/group
configure:13447: result: no
configure:13469: checking return type of signal handlers
configure:13519: result: void
configure:13540: checking for struct sigcontext
configure:13570: x86_64-QNAP-linux-gnu-gcc -c -I/root/daily_build/64_01/4.4.1/LinkFS/include -I/root/daily_build/64_01/4.4.1/LinkFS/usr/include  -I/usr/local/include conftest.c >&5
configure:13577: $? = 0
configure:13582: result: yes
configure:13598: checking getcwd implementation is broken
configure:13669: result: no
configure:13734: checking for bcmp
configure:13819: result: yes
configure:13734: checking for fchdir
configure:13819: result: yes
configure:13734: checking for fchown
configure:13819: result: yes
configure:13734: checking for fseeko
configure:13819: result: yes
configure:13734: checking for fsync
configure:13819: result: yes
configure:13734: checking for ftello
configure:13819: result: yes
configure:13734: checking for getcwd
configure:13819: result: yes
configure:13734: checking for getpseudotty
configure:13819: result: no
configure:13734: checking for getpwnam
configure:13819: result: yes
configure:13734: checking for getpwuid
configure:13819: result: yes
configure:13734: checking for getrlimit
configure:13819: result: yes
configure:13734: checking for gettimeofday
configure:13819: result: yes
configure:13734: checking for getwd
configure:13819: result: yes
configure:13734: checking for lstat
configure:13819: result: yes
configure:13734: checking for memcmp
configure:13819: result: yes
configure:13734: checking for memset
configure:13819: result: yes
configure:13734: checking for nanosleep
configure:13819: result: yes
configure:13734: checking for opendir
configure:13819: result: yes
configure:13734: checking for putenv
configure:13819: result: yes
configure:13734: checking for qsort
configure:13819: result: yes
configure:13734: checking for readlink
configure:13819: result: yes
configure:13734: checking for select
configure:13819: result: yes
configure:13734: checking for setenv
configure:13819: result: yes
configure:13734: checking for setpgid
configure:13819: result: yes
configure:13734: checking for setsid
configure:13819: result: yes
configure:13734: checking for sigaltstack
configure:13819: result: yes
configure:13734: checking for sigstack
configure:13819: result: yes
configure:13734: checking for sigset
configure:13819: result: yes
configure:13734: checking for sigsetjmp
configure:13819: result: no
configure:13734: checking for sigaction
configure:13819: result: yes
configure:13734: checking for sigvec
configure:13819: result: no
configure:13734: checking for strcasecmp
configure:13819: result: yes
configure:13734: checking for strerror
configure:13819: result: yes
configure:13734: checking for strftime
configure:13819: result: yes
configure:13734: checking for stricmp
configure:13819: result: no
configure:13734: checking for strncasecmp
configure:13819: result: yes
configure:13734: checking for strnicmp
configure:13819: result: no
configure:13734: checking for strpbrk
configure:13819: result: yes
configure:13734: checking for strtol
configure:13819: result: yes
configure:13734: checking for tgetent
configure:13819: result: yes
configure:13734: checking for towlower
configure:13819: result: yes
configure:13734: checking for towupper
configure:13819: result: yes
configure:13734: checking for iswupper
configure:13819: result: yes
configure:13734: checking for usleep
configure:13819: result: yes
configure:13734: checking for utime
configure:13819: result: yes
configure:13734: checking for utimes
configure:13819: result: yes
configure:13831: checking for st_blksize
configure:13859: x86_64-QNAP-linux-gnu-gcc -c -I/root/daily_build/64_01/4.4.1/LinkFS/include -I/root/daily_build/64_01/4.4.1/LinkFS/usr/include  -I/usr/local/include conftest.c >&5
configure:13866: $? = 0
configure:13871: result: yes
configure:13886: checking whether stat() ignores a trailing slash
configure:13953: result: no
configure:13963: checking for iconv_open()
configure:13992: x86_64-QNAP-linux-gnu-gcc -o conftest -I/root/daily_build/64_01/4.4.1/LinkFS/include -I/root/daily_build/64_01/4.4.1/LinkFS/usr/include  -I/usr/local/include -L/root/daily_build/64_01/4.4.1/LinkFS/lib -L/root/daily_build/64_01/4.4.1/LinkFS/usr/lib -L/usr/local/lib conftest.c  -lncurses -liconv >&5
configure:13999: $? = 0
configure:14007: result: yes; with -liconv
configure:14080: checking for nl_langinfo(CODESET)
configure:14107: x86_64-QNAP-linux-gnu-gcc -o conftest -I/root/daily_build/64_01/4.4.1/LinkFS/include -I/root/daily_build/64_01/4.4.1/LinkFS/usr/include  -I/usr/local/include -L/root/daily_build/64_01/4.4.1/LinkFS/lib -L/root/daily_build/64_01/4.4.1/LinkFS/usr/lib -L/usr/local/lib conftest.c  -lncurses -liconv >&5
configure:14114: $? = 0
configure:14122: result: yes
configure:14140: checking for strtod in -lm
configure:14203: result: yes
configure:14214: checking for strtod() and other floating point functions
configure:14256: x86_64-QNAP-linux-gnu-gcc -o conftest -I/root/daily_build/64_01/4.4.1/LinkFS/include -I/root/daily_build/64_01/4.4.1/LinkFS/usr/include  -I/usr/local/include -L/root/daily_build/64_01/4.4.1/LinkFS/lib -L/root/daily_build/64_01/4.4.1/LinkFS/usr/lib -L/usr/local/lib conftest.c -lm  -lncurses -liconv >&5
configure:14263: $? = 0
configure:14271: result: yes
configure:14288: checking --disable-acl argument
configure:14704: result: yes
configure:14708: checking --disable-gpm argument
configure:14788: result: yes
configure:14792: checking --disable-sysmouse argument
configure:14874: result: yes
configure:14878: checking for rename
configure:14901: x86_64-QNAP-linux-gnu-gcc -o conftest -I/root/daily_build/64_01/4.4.1/LinkFS/include -I/root/daily_build/64_01/4.4.1/LinkFS/usr/include  -I/usr/local/include -L/root/daily_build/64_01/4.4.1/LinkFS/lib -L/root/daily_build/64_01/4.4.1/LinkFS/usr/lib -L/usr/local/lib conftest.c -lm  -lncurses -liconv >&5
configure:14908: $? = 0
configure:14916: result: yes
configure:14933: checking for sysctl
configure:14964: x86_64-QNAP-linux-gnu-gcc -c -I/root/daily_build/64_01/4.4.1/LinkFS/include -I/root/daily_build/64_01/4.4.1/LinkFS/usr/include  -I/usr/local/include conftest.c >&5
conftest.c: In function 'main':
conftest.c:114:11: error: 'CTL_HW' undeclared (first use in this function)
  mib[0] = CTL_HW;
           ^
conftest.c:114:11: note: each undeclared identifier is reported only once for each function it appears in
conftest.c:115:11: error: 'HW_USERMEM' undeclared (first use in this function)
  mib[1] = HW_USERMEM;
           ^
configure:14971: $? = 1
configure: failed program was:
| /* confdefs.h.  */
| #define PACKAGE_NAME ""
| #define PACKAGE_TARNAME ""
| #define PACKAGE_VERSION ""
| #define PACKAGE_STRING ""
| #define PACKAGE_BUGREPORT ""
| #define UNIX 1
| #define STDC_HEADERS 1
| #define HAVE_SYS_WAIT_H 1
| #define FEAT_NORMAL 1
| #define X_DISPLAY_MISSING 1
| #define HAVE_DATE_TIME 1
| #define HAVE_DIRENT_H 1
| #define HAVE_STDARG_H 1
| #define HAVE_STDLIB_H 1
| #define HAVE_STRING_H 1
| #define HAVE_SYS_SELECT_H 1
| #define HAVE_SYS_UTSNAME_H 1
| #define HAVE_FCNTL_H 1
| #define HAVE_SGTTY_H 1
| #define HAVE_SYS_IOCTL_H 1
| #define HAVE_SYS_TIME_H 1
| #define HAVE_SYS_TYPES_H 1
| #define HAVE_TERMIO_H 1
| #define HAVE_ICONV_H 1
| #define HAVE_LANGINFO_H 1
| #define HAVE_MATH_H 1
| #define HAVE_UNISTD_H 1
| #define HAVE_STROPTS_H 1
| #define HAVE_ERRNO_H 1
| #define HAVE_SYS_RESOURCE_H 1
| #define HAVE_LOCALE_H 1
| #define HAVE_TERMIOS_H 1
| #define HAVE_SYS_STATFS_H 1
| #define HAVE_POLL_H 1
| #define HAVE_SYS_POLL_H 1
| #define HAVE_PWD_H 1
| #define HAVE_UTIME_H 1
| #define HAVE_SYS_PARAM_H 1
| #define HAVE_LIBINTL_H 1
| #define HAVE_LIBGEN_H 1
| #define HAVE_SYS_SYSCTL_H 1
| #define HAVE_SYS_SYSINFO_H 1
| #define HAVE_WCHAR_H 1
| #define HAVE_WCTYPE_H 1
| #define HAVE_STRINGS_H 1
| #define TIME_WITH_SYS_TIME 1
| #define TERMINFO 1
| #define OSPEED_EXTERN 1
| #define UP_BC_PC_EXTERN 1
| #define SYS_SELECT_WITH_SYS_TIME 1
| #define HAVE_SVR4_PTYS 1
| #define PTYGROUP no
| #define PTYMODE 0620
| #define RETSIGTYPE void
| #define SIGRETURN return
| #define HAVE_SIGCONTEXT 1
| #define HAVE_BCMP 1
| #define HAVE_FCHDIR 1
| #define HAVE_FCHOWN 1
| #define HAVE_FSEEKO 1
| #define HAVE_FSYNC 1
| #define HAVE_FTELLO 1
| #define HAVE_GETCWD 1
| #define HAVE_GETPWNAM 1
| #define HAVE_GETPWUID 1
| #define HAVE_GETRLIMIT 1
| #define HAVE_GETTIMEOFDAY 1
| #define HAVE_GETWD 1
| #define HAVE_LSTAT 1
| #define HAVE_MEMCMP 1
| #define HAVE_MEMSET 1
| #define HAVE_NANOSLEEP 1
| #define HAVE_OPENDIR 1
| #define HAVE_PUTENV 1
| #define HAVE_QSORT 1
| #define HAVE_READLINK 1
| #define HAVE_SELECT 1
| #define HAVE_SETENV 1
| #define HAVE_SETPGID 1
| #define HAVE_SETSID 1
| #define HAVE_SIGALTSTACK 1
| #define HAVE_SIGSTACK 1
| #define HAVE_SIGSET 1
| #define HAVE_SIGACTION 1
| #define HAVE_STRCASECMP 1
| #define HAVE_STRERROR 1
| #define HAVE_STRFTIME 1
| #define HAVE_STRNCASECMP 1
| #define HAVE_STRPBRK 1
| #define HAVE_STRTOL 1
| #define HAVE_TGETENT 1
| #define HAVE_TOWLOWER 1
| #define HAVE_TOWUPPER 1
| #define HAVE_ISWUPPER 1
| #define HAVE_USLEEP 1
| #define HAVE_UTIME 1
| #define HAVE_UTIMES 1
| #define HAVE_ST_BLKSIZE 1
| #define HAVE_ICONV 1
| #define HAVE_NL_LANGINFO_CODESET 1
| #define HAVE_LIBM 1
| #define HAVE_FLOAT_FUNCS 1
| #define HAVE_RENAME 1
| /* end confdefs.h.  */
| #include <sys/types.h>
| #include <sys/sysctl.h>
| int
| main ()
| {
| 	int mib[2], r;
| 	size_t len;
| 
| 	mib[0] = CTL_HW;
| 	mib[1] = HW_USERMEM;
| 	len = sizeof(r);
| 	(void)sysctl(mib, 2, &r, &len, (void *)0, (size_t)0);
| 
|   ;
|   return 0;
| }
configure:14985: result: not usable
configure:14991: checking for sysinfo
configure:15020: x86_64-QNAP-linux-gnu-gcc -c -I/root/daily_build/64_01/4.4.1/LinkFS/include -I/root/daily_build/64_01/4.4.1/LinkFS/usr/include  -I/usr/local/include conftest.c >&5
configure:15027: $? = 0
configure:15032: result: yes
configure:15047: checking for sysinfo.mem_unit
configure:15073: x86_64-QNAP-linux-gnu-gcc -c -I/root/daily_build/64_01/4.4.1/LinkFS/include -I/root/daily_build/64_01/4.4.1/LinkFS/usr/include  -I/usr/local/include conftest.c >&5
configure:15080: $? = 0
configure:15085: result: yes
configure:15100: checking for sysconf
configure:15125: x86_64-QNAP-linux-gnu-gcc -c -I/root/daily_build/64_01/4.4.1/LinkFS/include -I/root/daily_build/64_01/4.4.1/LinkFS/usr/include  -I/usr/local/include conftest.c >&5
configure:15132: $? = 0
configure:15137: result: yes
configure:15153: checking size of int
configure:15221: result: 4
configure:15252: checking whether memmove handles overlaps
configure:15310: result: yes
configure:15573: checking for _xpg4_setrunelocale in -lxpg4
configure:15636: result: no
configure:15643: checking how to create tags
Exuberant Ctags 5.9~svn20110310, Copyright (C) 1996-2009 Darren Hiebert
configure:15658: result: ctags -I INIT+ --fields=+S
configure:15661: checking how to run man with a section nr
configure:15665: result: man -s
configure:15674: checking --disable-nls argument
configure:16006: result: yes
configure:16011: checking for dlfcn.h
configure:16016: result: yes
configure:16281: checking for dlopen()
configure:16307: x86_64-QNAP-linux-gnu-gcc -o conftest -I/root/daily_build/64_01/4.4.1/LinkFS/include -I/root/daily_build/64_01/4.4.1/LinkFS/usr/include  -I/usr/local/include -L/root/daily_build/64_01/4.4.1/LinkFS/lib -L/root/daily_build/64_01/4.4.1/LinkFS/usr/lib -L/usr/local/lib conftest.c -lm  -lncurses -liconv >&5
/tmp/ccGWWKWR.o: In function `main':
conftest.c:(.text+0xa): undefined reference to `dlopen'
collect2: error: ld returned 1 exit status
configure:16314: $? = 1
configure: failed program was:
| /* confdefs.h.  */
| #define PACKAGE_NAME ""
| #define PACKAGE_TARNAME ""
| #define PACKAGE_VERSION ""
| #define PACKAGE_STRING ""
| #define PACKAGE_BUGREPORT ""
| #define UNIX 1
| #define STDC_HEADERS 1
| #define HAVE_SYS_WAIT_H 1
| #define FEAT_NORMAL 1
| #define X_DISPLAY_MISSING 1
| #define HAVE_DATE_TIME 1
| #define HAVE_DIRENT_H 1
| #define HAVE_STDARG_H 1
| #define HAVE_STDLIB_H 1
| #define HAVE_STRING_H 1
| #define HAVE_SYS_SELECT_H 1
| #define HAVE_SYS_UTSNAME_H 1
| #define HAVE_FCNTL_H 1
| #define HAVE_SGTTY_H 1
| #define HAVE_SYS_IOCTL_H 1
| #define HAVE_SYS_TIME_H 1
| #define HAVE_SYS_TYPES_H 1
| #define HAVE_TERMIO_H 1
| #define HAVE_ICONV_H 1
| #define HAVE_LANGINFO_H 1
| #define HAVE_MATH_H 1
| #define HAVE_UNISTD_H 1
| #define HAVE_STROPTS_H 1
| #define HAVE_ERRNO_H 1
| #define HAVE_SYS_RESOURCE_H 1
| #define HAVE_LOCALE_H 1
| #define HAVE_TERMIOS_H 1
| #define HAVE_SYS_STATFS_H 1
| #define HAVE_POLL_H 1
| #define HAVE_SYS_POLL_H 1
| #define HAVE_PWD_H 1
| #define HAVE_UTIME_H 1
| #define HAVE_SYS_PARAM_H 1
| #define HAVE_LIBINTL_H 1
| #define HAVE_LIBGEN_H 1
| #define HAVE_SYS_SYSCTL_H 1
| #define HAVE_SYS_SYSINFO_H 1
| #define HAVE_WCHAR_H 1
| #define HAVE_WCTYPE_H 1
| #define HAVE_STRINGS_H 1
| #define TIME_WITH_SYS_TIME 1
| #define TERMINFO 1
| #define OSPEED_EXTERN 1
| #define UP_BC_PC_EXTERN 1
| #define SYS_SELECT_WITH_SYS_TIME 1
| #define HAVE_SVR4_PTYS 1
| #define PTYGROUP no
| #define PTYMODE 0620
| #define RETSIGTYPE void
| #define SIGRETURN return
| #define HAVE_SIGCONTEXT 1
| #define HAVE_BCMP 1
| #define HAVE_FCHDIR 1
| #define HAVE_FCHOWN 1
| #define HAVE_FSEEKO 1
| #define HAVE_FSYNC 1
| #define HAVE_FTELLO 1
| #define HAVE_GETCWD 1
| #define HAVE_GETPWNAM 1
| #define HAVE_GETPWUID 1
| #define HAVE_GETRLIMIT 1
| #define HAVE_GETTIMEOFDAY 1
| #define HAVE_GETWD 1
| #define HAVE_LSTAT 1
| #define HAVE_MEMCMP 1
| #define HAVE_MEMSET 1
| #define HAVE_NANOSLEEP 1
| #define HAVE_OPENDIR 1
| #define HAVE_PUTENV 1
| #define HAVE_QSORT 1
| #define HAVE_READLINK 1
| #define HAVE_SELECT 1
| #define HAVE_SETENV 1
| #define HAVE_SETPGID 1
| #define HAVE_SETSID 1
| #define HAVE_SIGALTSTACK 1
| #define HAVE_SIGSTACK 1
| #define HAVE_SIGSET 1
| #define HAVE_SIGACTION 1
| #define HAVE_STRCASECMP 1
| #define HAVE_STRERROR 1
| #define HAVE_STRFTIME 1
| #define HAVE_STRNCASECMP 1
| #define HAVE_STRPBRK 1
| #define HAVE_STRTOL 1
| #define HAVE_TGETENT 1
| #define HAVE_TOWLOWER 1
| #define HAVE_TOWUPPER 1
| #define HAVE_ISWUPPER 1
| #define HAVE_USLEEP 1
| #define HAVE_UTIME 1
| #define HAVE_UTIMES 1
| #define HAVE_ST_BLKSIZE 1
| #define HAVE_ICONV 1
| #define HAVE_NL_LANGINFO_CODESET 1
| #define HAVE_LIBM 1
| #define HAVE_FLOAT_FUNCS 1
| #define HAVE_RENAME 1
| #define HAVE_SYSINFO 1
| #define HAVE_SYSINFO_MEM_UNIT 1
| #define HAVE_SYSCONF 1
| #define SIZEOF_INT 4
| #define USEMEMMOVE 1
| #define USEMAN_S 1
| #define HAVE_DLFCN_H 1
| /* end confdefs.h.  */
| 
| int
| main ()
| {
| 
| 		extern void* dlopen();
| 		dlopen();
| 
|   ;
|   return 0;
| }
configure:16333: result: no
configure:16335: checking for dlopen() in -ldl
configure:16363: x86_64-QNAP-linux-gnu-gcc -o conftest -I/root/daily_build/64_01/4.4.1/LinkFS/include -I/root/daily_build/64_01/4.4.1/LinkFS/usr/include  -I/usr/local/include -L/root/daily_build/64_01/4.4.1/LinkFS/lib -L/root/daily_build/64_01/4.4.1/LinkFS/usr/lib -L/usr/local/lib conftest.c -lm  -lncurses -liconv -ldl >&5
configure:16370: $? = 0
configure:16378: result: yes
configure:16402: checking for dlsym()
configure:16428: x86_64-QNAP-linux-gnu-gcc -o conftest -I/root/daily_build/64_01/4.4.1/LinkFS/include -I/root/daily_build/64_01/4.4.1/LinkFS/usr/include  -I/usr/local/include -L/root/daily_build/64_01/4.4.1/LinkFS/lib -L/root/daily_build/64_01/4.4.1/LinkFS/usr/lib -L/usr/local/lib conftest.c -lm  -lncurses -liconv -ldl >&5
configure:16435: $? = 0
configure:16443: result: yes
configure:16656: checking for setjmp.h
configure:16663: result: yes
configure:16822: checking for GCC 3 or later
configure:16835: result: yes
configure:16944: creating auto/config.status

## ---------------------- ##
## Running config.status. ##
## ---------------------- ##

This file was extended by config.status, which was
generated by GNU Autoconf 2.62.  Invocation command line was

  CONFIG_FILES    = 
  CONFIG_HEADERS  = 
  CONFIG_LINKS    = 
  CONFIG_COMMANDS = 
  $ auto/config.status 

on U16BuildServer115

config.status:902: creating auto/config.mk
config.status:902: creating auto/config.h
config.status:1113: auto/config.h is unchanged

## ---------------- ##
## Cache variables. ##
## ---------------- ##

ac_cv_c_compiler_gnu=yes
ac_cv_c_const=yes
ac_cv_env_CC_set=
ac_cv_env_CC_value=
ac_cv_env_CFLAGS_set=set
ac_cv_env_CFLAGS_value='-I/root/daily_build/64_01/4.4.1/LinkFS/include -I/root/daily_build/64_01/4.4.1/LinkFS/usr/include'
ac_cv_env_CPPFLAGS_set=
ac_cv_env_CPPFLAGS_value=
ac_cv_env_CPP_set=
ac_cv_env_CPP_value=
ac_cv_env_LDFLAGS_set=set
ac_cv_env_LDFLAGS_value='-L/root/daily_build/64_01/4.4.1/LinkFS/lib -L/root/daily_build/64_01/4.4.1/LinkFS/usr/lib'
ac_cv_env_LIBS_set=
ac_cv_env_LIBS_value=
ac_cv_env_XMKMF_set=
ac_cv_env_XMKMF_value=
ac_cv_env_build_alias_set=
ac_cv_env_build_alias_value=
ac_cv_env_host_alias_set=set
ac_cv_env_host_alias_value=x86_64-QNAP-linux-gnu
ac_cv_env_target_alias_set=
ac_cv_env_target_alias_value=
ac_cv_func_bcmp=yes
ac_cv_func_fchdir=yes
ac_cv_func_fchown=yes
ac_cv_func_fseeko=yes
ac_cv_func_fsync=yes
ac_cv_func_ftello=yes
ac_cv_func_getcwd=yes
ac_cv_func_getpseudotty=no
ac_cv_func_getpwnam=yes
ac_cv_func_getpwuid=yes
ac_cv_func_getrlimit=yes
ac_cv_func_gettimeofday=yes
ac_cv_func_getwd=yes
ac_cv_func_iswupper=yes
ac_cv_func_lstat=yes
ac_cv_func_memcmp=yes
ac_cv_func_memset=yes
ac_cv_func_nanosleep=yes
ac_cv_func_opendir=yes
ac_cv_func_putenv=yes
ac_cv_func_qsort=yes
ac_cv_func_readlink=yes
ac_cv_func_select=yes
ac_cv_func_setenv=yes
ac_cv_func_setpgid=yes
ac_cv_func_setsid=yes
ac_cv_func_sigaction=yes
ac_cv_func_sigaltstack=yes
ac_cv_func_sigset=yes
ac_cv_func_sigsetjmp=no
ac_cv_func_sigstack=yes
ac_cv_func_sigvec=no
ac_cv_func_strcasecmp=yes
ac_cv_func_strerror=yes
ac_cv_func_strftime=yes
ac_cv_func_stricmp=no
ac_cv_func_strncasecmp=yes
ac_cv_func_strnicmp=no
ac_cv_func_strpbrk=yes
ac_cv_func_strtol=yes
ac_cv_func_tgetent=yes
ac_cv_func_towlower=yes
ac_cv_func_towupper=yes
ac_cv_func_usleep=yes
ac_cv_func_utime=yes
ac_cv_func_utimes=yes
ac_cv_have_x=have_x=no
ac_cv_header_dirent_dirent_h=yes
ac_cv_header_dlfcn_h=yes
ac_cv_header_elf_h=yes
ac_cv_header_errno_h=yes
ac_cv_header_fcntl_h=yes
ac_cv_header_frame_h=no
ac_cv_header_iconv_h=yes
ac_cv_header_langinfo_h=yes
ac_cv_header_libc_h=no
ac_cv_header_libgen_h=yes
ac_cv_header_libintl_h=yes
ac_cv_header_locale_h=yes
ac_cv_header_math_h=yes
ac_cv_header_poll_h=yes
ac_cv_header_pwd_h=yes
ac_cv_header_setjmp_h=yes
ac_cv_header_sgtty_h=yes
ac_cv_header_stdarg_h=yes
ac_cv_header_stdc=yes
ac_cv_header_stdlib_h=yes
ac_cv_header_string_h=yes
ac_cv_header_strings_h=yes
ac_cv_header_stropts_h=yes
ac_cv_header_sys_access_h=no
ac_cv_header_sys_acl_h=no
ac_cv_header_sys_ioctl_h=yes
ac_cv_header_sys_param_h=yes
ac_cv_header_sys_poll_h=yes
ac_cv_header_sys_ptem_h=no
ac_cv_header_sys_resource_h=yes
ac_cv_header_sys_select_h=yes
ac_cv_header_sys_statfs_h=yes
ac_cv_header_sys_stream_h=no
ac_cv_header_sys_sysctl_h=yes
ac_cv_header_sys_sysinfo_h=yes
ac_cv_header_sys_systeminfo_h=no
ac_cv_header_sys_time_h=yes
ac_cv_header_sys_types_h=yes
ac_cv_header_sys_utsname_h=yes
ac_cv_header_sys_wait_h=yes
ac_cv_header_termcap_h=no
ac_cv_header_termio_h=yes
ac_cv_header_termios_h=yes
ac_cv_header_time=yes
ac_cv_header_unistd_h=yes
ac_cv_header_util_debug_h=no
ac_cv_header_util_msg18n_h=no
ac_cv_header_utime_h=yes
ac_cv_header_wchar_h=yes
ac_cv_header_wctype_h=yes
ac_cv_lib_elf_main=no
ac_cv_lib_m_strtod=yes
ac_cv_lib_xpg4__xpg4_setrunelocale=no
ac_cv_objext=o
ac_cv_path_EGREP='/bin/grep -E'
ac_cv_path_GREP=/bin/grep
ac_cv_prog_AWK=gawk
ac_cv_prog_CC=x86_64-QNAP-linux-gnu-gcc
ac_cv_prog_CPP='x86_64-QNAP-linux-gnu-gcc -E'
ac_cv_prog_STRIP=strip
ac_cv_prog_cc_c89=
ac_cv_prog_cc_g=yes
ac_cv_prog_gcc_traditional=no
ac_cv_prog_make_make_set=yes
ac_cv_search_opendir='none required'
ac_cv_search_strerror='none required'
ac_cv_sizeof_int=4
ac_cv_type_dev_t=yes
ac_cv_type_ino_t=yes
ac_cv_type_mode_t=yes
ac_cv_type_off_t=yes
ac_cv_type_pid_t=yes
ac_cv_type_rlim_t=yes
ac_cv_type_signal=void
ac_cv_type_size_t=yes
ac_cv_type_stack_t=yes
ac_cv_type_uid_t=yes
cf_cv_ebcdic=no
vim_cv_getcwd_broken=no
vim_cv_memmove_handles_overlap=yes
vim_cv_stat_ignores_slash=no
vim_cv_terminfo=yes
vim_cv_toupper_broken=no
vim_cv_tty_group=no
vim_cv_tty_mode=ptys

## ----------------- ##
## Output variables. ##
## ----------------- ##

AWK='gawk'
CC='x86_64-QNAP-linux-gnu-gcc'
CFLAGS='-I/root/daily_build/64_01/4.4.1/LinkFS/include -I/root/daily_build/64_01/4.4.1/LinkFS/usr/include'
CPP='x86_64-QNAP-linux-gnu-gcc -E'
CPPFLAGS=' -I/usr/local/include'
CPP_MM='M'
DEFS='-DHAVE_CONFIG_H'
DEPEND_CFLAGS_FILTER='| sed '\''s+-I */+-isystem /+g'\'''
ECHO_C=''
ECHO_N='-n'
ECHO_T=''
EGREP='/bin/grep -E'
EXEEXT=''
EXNAME='ex'
GNOME_CONFIG=''
GNOME_INCLUDEDIR=''
GNOME_LIBDIR=''
GNOME_LIBS=''
GREP='/bin/grep'
GTK12_CONFIG=''
GTK_CFLAGS=''
GTK_CONFIG=''
GTK_LIBNAME=''
GTK_LIBS=''
GUITYPE='NONE'
GUI_INC_LOC=''
GUI_LIB_LOC=''
GUI_X_LIBS=''
HANGULIN_OBJ=''
HANGULIN_SRC=''
INSTALL_LANGS=''
INSTALL_TOOL_LANGS=''
LDFLAGS='-L/root/daily_build/64_01/4.4.1/LinkFS/lib -L/root/daily_build/64_01/4.4.1/LinkFS/usr/lib -L/usr/local/lib'
LIBOBJS=''
LIBS='-lm  -lncurses -liconv -ldl'
LTLIBOBJS=''
MAKEMO=''
MOTIF_LIBNAME=''
MSGFMT=''
MZSCHEME_CFLAGS=''
MZSCHEME_LIBS=''
MZSCHEME_OBJ=''
MZSCHEME_PRO=''
MZSCHEME_SRC=''
NARROW_PROTO=''
NETBEANS_OBJ=''
NETBEANS_SRC=''
OBJEXT='o'
OS_EXTRA_OBJ=''
OS_EXTRA_SRC=''
PACKAGE_BUGREPORT=''
PACKAGE_NAME=''
PACKAGE_STRING=''
PACKAGE_TARNAME=''
PACKAGE_VERSION=''
PATH_SEPARATOR=':'
PERL_CFLAGS=''
PERL_LIBS=''
PERL_OBJ=''
PERL_PRO=''
PERL_SRC=''
PKG_CONFIG=''
PYTHON_CFLAGS=''
PYTHON_CONFDIR=''
PYTHON_GETPATH_CFLAGS=''
PYTHON_LIBS=''
PYTHON_OBJ=''
PYTHON_SRC=''
RUBY_CFLAGS=''
RUBY_LIBS=''
RUBY_OBJ=''
RUBY_PRO=''
RUBY_SRC=''
SET_MAKE=''
SHELL='/bin/bash'
SNIFF_OBJ=''
SNIFF_SRC=''
STRIP='strip'
TAGPRG='ctags -I INIT+ --fields=+S'
TCL_CFLAGS=''
TCL_LIBS=''
TCL_OBJ=''
TCL_PRO=''
TCL_SRC=''
VIEWNAME='view'
VIMNAME='vim'
WORKSHOP_OBJ=''
WORKSHOP_SRC=''
XMKMF=''
X_CFLAGS=' '
X_EXTRA_LIBS=''
X_LIB=''
X_LIBS=' '
X_PRE_LIBS=''
ac_ct_CC=''
bindir='${exec_prefix}/bin'
build_alias=''
compiledby=''
datadir='${datarootdir}'
datarootdir='${prefix}/share'
docdir='${datarootdir}/doc/${PACKAGE}'
dogvimdiff='installgvimdiff'
dovimdiff='installvimdiff'
dvidir='${docdir}'
exec_prefix='${prefix}'
host_alias='x86_64-QNAP-linux-gnu'
htmldir='${docdir}'
includedir='${prefix}/include'
infodir='${datarootdir}/info'
libdir='${exec_prefix}/lib'
libexecdir='${exec_prefix}/libexec'
line_break='"\\012"'
localedir='${datarootdir}/locale'
localstatedir='${prefix}/var'
mandir='${datarootdir}/man'
oldincludedir='/usr/include'
pdfdir='${docdir}'
prefix='/usr/local'
program_transform_name='s,x,x,'
psdir='${docdir}'
sbindir='${exec_prefix}/sbin'
sharedstatedir='${prefix}/com'
shrpenv=''
sysconfdir='${prefix}/etc'
target_alias=''
vi_cv_path_mzscheme=''
vi_cv_path_perl=''
vi_cv_path_python=''
vi_cv_path_ruby=''
vi_cv_path_tcl=''
vi_cv_perllib=''
xmkmfpath=''

## ----------- ##
## confdefs.h. ##
## ----------- ##

#define PACKAGE_NAME ""
#define PACKAGE_TARNAME ""
#define PACKAGE_VERSION ""
#define PACKAGE_STRING ""
#define PACKAGE_BUGREPORT ""
#define UNIX 1
#define STDC_HEADERS 1
#define HAVE_SYS_WAIT_H 1
#define FEAT_NORMAL 1
#define X_DISPLAY_MISSING 1
#define HAVE_DATE_TIME 1
#define HAVE_DIRENT_H 1
#define HAVE_STDARG_H 1
#define HAVE_STDLIB_H 1
#define HAVE_STRING_H 1
#define HAVE_SYS_SELECT_H 1
#define HAVE_SYS_UTSNAME_H 1
#define HAVE_FCNTL_H 1
#define HAVE_SGTTY_H 1
#define HAVE_SYS_IOCTL_H 1
#define HAVE_SYS_TIME_H 1
#define HAVE_SYS_TYPES_H 1
#define HAVE_TERMIO_H 1
#define HAVE_ICONV_H 1
#define HAVE_LANGINFO_H 1
#define HAVE_MATH_H 1
#define HAVE_UNISTD_H 1
#define HAVE_STROPTS_H 1
#define HAVE_ERRNO_H 1
#define HAVE_SYS_RESOURCE_H 1
#define HAVE_LOCALE_H 1
#define HAVE_TERMIOS_H 1
#define HAVE_SYS_STATFS_H 1
#define HAVE_POLL_H 1
#define HAVE_SYS_POLL_H 1
#define HAVE_PWD_H 1
#define HAVE_UTIME_H 1
#define HAVE_SYS_PARAM_H 1
#define HAVE_LIBINTL_H 1
#define HAVE_LIBGEN_H 1
#define HAVE_SYS_SYSCTL_H 1
#define HAVE_SYS_SYSINFO_H 1
#define HAVE_WCHAR_H 1
#define HAVE_WCTYPE_H 1
#define HAVE_STRINGS_H 1
#define TIME_WITH_SYS_TIME 1
#define TERMINFO 1
#define OSPEED_EXTERN 1
#define UP_BC_PC_EXTERN 1
#define SYS_SELECT_WITH_SYS_TIME 1
#define HAVE_SVR4_PTYS 1
#define PTYGROUP no
#define PTYMODE 0620
#define RETSIGTYPE void
#define SIGRETURN return
#define HAVE_SIGCONTEXT 1
#define HAVE_BCMP 1
#define HAVE_FCHDIR 1
#define HAVE_FCHOWN 1
#define HAVE_FSEEKO 1
#define HAVE_FSYNC 1
#define HAVE_FTELLO 1
#define HAVE_GETCWD 1
#define HAVE_GETPWNAM 1
#define HAVE_GETPWUID 1
#define HAVE_GETRLIMIT 1
#define HAVE_GETTIMEOFDAY 1
#define HAVE_GETWD 1
#define HAVE_LSTAT 1
#define HAVE_MEMCMP 1
#define HAVE_MEMSET 1
#define HAVE_NANOSLEEP 1
#define HAVE_OPENDIR 1
#define HAVE_PUTENV 1
#define HAVE_QSORT 1
#define HAVE_READLINK 1
#define HAVE_SELECT 1
#define HAVE_SETENV 1
#define HAVE_SETPGID 1
#define HAVE_SETSID 1
#define HAVE_SIGALTSTACK 1
#define HAVE_SIGSTACK 1
#define HAVE_SIGSET 1
#define HAVE_SIGACTION 1
#define HAVE_STRCASECMP 1
#define HAVE_STRERROR 1
#define HAVE_STRFTIME 1
#define HAVE_STRNCASECMP 1
#define HAVE_STRPBRK 1
#define HAVE_STRTOL 1
#define HAVE_TGETENT 1
#define HAVE_TOWLOWER 1
#define HAVE_TOWUPPER 1
#define HAVE_ISWUPPER 1
#define HAVE_USLEEP 1
#define HAVE_UTIME 1
#define HAVE_UTIMES 1
#define HAVE_ST_BLKSIZE 1
#define HAVE_ICONV 1
#define HAVE_NL_LANGINFO_CODESET 1
#define HAVE_LIBM 1
#define HAVE_FLOAT_FUNCS 1
#define HAVE_RENAME 1
#define HAVE_SYSINFO 1
#define HAVE_SYSINFO_MEM_UNIT 1
#define HAVE_SYSCONF 1
#define SIZEOF_INT 4
#define USEMEMMOVE 1
#define USEMAN_S 1
#define HAVE_DLFCN_H 1
#define HAVE_DLOPEN 1
#define HAVE_DLSYM 1
#define HAVE_SETJMP_H 1

configure: exit 0
