This file contains any messages produced by compilers while
running configure, to aid debugging if configure makes a mistake.

It was created by configure, which was
generated by GNU Autoconf 2.61.  Invocation command line was

  $ ./configure --prefix= --target=x86_64-QNAP-linux-gnu --host=x86_64-QNAP-linux-gnu

## --------- ##
## Platform. ##
## --------- ##

hostname = U16BuildServer115
uname -m = x86_64
uname -r = 4.4.0-21-generic
uname -s = Linux
uname -v = #37-Ubuntu SMP Mon Apr 18 18:33:37 UTC 2016

/usr/bin/uname -p = unknown
/bin/uname -X     = unknown

/bin/arch              = unknown
/usr/bin/arch -k       = unknown
/usr/convex/getsysinfo = unknown
/usr/bin/hostinfo      = unknown
/bin/machine           = unknown
/usr/bin/oslevel       = unknown
/bin/universe          = unknown

PATH: /root/CT/x86_64-QNAP-linux-gnu/cross-tools/bin
PATH: /root/CT/x86_64-QNAP-linux-gnu/cross-tools/bin
PATH: /usr/local/sbin
PATH: /usr/local/bin
PATH: /usr/sbin
PATH: /usr/bin
PATH: /sbin
PATH: /bin


## ----------- ##
## Core tests. ##
## ----------- ##

configure:1985: checking for a BSD-compatible install
configure:2041: result: /usr/bin/install -c
configure:2052: checking whether build environment is sane
configure:2095: result: yes
configure:2128: checking for gawk
configure:2144: found /usr/bin/gawk
configure:2155: result: gawk
configure:2166: checking whether make sets $(MAKE)
configure:2187: result: yes
configure:2257: checking for x86_64-QNAP-linux-gnu-strip
configure:2273: found /root/CT/x86_64-QNAP-linux-gnu/cross-tools/bin/x86_64-QNAP-linux-gnu-strip
configure:2284: result: x86_64-QNAP-linux-gnu-strip
configure:2388: checking for x86_64-QNAP-linux-gnu-gcc
configure:2415: result: x86_64-QNAP-linux-gnu-gcc
configure:2693: checking for C compiler version
configure:2700: x86_64-QNAP-linux-gnu-gcc --version >&5
x86_64-QNAP-linux-gnu-gcc (toolchain config: [gcc-4.9.2 binutils-2.25 glibc-2.21]) 4.9.2
Copyright (C) 2014 Free Software Foundation, Inc.
This is free software; see the source for copying conditions.  There is NO
warranty; not even for MERCHANTABILITY or FITNESS FOR A PARTICULAR PURPOSE.

configure:2703: $? = 0
configure:2710: x86_64-QNAP-linux-gnu-gcc -v >&5
Using built-in specs.
COLLECT_GCC=x86_64-QNAP-linux-gnu-gcc
COLLECT_LTO_WRAPPER=/root/CT/x86_64-QNAP-linux-gnu/cross-tools/bin/../libexec/gcc/x86_64-QNAP-linux-gnu/4.9.2/lto-wrapper
Target: x86_64-QNAP-linux-gnu
Configured with: ../gcc-4.9.2/configure --with-pkgversion='toolchain config: [gcc-4.9.2 binutils-2.25 glibc-2.21]' --prefix=/root/toolchain/docker_deploy/dockerfile/CT_auto_build/CT/x86_64-QNAP-linux-gnu/cross-tools --with-sysroot=/root/toolchain/docker_deploy/dockerfile/CT_auto_build/CT/x86_64-QNAP-linux-gnu/cross-tools/../fs --enable-tls --disable-nls --enable-languages=c,c++ --enable-c99 --enable-__cxa_atexit --enable-shared --enable-long-long --disable-multilib --enable-threads=posix --disable-libgomp --enable-checking=release --build=x86_64-linux-gnu --host=x86_64-linux-gnu --target=x86_64-QNAP-linux-gnu gcc_cv_libc_provides_ssp=yes
Thread model: posix
gcc version 4.9.2 (toolchain config: [gcc-4.9.2 binutils-2.25 glibc-2.21]) 
configure:2713: $? = 0
configure:2720: x86_64-QNAP-linux-gnu-gcc -V >&5
x86_64-QNAP-linux-gnu-gcc: error: unrecognized command line option '-V'
x86_64-QNAP-linux-gnu-gcc: fatal error: no input files
compilation terminated.
configure:2723: $? = 1
configure:2746: checking for C compiler default output file name
configure:2773: x86_64-QNAP-linux-gnu-gcc    conftest.c  >&5
configure:2776: $? = 0
configure:2814: result: a.out
configure:2831: checking whether the C compiler works
configure:2841: ./a.out
configure:2844: $? = 0
configure:2861: result: yes
configure:2868: checking whether we are cross compiling
configure:2870: result: no
configure:2873: checking for suffix of executables
configure:2880: x86_64-QNAP-linux-gnu-gcc -o conftest    conftest.c  >&5
configure:2883: $? = 0
configure:2907: result: 
configure:2913: checking for suffix of object files
configure:2939: x86_64-QNAP-linux-gnu-gcc -c   conftest.c >&5
configure:2942: $? = 0
configure:2965: result: o
configure:2969: checking whether we are using the GNU C compiler
configure:2998: x86_64-QNAP-linux-gnu-gcc -c   conftest.c >&5
configure:3004: $? = 0
configure:3021: result: yes
configure:3026: checking whether x86_64-QNAP-linux-gnu-gcc accepts -g
configure:3056: x86_64-QNAP-linux-gnu-gcc -c -g  conftest.c >&5
configure:3062: $? = 0
configure:3161: result: yes
configure:3178: checking for x86_64-QNAP-linux-gnu-gcc option to accept ISO C89
configure:3252: x86_64-QNAP-linux-gnu-gcc  -c -g -O2  conftest.c >&5
configure:3258: $? = 0
configure:3281: result: none needed
configure:3310: checking for style of include used by make
configure:3338: result: GNU
configure:3366: checking dependency style of x86_64-QNAP-linux-gnu-gcc
configure:3449: result: gcc3
configure:3544: checking build system type
configure:3562: result: x86_64-pc-linux-gnu
configure:3584: checking host system type
configure:3599: result: x86_64-QNAP-linux-gnu
configure:3621: checking for a sed that does not truncate output
configure:3677: result: /bin/sed
configure:3680: checking for grep that handles long lines and -e
configure:3754: result: /bin/grep
configure:3759: checking for egrep
configure:3837: result: /bin/grep -E
configure:3853: checking for ld used by x86_64-QNAP-linux-gnu-gcc
configure:3920: result: x86_64-QNAP-linux-gnu-ld
configure:3929: checking if the linker (x86_64-QNAP-linux-gnu-ld) is GNU ld
configure:3944: result: yes
configure:3949: checking for x86_64-QNAP-linux-gnu-ld option to reload object files
configure:3956: result: -r
configure:3974: checking for BSD-compatible nm
configure:4023: result: /root/CT/x86_64-QNAP-linux-gnu/cross-tools/bin/x86_64-QNAP-linux-gnu-nm -B
configure:4027: checking whether ln -s works
configure:4031: result: yes
configure:4038: checking how to recognize dependent libraries
configure:4224: result: pass_all
configure:4313: x86_64-QNAP-linux-gnu-gcc -c -g -O2  conftest.c >&5
configure:4316: $? = 0
configure:4465: checking how to run the C preprocessor
configure:4505: x86_64-QNAP-linux-gnu-gcc -E  conftest.c
configure:4511: $? = 0
configure:4542: x86_64-QNAP-linux-gnu-gcc -E  conftest.c
conftest.c:8:28: fatal error: ac_nonexistent.h: No such file or directory
 #include <ac_nonexistent.h>
                            ^
compilation terminated.
configure:4548: $? = 1
configure: failed program was:
| /* confdefs.h.  */
| #define PACKAGE_NAME ""
| #define PACKAGE_TARNAME ""
| #define PACKAGE_VERSION ""
| #define PACKAGE_STRING ""
| #define PACKAGE_BUGREPORT ""
| /* end confdefs.h.  */
| #include <ac_nonexistent.h>
configure:4581: result: x86_64-QNAP-linux-gnu-gcc -E
configure:4610: x86_64-QNAP-linux-gnu-gcc -E  conftest.c
configure:4616: $? = 0
configure:4647: x86_64-QNAP-linux-gnu-gcc -E  conftest.c
conftest.c:8:28: fatal error: ac_nonexistent.h: No such file or directory
 #include <ac_nonexistent.h>
                            ^
compilation terminated.
configure:4653: $? = 1
configure: failed program was:
| /* confdefs.h.  */
| #define PACKAGE_NAME ""
| #define PACKAGE_TARNAME ""
| #define PACKAGE_VERSION ""
| #define PACKAGE_STRING ""
| #define PACKAGE_BUGREPORT ""
| /* end confdefs.h.  */
| #include <ac_nonexistent.h>
configure:4691: checking for ANSI C header files
configure:4721: x86_64-QNAP-linux-gnu-gcc -c -g -O2  conftest.c >&5
configure:4727: $? = 0
configure:4826: x86_64-QNAP-linux-gnu-gcc -o conftest -g -O2   conftest.c  >&5
configure:4829: $? = 0
configure:4835: ./conftest
configure:4838: $? = 0
configure:4855: result: yes
configure:4879: checking for sys/types.h
configure:4900: x86_64-QNAP-linux-gnu-gcc -c -g -O2  conftest.c >&5
configure:4906: $? = 0
configure:4922: result: yes
configure:4879: checking for sys/stat.h
configure:4900: x86_64-QNAP-linux-gnu-gcc -c -g -O2  conftest.c >&5
configure:4906: $? = 0
configure:4922: result: yes
configure:4879: checking for stdlib.h
configure:4900: x86_64-QNAP-linux-gnu-gcc -c -g -O2  conftest.c >&5
configure:4906: $? = 0
configure:4922: result: yes
configure:4879: checking for string.h
configure:4900: x86_64-QNAP-linux-gnu-gcc -c -g -O2  conftest.c >&5
configure:4906: $? = 0
configure:4922: result: yes
configure:4879: checking for memory.h
configure:4900: x86_64-QNAP-linux-gnu-gcc -c -g -O2  conftest.c >&5
configure:4906: $? = 0
configure:4922: result: yes
configure:4879: checking for strings.h
configure:4900: x86_64-QNAP-linux-gnu-gcc -c -g -O2  conftest.c >&5
configure:4906: $? = 0
configure:4922: result: yes
configure:4879: checking for inttypes.h
configure:4900: x86_64-QNAP-linux-gnu-gcc -c -g -O2  conftest.c >&5
configure:4906: $? = 0
configure:4922: result: yes
configure:4879: checking for stdint.h
configure:4900: x86_64-QNAP-linux-gnu-gcc -c -g -O2  conftest.c >&5
configure:4906: $? = 0
configure:4922: result: yes
configure:4879: checking for unistd.h
configure:4900: x86_64-QNAP-linux-gnu-gcc -c -g -O2  conftest.c >&5
configure:4906: $? = 0
configure:4922: result: yes
configure:4949: checking dlfcn.h usability
configure:4966: x86_64-QNAP-linux-gnu-gcc -c -g -O2  conftest.c >&5
configure:4972: $? = 0
configure:4986: result: yes
configure:4990: checking dlfcn.h presence
configure:5005: x86_64-QNAP-linux-gnu-gcc -E  conftest.c
configure:5011: $? = 0
configure:5025: result: yes
configure:5053: checking for dlfcn.h
configure:5061: result: yes
configure:5088: checking for x86_64-QNAP-linux-gnu-g++
configure:5104: found /root/CT/x86_64-QNAP-linux-gnu/cross-tools/bin/x86_64-QNAP-linux-gnu-g++
configure:5115: result: x86_64-QNAP-linux-gnu-g++
configure:5190: checking for C++ compiler version
configure:5197: x86_64-QNAP-linux-gnu-g++ --version >&5
x86_64-QNAP-linux-gnu-g++ (toolchain config: [gcc-4.9.2 binutils-2.25 glibc-2.21]) 4.9.2
Copyright (C) 2014 Free Software Foundation, Inc.
This is free software; see the source for copying conditions.  There is NO
warranty; not even for MERCHANTABILITY or FITNESS FOR A PARTICULAR PURPOSE.

configure:5200: $? = 0
configure:5207: x86_64-QNAP-linux-gnu-g++ -v >&5
Using built-in specs.
COLLECT_GCC=x86_64-QNAP-linux-gnu-g++
COLLECT_LTO_WRAPPER=/root/CT/x86_64-QNAP-linux-gnu/cross-tools/bin/../libexec/gcc/x86_64-QNAP-linux-gnu/4.9.2/lto-wrapper
Target: x86_64-QNAP-linux-gnu
Configured with: ../gcc-4.9.2/configure --with-pkgversion='toolchain config: [gcc-4.9.2 binutils-2.25 glibc-2.21]' --prefix=/root/toolchain/docker_deploy/dockerfile/CT_auto_build/CT/x86_64-QNAP-linux-gnu/cross-tools --with-sysroot=/root/toolchain/docker_deploy/dockerfile/CT_auto_build/CT/x86_64-QNAP-linux-gnu/cross-tools/../fs --enable-tls --disable-nls --enable-languages=c,c++ --enable-c99 --enable-__cxa_atexit --enable-shared --enable-long-long --disable-multilib --enable-threads=posix --disable-libgomp --enable-checking=release --build=x86_64-linux-gnu --host=x86_64-linux-gnu --target=x86_64-QNAP-linux-gnu gcc_cv_libc_provides_ssp=yes
Thread model: posix
gcc version 4.9.2 (toolchain config: [gcc-4.9.2 binutils-2.25 glibc-2.21]) 
configure:5210: $? = 0
configure:5217: x86_64-QNAP-linux-gnu-g++ -V >&5
x86_64-QNAP-linux-gnu-g++: error: unrecognized command line option '-V'
x86_64-QNAP-linux-gnu-g++: fatal error: no input files
compilation terminated.
configure:5220: $? = 1
configure:5223: checking whether we are using the GNU C++ compiler
configure:5252: x86_64-QNAP-linux-gnu-g++ -c   conftest.cpp >&5
configure:5258: $? = 0
configure:5275: result: yes
configure:5280: checking whether x86_64-QNAP-linux-gnu-g++ accepts -g
configure:5310: x86_64-QNAP-linux-gnu-g++ -c -g  conftest.cpp >&5
configure:5316: $? = 0
configure:5415: result: yes
configure:5440: checking dependency style of x86_64-QNAP-linux-gnu-g++
configure:5523: result: gcc3
configure:5550: checking how to run the C++ preprocessor
configure:5586: x86_64-QNAP-linux-gnu-g++ -E  conftest.cpp
configure:5592: $? = 0
configure:5623: x86_64-QNAP-linux-gnu-g++ -E  conftest.cpp
conftest.cpp:19:28: fatal error: ac_nonexistent.h: No such file or directory
 #include <ac_nonexistent.h>
                            ^
compilation terminated.
configure:5629: $? = 1
configure: failed program was:
| /* confdefs.h.  */
| #define PACKAGE_NAME ""
| #define PACKAGE_TARNAME ""
| #define PACKAGE_VERSION ""
| #define PACKAGE_STRING ""
| #define PACKAGE_BUGREPORT ""
| #define STDC_HEADERS 1
| #define HAVE_SYS_TYPES_H 1
| #define HAVE_SYS_STAT_H 1
| #define HAVE_STDLIB_H 1
| #define HAVE_STRING_H 1
| #define HAVE_MEMORY_H 1
| #define HAVE_STRINGS_H 1
| #define HAVE_INTTYPES_H 1
| #define HAVE_STDINT_H 1
| #define HAVE_UNISTD_H 1
| #define HAVE_DLFCN_H 1
| /* end confdefs.h.  */
| #include <ac_nonexistent.h>
configure:5662: result: x86_64-QNAP-linux-gnu-g++ -E
configure:5691: x86_64-QNAP-linux-gnu-g++ -E  conftest.cpp
configure:5697: $? = 0
configure:5728: x86_64-QNAP-linux-gnu-g++ -E  conftest.cpp
conftest.cpp:19:28: fatal error: ac_nonexistent.h: No such file or directory
 #include <ac_nonexistent.h>
                            ^
compilation terminated.
configure:5734: $? = 1
configure: failed program was:
| /* confdefs.h.  */
| #define PACKAGE_NAME ""
| #define PACKAGE_TARNAME ""
| #define PACKAGE_VERSION ""
| #define PACKAGE_STRING ""
| #define PACKAGE_BUGREPORT ""
| #define STDC_HEADERS 1
| #define HAVE_SYS_TYPES_H 1
| #define HAVE_SYS_STAT_H 1
| #define HAVE_STDLIB_H 1
| #define HAVE_STRING_H 1
| #define HAVE_MEMORY_H 1
| #define HAVE_STRINGS_H 1
| #define HAVE_INTTYPES_H 1
| #define HAVE_STDINT_H 1
| #define HAVE_UNISTD_H 1
| #define HAVE_DLFCN_H 1
| /* end confdefs.h.  */
| #include <ac_nonexistent.h>
configure:5783: checking for x86_64-QNAP-linux-gnu-g77
configure:5813: result: no
configure:5783: checking for x86_64-QNAP-linux-gnu-xlf
configure:5813: result: no
configure:5783: checking for x86_64-QNAP-linux-gnu-f77
configure:5813: result: no
configure:5783: checking for x86_64-QNAP-linux-gnu-frt
configure:5813: result: no
configure:5783: checking for x86_64-QNAP-linux-gnu-pgf77
configure:5813: result: no
configure:5783: checking for x86_64-QNAP-linux-gnu-cf77
configure:5813: result: no
configure:5783: checking for x86_64-QNAP-linux-gnu-fort77
configure:5813: result: no
configure:5783: checking for x86_64-QNAP-linux-gnu-fl32
configure:5813: result: no
configure:5783: checking for x86_64-QNAP-linux-gnu-af77
configure:5813: result: no
configure:5783: checking for x86_64-QNAP-linux-gnu-xlf90
configure:5813: result: no
configure:5783: checking for x86_64-QNAP-linux-gnu-f90
configure:5813: result: no
configure:5783: checking for x86_64-QNAP-linux-gnu-pgf90
configure:5813: result: no
configure:5783: checking for x86_64-QNAP-linux-gnu-pghpf
configure:5813: result: no
configure:5783: checking for x86_64-QNAP-linux-gnu-epcf90
configure:5813: result: no
configure:5783: checking for x86_64-QNAP-linux-gnu-gfortran
configure:5813: result: no
configure:5783: checking for x86_64-QNAP-linux-gnu-g95
configure:5813: result: no
configure:5783: checking for x86_64-QNAP-linux-gnu-xlf95
configure:5813: result: no
configure:5783: checking for x86_64-QNAP-linux-gnu-f95
configure:5813: result: no
configure:5783: checking for x86_64-QNAP-linux-gnu-fort
configure:5813: result: no
configure:5783: checking for x86_64-QNAP-linux-gnu-ifort
configure:5813: result: no
configure:5783: checking for x86_64-QNAP-linux-gnu-ifc
configure:5813: result: no
configure:5783: checking for x86_64-QNAP-linux-gnu-efc
configure:5813: result: no
configure:5783: checking for x86_64-QNAP-linux-gnu-pgf95
configure:5813: result: no
configure:5783: checking for x86_64-QNAP-linux-gnu-lf95
configure:5813: result: no
configure:5783: checking for x86_64-QNAP-linux-gnu-ftn
configure:5813: result: no
configure:5827: checking for g77
configure:5857: result: no
configure:5827: checking for xlf
configure:5857: result: no
configure:5827: checking for f77
configure:5857: result: no
configure:5827: checking for frt
configure:5857: result: no
configure:5827: checking for pgf77
configure:5857: result: no
configure:5827: checking for cf77
configure:5857: result: no
configure:5827: checking for fort77
configure:5857: result: no
configure:5827: checking for fl32
configure:5857: result: no
configure:5827: checking for af77
configure:5857: result: no
configure:5827: checking for xlf90
configure:5857: result: no
configure:5827: checking for f90
configure:5857: result: no
configure:5827: checking for pgf90
configure:5857: result: no
configure:5827: checking for pghpf
configure:5857: result: no
configure:5827: checking for epcf90
configure:5857: result: no
configure:5827: checking for gfortran
configure:5857: result: no
configure:5827: checking for g95
configure:5857: result: no
configure:5827: checking for xlf95
configure:5857: result: no
configure:5827: checking for f95
configure:5857: result: no
configure:5827: checking for fort
configure:5857: result: no
configure:5827: checking for ifort
configure:5857: result: no
configure:5827: checking for ifc
configure:5857: result: no
configure:5827: checking for efc
configure:5857: result: no
configure:5827: checking for pgf95
configure:5857: result: no
configure:5827: checking for lf95
configure:5857: result: no
configure:5827: checking for ftn
configure:5857: result: no
configure:5884: checking for Fortran 77 compiler version
configure:5891:  --version >&5
./configure: line 5892: --version: command not found
configure:5894: $? = 127
configure:5901:  -v >&5
./configure: line 5902: -v: command not found
configure:5904: $? = 127
configure:5911:  -V >&5
./configure: line 5912: -V: command not found
configure:5914: $? = 127
configure:5922: checking whether we are using the GNU Fortran 77 compiler
configure:5941:  -c  conftest.F >&5
./configure: line 5942: -c: command not found
configure:5947: $? = 127
configure: failed program was:
|       program main
| #ifndef __GNUC__
|        choke me
| #endif
| 
|       end
configure:5964: result: no
configure:5970: checking whether  accepts -g
configure:5987:  -c -g conftest.f >&5
./configure: line 5988: -c: command not found
configure:5993: $? = 127
configure: failed program was:
|       program main
| 
|       end
configure:6009: result: no
configure:6039: checking the maximum length of command line arguments
configure:6151: result: 1572864
configure:6163: checking command to parse /root/CT/x86_64-QNAP-linux-gnu/cross-tools/bin/x86_64-QNAP-linux-gnu-nm -B output from x86_64-QNAP-linux-gnu-gcc object
configure:6268: x86_64-QNAP-linux-gnu-gcc -c -g -O2  conftest.c >&5
configure:6271: $? = 0
configure:6275: /root/CT/x86_64-QNAP-linux-gnu/cross-tools/bin/x86_64-QNAP-linux-gnu-nm -B conftest.o \| sed -n -e 's/^.*[ 	]\([ABCDGIRSTW][ABCDGIRSTW]*\)[ 	][ 	]*\([_A-Za-z][_A-Za-z0-9]*\)$/\1 \2 \2/p' \> conftest.nm
configure:6278: $? = 0
configure:6330: x86_64-QNAP-linux-gnu-gcc -o conftest -g -O2   conftest.c conftstm.o >&5
configure:6333: $? = 0
configure:6371: result: ok
configure:6375: checking for objdir
configure:6390: result: .libs
configure:6442: checking for x86_64-QNAP-linux-gnu-ar
configure:6469: result: x86_64-QNAP-linux-gnu-ar
configure:6538: checking for x86_64-QNAP-linux-gnu-ranlib
configure:6565: result: x86_64-QNAP-linux-gnu-ranlib
configure:6634: checking for x86_64-QNAP-linux-gnu-strip
configure:6661: result: x86_64-QNAP-linux-gnu-strip
configure:6987: checking if x86_64-QNAP-linux-gnu-gcc supports -fno-rtti -fno-exceptions
configure:7005: x86_64-QNAP-linux-gnu-gcc -c -g -O2  -fno-rtti -fno-exceptions conftest.c >&5
cc1: warning: command line option '-fno-rtti' is valid for C++/ObjC++ but not for C
configure:7009: $? = 0
configure:7022: result: no
configure:7037: checking for x86_64-QNAP-linux-gnu-gcc option to produce PIC
configure:7269: result: -fPIC
configure:7277: checking if x86_64-QNAP-linux-gnu-gcc PIC flag -fPIC works
configure:7295: x86_64-QNAP-linux-gnu-gcc -c -g -O2  -fPIC -DPIC conftest.c >&5
configure:7299: $? = 0
configure:7312: result: yes
configure:7340: checking if x86_64-QNAP-linux-gnu-gcc static flag -static works
configure:7368: result: yes
configure:7378: checking if x86_64-QNAP-linux-gnu-gcc supports -c -o file.o
configure:7399: x86_64-QNAP-linux-gnu-gcc -c -g -O2  -o out/conftest2.o conftest.c >&5
configure:7403: $? = 0
configure:7425: result: yes
configure:7451: checking whether the x86_64-QNAP-linux-gnu-gcc linker (x86_64-QNAP-linux-gnu-ld -m elf_x86_64) supports shared libraries
configure:8432: result: yes
configure:8453: checking whether -lc should be explicitly linked in
configure:8458: x86_64-QNAP-linux-gnu-gcc -c -g -O2  conftest.c >&5
configure:8461: $? = 0
configure:8476: x86_64-QNAP-linux-gnu-gcc -shared conftest.o  -v -Wl,-soname -Wl,conftest -o conftest 2\>\&1 \| grep  -lc  \>/dev/null 2\>\&1
configure:8479: $? = 0
configure:8491: result: no
configure:8499: checking dynamic linker characteristics
configure:9113: result: GNU/Linux ld.so
configure:9122: checking how to hardcode library paths into programs
configure:9147: result: immediate
configure:9161: checking whether stripping libraries is possible
configure:9166: result: yes
configure:9968: checking if libtool supports shared libraries
configure:9970: result: yes
configure:9973: checking whether to build shared libraries
configure:9994: result: yes
configure:9997: checking whether to build static libraries
configure:10001: result: yes
configure:10094: creating libtool
configure:10682: checking for ld used by x86_64-QNAP-linux-gnu-g++
configure:10749: result: x86_64-QNAP-linux-gnu-ld -m elf_x86_64
configure:10758: checking if the linker (x86_64-QNAP-linux-gnu-ld -m elf_x86_64) is GNU ld
configure:10773: result: yes
configure:10824: checking whether the x86_64-QNAP-linux-gnu-g++ linker (x86_64-QNAP-linux-gnu-ld -m elf_x86_64) supports shared libraries
configure:11798: result: yes
configure:11816: x86_64-QNAP-linux-gnu-g++ -c -g -O2  conftest.cpp >&5
configure:11819: $? = 0
configure:11971: checking for x86_64-QNAP-linux-gnu-g++ option to produce PIC
configure:12255: result: -fPIC
configure:12263: checking if x86_64-QNAP-linux-gnu-g++ PIC flag -fPIC works
configure:12281: x86_64-QNAP-linux-gnu-g++ -c -g -O2  -fPIC -DPIC conftest.cpp >&5
configure:12285: $? = 0
configure:12298: result: yes
configure:12326: checking if x86_64-QNAP-linux-gnu-g++ static flag -static works
configure:12354: result: yes
configure:12364: checking if x86_64-QNAP-linux-gnu-g++ supports -c -o file.o
configure:12385: x86_64-QNAP-linux-gnu-g++ -c -g -O2  -o out/conftest2.o conftest.cpp >&5
configure:12389: $? = 0
configure:12411: result: yes
configure:12437: checking whether the x86_64-QNAP-linux-gnu-g++ linker (x86_64-QNAP-linux-gnu-ld -m elf_x86_64) supports shared libraries
configure:12465: result: yes
configure:12532: checking dynamic linker characteristics
configure:13094: result: GNU/Linux ld.so
configure:13103: checking how to hardcode library paths into programs
configure:13128: result: immediate
configure:19328: checking for an ANSI C-conforming const
configure:19403: x86_64-QNAP-linux-gnu-gcc -c -g -O2  conftest.c >&5
configure:19409: $? = 0
configure:19424: result: yes
configure:19440: checking for strdup
configure:19496: x86_64-QNAP-linux-gnu-gcc -o conftest -g -O2   conftest.c  >&5
conftest.c:42:6: warning: conflicting types for built-in function 'strdup'
 char strdup ();
      ^
configure:19502: $? = 0
configure:19520: result: yes
configure:19440: checking for strerror
configure:19496: x86_64-QNAP-linux-gnu-gcc -o conftest -g -O2   conftest.c  >&5
configure:19502: $? = 0
configure:19520: result: yes
configure:19747: creating ./config.status

## ---------------------- ##
## Running config.status. ##
## ---------------------- ##

This file was extended by config.status, which was
generated by GNU Autoconf 2.61.  Invocation command line was

  CONFIG_FILES    = 
  CONFIG_HEADERS  = 
  CONFIG_LINKS    = 
  CONFIG_COMMANDS = 
  $ ./config.status 

on U16BuildServer115

config.status:666: creating Makefile
config.status:666: creating src/Makefile
config.status:666: creating tests/Makefile
config.status:666: creating eventlog.pc
config.status:666: creating eventlog.spec.bb
config.status:666: creating solbuild/Makefile
config.status:666: creating config.h
config.status:933: executing depfiles commands

## ---------------- ##
## Cache variables. ##
## ---------------- ##

ac_cv_build=x86_64-pc-linux-gnu
ac_cv_c_compiler_gnu=yes
ac_cv_c_const=yes
ac_cv_cxx_compiler_gnu=yes
ac_cv_env_CCC_set=
ac_cv_env_CCC_value=
ac_cv_env_CC_set=set
ac_cv_env_CC_value=x86_64-QNAP-linux-gnu-gcc
ac_cv_env_CFLAGS_set=
ac_cv_env_CFLAGS_value=
ac_cv_env_CPPFLAGS_set=
ac_cv_env_CPPFLAGS_value=
ac_cv_env_CPP_set=
ac_cv_env_CPP_value=
ac_cv_env_CXXCPP_set=
ac_cv_env_CXXCPP_value=
ac_cv_env_CXXFLAGS_set=
ac_cv_env_CXXFLAGS_value=
ac_cv_env_CXX_set=
ac_cv_env_CXX_value=
ac_cv_env_F77_set=
ac_cv_env_F77_value=
ac_cv_env_FFLAGS_set=
ac_cv_env_FFLAGS_value=
ac_cv_env_LDFLAGS_set=
ac_cv_env_LDFLAGS_value=
ac_cv_env_LIBS_set=
ac_cv_env_LIBS_value=
ac_cv_env_build_alias_set=
ac_cv_env_build_alias_value=
ac_cv_env_host_alias_set=set
ac_cv_env_host_alias_value=x86_64-QNAP-linux-gnu
ac_cv_env_target_alias_set=set
ac_cv_env_target_alias_value=x86_64-QNAP-linux-gnu
ac_cv_f77_compiler_gnu=no
ac_cv_func_strdup=yes
ac_cv_func_strerror=yes
ac_cv_header_dlfcn_h=yes
ac_cv_header_inttypes_h=yes
ac_cv_header_memory_h=yes
ac_cv_header_stdc=yes
ac_cv_header_stdint_h=yes
ac_cv_header_stdlib_h=yes
ac_cv_header_string_h=yes
ac_cv_header_strings_h=yes
ac_cv_header_sys_stat_h=yes
ac_cv_header_sys_types_h=yes
ac_cv_header_unistd_h=yes
ac_cv_host=x86_64-QNAP-linux-gnu
ac_cv_objext=o
ac_cv_path_EGREP='/bin/grep -E'
ac_cv_path_GREP=/bin/grep
ac_cv_path_install='/usr/bin/install -c'
ac_cv_prog_AR=x86_64-QNAP-linux-gnu-ar
ac_cv_prog_AWK=gawk
ac_cv_prog_CC=x86_64-QNAP-linux-gnu-gcc
ac_cv_prog_CPP='x86_64-QNAP-linux-gnu-gcc -E'
ac_cv_prog_CXX=x86_64-QNAP-linux-gnu-g++
ac_cv_prog_CXXCPP='x86_64-QNAP-linux-gnu-g++ -E'
ac_cv_prog_RANLIB=x86_64-QNAP-linux-gnu-ranlib
ac_cv_prog_STRIP=x86_64-QNAP-linux-gnu-strip
ac_cv_prog_cc_c89=
ac_cv_prog_cc_g=yes
ac_cv_prog_cxx_g=yes
ac_cv_prog_f77_g=no
ac_cv_prog_make_make_set=yes
am_cv_CC_dependencies_compiler_type=gcc3
am_cv_CXX_dependencies_compiler_type=gcc3
lt_cv_deplibs_check_method=pass_all
lt_cv_file_magic_cmd='$MAGIC_CMD'
lt_cv_file_magic_test_file=
lt_cv_ld_reload_flag=-r
lt_cv_objdir=.libs
lt_cv_path_LD=x86_64-QNAP-linux-gnu-ld
lt_cv_path_LDCXX='x86_64-QNAP-linux-gnu-ld -m elf_x86_64'
lt_cv_path_NM='/root/CT/x86_64-QNAP-linux-gnu/cross-tools/bin/x86_64-QNAP-linux-gnu-nm -B'
lt_cv_path_SED=/bin/sed
lt_cv_prog_compiler_c_o=yes
lt_cv_prog_compiler_c_o_CXX=yes
lt_cv_prog_compiler_rtti_exceptions=no
lt_cv_prog_gnu_ld=yes
lt_cv_prog_gnu_ldcxx=yes
lt_cv_sys_global_symbol_pipe='sed -n -e '\''s/^.*[ 	]\([ABCDGIRSTW][ABCDGIRSTW]*\)[ 	][ 	]*\([_A-Za-z][_A-Za-z0-9]*\)$/\1 \2 \2/p'\'''
lt_cv_sys_global_symbol_to_c_name_address='sed -n -e '\''s/^: \([^ ]*\) $/  {\"\1\", (lt_ptr) 0},/p'\'' -e '\''s/^[BCDEGRST] \([^ ]*\) \([^ ]*\)$/  {"\2", (lt_ptr) \&\2},/p'\'''
lt_cv_sys_global_symbol_to_cdecl='sed -n -e '\''s/^. .* \(.*\)$/extern int \1;/p'\'''
lt_cv_sys_max_cmd_len=1572864
lt_lt_cv_prog_compiler_c_o='"yes"'
lt_lt_cv_prog_compiler_c_o_CXX='"yes"'
lt_lt_cv_sys_global_symbol_pipe='"sed -n -e '\''s/^.*[ 	]\\([ABCDGIRSTW][ABCDGIRSTW]*\\)[ 	][ 	]*\\([_A-Za-z][_A-Za-z0-9]*\\)\$/\\1 \\2 \\2/p'\''"'
lt_lt_cv_sys_global_symbol_to_c_name_address='"sed -n -e '\''s/^: \\([^ ]*\\) \$/  {\\\"\\1\\\", (lt_ptr) 0},/p'\'' -e '\''s/^[BCDEGRST] \\([^ ]*\\) \\([^ ]*\\)\$/  {\"\\2\", (lt_ptr) \\&\\2},/p'\''"'
lt_lt_cv_sys_global_symbol_to_cdecl='"sed -n -e '\''s/^. .* \\(.*\\)\$/extern int \\1;/p'\''"'

## ----------------- ##
## Output variables. ##
## ----------------- ##

ACLOCAL='${SHELL} /root/daily_build/64_01/4.4.1/SysLib/eventlog-0.2.7/missing --run aclocal-1.7'
AMDEPBACKSLASH='\'
AMDEP_FALSE='#'
AMDEP_TRUE=''
AMTAR='${SHELL} /root/daily_build/64_01/4.4.1/SysLib/eventlog-0.2.7/missing --run tar'
AR='x86_64-QNAP-linux-gnu-ar'
AUTOCONF='${SHELL} /root/daily_build/64_01/4.4.1/SysLib/eventlog-0.2.7/missing --run autoconf'
AUTOHEADER='${SHELL} /root/daily_build/64_01/4.4.1/SysLib/eventlog-0.2.7/missing --run autoheader'
AUTOMAKE='${SHELL} /root/daily_build/64_01/4.4.1/SysLib/eventlog-0.2.7/missing --run automake-1.7'
AWK='gawk'
CC='x86_64-QNAP-linux-gnu-gcc'
CCDEPMODE='depmode=gcc3'
CFLAGS='-g -O2 -Wall'
CPP='x86_64-QNAP-linux-gnu-gcc -E'
CPPFLAGS='-D_GNU_SOURCE'
CURRDATE='Thu, 21 Nov 2019 01:21:57 +0800'
CXX='x86_64-QNAP-linux-gnu-g++'
CXXCPP='x86_64-QNAP-linux-gnu-g++ -E'
CXXDEPMODE='depmode=gcc3'
CXXFLAGS='-g -O2'
CYGPATH_W='echo'
DEFS='-DHAVE_CONFIG_H'
DEPDIR='.deps'
ECHO='echo'
ECHO_C=''
ECHO_N='-n'
ECHO_T=''
EGREP='/bin/grep -E'
EXEEXT=''
F77=''
FFLAGS=''
GREP='/bin/grep'
INSTALL_DATA='${INSTALL} -m 644'
INSTALL_PROGRAM='${INSTALL}'
INSTALL_SCRIPT='${INSTALL}'
INSTALL_STRIP_PROGRAM='${SHELL} $(install_sh) -c -s'
LDFLAGS=''
LIBOBJS=''
LIBS=''
LIBTOOL='$(SHELL) $(top_builddir)/libtool'
LN_S='ln -s'
LTLIBOBJS=''
MAKEINFO='${SHELL} /root/daily_build/64_01/4.4.1/SysLib/eventlog-0.2.7/missing --run makeinfo'
OBJEXT='o'
PACKAGE='eventlog'
PACKAGE_BUGREPORT=''
PACKAGE_NAME=''
PACKAGE_STRING=''
PACKAGE_TARNAME=''
PACKAGE_VERSION=''
PATH_SEPARATOR=':'
RANLIB='x86_64-QNAP-linux-gnu-ranlib'
RELEASE_TAG=''
SED='/bin/sed'
SET_MAKE=''
SHELL='/bin/bash'
SNAPSHOT_VERSION=''
SOURCE_REVISION=''
STRIP='x86_64-QNAP-linux-gnu-strip'
VERSION='0.2.7'
ac_ct_CC=''
ac_ct_CXX=''
ac_ct_F77=''
am__fastdepCC_FALSE='#'
am__fastdepCC_TRUE=''
am__fastdepCXX_FALSE='#'
am__fastdepCXX_TRUE=''
am__include='include'
am__leading_dot='.'
am__quote=''
bindir='${exec_prefix}/bin'
build='x86_64-pc-linux-gnu'
build_alias=''
build_cpu='x86_64'
build_os='linux-gnu'
build_vendor='pc'
datadir='${datarootdir}'
datarootdir='${prefix}/share'
docdir='${datarootdir}/doc/${PACKAGE}'
dvidir='${docdir}'
exec_prefix='${prefix}'
host='x86_64-QNAP-linux-gnu'
host_alias='x86_64-QNAP-linux-gnu'
host_cpu='x86_64'
host_os='linux-gnu'
host_vendor='QNAP'
htmldir='${docdir}'
includedir='${prefix}/include'
infodir='${datarootdir}/info'
install_sh='/root/daily_build/64_01/4.4.1/SysLib/eventlog-0.2.7/install-sh'
libdir='${exec_prefix}/lib'
libexecdir='${exec_prefix}/libexec'
localedir='${datarootdir}/locale'
localstatedir='${prefix}/var'
mandir='${datarootdir}/man'
oldincludedir='/usr/include'
pdfdir='${docdir}'
prefix=''
program_transform_name='s,x,x,'
psdir='${docdir}'
sbindir='${exec_prefix}/sbin'
sharedstatedir='${prefix}/com'
sysconfdir='${prefix}/etc'
target_alias='x86_64-QNAP-linux-gnu'

## ----------- ##
## confdefs.h. ##
## ----------- ##

#define PACKAGE_NAME ""
#define PACKAGE_TARNAME ""
#define PACKAGE_VERSION ""
#define PACKAGE_STRING ""
#define PACKAGE_BUGREPORT ""
#define STDC_HEADERS 1
#define HAVE_SYS_TYPES_H 1
#define HAVE_SYS_STAT_H 1
#define HAVE_STDLIB_H 1
#define HAVE_STRING_H 1
#define HAVE_MEMORY_H 1
#define HAVE_STRINGS_H 1
#define HAVE_INTTYPES_H 1
#define HAVE_STDINT_H 1
#define HAVE_UNISTD_H 1
#define HAVE_DLFCN_H 1
#define HAVE_STRDUP 1
#define HAVE_STRERROR 1

configure: exit 0
